CONTEXT   0 241   0   3  72



0020  FE FF F9 07 75 0C E4 62-A8 80 74 06 58 2E FF 2E  ~.y.u.db(.t.X...
0030  12 00 55 06 2E 8E 06 0A-00 2E 8B 2E 10 00 B0 01  ..U...........0.
0040  26 86 46 00 3C 00 75 42-2E 83 2E 10 00 08 26 89  &.F.<.uB......&.
0050  66 02 26 8C 56 04 8B C5-26 8B 6E 06 26 39 46 00  f.&.V..E&.n.&9F.
0060  75 35 8C C0 8E D0 8B E5-9C 2E FF 1E 12 00 8B EC  u5.@.P.e.......l
0070  26 8B 6E 00 26 8E 56 04-26 8B 66 02 26 C6 46 00  &.n.&.V.&.f.&FF.
0080  00 2E 89 2E 10 00 07 5D-58 CF 3C 01 74 04 26 86  .......]XO<.t.&.
0090  46 00 E8 D5 06 EB B7 2E-3B 2E 0C 00 72 F4 8B E8  F.hU.k7.;...rt.h
00A0  26 C6 46 00 03 EB EB 00-00 00 00 50 55 06 2E 8E  &FF..kk....PU...
00B0  06 0A 00 2E 8B 2E 10 00-B0 01 26 86 46 00 3C 00  ........0.&.F.<.
00C0  75 42 2E 83 2E 10 00 08-26 89 66 02 26 8C 56 04  uB......&.f.&.V.
00D0  8B C5 26 8B 6E 06 26 39-46 00 75 35 8C C0 8E D0  .E&.n.&9F.u5.@.P
00E0  8B E5 9C 2E FF 1E A7 00-8B EC 26 8B 6E 00 26 8E  .e....'..l&.n.&.
00F0  56 04 26 8B 66 02 26 C6-46 00 00 2E 89 2E 10 00  V.&.f.&FF.......
0100  07 5D 58 CF 3C 01 74 04-26 86 46 00 E8 5B 06 EB  .]XO<.t.&.F.h[.k
0110  B7 2E 3B 2E 0C 00 72 F4-8B E8 26 C6 46 00 03 EB  7.;...rt.h&FF..k
0120  EB 00 00 00 00 EB 03 90-90 00 50 55 06 2E 8E 06  k....k....PU....
0130  0A 00 2E 8B 2E 10 00 B0-01 26 86 46 00 3C 00 75  .......0.&.F.<.u
0140  42 2E 83 2E 10 00 08 26-89 66 02 26 8C 56 04 8B  B......&.f.&.V..
0150  C5 26 8B 6E 06 26 39 46-00 75 35 8C C0 8E D0 8B  E&.n.&9F.u5.@.P.
0160  E5 9C 2E FF 1E 21 01 8B-EC 26 8B 6E 00 26 8E 56  e....!..l&.n.&.V
0170  04 26 8B 66 02 26 C6 46-00 00 2E 89 2E 10 00 07  .&.f.&FF........
0180  5D 58 CF 3C 01 74 04 26-86 46 00 E8 DC 05 EB B7  ]XO<.t.&.F.h\.k7
0190  2E 3B 2E 0C 00 72 F4 8B-E8 26 C6 46 00 03 EB EB  .;...rt.h&FF..kk
01A0  00 00 00 00 50 55 06 2E-8E 06 0A 00 2E 8B 2E 10  ....PU..........
01B0  00 B0 01 26 86 46 00 3C-00 75 42 2E 83 2E 10 00  .0.&.F.<.uB.....
01C0  08 26 89 66 02 26 8C 56-04 8B C5 26 8B 6E 06 26  .&.f.&.V..E&.n.&
01D0  39 46 00 75 35 8C C0 8E-D0 8B E5 9C 2E FF 1E A0  9F.u5.@.P.e....
01E0  01 8B EC 26 8B 6E 00 26-8E 56 04 26 8B 66 02 26  ..l&.n.&.V.&.f.&
01F0  C6 46 00 00 2E 89 2E 10-00 07 5D 58 CF 3C 01 74  FF........]XO<.t
0200  04 26 86 46 00 E8 62 05-EB B7 2E 3B 2E 0C 00 72  .&.F.hb.k7.;...r
0210  F4 8B E8 26 C6 46 00 03-EB EB EB 10 00 00 00 00  t.h&FF..kkk.....
0220  4B 42 00 EB 5F 00 00 00-00 00 00 00 50 55 06 2E  KB.k_.......PU..
0230  8E 06 0A 00 2E 8B 2E 10-00 B0 01 26 86 46 00 3C  .........0.&.F.<
0240  00 75 42 2E 83 2E 10 00-08 26 89 66 02 26 8C 56  .uB......&.f.&.V
0250  04 8B C5 26 8B 6E 06 26-39 46 00 75 35 8C C0 8E  ..E&.n.&9F.u5.@.
0260  D0 8B E5 9C 2E FF 1E 1C-02 8B EC 26 8B 6E 00 26  P.e.......l&.n.&
0270  8E 56 04 26 8B 66 02 26-C6 46 00 00 2E 89 2E 10  .V.&.f.&FF......
0280  00 07 5D 58 CF 3C 01 74-04 26 86 46 00 E8 DA 04  ..]XO<.t.&.F.hZ.
0290  EB B7 2E 3B 2E 0C 00 72-F4 8B E8 26 C6 46 00 03  k7.;...rt.h&FF..
02A0  EB EB EB 10 00 00 00 00-4B 42 00 EB 5F 00 00 00  kkk.....KB.k_...
02B0  00 00 00 00 50 55 06 2E-8E 06 0A 00 2E 8B 2E 10  ....PU..........
02C0  00 B0 01 26 86 46 00 3C-00 75 42 2E 83 2E 10 00  .0.&.F.<.uB.....
02D0  08 26 89 66 02 26 8C 56-04 8B C5 26 8B 6E 06 26  .&.f.&.V..E&.n.&
02E0  39 46 00 75 35 8C C0 8E-D0 8B E5 9C 2E FF 1E A4  9F.u5.@.P.e....$
02F0  02 8B EC 26 8B 6E 00 26-8E 56 04 26 8B 66 02 26  ..l&.n.&.V.&.f.&
0300  C6 46 00 00 2E 89 2E 10-00 07 5D 58 CF 3C 01 74  FF........]XO<.t
0310  04 26 86 46 00 E8 52 04-EB B7 2E 3B 2E 0C 00 72  .&.F.hR.k7.;...r
0320  F4 8B E8 26 C6 46 00 03-EB EB EB 10 00 00 00 00  t.h&FF..kkk.....
0330  4B 42 00 EB 5F 00 00 00-00 00 00 00 50 55 06 2E  KB.k_.......PU..
0340  8E 06 0A 00 2E 8B 2E 10-00 B0 01 26 86 46 00 3C  .........0.&.F.<
0350  00 75 42 2E 83 2E 10 00-08 26 89 66 02 26 8C 56  .uB......&.f.&.V
0360  04 8B C5 26 8B 6E 06 26-39 46 00 75 35 8C C0 8E  ..E&.n.&9F.u5.@.
0370  D0 8B E5 9C 2E FF 1E 2C-03 8B EC 26 8B 6E 00 26  P.e....,..l&.n.&
0380  8E 56 04 26 8B 66 02 26-C6 46 00 00 2E 89 2E 10  .V.&.f.&FF......
0390  00 07 5D 58 CF 3C 01 74-04 26 86 46 00 E8 CA 03  ..]XO<.t.&.F.hJ.
03A0  EB B7 2E 3B 2E 0C 00 72-F4 8B E8 26 C6 46 00 03  k7.;...rt.h&FF..
03B0  EB EB EB 10 00 00 00 00-4B 42 00 EB 5F 00 00 00  kkk.....KB.k_...
03C0  00 00 00 00 50 55 06 2E-8E 06 0A 00 2E 8B 2E 10  ....PU..........
03D0  00 B0 01 26 86 46 00 3C-00 75 42 2E 83 2E 10 00  .0.&.F.<.uB.....
03E0  08 26 89 66 02 26 8C 56-04 8B C5 26 8B 6E 06 26  .&.f.&.V..E&.n.&
03F0  39 46 00 75 35 8C C0 8E-D0 8B E5 9C 2E FF 1E B4  9F.u5.@.P.e....4
0400  03 8B EC 26 8B 6E 00 26-8E 56 04 26 8B 66 02 26  ..l&.n.&.V.&.f.&
0410  C6 46 00 00 2E 89 2E 10-00 07 5D 58 CF 3C 01 74  FF........]XO<.t
0420  04 26 86 46 00 E8 42 03-EB B7 2E 3B 2E 0C 00 72  .&.F.hB.k7.;...r
0430  F4 8B E8 26 C6 46 00 03-EB EB EB 10 00 00 00 00  t.h&FF..kkk.....
0440  4B 42 00 EB 5F 00 00 00-00 00 00 00 50 55 06 2E  KB.k_.......PU..
0450  8E 06 0A 00 2E 8B 2E 10-00 B0 01 26 86 46 00 3C  .........0.&.F.<
0460  00 75 42 2E 83 2E 10 00-08 26 89 66 02 26 8C 56  .uB......&.f.&.V
0470  04 8B C5 26 8B 6E 06 26-39 46 00 75 35 8C C0 8E  ..E&.n.&9F.u5.@.
0480  D0 8B E5 9C 2E FF 1E 3C-04 8B EC 26 8B 6E 00 26  P.e....<..l&.n.&
0490  8E 56 04 26 8B 66 02 26-C6 46 00 00 2E 89 2E 10  .V.&.f.&FF......
04A0  00 07 5D 58 CF 3C 01 74-04 26 86 46 00 E8 BA 02  ..]XO<.t.&.F.h:.
04B0  EB B7 2E 3B 2E 0C 00 72-F4 8B E8 26 C6 46 00 03  k7.;...rt.h&FF..
04C0  EB EB EB 10 00 00 00 00-4B 42 00 EB 5F 00 00 00  kkk.....KB.k_...
04D0  00 00 00 00 50 55 06 2E-8E 06 0A 00 2E 8B 2E 10  ....PU..........
04E0  00 B0 01 26 86 46 00 3C-00 75 42 2E 83 2E 10 00  .0.&.F.<.uB.....
04F0  08 26 89 66 02 26 8C 56-04 8B C5 26 8B 6E 06 26  .&.f.&.V..E&.n.&
0500  39 46 00 75 35 8C C0 8E-D0 8B E5 9C 2E FF 1E C4  9F.u5.@.P.e....D
0510  04 8B EC 26 8B 6E 00 26-8E 56 04 26 8B 66 02 26  ..l&.n.&.V.&.f.&
0520  C6 46 00 00 2E 89 2E 10-00 07 5D 58 CF 3C 01 74  FF........]XO<.t
0530  04 26 86 46 00 E8 32 02-EB B7 2E 3B 2E 0C 00 72  .&.F.h2.k7.;...r
0540  F4 8B E8 26 C6 46 00 03-EB EB EB 10 00 00 00 00  t.h&FF..kkk.....
0550  4B 42 00 EB 5F 00 00 00-00 00 00 00 50 55 06 2E  KB.k_.......PU..
0560  8E 06 0A 00 2E 8B 2E 10-00 B0 01 26 86 46 00 3C  .........0.&.F.<
0570  00 75 42 2E 83 2E 10 00-08 26 89 66 02 26 8C 56  .uB......&.f.&.V
0580  04 8B C5 26 8B 6E 06 26-39 46 00 75 35 8C C0 8E  ..E&.n.&9F.u5.@.
0590  D0 8B E5 9C 2E FF 1E 4C-05 8B EC 26 8B 6E 00 26  P.e....L..l&.n.&
05A0  8E 56 04 26 8B 66 02 26-C6 46 00 00 2E 89 2E 10  .V.&.f.&FF......
05B0  00 07 5D 58 CF 3C 01 74-04 26 86 46 00 E8 AA 01  ..]XO<.t.&.F.h*.
05C0  EB B7 2E 3B 2E 0C 00 72-F4 8B E8 26 C6 46 00 03  k7.;...rt.h&FF..
05D0  EB EB EB 10 00 00 00 00-4B 42 00 EB 5F 00 00 00  kkk.....KB.k_...
05E0  00 00 00 00 50 55 06 2E-8E 06 0A 00 2E 8B 2E 10  ....PU..........
05F0  00 B0 01 26 86 46 00 3C-00 75 42 2E 83 2E 10 00  .0.&.F.<.uB.....
0600  08 26 89 66 02 26 8C 56-04 8B C5 26 8B 6E 06 26  .&.f.&.V..E&.n.&
0610  39 46 00 75 35 8C C0 8E-D0 8B E5 9C 2E FF 1E D4  9F.u5.@.P.e....T
0620  05 8B EC 26 8B 6E 00 26-8E 56 04 26 8B 66 02 26  ..l&.n.&.V.&.f.&
0630  C6 46 00 00 2E 89 2E 10-00 07 5D 58 CF 3C 01 74  FF........]XO<.t
0640  04 26 86 46 00 E8 22 01-EB B7 2E 3B 2E 0C 00 72  .&.F.h".k7.;...r
0650  F4 8B E8 26 C6 46 00 03-EB EB EB 10 00 00 00 00  t.h&FF..kkk.....
0660  4B 42 00 EB 5F 00 00 00-00 00 00 00 50 55 06 2E  KB.k_.......PU..
0670  8E 06 0A 00 2E 8B 2E 10-00 B0 01 26 86 46 00 3C  .........0.&.F.<
0680  00 75 42 2E 83 2E 10 00-08 26 89 66 02 26 8C 56  .uB......&.f.&.V
0690  04 8B C5 26 8B 6E 06 26-39 46 00 75 35 8C C0 8E  ..E&.n.&9F.u5.@.
06A0  D0 8B E5 9C 2E FF 1E 5C-06 8B EC 26 8B 6E 00 26  P.e....\..l&.n.&
06B0  8E 56 04 26 8B 66 02 26-C6 46 00 00 2E 89 2E 10  .V.&.f.&FF......
06C0  00 07 5D 58 CF 3C 01 74-04 26 86 46 00 E8 9A 00  ..]XO<.t.&.F.h..
06D0  EB B7 2E 3B 2E 0C 00 72-F4 8B E8 26 C6 46 00 03  k7.;...rt.h&FF..
06E0  EB EB EB 10 00 00 00 00-4B 42 00 EB 5F 00 00 00  kkk.....KB.k_...
06F0  00 00 00 00 50 55 06 2E-8E 06 0A 00 2E 8B 2E 10  ....PU..........
0700  00 B0 01 26 86 46 00 3C-00 75 42 2E 83 2E 10 00  .0.&.F.<.uB.....
0710  08 26 89 66 02 26 8C 56-04 8B C5 26 8B 6E 06 26  .&.f.&.V..E&.n.&
0720  39 46 00 75 35 8C C0 8E-D0 8B E5 9C 2E FF 1E E4  9F.u5.@.P.e....d
0730  06 8B EC 26 8B 6E 00 26-8E 56 04 26 8B 66 02 26  ..l&.n.&.V.&.f.&
0740  C6 46 00 00 2E 89 2E 10-00 07 5D 58 CF 3C 01 74  FF........]XO<.t
0750  04 26 86 46 00 E8 12 00-EB B7 2E 3B 2E 0C 00 72  .&.F.h..k7.;...r
0760  F4 8B E8 26 C6 46 00 03-EB EB 2E 8B 2E 0E 00 26  t.h&FF..kk.....&
0770  80 7E 00 00 75 12 B0 01-26 86 46 00 3C 00 74 14  .~..u.0.&.F.<.t.
0780  3C 01 74 04 26 88 46 00-2E 3B 2E 0C 00 74 06 83  <.t.&.F..;...t..
0790  ED 08 EB DB C3 1E B8 00-F0 8E D8 80 3E FE FF F9  m.k[C.8.p.X.>~.y
07A0  1F 75 04 B0 07 E6 72 FA-B0 FF E6 21 E6 A1 8C CE  .u.0.frz0.f!f!.N
07B0  8E DE BE C4 07 AC 3C 24-74 08 B3 07 B4 0E CD 10  .^>D.,<$t.3.4.M.



0C20  08 26 8A 47 03 2E A2 72-08 EB 19 B8 00 F0 8E D8  .&.G.."r.k.8.p.X
0C30  A0 FE FF 2E A2 71 08 CD-11 A9 01 00 75 06 2E C6   ~.."q.M.)..u..F
0C40  06 05 08 01 FC 33 F6 8B-FE 2E 8B 0E 0F 08 8C C8  ....|3v.~......H
0C50  8E D8 B8 DA 3E E8 3B 08-2B C8 8E C1 B9 DB 3E D1  .X8Z>h;.+H.A9[>Q
0C60  E9 F3 A5 06 B8 69 0C 50-CB 26 A1 F7 07 8E D8 26  is%.8i.PK&!w..X&
0C70  A1 FB 07 8E C0 33 F6 8B-FE B9 00 50 F3 A5 2E C5  !{..@3v.~9.Ps%.E
0C80  36 FD 07 2E 8B 16 0F 08-FA 8C C8 8E D0 BC 91 0C  6}......z.H.P<..
0C90  FB 36 FF 1E F9 07 26 8B-05 36 A3 F5 07 26 8B 45  {6..y.&..6#u.&.E
0CA0  02 36 A3 F7 07 26 8B 45-04 36 A3 01 08 26 8B 45  .6#w.&.E.6#..&.E
0CB0  06 36 A3 03 08 36 C4 3E-F5 07 F8 B4 88 CD 15 72  .6#..6D>u.x4.M.r
0CC0  04 26 89 45 45 26 C7 45-3B FF FF 26 C7 45 3D FF  .&.EE&GE;..&GE=.
0CD0  FF 26 8B 45 10 05 14 00-36 A3 1C 08 36 A0 11 08  .&.E....6#..6 ..
0CE0  26 88 45 43 9C 53 33 DB-33 C0 50 9D 9C 58 25 00  &.EC.S3[3@P..X%.
0CF0  F0 3D 00 F0 74 0E B8 00-F0 50 9D 9C 58 25 00 F0  p=.pt.8.pP..X%.p
0D00  74 01 43 43 8B C3 5B 9D-3D 02 00 75 05 26 C6 45  t.CC.C[.=..u.&FE
0D10  44 01 26 8A 45 20 36 A2-8B 0B 8C C8 2D 11 00 36  D.&.E 6"...H-..6
0D20  8B 0E 1C 08 D1 E9 D1 E9-D1 E9 D1 E9 41 2B C1 36  ....QiQiQiQiA+A6
0D30  A3 3B 08 06 57 26 C4 7D-12 26 C4 3D 26 C7 45 02  #;..W&D}.&D=&GE.
0D40  00 00 26 89 45 04 8E C0-33 C0 8B F8 26 89 05 26  ..&.E..@3@.x&..&
0D50  89 45 02 26 C7 45 04 FF-00 26 C7 45 06 00 00 26  .E.&GE...&GE...&
0D60  C7 45 08 00 00 5F 07 1E-0E 1F E8 45 01 1F 9A BA  GE..._....hE...:
0D70  1F 70 00 FB FC 8C CB 83-EB 10 8E C3 33 F6 8B FE  .p.{|.K.k..C3v.~
0D80  B9 80 00 F3 A5 26 8C 06-36 00 B4 50 CD 21 1E 0E  9..s%&..6.4PM!..
0D90  1F BA 7F 39 B8 24 25 CD-21 BB FF FF B4 48 CD 21  .:.98$%M!;..4HM!
0DA0  B4 48 CD 21 A3 73 0B A3-6F 0B 1F 36 8A 16 11 08  4HM!#s.#o..6....
0DB0  0A D2 74 06 FE CA B4 0E-CD 21 E8 F3 18 2E FE 06  .Rt.~J4.M!hs..~.
0DC0  9A 0A E8 CE 19 2E FE 06-9A 0A E8 C6 19 E8 76 01  ..hN..~...hF.hv.
0DD0  36 F7 06 9B 0A 01 00 74-08 2E FE 06 9A 0A E8 B2  6w.....t..~...h2
0DE0  19 E8 FF 0D 2E C6 06 60-0B 01 36 8B 0E 73 0B 8E  .h...F.`..6..s..
0DF0  C1 B4 49 CD 21 2E F7 06-9B 0A 02 00 74 1F 06 53  A4IM!.w.....t..S
0E00  2E A1 69 0B 8E C0 2E 8B-1E 6B 0B B4 4A CD 21 8C  .!i..@...k.4JM!.
0E10  C0 48 8E C0 26 C7 06 01-00 08 00 5B 07 0E 1F BE  @H.@&G.....[...>
0E20  44 08 1E 07 8B FE B1 FF-FE C1 AC AA 0A C0 75 F8  D....~1.~A,*.@ux
0E30  4F B0 0D AA 88 0E 43 08-BA 4A 3A 52 BB FF FF B4  O0.*..C.:J:R;..4
0E40  48 CD 21 B4 48 CD 21 72-44 8E C0 B4 49 CD 21 8B  HM!4HM!rD.@4IM!.
0E50  EB 8B 1E 0F 08 8C C8 2B-D8 83 C3 11 2B EB 72 2D  k.....H+X.C.+kr-
0E60  B8 00 3D F9 CD 21 72 42-8B D8 33 C9 33 D2 B8 02  8.=yM!rB.X3I3R8.
0E70  42 F9 CD 21 72 34 05 0F-00 83 D2 00 B1 04 D3 E8  ByM!r4....R.1.Sh
0E80  B1 0C D3 E2 0B C2 05 10-00 3B C5 72 03 E9 38 28  1.Sb.B...;Er.i8(
0E90  B4 3E CD 21 5A 0E 07 BB-8C 0A 8C 4F 04 8C 4F 08  4>M!Z..;...O..O.
0EA0  8C 4F 0C 33 C0 B4 4B F9-CD 21 BA 85 3D E8 77 2A  .O.3@4KyM!:.=hw*
0EB0  EB FE C4 3E F5 07 26 8A-4D 20 32 ED 26 88 4D 21  k~D>u.&.M 2m&.M!
0EC0  8A C1 B4 58 F6 E4 E8 CA-05 8B 36 3B 08 2B F0 89  .A4XvdhJ..6;.+p.
0ED0  36 3D 08 26 89 75 18 8B-C6 26 C7 45 16 00 00 26  6=.&.u..F&GE...&
0EE0  C5 35 8E C0 33 FF 36 A1-3F 08 AB 36 A1 41 08 AB  E5.@3.6!?.+6!A.+
0EF0  36 FE 06 3F 08 33 C0 51-B9 3F 00 F3 AA 83 FE FF  6~.?.3@Q9?.s*.~.
0F00  74 0D 2E 80 3E 05 08 01-75 0E 80 3C 02 73 09 33  t...>...u..<.s.3
0F10  C0 B1 03 F3 AB 59 EB 14-59 80 7C 08 00 74 03 B8  @1.s+Yk.Y.|..t.8
0F20  00 40 AB 8B C6 AB 8C D8-AB C5 74 19 B8 FF FF AB  .@+.F+.X+Et.8..+
0F30  AB AB B8 02 00 AB B8 00-00 AB AB AB AA E2 A7 36  ++8..+8..+++*b'6
0F40  C6 06 3F 08 41 C3 1E B8-70 00 8E D8 83 3E 8F 0A  F.?.AC.8p..X.>..
0F50  00 75 06 81 0E 8F 0A 80-00 1F 36 A1 3B 08 36 A3  .u........6!;.6#
0F60  3D 08 0E 1F E8 1F 27 36-A0 37 08 2C 05 76 52 50  =...h.'6 7.,.vRP
0F70  B0 46 E8 4E 0C 58 32 E4-36 8B 1E 6D 0B 36 8B 16  0FhN.X2d6..m.6..
0F80  6F 0B 36 C5 3E F5 07 C5-7D 04 89 1D 89 55 02 0E  o.6E>u.E}....U..
0F90  1F 36 C4 3E 6D 0B 26 C7-05 FF FF 26 89 45 04 B3  .6D>m.&G...&.E.3
0FA0  3B F6 E3 8B C8 36 01 06-6D 0B B8 06 00 36 01 06  ;vc.H6..m.8..6..
0FB0  6D 0B 36 80 0E 43 1C 02-E8 CB 26 03 F8 33 C0 F3  m.6..C..hK&.x3@s
0FC0  AA 0E 1F E8 C0 26 B0 58-E8 F8 0B 36 A0 38 08 32  *..h@&0Xhx.6 8.2
0FD0  E4 36 8B 1E 6D 0B 36 8B-16 6F 0B 36 C5 3E F5 07  d6..m.6..o.6E>u.
0FE0  89 5D 1A 89 55 1C 2E 8A-1E 39 08 32 FF 89 5D 1E  .]..U....9.2..].
0FF0  0E 1F C4 3E 6D 0B 26 C7-05 FF FF 26 89 45 04 B3  ..D>m.&G...&.E.3
1000  3B 8B C8 F6 E3 01 06 6D-0B B8 06 00 01 06 6D 0B  ;.Hvc..m.8....m.
1010  80 0E 43 1C 02 E8 6E 26-03 F8 B0 41 51 B9 3B 00  ..C..hn&.x0AQ9;.
1020  FC F3 AA 26 C7 45 C5 00-00 26 C7 45 DA 00 00 26  |s*&GEE..&GEZ..&
1030  C7 45 DC 00 00 59 E2 E4-83 3E 12 08 FF 74 0F 80  GE\..Ybd.>...t..
1040  3E 73 08 01 75 05 E8 D7-04 72 03 E9 98 00 C7 06  >s..u.hW.r.i..G.
1050  14 08 00 00 C7 06 12 08-02 00 50 1E 2E C4 2E F5  ....G.....P..D.u
1060  07 26 C4 6E 00 0E 1F 26-8A 5E 00 FE C3 B8 08 44  .&Dn...&.^.~C8.D
1070  CD 21 0B C0 75 37 33 DB-26 8A 5E 00 FE C3 BA 64  M!.@u73[&.^.~C:d
1080  3B B8 0D 44 B9 60 08 CD-21 72 22 8B 1E 73 3B A1  ;8.D9`.M!r"..s;!
1090  6B 3B 33 D2 B9 00 02 F7-F1 F7 E3 0B D2 75 05 3D  k;3R9..wqwc.Ru.=
10A0  D0 02 76 09 C7 06 12 08-03 00 EB 0E 90 26 83 7E  P.v.G.....k..&.~
10B0  19 FF 74 06 26 C4 6E 19-EB AD 81 3E 0F 08 00 20  ..t.&Dn.k-.>...
10C0  76 22 C7 06 12 08 05 00-81 3E 0F 08 00 40 76 14  v"G......>...@v.
10D0  C7 06 12 08 0A 00 81 3E-0F 08 00 80 76 06 C7 06  G......>....v.G.
10E0  12 08 0F 00 1F 58 2E C5-1E F5 07 36 A1 12 08 89  .....X.E.u.6!...
10F0  47 3F 36 A1 14 08 89 47-41 C5 5F 12 80 7F 17 FF  G?6!...GAE_.....
1100  74 03 EB 6D 90 33 D2 36-A1 12 08 3C 1E 73 18 36  t.km.3R6!..<.s.6
1110  C7 06 18 08 01 00 C7 47-04 01 00 36 A2 1E 08 36  G.....GG...6"..6
1120  C6 06 20 08 01 EB 48 B1-0F F6 F1 50 32 E4 36 A3  F. ..kH1.vqP2d6#
1130  18 08 89 47 04 58 0A E4-75 06 36 A2 20 08 EB 2F  ...G.X.du.6" .k/
1140  8A C8 8A C4 32 E4 F6 F1-0A E4 75 0F 36 00 06 1E  .H.D2dvq.du.6...
1150  08 36 A1 18 08 36 A2 20-08 EB 14 36 88 26 20 08  .6!..6" .k.6.& .
1160  36 00 06 1E 08 36 00 06-1F 08 36 FE 06 1E 08 EB  6....6....6~...k
1170  10 36 A1 16 08 B9 02 00-F7 E1 36 A3 18 08 89 47  .6!..9..wa6#...G
1180  04 E8 02 25 B0 42 E8 3A-0A 36 A1 18 08 B9 08 00  .h.%0Bh:.6!..9..
1190  F7 E1 C4 3F 36 8B 0E 6D-0B 89 0F 36 8B 0E 6F 0B  waD?6..m...6..o.
11A0  89 4F 02 36 A3 6D 0B 36-80 0E 43 1C 02 E8 D6 24  .O.6#m.6..C..hV$
11B0  1E 53 80 7F 17 FF 74 05-E8 CF 04 EB 03 E8 6A 04  .S....t.hO.k.hj.
11C0  5B 1F 36 83 3E 14 08 00-74 2D E8 B9 24 36 8B 0E  [.6.>...t-h9$6..
11D0  6D 0B 89 4F 06 36 8B 0E-6F 0B 89 4F 08 36 8B 0E  m..O.6..o..O.6..
11E0  14 08 89 4F 0A B8 00 02-F7 E1 36 A3 6D 0B 36 80  ...O.8..wa6#m.6.
11F0  0E 43 1C 02 E8 8F 24 E8-8C 24 50 B8 4C 00 E8 C2  .C..h.$h.$P8L.hB
1200  09 58 36 C4 3E F5 07 26-8A 4D 20 36 3A 0E 3A 08  .X6D>u.&.M 6:.:.
1210  73 05 36 8A 0E 3A 08 32-ED 26 88 4D 21 36 A1 6F  s.6..:.2m&.M!6!o
1220  0B 26 89 45 18 36 A1 6D-0B 26 89 45 16 8A C1 B4  .&.E.6!m.&.E..A4
1230  58 F6 E4 E8 5D 02 36 01-06 6F 0B 36 80 0E 43 1C  Xvdh].6..o.6..C.
1240  02 E8 42 24 26 C5 35 26-C4 7D 16 E8 98 FC 0E 1F  .hB$&E5&D}.h.|..
1250  80 3E 71 08 FD 74 1C 83-3E 0B 08 FF 74 18 80 3E  .>q.}t..>...t..>
1260  72 08 00 75 11 80 3E 71-08 FF 74 07 80 3E 71 08  r..u..>q..t..>q.
1270  FE 75 03 EB 53 90 A1 07-08 3D 00 00 74 F5 E8 05  ~u.kS.!..=..tuh.
1280  24 B0 53 E8 3D 09 A1 6F-0B 8E C0 0E 1F 33 F6 33  $0Sh=.!o..@..3v3
1290  FF B9 F2 07 89 0E 6D 0B-E8 EB 23 F3 A4 A1 6D 0B  .9r...m.hk#s$!m.
12A0  A3 0B 08 A1 6F 0B A3 0D-08 B8 08 00 03 06 09 08  #..!o.#..8......
12B0  8B 0E 07 08 F7 E1 E8 DA-01 01 06 6F 0B 80 0E 43  ....wahZ...o...C
12C0  1C 02 E8 C1 23 E8 4B 05-0E 1F A0 37 08 32 E4 8B  ..hA#hK... 7.2d.
12D0  C8 33 DB B4 3E CD 21 BB-02 00 B4 3E CD 21 43 E2  H3[4>M!;..4>M!Cb
12E0  F9 BA E5 39 B0 02 B4 3D-F9 CD 21 73 05 E8 37 26  y:e90.4=yM!s.h7&
12F0  EB 13 50 BB 01 00 B4 3E-CD 21 58 8B D8 B4 45 CD  k.P;..4>M!X.X4EM
1300  21 B4 45 CD 21 BA E9 39-B0 02 E8 4D 26 BA ED 39  !4EM!:i90.hM&:m9
1310  B0 01 E8 45 26 80 3E 71-08 FD 74 41 50 53 52 06  0.hE&.>q.}tAPSR.
1320  B0 FF BA F2 02 EE 42 EE-42 EE 42 EE 42 EE 42 EE  0.:r.nBnBnBnBnBn
1330  B8 00 F0 8E C0 26 80 3E-FE FF FC 74 0D B4 C0 CD  8.p.@&.>~.|t.4@M
1340  15 72 16 26 F6 47 05 40-74 0F B0 FF BA F2 06 EE  .r.&vG.@t.0.:r.n
1350  42 EE 42 EE 42 42 EE 42-EE 07 5A 5B 58 50 A1 6F  BnBnBBnBn.Z[XP!o
1360  0B 2B 06 73 0B A3 6B 0B-B0 54 E8 56 08 58 8B 3E  .+.s.#k.0ThV.X.>
1370  6F 0B 8E C7 89 3E A1 0A-33 FF 89 3E 9F 0A BE 9F  o..G.>!.3..>..>.
1380  14 B9 81 00 90 01 0E 6D-0B 2E 80 0E 43 1C 02 E8  .9.....m....C..h
1390  F4 22 F3 A4 C7 06 A3 0A-64 14 8C 0E A5 0A 83 0E  t"s$G.#.d...%...
13A0  9B 0A 02 E8 E0 22 8B 1E-6F 0B A1 73 0B A3 69 0B  ...h`"..o.!s.#i.
13B0  8E C0 2B D8 B4 4A CD 21-06 8C C0 48 8E C0 26 C7  .@+X4JM!..@H.@&G
13C0  06 01 00 08 00 07 BB FF-FF B4 48 CD 21 B4 48 CD  ......;..4HM!4HM
13D0  21 A3 6F 0B C7 06 6D 0B-00 00 8E C0 8B 1E 3B 08  !#o.G.m....@..;.
13E0  2B D8 4B 4B B4 4A CD 21-BB FF FF B4 48 CD 21 B4  +XKK4JM!;..4HM!4
13F0  48 CD 21 A3 73 0B 8E 06-6F 0B B4 49 CD 21 C3 56  HM!#s...o.4IM!CV
1400  06 1E 07 1F 8B D6 33 C9-FC 2E C6 06 BE 0A 20 BF  .....V3I|.F.>. ?
1410  BF 0A AC 3C 00 74 02 EB-F9 AC 26 88 05 3C 0A 74  ?.,<.t.ky,&..<.t
1420  05 FE C1 47 EB F3 2E 88-0E BD 0A 80 F9 00 75 06  .~AGks...=..y.u.
1430  2E C6 06 BE 0A 0D 2E C7-06 00 00 00 00 8C C8 2E  .F.>...G......H.
1440  A3 0F 0B 2E A3 13 0B 2E-A3 17 0B 2E A3 1B 0B E8  #...#...#...#..h
1450  82 00 26 A3 A7 0A 33 C0-B4 4B BB 0F 0B 06 1E 2E  ..&#'.3@4K;.....
1460  FF 2E 9F 0A 5E 06 1E 07-1F 73 11 2E F7 06 9B 0A  ....^....s..w...
1470  04 00 75 1D 56 E8 B3 24-5E EB 17 90 2E F7 06 9B  ..u.Vh3$^k...w..
1480  0A 04 00 75 0D B4 4D CD-21 80 FC 03 74 04 E8 9F  ...u.4MM!.|.t.h.
1490  1B F9 C3 05 0F 00 D1 D8-D1 E8 D1 E8 D1 E8 C3 2E  .yC...QXQhQhQhC.
14A0  8C 16 62 00 2E 89 26 64-00 CD 21 2E 8E 16 62 00  ..b...&d.M!...b.
14B0  2E 8B 26 64 00 1F 07 72-16 E8 18 00 26 39 06 A7  ..&d...r.h..&9.'
14C0  0A 74 0C B4 09 0E 1F BA-66 00 90 CD 21 EB FE 26  .t.4...:f..M!k~&
14D0  FF 2E A3 0A 1E 26 A1 3B-08 8E D8 33 F6 33 C0 26  ..#..&!;..X3v3@&
14E0  8B 0E 9D 0A D1 E9 74 06-03 04 46 46 E2 FA BE 91  ....Qit...FFbz>.
14F0  0C B9 DA 3E 2B CE D1 E9-26 03 04 46 46 E2 F9 1F  .9Z>+NQi&..FFby.




1520  06 57 56 53 33 FF 8E C7-26 8B 3E 9C 01 26 A1 9E  .WVS3..G&.>..&!.
1530  01 0B C7 75 03 E9 D7 00-2E C4 3E F5 07 26 C4 7D  ..Gu.iW..D>u.&D}
1540  12 B4 40 CD 67 0A E4 74-03 E9 C3 00 B4 46 CD 67  .4@Mg.dt.iC.4FMg
1550  3C 40 73 03 E9 B8 00 E8-D3 01 2E A1 25 08 26 89  <@s.i8.hS..!%.&.
1560  45 0D 2E A1 27 08 26 89-45 0F 2E A1 21 08 26 89  E..!'.&.E..!!.&.
1570  45 11 2E A1 23 08 26 89-45 13 2E A1 29 08 26 89  E..!#.&.E..!).&.
1580  45 15 26 C6 45 0C 01 73-03 E9 83 00 B4 4F B0 02  E.&FE..s.i..4O0.
1590  BB 01 00 CD 67 0A E4 75-76 3C 0C 77 72 B4 42 CD  ;..Mg.duv<.wr4BM
15A0  67 33 D2 2E A1 12 08 B9-1E 00 E8 5E 02 3B D8 72  g3R.!..9..h^.;Xr
15B0  5E 2E A3 16 08 8B D8 F7-E1 2E A3 12 08 B4 43 CD  ^.#...Xwa.#..4CM
15C0  67 0A E4 75 4A B4 53 B0-01 06 57 1E 0E 1F BE 78  g.duJ4S0..W...>x
15D0  0A CD 67 1F 5F 07 32 E4-26 88 65 17 26 89 55 18  .Mg._.2d&.e.&.U.
15E0  2E A1 76 08 26 89 45 1E-2E A1 74 08 26 89 45 1A  .!v.&.E..!t.&.E.
15F0  8C C0 2E A3 82 0A 2E A3-86 0A 57 83 C7 1C 2E 89  .@.#...#..W.G...
1600  3E 80 0A 5F 83 C7 22 2E-89 3E 84 0A F8 EB 16 2E  >.._.G"..>..xk..
1610  A1 6F 08 2E FF 36 65 08-2E A3 65 08 E8 11 1A 2E  !o...6e..#e.h...
1620  8F 06 65 08 F9 5B 5E 5F-07 C3 C5 1F 33 D2 FE C2  ..e.y[^_.CE.3R~B
1630  C7 47 02 00 00 36 8B 3E-6F 0B 89 7F 04 C7 47 06  GG...6.>o....GG.
1640  00 00 8E C7 33 FF 33 C9-33 C0 E8 B8 00 41 36 3A  ...G3.3I3@h8.A6:
1650  16 20 08 77 07 36 3A 0E-1E 08 EB 05 36 3A 0E 1F  . .w.6:...k.6:..
1660  08 75 0A 26 C7 05 00 00-26 89 3E 02 00 8B F8 75  .u.&G...&.>...xu
1670  D9 36 01 06 6D 0B 36 80-0E 43 1C 02 E8 07 20 83  Y6..m.6..C..h. .
1680  C3 08 36 FF 0E 18 08 75-A5 C3 50 B8 2B 08 2E A3  C.6....u%CP8+..#
1690  84 0A 0E 2E 8F 06 86 0A-58 E8 37 01 26 8B 57 18  ........Xh7.&.W.
16A0  C5 37 33 DB E8 59 01 2E-8B 3E 76 08 8E C7 33 FF  E73[hY...>v..G3.
16B0  33 C0 33 C9 89 1C 89 7C-02 8C 44 04 C7 44 06 00  3@3I...|..D.GD..
16C0  00 51 33 C9 E8 3E 00 41-83 F9 01 75 05 2E 89 3E  .Q3Ih>.A.y.u...>
16D0  8A 0A 83 F9 0F 75 14 2E-FF 36 8A 0A 26 8F 05 57  ...y.u...6..&..W
16E0  57 2E 8B 3E 8A 0A 26 8F-45 02 5F 8B F8 75 D5 83  W..>..&.E._.xuU.
16F0  C6 08 59 41 83 F9 02 75-BB 43 2E 3B 1E 16 08 75  F.YA.y.u;C.;...u
1700  A3 E8 EA 00 C3 36 FF 36-88 0A 26 8F 45 02 36 A3  #hj.C6.6..&.E.6#
1710  88 0A 36 03 06 1C 08 26-89 05 26 C7 45 04 FF 00  ..6....&..&GE...
1720  26 C7 45 06 00 00 26 C7-45 08 00 00 C3 06 50 53  &GE...&GE...C.PS
1730  51 52 57 0E 07 B4 58 B0-01 CD 67 0A E4 75 4D 83  QRW..4X0.Mg.duM.
1740  F9 40 77 48 51 B4 58 B0-00 BF 78 08 CD 67 59 0A  y@wHQ4X0.?x.MgY.
1750  E4 75 76 33 D2 26 81 3D-00 A0 72 4B 42 83 FA 01  duv3R&.=. rKB.z.
1760  75 0F 26 8B 05 2E A3 21-08 26 8B 45 02 2E A3 23  u.&...#!.&.E..##
1770  08 2E A1 21 08 26 3B 05-76 15 26 8B 05 2E A3 21  ..!!.&;.v.&...#!
1780  08 26 8B 45 02 2E A3 23-08 EB 1C 90 EB 3B 90 2E  .&.E..##.k..k;..
1790  A1 25 08 26 3B 05 77 0F-26 8B 05 2E A3 25 08 26  !%.&;.w.&...#%.&
17A0  8B 45 02 2E A3 27 08 83-C7 04 E2 A9 83 FA 03 72  .E..#'..G.b).z.r
17B0  18 2E A1 25 08 2E A3 76-08 2E A1 27 08 2E A3 74  ..!%..#v..!'..#t
17C0  08 2E 89 16 29 08 F8 EB-03 F9 EB 00 5F 5A 59 5B  ....).xk.yk._ZY[
17D0  58 07 C3 50 1E 56 06 57-2E C5 36 80 0A 2E C4 3E  X.CP.V.W.E6...D>
17E0  84 0A B4 4F B0 00 CD 67-5F 07 5E 1F 58 C3 50 1E  ..4O0.Mg_.^.XCP.
17F0  56 2E C5 36 84 0A B4 4F-B0 01 CD 67 5E 1F 58 C3  V.E6..4O0.Mg^.XC
1800  50 B4 44 2E A0 74 08 CD-67 58 C3 F7 F1 0B D2 74  P4D. t.MgXCwq.Rt
1810  01 40 C3 50 1E 06 53 51-52 57 56 55 2E A1 07 08  .@CP..SQRWVU.!..
1820  26 A3 02 00 A1 09 08 26-A3 06 00 2E A1 0B 08 26  &#..!..&#...!..&
1830  A3 08 00 2E A1 0D 08 26-A3 0A 00 26 8B 2E 08 00  #...!..&#..&....
1840  26 89 2E 0C 00 B8 08 00-26 8B 0E 02 00 F7 E1 03  &....8..&....wa.
1850  C5 26 A3 04 00 8B D8 83-EB 02 26 8B 3E 04 00 26  E&#...X.k.&.>..&
1860  A1 06 00 F7 E1 8B C8 33-C0 06 1F 8E 06 0A 00 FC  !..wa.H3@......|
1870  F3 AA 8B 0E 02 00 26 C6-46 00 00 26 88 46 01 26  s*....&FF..&.F.&
1880  89 46 02 26 89 46 04 03-1E 06 00 26 89 5E 06 26  .F.&.F.....&.^.&
1890  89 2F 83 C5 08 E2 DF 83-ED 08 89 2E 0E 00 89 2E  ./.E.b_.m.......
18A0  10 00 1E B8 00 F0 8E D8-80 3E FE FF F9 1F 75 04  ...8.p.X.>~.y.u.
18B0  B0 07 E6 72 33 C0 8E C0-FA BE 08 00 BF 13 1D BB  0.fr3@.@z>..?..;
18C0  12 00 BA 16 00 E8 D4 02-BE 20 00 BF 17 1D BB A7  ..:..hT.> .?..;'
18D0  00 BA AB 00 E8 C5 02 BE-24 00 BF 1B 1D BB 21 01  .:+.hE.>$.?..;!.
18E0  BA 25 01 E8 B6 02 BE C0-01 BF 33 1D BB A0 01 BA  :%.h6.>@.?3.; .:
18F0  A4 01 E8 A7 02 BE 28 00-1E 26 C5 1C 1E 5A 83 FA  $.h'.>(..&E..Z.z
1900  00 74 31 80 3F CF 74 2C-81 7F 06 4B 42 74 16 81  .t1.?Ot,...KBt..
1910  FA 00 F0 75 10 06 52 BA-00 F0 8E C2 26 3B 1E 01  z.pu..R:.p.B&;..
1920  FF 5A 07 74 0F 1F BF 1F-1D BB 1C 02 BA 1A 02 E8  .Z.t..?..;..:..h
1930  6A 02 EB 01 1F BE 2C 00-1E 26 C5 1C 1E 5A 83 FA  j.k..>,..&E..Z.z
1940  00 74 31 80 3F CF 74 2C-81 7F 06 4B 42 74 16 81  .t1.?Ot,...KBt..
1950  FA 00 F0 75 10 06 52 BA-00 F0 8E C2 26 3B 1E 01  z.pu..R:.p.B&;..
1960  FF 5A 07 74 0F 1F BF 23-1D BB A4 02 BA A2 02 E8  .Z.t..?#.;$.:".h
1970  2A 02 EB 01 1F BE 30 00-1E 26 C5 1C 1E 5A 83 FA  *.k..>0..&E..Z.z
1980  00 74 31 80 3F CF 74 2C-81 7F 06 4B 42 74 16 81  .t1.?Ot,...KBt..
1990  FA 00 F0 75 10 06 52 BA-00 F0 8E C2 26 3B 1E 01  z.pu..R:.p.B&;..
19A0  FF 5A 07 74 0F 1F BF 27-1D BB 2C 03 BA 2A 03 E8  .Z.t..?'.;,.:*.h
19B0  EA 01 EB 01 1F BE 34 00-1E 26 C5 1C 1E 5A 83 FA  j.k..>4..&E..Z.z
19C0  00 74 31 80 3F CF 74 2C-81 7F 06 4B 42 74 16 81  .t1.?Ot,...KBt..
19D0  FA 00 F0 75 10 06 52 BA-00 F0 8E C2 26 3B 1E 01  z.pu..R:.p.B&;..
19E0  FF 5A 07 74 0F 1F BF 2B-1D BB B4 03 BA B2 03 E8  .Z.t..?+.;4.:2.h
19F0  AA 01 EB 01 1F BE 38 00-1E 26 C5 1C 1E 5A 83 FA  *.k..>8..&E..Z.z
1A00  00 74 31 80 3F CF 74 2C-81 7F 06 4B 42 74 16 81  .t1.?Ot,...KBt..
1A10  FA 00 F0 75 10 06 52 BA-00 F0 8E C2 26 3B 1E 01  z.pu..R:.p.B&;..
1A20  FF 5A 07 74 0F 1F BF 2F-1D BB 3C 04 BA 3A 04 E8  .Z.t..?/.;<.::.h
1A30  6A 01 EB 01 1F BE C8 01-1E 26 C5 1C 1E 5A 83 FA  j.k..>H..&E..Z.z
1A40  00 74 31 80 3F CF 74 2C-81 7F 06 4B 42 74 16 81  .t1.?Ot,...KBt..
1A50  FA 00 F0 75 10 06 52 BA-00 F0 8E C2 26 3B 1E 01  z.pu..R:.p.B&;..
1A60  FF 5A 07 74 0F 1F BF 37-1D BB C4 04 BA C2 04 E8  .Z.t..?7.;D.:B.h
1A70  2A 01 EB 01 1F BE CC 01-1E 26 C5 1C 1E 5A 83 FA  *.k..>L..&E..Z.z
1A80  00 74 31 80 3F CF 74 2C-81 7F 06 4B 42 74 16 81  .t1.?Ot,...KBt..
1A90  FA 00 F0 75 10 06 52 BA-00 F0 8E C2 26 3B 1E 01  z.pu..R:.p.B&;..
1AA0  FF 5A 07 74 0F 1F BF 3B-1D BB 4C 05 BA 4A 05 E8  .Z.t..?;.;L.:J.h
1AB0  EA 00 EB 01 1F BE D0 01-1E 26 C5 1C 1E 5A 83 FA  j.k..>P..&E..Z.z
1AC0  00 74 31 80 3F CF 74 2C-81 7F 06 4B 42 74 16 81  .t1.?Ot,...KBt..
1AD0  FA 00 F0 75 10 06 52 BA-00 F0 8E C2 26 3B 1E 01  z.pu..R:.p.B&;..
1AE0  FF 5A 07 74 0F 1F BF 3F-1D BB D4 05 BA D2 05 E8  .Z.t..??.;T.:R.h
1AF0  AA 00 EB 01 1F BE D8 01-1E 26 C5 1C 1E 5A 83 FA  *.k..>X..&E..Z.z
1B00  00 74 31 80 3F CF 74 2C-81 7F 06 4B 42 74 16 81  .t1.?Ot,...KBt..
1B10  FA 00 F0 75 10 06 52 BA-00 F0 8E C2 26 3B 1E 01  z.pu..R:.p.B&;..
1B20  FF 5A 07 74 0F 1F BF 43-1D BB 5C 06 BA 5A 06 E8  .Z.t..?C.;\.:Z.h
1B30  6A 00 EB 01 1F BE DC 01-1E 26 C5 1C 1E 5A 83 FA  j.k..>\..&E..Z.z
1B40  00 74 31 80 3F CF 74 2C-81 7F 06 4B 42 74 16 81  .t1.?Ot,...KBt..
1B50  FA 00 F0 75 10 06 52 BA-00 F0 8E C2 26 3B 1E 01  z.pu..R:.p.B&;..
1B60  FF 5A 07 74 0F 1F BF 47-1D BB E4 06 BA E2 06 E8  .Z.t..?G.;d.:b.h
1B70  2A 00 EB 01 1F 1E B8 00-F0 8E D8 80 3E FE FF F9  *.k...8.p.X.>~.y
1B80  1F 75 04 B0 27 E6 72 FB-B8 70 00 8E D8 C6 06 12  .u.0'fr{8p..XF..
1B90  1D 01 5D 5E 5F 5A 59 5B-07 1F 58 C3 26 8B 04 89  ..]^_ZY[..XC&...
1BA0  07 26 8B 44 02 89 47 02-1E B8 70 00 8E D8 26 8B  .&.D..G..8p..X&.
1BB0  04 89 05 26 8B 44 02 89-45 02 1F 26 89 14 26 8C  ...&.D..E..&..&.
1BC0  5C 02 C3 06 51 2E 8B 0E-6F 0B 2E 89 0E 41 1C 8E  \.C.Q...o....A..
1BD0  C1 26 A2 00 00 41 26 89-0E 01 00 59 07 2E FF 06  A&"..A&....Y....
1BE0  6F 0B C3 80 3E 06 08 01-75 4E B8 00 10 CD 2F 3C  o.C.>...uN8..M/<
1BF0  FF 74 45 0E 1F 0E 07 BE-4A 3A BF 8A 3A A4 80 7D  .tE....>J:?.:$.}
1C00  FF 00 75 F9 BE 8A 3A 4F-80 3D 5C 74 0B 80 3D 3A  ..uy>.:O.=\t..=:
1C10  74 06 3B FE 74 03 EB EF-47 BE CA 3A A4 80 7D FF  t.;~t.koG>J:$.}.
1C20  0A 75 F9 BE 8A 3A 83 0E-9B 0A 04 E8 D1 F7 73 08  .uy>.:.....hQws.




1D10  68 1C 00 00 2E C7 06 59-1C 00 00 E8 C9 06 73 13  h....G.Y...hI.s.
1D20  B8 FF FF 53 26 8B 1D 26-3A 0F 73 03 B8 02 00 5B  8..S&..&:.s.8..[
1D30  E9 1D 01 2E 89 36 62 1C-53 57 55 8D 1E 6A 1C 2E  i....6b.SWU..j..
1D40  F6 06 61 1C 20 75 43 AC-E8 59 07 72 3C E8 BD 06  v.a. uC,hY.r<h=.
1D50  74 37 E8 EE 06 75 18 2E-F6 06 61 1C 20 75 05 E8  t7hn.u..v.a. u.h
1D60  85 06 EB 26 2E F6 06 61-1C 41 74 1E 4E EB 1B 2E  ..k&.v.a.At.Nk..
1D70  88 07 3C 3D 75 06 2E 80-0E 61 1C 01 43 E8 42 07  ..<=u....a..ChB.
1D80  73 C5 AC 2E 88 07 43 EB-BE 4E 2E 89 36 57 1C 2E  sE,...Ck>N..6W..
1D90  C6 07 00 2E 89 1E 66 1C-26 8B 1D 8D 36 6A 1C 2E  F.....f.&...6j..
1DA0  80 3C 2F 74 30 2E F6 06-61 1C 01 75 54 26 8A 47  .</t0.v.a..uT&.G
1DB0  01 32 E4 2E 39 06 53 1C-73 12 2E A1 53 1C D1 E0  .2d.9.S.s..!S.Q`
1DC0  43 43 03 D8 26 8B 1F E8-88 00 EB 69 2E C7 06 55  CC.X&..h..ki.G.U
1DD0  1C 01 00 EB 60 26 8A 47-01 32 E4 40 D1 E0 03 D8  ...k`&.G.2d@Q`.X
1DE0  26 8A 0F 32 ED 0B C9 74-0F 43 53 26 8B 1F E8 C6  &..2m.It.CS&..hF
1DF0  00 5B 73 41 43 43 E2 F2-2E C7 06 55 1C 03 00 EB  .[sACCbr.G.U...k
1E00  34 26 8A 47 01 32 E4 40-D1 E0 03 D8 26 8A 07 32  4&.G.2d@Q`.X&..2
1E10  E4 D1 E0 40 03 D8 26 8A-0F 32 ED 0B C9 74 0F 43  dQ`@.X&..2m.It.C
1E20  53 26 8B 1F E8 5D 00 5B-73 0B 43 43 E2 F2 2E C7  S&..h].[s.CCbr.G
1E30  06 55 1C 04 00 5D 5F 5B-2E 8B 0E 53 1C 2E A1 55  .U...]_[...S..!U
1E40  1C 2E 8B 36 57 1C 2E 8B-16 59 1C 2E 8A 1E 5B 1C  ...6W....Y....[.
1E50  F8 C3 50 26 8B 07 A9 02-00 75 05 2E FF 06 53 1C  xCP&..)..u....S.
1E60  2E 80 3C 00 75 19 A9 01-00 75 09 2E C7 06 55 1C  ..<.u.)..u..G.U.
1E70  02 00 EB 0E 50 B0 03 B4-FF E8 9E 00 58 EB 03 E8  ..k.P0.4.h..Xk.h
1E80  1D 01 58 C3 F9 C3 55 51-26 8A 4F 08 32 ED 0B C9  ..XCyCUQ&.O.2m.I
1E90  74 0D 8D 6F 09 E8 E2 03-73 08 E8 0E 00 E2 F6 F9  t..o.hb.s.h..bvy
1EA0  EB 06 2E 89 2E 68 1C F8-59 5D C3 26 80 7E 00 00  k....h.xY]C&.~..
1EB0  74 03 45 EB F6 45 C3 2E-80 0E 61 1C 10 E8 C6 FF  t.EkvEC...a..hF.
1EC0  72 4A 2E 80 26 61 1C EF-50 2E A1 64 1C 2B C6 2E  rJ..&a.oP.!d.+F.
1ED0  01 06 62 1C 58 2E 8B 36-64 1C 2E 80 3C 00 75 26  ..b.X..6d...<.u&
1EE0  2E 80 7C FF 3A 75 09 2E-C7 06 55 1C 09 00 EB 1F  ..|.:u..G.U...k.
1EF0  26 83 3F 00 74 19 26 F7-07 01 00 75 12 2E C7 06  &.?.t.&w...u..G.
1F00  55 1C 02 00 EB 09 E8 96-00 F8 EB 0D F9 EB 0A 50  U...k.h..xk.yk.P
1F10  B0 03 B4 FF E8 03 00 58-F8 C3 57 26 8B 7F 04 2E  0.4.h..XxCW&....
1F20  89 3E 59 1C 26 88 05 26-88 65 01 50 2E A1 68 1C  .>Y.&..&.e.P.!h.
1F30  26 89 45 02 58 3C 01 75-0A 26 89 55 04 26 89 4D  &.E.X<.u.&.U.&.M
1F40  06 EB 5A 3C 02 75 06 26-89 55 04 EB 50 3C 07 74  .kZ<.u.&.U.kP<.t
1F50  E8 3C 08 74 E4 3C 06 75-06 26 88 55 04 EB 3E 3C  h<.td<.u.&.U.k><
1F60  04 75 0F 2E A1 62 1C 40-26 89 45 04 26 8C 5D 06  .u..!b.@&.E.&.].
1F70  EB 2B 26 89 75 04 26 8C-4D 06 50 26 F6 47 02 01  k+&.u.&.M.P&vG..
1F80  74 04 B0 04 EB 09 26 F6-47 02 02 74 05 B0 02 E8  t.0.k.&vG..t.0.h
1F90  E5 00 58 26 F6 47 02 10-74 03 E8 B4 00 5F C3 2E  e.X&vG..t.h4._C.
1FA0  C6 06 F8 1C 00 50 26 8B-07 0B C0 75 18 50 53 52  F.x..P&...@u.PSR
1FB0  57 2E C7 06 55 1C 09 00-B4 FF B0 03 E8 5B FF 5F  W.G.U...4.0.h[._
1FC0  5A 5B 58 EB 02 EB 03 EB-6F 90 A9 00 80 74 12 2E  Z[Xk.k.ko.)..t..
1FD0  C7 06 55 1C 00 00 E8 26-01 2E 83 3E 55 1C 09 75  G.U...h&...>U..u
1FE0  57 A9 00 40 74 12 2E C7-06 55 1C 00 00 E8 EB 00  W).@t..G.U...hk.
1FF0  2E 83 3E 55 1C 09 75 40-A9 00 01 74 15 2E C7 06  ..>U..u@)..t..G.
2000  55 1C 00 00 E8 16 03 E8-99 03 2E 83 3E 55 1C 09  U...h..h....>U..
2010  75 26 A9 00 02 74 12 2E-C7 06 55 1C 00 00 E8 FC  u&)..t..G.U...h|
2020  02 2E 83 3E 55 1C 09 75-0F A9 00 20 74 0A 2E C7  ...>U..u.). t..G
2030  06 55 1C 00 00 E8 D9 01-2E 80 3E F8 1C 01 75 0F  .U...hY...>x..u.
2040  2E 83 3E 55 1C 00 75 07-2E C7 06 55 1C 09 00 58  ..>U..u..G.U...X
2050  C3 50 56 2E 8A 04 0A C0-74 1A 3C 3A 75 0D 2E 80  CPV....@t.<:u...
2060  7C 01 00 75 06 2E C6 04-00 EB 09 E8 54 04 73 01  |..u..F..k.hT.s.
2070  46 46 EB DF 5E 58 C3 56-52 8A D0 2E 8A 04 E8 41  FFk_^XCVR.P...hA
2080  04 72 0C 0A C0 74 0C E8-0C 00 2E 88 04 EB 01 46  .r..@t.h.....k.F
2090  46 EB E8 5A 5E C3 3C 80-73 0C 3C 61 72 3C 3C 7A  FkhZ^C<.s.<ar<<z
20A0  77 38 24 DF EB 34 53 06-57 8D 3E EA 1C 2E 38 15  w8$_k4S.W.>j..8.
20B0  74 17 50 51 52 0E 07 B4-65 8A C2 BB FF FF B9 05  t.PQR..4e.B;..9.
20C0  00 BA FF FF CD 21 5A 59-58 2E 8B 5D 01 2E 8E 45  .:..M!ZYX..]...E
20D0  03 43 43 2C 80 26 D7 5F-07 5B C3 50 2E 80 0E 61  .CC,.&W_.[CP...a
20E0  1C 80 2E 80 26 61 1C FD-2E 8A 04 3C 2B 74 0A 3C  ....&a.}...<+t.<
20F0  2D 75 07 2E 80 0E 61 1C-02 46 E8 02 00 58 C3 50  -u....a..Fh..XCP
2100  51 52 56 33 C9 33 D2 53-2E 8A 04 0A C0 74 42 E8  QRV3I3RS....@tBh
2110  F1 00 72 39 32 E4 8B E8-D1 E2 D1 D1 E8 D2 00 72  q.r92d.hQbQQhR.r
2120  2C 8B DA 8B C1 D1 E2 D1-D1 E8 C5 00 72 1F D1 E2  ,.Z.AQbQQhE.r.Qb
2130  D1 D1 E8 BC 00 72 16 03-D3 13 C8 E8 B3 00 72 0D  QQh<.r..S.Hh3.r.
2140  03 D5 83 D1 00 E8 A9 00-72 03 46 EB BB 5B E9 8D  .U.Q.h).r.Fk;[i.
2150  00 5B 2E F6 06 61 1C 02-74 0A F7 D1 F7 D2 83 C2  .[.v.a..t.wQwR.B
2160  01 83 D1 00 26 8B 77 06-26 8A 04 3C 00 75 07 B0  ..Q.&.w.&..<.u.0
2170  01 B4 FF EB 74 90 46 26-8A 04 3C 00 74 60 46 2E  .4.kt.F&..<.t`F.
2180  F6 06 61 1C 80 75 1E 26-3B 4C 03 72 36 77 06 26  v.a..u.&;L.r6w.&
2190  3B 54 01 72 2E 26 3B 4C-07 77 28 72 3A 26 3B 54  ;T.r.&;L.w(r:&;T
21A0  05 77 20 EB 32 26 3B 4C-03 7C 18 7F 06 26 3B 54  .w k2&;L.|...&;T
21B0  01 7C 10 26 3B 4C 07 7F-0A 7C 1C 26 3B 54 05 7F  .|.&;L...|.&;T..
21C0  02 EB 14 83 C6 09 FE C8-75 B5 2E C7 06 55 1C 06  .k..F.~Hu5.G.U..
21D0  00 B0 01 B4 FF EB 12 B0-01 26 8A 24 EB 0B 2E C7  .0.4.k.0.&.$k..G
21E0  06 55 1C 09 00 B0 03 B4-FF E8 2E FD 5E 5A 59 58  .U...0.4.h.}^ZYX
21F0  C3 9C 2E F6 06 61 1C 02-75 02 9D C3 9D 70 02 F8  C..v.a..u..C.p.x
2200  C3 F9 C3 3C 30 72 08 3C-39 77 04 2C 30 F8 C3 F9  CyC<0r.<9w.,0xCy
2210  C3 50 53 52 57 26 8B 7F-06 26 8A 05 0A C0 75 04  CPSRW&...&...@u.
2220  B4 FF EB 4C 3C 03 75 3F-47 26 8A 05 B4 09 F6 E4  4.kL<.u?G&..4.vd
2230  40 03 F8 26 8A 05 B4 05-F6 E4 40 03 F8 26 8A 05  @.x&..4.vd@.x&..
2240  47 47 26 8B 2D E8 32 00-73 12 83 C7 03 FE C8 75  GG&.-h2.s..G.~Hu
2250  F1 2E C7 06 55 1C 08 00-B4 FF EB 14 26 8A 65 FF  q.G.U...4.k.&.e.
2260  B0 02 26 8B 15 EB 0B 2E-C7 06 55 1C 09 00 B4 FF  0.&..k..G.U...4.
2270  B0 03 E8 A5 FC 5F 5A 5B-58 C3 50 55 52 56 B2 02  0.h%|_Z[XCPURV2.
2280  2E 8A 04 E8 3C 02 72 3C-E8 0B FE 2E F6 06 61 1C  ...h<.r<h.~.v.a.
2290  08 74 0D 3C 3D 75 1F 26-80 7E 01 00 75 71 EB 13  .t.<=u.&.~..uqk.
22A0  2E F6 06 61 1C 10 74 0E-3C 3A 75 0A 26 80 7E 00  .v.a..t.<:u.&.~.
22B0  00 75 5C 46 EB 5C 26 3A-46 00 75 1D 0A C0 74 52  .u\Fk\&:F.u..@tR
22C0  46 45 EB 13 26 3A 46 00-75 45 46 2E 8A 04 45 26  FEk.&:F.uEF...E&
22D0  3A 46 00 75 3A 46 45 EB-A7 2E F6 06 61 1C 40 74  :F.u:FEk'.v.a.@t
22E0  0F 26 F7 47 02 20 00 74-07 26 80 7E 00 00 74 22  .&wG. .t.&.~..t"
22F0  26 F7 07 10 00 74 18 3C-3A 75 09 26 80 7E 00 00  &w...t.<:u.&.~..
2300  75 0D EB 0E 3C 00 75 07-26 80 7E 00 3A 74 03 F9  u.k.<.u.&.~.:t.y
2310  EB 06 2E 89 36 64 1C F8-5E 5A 5D 58 C3 50 57 56  k...6d.x^Z]XCPWV
2320  2E 8B 3E 62 1C 2E 8A 04-0A C0 74 13 E8 5F 00 75  ..>b.....@t.h_.u
2330  24 2E C6 06 F8 1C 01 5E-2E C6 04 00 5F EB 3F 5E  $.F.x..^.F.._k?^
2340  2E C6 04 00 5F 26 F7 07-01 00 75 32 2E C7 06 55  .F.._&w...u2.G.U
2350  1C 02 00 EB 29 58 56 2E-8A 04 0A C0 74 1E E8 2D  ...k)XV....@t.h-
2360  00 74 0B E8 5C 01 73 02-47 46 47 46 EB E9 2E A2  .t.h\.s.GFGFki."
2370  5B 1C 2E C6 04 00 47 2E-89 3E 57 1C 5E 5F 58 A9  [..F..G..>W.^_X)
2380  00 02 74 09 50 B4 FF B0-05 E8 8E FB 58 C3 53 51  ..t.P4.0.h.{XCSQ
2390  8D 1E EF 1C B9 09 00 2E-3A 07 74 04 43 E2 F8 41  ..o.9...:.t.CbxA
23A0  59 5B C3 50 52 2E 8A 04-0A C0 74 38 E8 13 01 72  Y[CPR....@t8h..r
23B0  2C 2E 83 7C 01 3A 74 0E-26 F7 07 10 00 74 1E 2E  ,..|.:t.&w...t..
23C0  80 7C 01 00 75 17 0C 20-3C 61 72 11 3C 7A 77 0D  .|..u.. <ar.<zw.
23D0  2C 60 8A D0 B4 FF B0 06-E8 3F FB EB 07 2E C7 06  ,`.P4.0.h?{k..G.
23E0  55 1C 09 00 5A 58 C3 AC-E8 22 00 74 18 E8 53 00  U...ZXC,h".t.hS.
23F0  75 16 2E F6 06 61 1C 20-74 ED 2E F6 06 61 1C 41  u..v.a. tm.v.a.A
2400  74 09 4E EB 06 F9 EB 01-F8 4E C3 F8 C3 53 51 3C  t.Nk.yk.xNCxCSQ<
2410  0D 74 2D 3C 00 74 29 3C-0A 74 25 26 80 7D 02 02  .t-<.t)<.t%&.}..
2420  72 1E 33 DB 26 8A 5D 03-83 C3 04 26 80 39 00 74  r.3[&.]..C.&.9.t
2430  0D 33 C9 26 8A 09 43 26-3A 01 74 04 E2 F8 3C 0D  .3I&..C&:.t.bx<.
2440  59 5B C3 53 51 2E C6 06-5B 1C 20 2E 80 26 61 1C  Y[CSQ.F.[. ..&a.
2450  DF 3C 20 74 36 3C 09 74-32 3C 2C 74 31 3C 81 75  _< t6<.t2<,t1<.u
2460  0C 80 3C 40 75 07 B0 20-46 3A C0 EB 1E 26 80 7D  ..<@u.0 F:@k.&.}
2470  02 01 72 17 33 C9 26 8A-4D 03 0B C9 74 0B BB 03  ..r.3I&.M..It.;.
2480  00 43 26 3A 01 74 07 E2-F8 3C 20 59 5B C3 2E A2  .C&:.t.bx< Y[C."
2490  5B 1C 2E F6 06 61 1C 01-75 06 2E 80 0E 61 1C 20  [..v.a..u....a.
24A0  3A C0 EB E7 8D 2E 6A 1C-3B DD 74 0A 3C 2F 75 03  :@kg..j.;]t.</u.
24B0  F9 EB 0E F8 EB 0B 3C 2F-75 06 2E 80 0E 61 1C 40  yk.xk.</u....a.@
24C0  F8 C3 1E 56 53 2E 83 3E-5E 1C 00 75 27 50 1E 51  xC.VS..>^..u'P.Q
24D0  52 57 55 06 33 F6 8E DE-B8 00 63 CD 21 8C DB 0B  RWU.3v.^8.cM!.[.
24E0  DB 07 5D 5F 5A 59 1F 58-74 29 2E 89 36 5C 1C 2E  [.]_ZY.Xt)..6\..
24F0  89 1E 5E 1C 2E 8B 36 5C-1C 2E 8E 1E 5E 1C 83 3C  ..^...6\....^..<
2500  00 74 10 3A 04 72 08 3A-44 01 77 03 F9 EB 05 46  .t.:.r.:D.w.yk.F




26C0  3D F9 CD 21 72 03 EB 51-90 C6 06 9A 0A 0B C3 BA  =yM!r.kQ.F....C:
26D0  0C 3D E8 80 12 E8 58 09-E9 11 01 0E 1F BA 0C 3D  .=h..hX.i....:.=
26E0  E8 72 12 E8 4A 09 C3 2E-80 3E 60 25 01 74 29 1E  hr.hJ.C..>`%.t).
26F0  52 56 0E 1F BA 33 3D E8-5B 12 C5 36 45 1C 8A 14  RV..:3=h[.E6E...
2700  B4 02 CD 21 46 80 FA 0D-75 F4 0E 1F BA 30 3D E8  4.M!F.z.ut..:0=h
2710  43 12 E8 1B 09 5E 5A 1F-C3 8B D8 33 C9 33 D2 B8  C.h..^Z.C.X3I3R8
2720  02 42 CD 21 A3 61 0B 33-D2 B8 00 42 CD 21 8B 16  .BM!#a.3R8.BM!..
2730  3B 08 A1 61 0B A3 9D 0A-E8 58 ED 2B D0 83 EA 11  ;.!a.#..hXm+P.j.
2740  89 16 3B 08 E8 6B E7 2E-8B 16 3B 08 8E DA 8E C2  ..;.hkg...;..Z.B
2750  33 D2 2E 8B 0E 61 0B B4-3F F9 CD 21 9C 50 57 51  3R...a.4?yM!.PWQ
2760  B0 1A 8B FA E3 05 F2 AE-75 01 4F B0 0D AA B0 0A  0..zc.r.u.O0.*0.
2770  AA 2B FA 2E 89 3E 61 0B-59 5F 58 0E 1F 50 B4 3E  *+z..>a.Y_X..P4>
2780  CD 21 58 9D 72 04 3B C8-74 2F BA F1 39 E8 97 11  M!X.r.;Ht/:q9h..
2790  E9 3B FF 0E 1F 80 3E 9A-0A 0A 73 F4 FF 36 3B 08  i;....>...st.6;.
27A0  07 8B 36 63 0B 89 36 61-0B 33 F6 89 36 65 0B 89  ..6c..6a.3v.6e..
27B0  36 65 08 E8 54 08 EB 07-90 E8 5F 0C E8 4B 08 72  6e.hT.k..h_.hK.r
27C0  CF E8 6C 09 FF 06 65 08-C6 06 60 25 00 C6 06 40  Ohl...e.F.`%.F.@
27D0  1C 00 C6 06 43 1C 00 3C-0A 74 18 8A E0 E8 2A 08  ..F.C..<.t..`h*.
27E0  73 18 80 3E 9A 0A 02 73-A7 E9 E3 FE 0E 1F E8 3B  s..>...s'ic~..h;
27F0  0E EB CC E8 14 08 EB C7-0E 1F 80 3E 9A 0A 00 74  .kLh..kG...>...t
2800  1A 80 3E 9A 0A 02 74 32-80 3E 9A 0A 03 74 33 80  ..>...t2.>...t3.
2810  FC 49 75 78 83 0E 9B 0A-01 EB D1 80 FC 44 75 0D  |Iux.....kQ.|Du.
2820  E8 D7 08 75 27 26 C6 44-FF FF E9 9E 01 80 FC 42  hW.u'&FD..i...|B
2830  75 1A C6 06 60 25 01 EB-53 90 80 FC 4A 75 0D E9  u.F.`%.kS..|Ju.i
2840  9D 01 80 FC 49 75 05 E8-B5 EB EB A0 80 FC 59 74  ...|Iu.h5kk .|Yt
2850  0A 80 FC 5A 74 05 80 FC-30 75 08 FF 0E 65 0B FF  ..|Zt..|0u...e..
2860  06 61 0B EB 87 06 1E 06-1F 0E 07 2E 8C 1E 47 1C  .a.k..........G.
2870  2E 89 36 45 1C BA 00 00-E8 7E F4 3D 00 00 74 05  ..6E.:..h~t=..t.
2880  3D FF FF 75 03 F8 EB 01-F9 1F 07 C3 80 FC 42 75  =..u.xk.y..C.|Bu
2890  70 C6 06 5F 25 00 BF 18-25 33 C9 8B D1 E8 C5 FF  pF._%.?.%3I.QhE.
28A0  73 05 E8 42 FE EB 57 3D-FF FF 74 21 81 3E 64 25  s.hB~kW=..t!.>d%
28B0  58 25 75 07 C6 06 5F 25-01 EB 10 A1 66 25 83 F9  X%u.F._%.k.!f%.y
28C0  01 75 05 A3 5B 25 EB 03-A3 5D 25 EB D0 83 3E 5B  .u.#[%k.#]%kP.>[
28D0  25 63 76 12 80 3E 5F 25-00 75 0B E8 09 FE C7 06  %cv..>_%.u.h.~G.
28E0  5D 25 00 00 EB 18 A1 5B-25 A3 12 08 A1 5D 25 A3  ]%..k.![%#..!]%#
28F0  14 08 A0 5F 25 A2 73 08-A1 65 08 A3 6F 08 E9 EB  .. _%"s.!e.#o.ik
2900  FE 80 FC 43 75 38 BF 6A-25 33 C9 8B D1 E8 55 FF  ~.|Cu8?j%3I.QhU.
2910  73 05 E8 D2 FD EB 24 3D-FF FF 74 15 80 3E 63 25  s.hR}k$=..t..>c%
2920  01 75 07 C6 06 8F 25 01-EB 05 C6 06 8F 25 00 EB  .u.F..%.k.F..%.k
2930  DC B4 33 B0 01 8A 16 8F-25 CD 21 E9 AE FE 80 FC  \430....%M!i.~.|
2940  4D 75 4B BF 6E 26 33 C9-8B D1 E8 18 FF 73 05 E8  MuK?n&3I.Qh..s.h
2950  95 FD EB 37 3D FF FF 74-15 80 3E 63 25 01 75 07  .}k7=..t..>c%.u.
2960  C6 06 82 26 01 EB 05 C6-06 82 26 00 EB DC 1E B8  F..&.k.F..&.k\.8
2970  70 00 8E D8 2E 80 3E 82-26 00 75 08 C7 06 8F 0A  p..X..>.&.u.G...
2980  01 00 EB 06 C7 06 8F 0A-80 00 1F E9 5E FE 80 FC  ..k.G......i^~.|
2990  57 75 38 BF 83 26 33 C9-8B D1 E8 C8 FE 73 05 E8  Wu8?.&3I.QhH~s.h
29A0  45 FD EB 24 3D FF FF 74-15 80 3E 63 25 01 75 07  E}k$=..t..>c%.u.
29B0  C6 06 97 26 01 EB 05 C6-06 97 26 00 EB DC B4 33  F..&.k.F..&.k\43
29C0  B0 04 8A 16 97 26 CD 21-E9 21 FE 2E 81 26 1D 0B  0....&M!i!~..&..
29D0  FE 00 80 FC 44 74 18 80-FC 4A 74 03 E9 07 03 2E  ~..|Dt..|Jt.i...
29E0  83 0E 1D 0B 01 80 3E 9A-0A 02 74 03 E9 FD FD 8C  ......>...t.i}}.
29F0  CB 8E DB 89 36 87 0B 8C-06 89 0B 89 36 35 0B 8C  K.[.6.......65..
2A00  06 37 0B E8 80 0C E8 87-06 FF 06 6F 0B 33 C0 A3  .7.h..h....o.3@#
2A10  F9 07 A1 6F 0B A3 FB 07-A3 71 0B 06 1F 8B D6 8E  y.!o.#{.#q....V.
2A20  C0 B8 00 3D F9 CD 21 72-4A 8B D8 52 33 C9 33 D2  @8.=yM!rJ.XR3I3R
2A30  B8 02 42 F9 CD 21 73 08-B4 3E CD 21 5A F9 EB 33  8.ByM!s.4>M!Zyk3
2A40  05 0F 00 83 D2 00 B1 04-D3 E8 B1 0C D3 E2 0B C2  ....R.1.Sh1.Sb.B
2A50  8C C1 03 C8 72 07 2E 3B-0E 3D 08 72 03 E9 68 0C  .A.Hr..;.=.r.ih.
2A60  5A B4 3E CD 21 8C CB 8E-C3 BB 6F 0B B0 03 B4 4B  Z4>M!.K.C;o.0.4K
2A70  F9 CD 21 1E 07 0E 1F 73-1C 2E F6 06 43 1C 01 75  yM!....s..v.C..u
2A80  05 2E FF 0E 6F 0B 26 80-3C 0D 75 03 E9 40 FC E8  ....o.&.<.u.i@|h
2A90  99 0E E9 57 FD 2E F7 06-1D 0B 01 00 74 22 06 57  ..iW}.w.....t".W
2AA0  1E 2E 8B 1E FB 07 8E DB-2E C4 3E F5 07 26 8B 5D  ....{..[.D>u.&.]
2AB0  37 89 1E 10 00 26 8B 5D-39 89 1E 12 00 1F 5F 07  7....&.]9....._.
2AC0  06 56 26 8A 1C 0A DB 74-03 46 EB F6 26 C6 04 20  .V&...[t.Fkv&F.
2AD0  06 56 0E 07 2E F7 06 1D-0B 01 00 74 08 BB 14 00  .V...w.....t.;..
2AE0  E8 88 05 EB 2E 1E 56 2E-C5 36 F9 07 F7 44 04 00  h..k..V.E6y.wD..
2AF0  80 75 12 2E C5 36 F5 07-80 7C 20 1A 72 07 5E 1F  .u..E6u..| .r.^.
2B00  5E 07 E9 EE 00 5E 1F BB-06 00 E8 C6 0B BB 08 00  ^.in.^.;..hF.;..
2B10  E8 C0 0B 5E 1F C6 04 00-0E 1F F7 06 1D 0B 01 00  h@.^.F....w.....
2B20  74 6C 80 3E 22 0B 00 75-43 5E 07 A1 FB 07 03 06  tl.>"..uC^.!{...
2B30  39 0B C7 06 83 0B 00 00-A3 85 0B 2E 80 0E 43 1C  9.G.....#.....C.
2B40  02 E8 13 0B 06 56 72 24-2E C4 3E F5 07 26 8B 4D  .h...Vr$.D>u.&.M
2B50  3B 26 8B 55 3D 2E C5 36-F9 07 26 89 75 3B 26 8C  ;&.U=.E6y.&.u;&.
2B60  5D 3D 89 0C 89 54 02 5E-07 E9 80 FC 5E 07 0E 1F  ]=...T.^.i.|^...
2B70  F6 06 43 1C 01 75 04 FF-0E 6F 0B 83 3E 8C 0B 00  v.C..u...o..>...
2B80  74 09 E8 AB 04 C7 06 8C-0B 00 00 E9 5E FC A1 85  t.h+.G.....i^|!.
2B90  0B 3B 06 0F 08 72 05 5E-07 E9 DD FE C5 16 F9 07  .;...r.^.i]~E.y.
2BA0  8B F2 83 C6 04 2E C4 3E-F5 07 8B 04 A9 00 80 74  .r.F..D>u...)..t
2BB0  28 2E 80 0E 43 1C 02 E8-9D 0A 72 B0 A9 01 00 74  (...C..h..r0)..t
2BC0  08 26 89 55 0C 26 8C 5D-0E A9 08 00 74 08 26 89  .&.U.&.].)..t.&.
2BD0  55 08 26 8C 5D 0A E9 B9-00 2E A0 82 0B 0A C0 74  U.&.].i9.. ...@t
2BE0  8B 98 8B C8 8A F4 26 8A-55 20 8A E2 02 E0 80 FC  ...H.t&.U .b.`.|
2BF0  1A 76 0B 0E 1F BA 30 3E-E8 5A 0D E9 6E FF 2E 80  .v...:0>hZ.in...
2C00  0E 43 1C 02 E8 50 0A 26-00 45 20 2E 00 06 8B 0B  .C..hP.&.E .....
2C10  2E C5 1E 87 0B 2E C4 2E-F5 07 26 C4 6E 00 26 83  .E....D.u.&Dn.&.
2C20  7E 19 FF 74 06 26 C4 6E-19 EB F3 2E A1 6D 0B 26  ~..t.&Dn.ks.!m.&
2C30  89 46 19 2E A1 6F 0B 26-89 46 1B 2E C4 2E 6D 0B  .F..!o.&.F..D.m.
2C40  2E 83 06 6D 0B 21 2E 80-0E 43 1C 02 E8 37 0A 26  ...m.!...C..h7.&
2C50  C7 46 19 FF FF 26 C6 46-18 FF 8B 37 43 43 26 89  GF...&FF...7CC&.
2C60  56 00 B4 53 CD 21 26 8B-46 02 06 2E C4 3E F5 07  V.4SM!&.F...D>u.
2C70  26 3B 45 10 07 77 56 1E-52 2E C5 16 F9 07 26 89  &;E..wV.R.E.y.&.
2C80  56 13 26 8C 5E 15 5A 1F-42 FE C6 E2 88 0E 1F E8  V.&.^.Z.B~Fb...h
2C90  20 E2 2E C4 3E F5 07 26-8B 4D 22 26 8B 55 24 2E   b.D>u.&.M"&.U$.
2CA0  C5 36 F9 07 26 89 75 22-26 8C 5D 24 8B 04 2E A3  E6y.&.u"&.]$...#
2CB0  F9 07 89 0C 89 54 02 5E-07 40 74 08 2E FE 06 40  y....T.^.@t..~.@
2CC0  1C E9 D1 FD 2E C6 06 40-1C 00 E9 1F FB 5E 07 BA  .iQ}.F.@..i.{^.:
2CD0  52 3D BB 30 3D E8 59 0C-F6 06 43 1C 01 75 04 FF  R=;0=hY.v.C..u..
2CE0  0E 6F 0B E9 06 FB 80 FC-51 74 03 E9 19 01 C6 06  .o.i.{.|Qt.i..F.
2CF0  FD 39 00 C7 06 C7 25 00-00 BF 90 25 33 C9 8B D1  }9.G.G%..?.%3I.Q
2D00  E8 62 FB 73 0B E8 EB 00-C7 06 C5 25 FF FF EB 34  hb{s.hk.G.E%..k4
2D10  3D FF FF 74 2F 80 3E 62-25 01 75 12 A1 66 25 83  =..t/.>b%.u.!f%.
2D20  F9 01 75 05 A3 C5 25 EB-03 A3 C7 25 EB 14 1E 06  y.u.#E%k.#G%k...
2D30  56 57 0E 07 C5 36 66 25-BF FD 39 E8 E1 0B 5F 5E  VW..E6f%?}9ha._^
2D40  07 1F EB BC 83 3E C5 25-FF 75 0A E9 9E FA F9 BA  ..k<.>E%.u.i.zy:
2D50  99 3D E9 82 00 80 3E FD-39 00 74 06 BA FD 39 EB  .=i...>}9.t.:}9k
2D60  04 90 BA FF 39 B8 00 3D-F9 CD 21 72 49 2E A3 67  ..:.98.=yM!rI.#g
2D70  0B 8B D8 2E A1 C5 25 2E-8B 16 C7 25 2E 8B 0E 6F  ..X.!E%...G%...o
2D80  0B 81 C1 80 00 2E 3B 0E-3D 08 77 48 BE FD 39 80  ..A...;.=.wH>}9.
2D90  3C 00 75 02 46 46 2E C4-3E 01 08 57 83 C7 08 E8  <.u.FF.D>..W.G.h
2DA0  7D 0B 5F 2E 8B 0E 6F 0B-8E D9 33 F6 E8 CF 09 73  }._...o..Y3vhO.s
2DB0  26 83 F9 FF 74 98 0E 07-2E 80 3E FD 39 00 74 05  &.y.t.....>}9.t.
2DC0  BE FD 39 EB 03 BE FF 39-E8 60 0B 2E 8B 0E 3B 08  >}9k.>.9h`....;.
2DD0  8E C1 EB 14 BA DC 3D 2E-8B 0E 3B 08 8E C1 0E 1F  .Ak.:\=...;..A..
2DE0  73 06 E8 70 0B E8 48 02-8B 1E 67 0B B4 3E CD 21  s.hp.hH...g.4>M!
2DF0  E9 F9 F9 3D 06 00 75 05-BA 99 3D EB 03 BA BF 3D  iyy=..u.:.=k.:?=
2E00  E8 52 0B E8 2A 02 C3 80-FC 46 75 27 BF C9 25 33  hR.h*.C.|Fu'?I%3
2E10  C9 8B D1 E8 4F FA 73 05-E8 CC F8 EB 13 3D FF FF  I.QhOzs.hLxk.=..
2E20  74 08 A0 66 25 A2 E8 25-EB E9 A0 E8 25 A2 37 08  t. f%"h%ki h%"7.
2E30  E9 B9 F9 80 FC 4C 75 27-BF 20 26 33 C9 8B D1 E8  i9y.|Lu'? &3I.Qh
2E40  23 FA 73 05 E8 A0 F8 EB-13 3D FF FF 74 08 A0 66  #zs.h xk.=..t. f
2E50  25 A2 34 26 EB E9 A0 34-26 A2 3A 08 E9 8D F9 80  %"4&ki 4&":.i.y.
2E60  FC 50 75 13 E8 50 04 72-0B E8 F4 03 E8 2C 04 72  |Pu.hP.r.ht.h,.r
2E70  03 E9 78 F9 E9 58 F8 80-FC 4B 74 03 E9 91 00 BF  .ixyiXx.|Kt.i..?
2E80  35 26 33 C9 8B D1 E8 DC-F9 73 0B BA 4B 3E E8 C4  5&3I.Qh\ys.:K>hD
2E90  0A E8 9C 01 EB 77 3D FF-FF 74 12 A1 66 25 83 F9  .h..kw=..t.!f%.y
2EA0  01 75 05 A3 6A 26 EB 03-A3 6C 26 EB D9 83 3E 6A  .u.#j&k.#l&kY.>j
2EB0  26 00 74 16 83 3E 6A 26-08 72 07 83 3E 6C 26 20  &.t..>j&.r..>l&
2EC0  73 06 C7 06 6A 26 FF FF-EB 0D 83 3E 6C 26 00 74  s.G.j&..k..>l&.t
2ED0  06 C7 06 6A 26 FF FF 83-3E 6A 26 FF 75 1D C7 06  .G.j&...>j&.u.G.
2EE0  07 08 09 00 C7 06 09 08-80 00 C7 06 0B 08 00 00  ....G.....G.....
2EF0  BA 4B 3E E8 5F 0A E8 37-01 EB 12 A1 6A 26 A3 07  :K>h_.h7.k.!j&#.
2F00  08 A1 6C 26 A3 09 08 C7-06 0B 08 FF FF E9 DC F8  .!l&#..G.....i\x
2F10  80 FC 53 75 3D C6 06 44-08 00 BF 4B 3A 88 45 FF  .|Su=F.D..?K:.E.
2F20  E8 E7 00 0A C0 74 19 3C-20 72 05 88 05 47 EB F0  hg..@t.< r...Gkp
2F30  C6 05 00 E8 D4 00 3C 0A-75 03 E8 CD 00 E9 7F F8  F..hT.<.u.hM.i.x
2F40  C6 05 00 BF 44 08 E8 C1-00 3C 20 72 E3 88 05 47  F..?D.hA.< rc..G
2F50  EB F4 80 FC 58 75 47 BF-E9 25 33 C9 8B D1 E8 04  kt.|XuG?i%3I.Qh.
2F60  F9 73 05 E8 81 F7 EB 33-3D FF FF 74 12 A0 66 25  ys.h.wk3=..t. f%
2F70  83 F9 01 75 05 A2 1E 26-EB 03 A2 1F 26 EB DF A0  .y.u.".&k.".&k_
2F80  1E 26 3A 06 1F 26 73 0A-E8 5C F7 C6 06 1F 26 00  .&:..&s.h\wF..&.
2F90  EB 09 A2 38 08 A0 1F 26-A2 39 08 E9 4E F8 80 FC  k."8. .&"9.iNx.|
2FA0  59 75 0B FF 0E 65 0B FF-06 61 0B E9 3E F8 80 FC  Yu...e...a.i>x.|
2FB0  30 74 F0 80 FC 31 75 40-BF 98 26 33 C9 8B D1 E8  0tp.|1u@?.&3I.Qh
2FC0  A3 F8 73 05 E8 20 F7 EB-2C 3D FF FF 74 0F 81 3E  #xs.h wk,=..t..>
2FD0  64 25 AC 26 75 05 C6 06-AF 26 01 EB E2 80 3E AF  d%,&u.F./&.kb.>/
2FE0  26 01 1E B8 70 00 8E D8-75 0A C6 06 1C 06 00 C6  &..8p..Xu.F....F
2FF0  06 1D 06 01 1F E9 F4 F7-80 FC FF 74 0B FF 0E 65  .....itw.|.t...e
3000  0B FF 06 61 0B E9 C7 F6-EB 99 51 8B 0E 61 0B E3  ...a.iGvk.Q..a.c
3010  12 8B 36 65 0B 26 8A 04-FF 0E 61 0B FF 06 65 0B  ..6e.&....a...e.
3020  F8 59 C3 F9 EB FB BA 68-3E E8 29 09 E8 0D 00 C3  xYCyk{:h>h).h..C
3030  0E 1F BA 8E 3E E8 1D 09-E8 01 00 C3 06 1E 57 0E  ..:.>h..h..C..W.
3040  07 0E 1F BF 6B 08 B9 0A-00 2E A1 65 08 3D 0A 00  ...?k.9...!e.=..
3050  72 0C 33 D2 F7 F1 80 CA-30 88 15 4F EB EF 0C 30  r.3Rwq.J0..Oko.0
3060  88 05 8B D7 E8 EE 08 5F-1F 07 C3 50 2E 8E 1E FB  ...Whn._..CP...{
3070  07 2E 03 1E F9 07 8B 07-2E FF 36 F9 07 2E A3 F9  ....y.....6y..#y
3080  07 BB 1F 0B 2E FF 1E F9-07 2E 8F 06 F9 07 58 C3  .;.....y....y.XC
3090  1E 56 06 57 2E 8B 3E 6F-0B 8E DF 2E 89 3E 41 1C  .V.W..>o.._..>A.
30A0  2E F7 06 1D 0B 01 00 75-04 B0 44 EB 02 B0 49 A2  .w.....u.0Dk.0I"
30B0  00 00 47 89 3E 01 00 32-C0 56 5F B9 80 00 F2 AE  ..G.>..2@V_9..r.
30C0  4F 26 8A 05 3C 5C 74 0B-3C 3A 74 07 3B FE 74 04  O&..<\t.<:t.;~t.
30D0  4F EB EE 47 57 5E 1E 06-1F 07 BF 08 00 57 B0 20  OknGW^....?..W0
30E0  B9 08 00 F3 AA 5F B9 08-00 AC 3C 2E 74 07 3C 00  9..s*_9..,<.t.<.
30F0  74 03 AA E2 F4 5F 07 5E-1F C3 06 56 1E 57 51 8B  t.*bt_.^.C.V.WQ.
3100  FE 26 80 3C 00 74 03 46-EB F7 4E 26 80 3C 5C 74  ~&.<.t.FkwN&.<\t
3110  0C 26 80 3C 3A 74 06 3B-FE 74 03 EB ED 46 0E 1F  .&.<:t.;~t.kmF..
3120  56 5F B9 09 00 BE 49 1C-F3 A6 59 5F 1F 5E 07 C3  V_9..>I.s&Y_.^.C



3160  12 00 0A C0 75 03 B0 FF-CF 81 FF 80 00 75 09 2E  ...@u.0.O....u..
3170  C6 06 1A 00 00 EB 10 90-81 FF 81 00 75 0E 2E C6  F....k......u..F
3180  06 1A 00 01 EB 01 90 33-C0 EB 04 90 B8 FF FF CF  ....k..3@k..8..O
3190  2E 80 3E 1A 00 01 75 04-B4 80 F9 CF 2E FF 2E 16  ..>...u.4.yO....
31A0  00 50 1E 33 C0 8E D8 83-3E 9C 01 00 1F 74 18 B4  .P.3@.X.>....t.4
31B0  40 32 C0 CD 67 0A E4 75-0E B4 46 32 C0 CD 67 3C  @2@Mg.du.4F2@Mg<
31C0  40 72 04 F8 EB 02 90 F9-58 C3 06 56 1E 57 50 51  @r.xk..yXC.V.WPQ
31D0  2E 80 3E 44 1C 00 74 03-EB 7F 90 2E 80 3E 73 08  ..>D..t.k....>s.
31E0  00 74 76 E8 BB FF 72 71-06 33 C0 8E C0 26 A1 BC  .tvh;.rq.3@.@&!<
31F0  00 2E A3 4F 31 26 A1 BE-00 2E A3 51 31 26 A1 9C  ..#O1&!>..#Q1&!.
3200  01 2E A3 53 31 26 A1 9E-01 2E A3 55 31 07 E8 75  ..#S1&!...#U1.hu
3210  04 B8 45 00 E8 AC E9 2E-A1 6F 0B 8E C0 33 FF 0E  .8E.h,i.!o..@3..
3220  1F B9 A1 31 BE 3D 31 2B-CE 2E 89 0E 6D 0B F3 A4  .9!1>=1+N...m.s$
3230  2E 80 0E 43 1C 02 E8 4D-04 2E C6 06 44 1C 01 33  ...C..hM..F.D..3
3240  C0 8E D8 FA C7 06 BC 00-1B 00 8C 06 BE 00 C7 06  @.XzG.<.....>.G.
3250  9C 01 53 00 8C 06 9E 01-FB 59 58 5F 1F 5E 07 C3  ..S.....{YX_.^.C
3260  1E 50 53 51 52 0E 1F 33-DB 8A 1E 8C 3C FE C3 BA  .PSQR..3[...<~C:
3270  64 3B B4 44 B0 0D B5 08-B1 40 CD 21 F7 06 8D 3C  d;4D0.5.1@M!w..<
3280  04 00 74 11 8A 0E 8C 3C-B8 70 00 8E D8 B0 01 D2  ..t....<8p..X0.R
3290  E0 08 06 91 0A 5A 59 5B-58 1F C3 1E 0E 1F C7 06  `....ZY[X.C...G.
32A0  68 3B 50 00 C6 06 65 3B-02 C7 06 66 3B 00 00 C7  h;P.F.e;.G.f;..G
32B0  06 8D 3C 00 00 1F C3 1E-0E 1F 3C 0D 74 22 3C 0A  ..<...C...<.t"<.
32C0  74 3E 3C 20 76 10 3C 2F-74 03 F9 EB 31 E8 3A 00  t>< v.</t.yk1h:.
32D0  89 1E 8D 3C 72 07 E8 31-FD 72 05 EB DD EB 1F 90  ...<r.h1}r.k]k..
32E0  F7 06 8D 3C 08 00 75 03-F9 EB 13 A1 8D 3C 25 03  w..<..u.yk.!.<%.
32F0  00 A3 66 3B C7 06 8A 3B-00 00 F8 E8 A0 00 1F C3  .#f;G..;..xh ..C
3300  FF 06 61 0B FF 0E 65 0B-EB D6 E8 FD FC 72 52 24  ..a...e.kVh}|rR$
3310  DF 3C 41 72 4C 3C 5A 77-48 06 0E 07 8A 0E 03 3D  _<ArL<ZwH......=
3320  B5 00 BF 04 3D F2 AE 07-75 37 B8 01 00 D3 E0 8B  5.?.=r..u78..S`.
3330  1E 8D 3C 0B D8 8B C8 A9-F8 00 90 74 20 E8 CA FC  ..<.X.H)x..t hJ|
3340  72 1D 3C 3A 75 19 E8 C1-FC 53 2E C6 06 64 08 20  r.<:u.hA|S.F.d.
3350  E8 BA 03 2E C6 06 64 08-00 5B E8 06 00 F8 C3 33  h:..F.d..[h..xC3
3360  D9 F9 C3 85 0E 8D 3C 75-33 F7 C1 08 00 74 05 A2  YyC...<u3wA..t."
3370  8C 3C EB 28 F7 C1 80 00-74 05 A2 65 3B EB 1D 0B  .<k(wA..t."e;k..
3380  C0 74 19 F7 C1 10 00 74-05 A3 68 3B EB 0E F7 C1  @t.wA..t.#h;k.wA
3390  20 00 74 05 A3 8A 3C EB-03 A3 88 3C F8 C3 06 0E   .t.#.<k.#.<xC..
33A0  07 33 DB 8A 1E 65 3B 80-FB 00 75 07 B9 28 00 89  .3[..e;.{.u.9(..
33B0  0E 68 3B D1 E3 BE F3 3C-8B 30 BF 6B 3B B9 1F 00  .h;Qc>s<.0?k;9..
33C0  FC F3 A4 07 F7 06 8D 3C-20 00 74 06 A1 8A 3C A3  |s$.w..< .t.!.<#
33D0  78 3B F7 06 8D 3C 40 00-74 3E A1 88 3C A3 7A 3B  x;w..<@.t>!.<#z;
33E0  8B C8 FE C9 A1 73 3B D1-F8 D3 E0 72 2B A3 73 3B  .H~I!s;QxS`r+#s;
33F0  80 F9 01 B3 F0 B0 02 77-17 8A 1E 75 3B 74 11 B0  .y.3p0.w...u;t.0
3400  01 8A 2E 65 3B 80 FD 00-74 04 B3 F0 EB 02 FE CB  ...e;.}.t.3pk.~K
3410  88 1E 75 3B A2 6D 3B F8-C3 F9 C3 2E 8B 0E 61 0B  ..u;"m;xCyC...a.
3420  E3 F7 E8 14 02 33 F6 8B-FE 33 C0 2E C6 06 5B 0B  cwh..3v.~3@.F.[.
3430  00 E8 8F 01 74 0E E8 82-01 3C 0A 74 07 3C 20 76  .h..t.h..<.t.< v
3440  F0 EB 0A 90 AA 2E C6 06-5B 0B 00 EB E4 51 56 57  pk..*.F.[..kdQVW
3450  8B EE 4D BE D9 3A B5 00-8B FD 8A 0C 46 E3 24 F3  .nM>Y:5..}..Fc$s
3460  A6 9F 03 F1 9E AC 75 F0-26 80 3D 0D 74 10 26 80  &..q.,up&.=.t.&.
3470  3D 0A 74 0A 50 26 8A 05-E8 83 01 58 75 DA 5F 5E  =.t.P&..h..XuZ_^
3480  59 EB 0F 5F 5E 59 B0 5A-AA E8 2F 01 3C 0A 75 F9  Yk._^Y0Z*h/.<.uy
3490  EB B2 AA 2E A2 5F 0B E8-21 01 3C 0A 74 0B 3C 0D  k2*."_.h!.<.t.<.
34A0  74 07 E8 59 01 75 F0 EB-02 4E 41 2E 80 3E 5F 0B  t.hY.upk.NA..>_.
34B0  59 74 63 2E 80 3E 5F 0B-49 74 34 2E 80 3E 5F 0B  Ytc..>_.It4..>_.
34C0  44 74 2C 2E 80 3E 5F 0B-4A 74 24 2E 80 3E 5F 0B  Dt,..>_.Jt$..>_.
34D0  53 74 1C 2E 80 3E 5F 0B-31 74 03 E9 9C 00 E8 E2  St...>_.1t.i..hb
34E0  00 74 77 E8 D5 00 E8 1D-01 74 F3 AA E9 9B 00 E8  .twhU.h..ts*i..h
34F0  D1 00 74 69 E8 C4 00 E8-04 01 74 F3 AA E8 C3 00  Q.tihD.h..ts*hC.
3500  74 5B E8 B6 00 3C 2F 74-5C AA E8 F1 00 74 5F 3C  t[h6.</t\*hq.t_<
3510  20 77 EA EB 59 90 E8 A2-00 3C 20 74 F9 3C 09 74   wjkY.h".< ty<.t
3520  F5 3C 3D 74 F1 3C 0D 74-2A 3C 0A 74 26 2E A2 5D  u<=tq<.t*<.t&."]
3530  0B 2E C6 06 5C 0B 01 E8-81 00 3C 20 74 15 3C 09  ..F.\..h..< t.<.
3540  74 11 3C 0D 74 0D 3C 0A-74 10 2E A2 5E 0B 2E FE  t.<.t.<.t.."^..~
3550  06 5C 0B E8 65 00 3C 0A-75 F9 E9 E7 FE 26 C6 05  .\.he.<.uyig~&F.
3560  00 47 E9 DF FE 26 C6 05-00 47 AA EB 1D 90 26 C6  .Gi_~&F..G*k..&F
3570  45 FF 00 3C 0A 74 E3 EB-11 90 E8 46 00 74 DB E8  E..<.tck..hF.t[h
3580  39 00 E8 81 00 74 F3 EB-09 90 E8 36 00 74 CB E8  9.h..tsk..h6.tKh
3590  29 00 AA 3C 22 74 0D 3C-20 77 EF 3C 0A 74 02 EB  ).*<"t.< wo<.t.k
35A0  E9 E9 8D FE 2E 80 3E 5B-0B 00 74 08 2E C6 06 5B  ii.~..>[..t..F.[
35B0  0B 00 EB D6 2E FE 06 5B-0B EB CF E3 5C 26 8A 04  ..kV.~.[.kOc\&..
35C0  46 49 C3 E3 54 2E 80 3E-5B 0B 00 75 30 2E 80 3E  FICcT..>[..u0..>
35D0  5C 0B 01 72 28 26 8A 04-2E 38 06 5D 0B 75 1E 2E  \..r(&...8.].u..
35E0  80 3E 5C 0B 02 75 0B 26-8A 44 01 2E 38 06 5E 0B  .>\..u.&.D..8.^.
35F0  75 0B E3 25 26 8A 04 46-49 3C 0A 75 F5 C3 3C 2F  u.c%&..FI<.uuC</
3600  74 C0 3C 00 74 BC 3C 20-74 B8 3C 09 74 B4 3C 3D  t@<.t<< t8<.t4<=
3610  74 B0 3C 2C 74 AC 3C 3B-C3 59 2E 89 3E 61 0B 2E  t0<,t,<;CY..>a..
3620  89 3E 63 0B 33 F6 2E 89-36 65 0B C3 E8 DB F9 72  .>c.3v..6e.Ch[yr
3630  FA 3C 0A 75 F7 E8 D2 F9-C3 51 56 1E 06 1F 33 F6  z<.uwhRyCQV...3v
3640  AC 3C 61 72 09 3C 7A 77-05 2C 20 88 44 FF E2 F0  ,<ar.<zw., .D.bp
3650  1F 5E 59 C3 F9 58 C3 50-2E A1 85 0B 2E 80 3E 40  .^YCyXCP.!....>@
3660  1C 00 75 0F 2E 3B 06 6F-0B 75 08 2E 83 3E 83 0B  ..u..;.o.u...>..
3670  00 74 E1 2E A3 6F 0B 2E-A1 83 0B 2E A3 6D 0B 58  .ta.#o..!...#m.X
3680  2E 80 0E 43 1C 01 50 2E-A1 6D 0B E8 05 DE 2E 01  ...C..P.!m.h.^..
3690  06 6F 0B 2E C7 06 6D 0B-00 00 2E A1 6F 0B 2E 3B  .o..G.m....!o..;
36A0  06 3D 08 73 23 2E F6 06-43 1C 02 74 18 06 56 2E  .=.s#.v.C..t..V.
36B0  8B 36 41 1C 8E C6 2B C6-48 26 A3 03 00 2E 80 26  .6A..F+FH&#....&
36C0  43 1C FD 5E 07 58 F8 C3-BA 09 3E 0E 1F E8 85 02  C.}^.XxC:.>..h..
36D0  E9 DD D7 2E 8E 1E FB 07-2E 03 1E F9 07 8B 07 2E  i]W...{....y....
36E0  FF 36 F9 07 2E A3 F9 07-BB 75 0B 2E FF 1E F9 07  .6y..#y.;u....y.
36F0  2E 8F 06 F9 07 C3 2E C6-06 64 08 00 33 C0 5B F9  ...y.C.F.d..3@[y
3700  C3 2C 30 72 06 3C 09 77-02 F8 C3 F9 C3 53 33 DB  C,0r.<.w.xCyCS3[
3710  E8 EE FF 72 E1 93 53 BB-0A 00 F7 E3 5B 02 C3 80  hn.ra.S;..wc[.C.
3720  D4 00 72 D2 93 E8 E2 F8-72 2F 3C 20 74 21 3C 2C  T.rR.hbxr/< t!<,
3730  74 1D 3C 09 74 19 2E 3A-06 64 08 74 12 3C 2F 90  t.<.t..:.d.t.</.
3740  90 74 0C 3C 0A 74 08 3C-0D 74 04 0A C0 75 C1 2E  .t.<.t.<.t..@uA.
3750  FF 06 61 0B 2E FF 0E 65-0B 8B C3 0B C0 5B C3 E8  ..a....e..C.@[Ch
3760  A8 F8 72 19 3C 2C 74 07-E8 93 FE 74 F2 EB 0E E8  (xr.<,t.h.~trk.h
3770  98 F8 72 09 3C 2C 74 05-E8 83 FE 74 F2 C3 57 50  .xr.<,t.h.~trCWP
3780  52 33 C9 33 D2 B8 00 02-E8 31 01 72 4C 06 56 0E  R3I3R8..h1.rL.V.
3790  07 BF 40 3A B9 08 00 F3-A6 5E 07 75 3C 83 C6 12  .?@:9..s&^.u<.F.
37A0  80 3C 01 75 34 46 8B 14-8B 4C 02 B8 00 04 E8 0B  .<.u4F...L.8..h.
37B0  01 72 26 8B 0C 83 F9 48-77 1F 46 46 5A 58 5F 3B  .r&...yHw.FFZX_;
37C0  44 02 75 0A 83 FA 00 74-15 3B 54 04 74 13 03 34  D.u..z.t.;T.t..4
37D0  46 46 E2 EB B9 FF FF F9-C3 5E 59 5F EB F9 8B 54  FFbk9..yC^Y_ky.T
37E0  04 2E 89 16 48 3A 8B 54-0A 8B 4C 0C B8 00 02 E8  ....H:.T..L.8..h
37F0  CA 00 72 E3 8B 0C 46 46-57 51 56 8A 44 02 E8 8D  J.rc..FFWQV.D.h.
3800  00 72 7A 8B 54 04 8B 4C-06 B8 00 42 F9 CD 21 72  .rz.T..L.8.ByM!r
3810  C8 BA 00 02 B9 14 00 B4-3F F9 CD 21 72 BB 3B C1  H:..9..4?yM!r;;A
3820  75 B7 8B 54 04 8B 4C 06-B8 00 42 F9 CD 21 72 A9  u7.T..L.8.ByM!r)
3830  56 BE 08 02 8B 0C 5E BA-00 02 83 C1 0A B4 3F F9  V>....^:...A.4?y
3840  CD 21 72 95 3B C1 75 91-8A 44 02 BE 08 02 8B 0C  M!r.;Au..D.>....
3850  41 41 81 F9 F8 05 77 81-3C 01 75 12 26 FF 75 18  AA.yx.w.<.u.&.u.
3860  26 FF 75 1A 57 50 2E A1-48 3A 89 44 04 58 F3 A4  &.u.WP.!H:.D.Xs$
3870  3C 01 75 09 5F 26 8F 45-1A 26 8F 45 18 5E 59 5F  <.u._&.E.&.E.^Y_
3880  03 34 46 46 49 83 F9 00-74 03 E9 6B FF C3 51 83  .4FFI.y.t.ik.CQ.
3890  C7 4A 26 8B 0D 47 47 26-38 05 74 13 26 80 3D 01  GJ&..GG&8.t.&.=.
38A0  74 05 83 C7 05 EB 03 83-C7 29 E2 EB F9 EB 0B 3C  t..G.k..G)bkyk.<
38B0  01 75 03 47 EB 04 26 C4-7D 01 59 C3 50 B8 00 42  .u.Gk.&D}.YCP8.B
38C0  F9 CD 21 59 72 09 33 D2-33 F6 B4 3F F9 CD 21 C3  yM!Yr.3R3v4?yM!C
38D0  56 1E 06 1F 07 E8 31 00-72 06 8A 04 46 46 EB 06  V....h1.r...FFk.
38E0  B4 19 CD 21 04 41 2E A2-FD 39 BF 00 3A 8A 04 3C  4.M!.A."}9?.:..<
38F0  5C 74 09 2E 3A 06 2F 00-74 02 EB 01 4F E8 1F 00  \t..:./.t.k.Oh..
3900  BF FD 39 1E 06 1F 07 5E-C3 50 80 3C 41 72 0D 80  ?}9....^CP.<Ar..
3910  3C 5A 77 08 80 7C 01 3A-75 02 EB 01 F9 58 C3 A4  <Zw..|.:u.k.yXC$
3920  80 7C FF 00 75 F9 C3 0E-07 8B F2 BA 73 3D BB 30  .|..uyC...r:s=;0
3930  3D 0E 1F E8 1F 00 26 8A-14 0A D2 74 07 B4 02 CD  =..h..&...Rt.4.M
3940  21 46 EB F2 8B D3 E8 0C-00 2E 80 3E 60 0B 01 74  !Fkr.Sh....>`..t
3950  03 E8 DC F6 C3 B4 09 CD-21 C3 E8 1C 00 73 07 BA  .h\vC4.M!Ch..s.:
3960  E1 39 E8 14 00 C3 8B D8-33 C0 B4 44 CD 21 F6 C2  a9h..C.X3@4DM!vB
3970  80 75 F2 B4 3E CD 21 EB-E6 B4 3D F9 CD 21 C3 B0  .ur4>M!kf4=yM!C0




41C0  54 2E 03 6E 00 18 D9 D8-E0 48 60 BB 1A 7C 14 A8  T..n..YX`H`;.|.(
41D0  11 C0 88 7C 14 EB 13 0C-09 A8 11 C0 88 BB 1A 7C  .@.|.k...(.@.;.|
41E0  14 A8 11 C0 88 7C 14 EB-13 02 15 A8 11 C0 88 7C  .(.@.|.k...(.@.|
41F0  14 F8 54 00 00 00 8C 55-DA 02 02 58 60 C0 88 7C  .xT....UZ..X`@.|
4200  14 60 8C 24 00 00 00 6A-E0 74 60 93 56 60 8C 00  .`.$...j`t`.V`..
4210  00 07 06 9F 13 07 06 A8-11 40 61 91 00 00 00 D9  .......(.@a....Y
4220  0F A5 0B 46 02 F8 54 1A-3E DF 04 00 00 EE 5C 91  .%.F.xT.>_...n\.
4230  00 40 61 8E 60 F8 54 2B-1D A9 00 1C 41 46 02 39  .@a.`xT+.)..AF.9




4260  15 15 00 F8 54 4F 00 20-1B B6 01 F1 18 46 00 20  ...xTO. .6.q.F.
4270  1B 20 1B F8 54 0E D9 F8-54 F8 54 E2 60 DB 1A B6  . .xT.YxTxTb`[.6
4280  01 F8 54 02 61 03 00 B6-01 F1 18 46 00 BB 1A 91  .xT.a..6.q.F.;..
4290  00 A8 11 40 61 43 15 BB-1A 91 00 A8 11 40 61 91  .(.@aC.;...(.@a.
42A0  00 EB 13 BB 1A 91 00 A8-11 40 61 91 00 EB 13 00  .k.;...(.@a..k..
42B0  18 A8 11 40 61 91 00 F8-54 D0 D3 2C 41 06 02 26  .(.@a..xTPS,A..&
42C0  61 40 61 91 00 DB 39 00-00 04 DB 26 61 48 4D F2  a@a..[9...[&aHMr
