LAYOUT DATA SET CHECK SUMMARY
-----------------------------

   0 MISMATCHES FROM    0 CONNECTIONS IN INITIAL DATA

INITIAL DATA SET CHECK SUMMARY
------------------------------

MISMATCHED TREES:

> IO5   1 IO4   1 IO6  17 IO8  17 IO7  17 IO9  17 IO3   1 IO1  37 IO2   4 

> IO5   2 IO4   2 IO3   2 IO1  36 IO7   1 IO9   1 IO6   1 IO8   1 

> IO5   3 IO4   3 IO3   3 IO1  35 IO7   2 IO9   2 IO6   2 IO8   2 

> IO5   4 IO4   4 IO3   4 IO1  34 IO7   3 IO9   3 IO6   3 IO8   3 

> IO5   5 IO4   5 IO3   5 IO1  33 IO5   6 IO4   6 IO9   7 IO3   6 IO1  32 

  IO6   7 IO7   7 IO8   7 IO6   4 IO7   4 IO9   4 IO8   4 

> IO5   7 IO4   7 IO3   7 IO1  31 IO2   5 IO9   6 IO6   6 IO7   6 IO8   6 

> IO5   8 IO4   8 IO9   5 IO7   5 IO6   5 IO8   5 IO3   8 IO1  30 IO2   6 

> IO5   9 IO4   9 IO3   9 IO6  14 IO8  14 IO1  14 K1  23 IO2  19 

> IO5  10 IO4  10 IO3  10 IO6  13 IO8  13 IO1  15 K1  36 IO2  20 

> IO5  11 IO4  11 IO6  12 IO8  12 IO3  11 IO1  12 K1  24 IO2   1 

> IO5  12 IO4  12 IO7   9 IO9   9 IO6   9 IO8   9 IO12   8 IO13   8 IO11   7 

  IO15   7 IO14   7 IO17   7 IO16   7 IO3  12 IO10   8 IO19   7 IO18   7 

> IO5  24 IO4  24 IO3  24 IO12  16 IO13  16 IO11  14 IO8  18 IO15  14 IO6  18 

  IO14  14 IO9  18 IO17  14 IO19  14 IO18  14 IO10  16 IO7  18 IO16  14 

> IO5  13 IO4  13 IO3  13 IO1   8 K1  35 IO2  40 

> IO5  14 IO4  14 IO7  14 IO9  14 IO3  14 IO6  11 IO8  11 IO1   7 K1  25 

  IO2  39 

> IO5  15 IO4  15 IO7  13 IO9  13 IO3  15 IO1   9 K1  34 IO2  38 

> IO5  16 IO4  16 IO7  12 IO9  12 IO3  16 IO1  10 K1  26 IO2   3 

> IO5  17 IO4  17 IO7  11 IO9  11 IO3  17 IO1  13 K1  33 IO2   2 

> IO5  19 IO4  19 IO3  19 IO1  40 

> IO5  20 IO4  20 IO3  20 

> IO5  21 IO4  21 IO3  21 

> IO5  22 IO4  22 IO9  15 IO6  15 IO8  15 IO7  15 IO3  22 IO1  39 

> IO5  23 IO4  23 IO6  16 IO8  16 IO7  16 IO9  16 IO3  23 IO1  38 

> IO7  10 IO9  10 IO6  10 IO8  10 IO1  22 

> IO1  16 IO2  23 K1   7 

> IO2  35 IO1  21 

> IO2  36 IO1  20 K1   6 

> IO2  37 IO1  27 

> IO2  25 IO1   6 K1  50 

> IO1   1 K1  17 

> IO1   2 K1  41 

> IO1   3 K1  18 

> IO1   4 K1  40 

> IO1   5 K1  19 

> K1  52 IO1  17 

> IO1  18 K1   4 

 188 MISMATCHES FROM  188 CONNECTIONS IN LAYOUT DATA

END OF CONNECTION CHECKING

