$D $A 9 $7B $44 $65 $66 $69 $6E $69 $63 $65 
$20 $66 $6F $6E $74 $96 $20 $44 $52 $41 $46 $54 
$20 $2D $20 $74 $69 $73 $6B $A0 $72 $6E $61 $20 
$39 $20 $6A $65 $68 $65 $6C $2C $20 $7A $6E $61 
$6B $79 $20 $6B $A2 $64 $75 $20 $4B $61 $6D $65 
$6E $69 $63 $6B $98 $63 $68 $7D $D $A $D $A 
$D $A $21 $20 $26 $20 $30 $20 $31 $32 $38 $20 
$31 $37 $35 9 9 9 $3B $20 $62 $75 $64 $6F 
$75 $20 $73 $65 $20 $64 $65 $66 $69 $6E $6F $76 
$61 $74 $20 $7A $6E $61 $6B $79 $20 $31 $32 $38 
$20 $28 $3D $80 $29 $20 $61 $91 $20 $31 $37 $35 
$20 $28 $3D $AF $29 $D $A $D $A $24 $38 $39 
$20 $24 $31 $65 $20 $24 $32 $31 $20 $24 $38 $30 
$20 $24 $32 $31 $20 $24 $34 $30 $20 $24 $32 $31 
$20 $24 $38 $30 $20 $24 $32 $31 $20 $24 $31 $32 
$20 $30 $20 $30 9 $3B $20 $31 $32 $38 9 $22 
$80 $22 $D $A $24 $39 $61 $20 $30 $20 $24 $31 
$65 $20 $24 $34 $31 $20 $30 $20 $31 $20 $30 $20 
$31 $20 $24 $34 $30 $20 $24 $31 $65 $20 $31 $20 
$30 9 9 $3B $20 $31 $32 $39 9 $22 $81 $22 
$D $A $24 $38 $39 $20 $24 $65 $20 $24 $31 $31 
$20 $34 $20 $24 $31 $31 $20 $24 $34 $34 $20 $24 
$39 $31 $20 $34 $20 $24 $31 $31 $20 $24 $63 $20 
$30 $20 $30 9 9 $3B $20 $31 $33 $30 9 $22 
$82 $22 $D $A $24 $38 $62 $20 $24 $65 $20 $24 
$31 $31 $20 $30 $20 $24 $31 $31 $20 $30 $20 $24 
$31 $31 $20 $30 $20 $24 $66 $66 $20 $30 $20 $24 
$34 $30 $20 $24 $38 $30 9 9 $3B $20 $31 $33 
$31 9 $22 $83 $22 $D $A $24 $38 $39 $20 $32 
$20 $35 $20 $24 $35 $30 $20 $35 $20 $24 $31 $30 
$20 $35 $20 $24 $35 $30 $20 $24 $65 $20 $31 $20 
$30 $20 $30 9 9 $3B $20 $31 $33 $32 9 $22 
$84 $22 $D $A $24 $38 $39 $20 $24 $32 $31 $20 
$24 $31 $65 $20 $24 $61 $31 $20 $30 $20 $24 $36 
$31 $20 $30 $20 $24 $61 $31 $20 $30 $20 $24 $31 
$65 $20 $30 $20 $30 9 9 $3B $20 $31 $33 $33 
9 $22 $85 $22 $D $A $24 $38 $39 $20 $24 $32 
$30 $20 $30 $20 $24 $61 $30 $20 $30 $20 $24 $37 
$66 $20 $30 $20 $24 $61 $30 $20 $30 $20 $24 $32 
$30 $20 $30 $20 $30 9 9 $3B $20 $31 $33 $34 
9 $22 $86 $22 $D $A $24 $39 $39 $20 $30 $20 
$24 $65 $20 $24 $31 $31 $20 $24 $38 $30 $20 $24 
$31 $31 $20 $24 $34 $30 $20 $24 $31 $31 $20 $24 
$38 $30 $20 $24 $31 $31 $20 $30 $20 $30 9 $3B 
$20 $31 $33 $35 9 $22 $87 $22 $D $A $24 $38 
$39 $20 $24 $65 $20 $24 $31 $31 $20 $24 $38 $34 
$20 $24 $31 $31 $20 $24 $34 $34 $20 $24 $31 $31 
$20 $24 $38 $34 $20 $24 $31 $31 $20 $24 $63 $20 
$30 $20 $30 9 $3B $20 $31 $33 $36 9 $22 $88 
$22 $D $A $24 $38 $39 $20 $24 $33 $66 $20 $30 
$20 $24 $61 $39 $20 $30 $20 $24 $36 $39 $20 $30 
$20 $24 $61 $39 $20 $30 $20 $24 $32 $31 $20 $30 
$20 $30 9 9 $3B $20 $31 $33 $37 9 $22 $89 
$22 $D $A $24 $61 $39 $20 $30 $20 $30 $20 $24 
$37 $66 $20 $30 $20 $31 $20 $24 $34 $30 $20 $24 
$38 $31 $20 $30 $20 $31 $20 $30 $20 $30 9 9 
9 $3B $20 $31 $33 $38 9 $22 $8A $22 $D $A 
$24 $61 $37 $20 $30 $20 $30 $20 $24 $32 $31 $20 
$30 $20 $24 $33 $66 $20 $24 $34 $30 $20 $24 $61 
$31 $20 $30 $20 $30 $20 $30 $20 $30 9 9 $3B 
$20 $31 $33 $39 9 $22 $8B $22 $D $A $24 $61 
$62 $20 $30 $20 $30 $20 $24 $34 $31 $20 $30 $20 
$24 $37 $66 $20 $30 $20 $24 $38 $31 $20 $30 $20 
$24 $34 $30 $20 $30 $20 $24 $38 $30 9 9 $3B 
$20 $31 $34 $30 9 $22 $8C $22 $D $A $24 $61 
$39 $20 $30 $20 $30 $20 $24 $34 $31 $20 $30 $20 
$24 $37 $66 $20 $30 $20 $31 $20 $24 $34 $30 $20 
$24 $38 $30 $20 $30 $20 $30 9 9 $3B $20 $31 
$34 $31 9 $22 $8D $22 $D $A $24 $38 $39 $20 
$24 $66 $20 $24 $39 $30 $20 $24 $32 $34 $20 $24 
$34 $30 $20 $34 $20 $24 $34 $30 $20 $24 $32 $34 
$20 $24 $39 $30 $20 $24 $66 $20 $30 $20 $30 9 
9 $3B $20 $31 $34 $32 9 $22 $8E $22 $D $A 
$24 $38 $39 $20 $24 $66 $20 $24 $31 $30 $20 $24 
$32 $34 $20 $24 $34 $30 $20 $34 $20 $24 $34 $30 
$20 $24 $32 $34 $20 $24 $35 $30 $20 $24 $38 $66 
$20 $30 $20 $30 9 $3B $20 $31 $34 $33 9 $22 
$8F $22 $D $A $24 $38 $39 $20 $24 $33 $66 $20 
$30 $20 $24 $32 $39 $20 $30 $20 $24 $36 $39 $20 
$24 $38 $30 $20 $24 $32 $39 $20 $30 $20 $24 $32 
$31 $20 $30 $20 $30 9 9 $3B $20 $31 $34 $34 
9 $22 $90 $22 $D $A $24 $39 $38 $20 $30 $20 
$24 $31 $31 $20 $24 $38 $32 $20 $24 $31 $31 $20 
$24 $34 $34 $20 $24 $31 $31 $20 $24 $38 $38 $20 
$24 $31 $31 $20 $30 $20 $30 $20 $30 9 9 $3B 
$20 $31 $34 $35 9 $22 $91 $22 $D $A $24 $38 
$39 $20 $24 $32 $31 $20 $32 $20 $24 $61 $31 $20 
$34 $20 $24 $36 $31 $20 $38 $20 $24 $61 $31 $20 
$24 $31 $30 $20 $24 $32 $31 $20 $30 $20 $30 9 
9 $3B $20 $31 $34 $36 9 $22 $92 $22 $D $A 
$24 $38 $39 $20 $24 $65 $20 $24 $31 $31 $20 $24 
$34 $30 $20 $24 $39 $31 $20 $30 $20 $24 $39 $31 
$20 $24 $34 $30 $20 $24 $31 $31 $20 $24 $65 $20 
$30 $20 $30 9 9 $3B $20 $31 $34 $37 9 $22 
$93 $22 $D $A $24 $38 $39 $20 $24 $65 $20 $24 
$31 $31 $20 $24 $34 $30 $20 $24 $31 $31 $20 $30 
$20 $24 $31 $31 $20 $24 $34 $30 $20 $24 $31 $31 
$20 $24 $65 $20 $30 $20 $30 9 9 $3B $20 $31 
$34 $38 9 $22 $94 $22 $D $A $24 $38 $39 $20 
$24 $31 $65 $20 $24 $32 $31 $20 $30 $20 $24 $32 
$31 $20 $24 $34 $30 $20 $24 $61 $31 $20 $30 $20 
$24 $32 $31 $20 $24 $31 $65 $20 $30 $20 $30 9 
9 $3B $20 $31 $34 $39 9 $22 $95 $22 $D $A 
$24 $39 $61 $20 $30 $20 $24 $31 $65 $20 $31 $20 
$24 $34 $30 $20 $24 $61 $31 $20 $30 $20 $24 $61 
$31 $20 $24 $34 $30 $20 $24 $31 $65 $20 $31 $20 
$30 9 9 $3B $20 $31 $35 $30 9 $22 $96 $22 
$D $A $24 $38 $39 $20 $24 $33 $65 $20 $31 $20 
$30 $20 $31 $20 $24 $34 $30 $20 $24 $38 $31 $20 
$30 $20 $31 $20 $24 $33 $65 $20 $30 $20 $30 9 
9 $3B $20 $31 $35 $31 9 $22 $97 $22 $D $A 
$39 $20 $30 $20 $24 $32 $30 $20 $24 $31 $30 $20 
$39 $20 $24 $34 $32 $20 $24 $38 $34 $20 $38 $20 
$24 $31 $30 $20 $24 $32 $30 $20 $30 $20 $30 9 
9 $3B $20 $31 $35 $32 9 $22 $98 $22 $D $A 
$24 $38 $39 $20 $24 $31 $65 $20 $24 $61 $31 $20 
$30 $20 $24 $32 $31 $20 $30 $20 $24 $32 $31 $20 
$30 $20 $24 $61 $31 $20 $24 $31 $65 $20 $30 $20 
$30 9 9 $3B $20 $31 $35 $33 9 $22 $99 $22 
$D $A $24 $38 $39 $20 $24 $33 $65 $20 $24 $38 
$31 $20 $30 $20 $31 $20 $30 $20 $31 $20 $30 $20 
$24 $38 $31 $20 $24 $33 $65 $20 $30 $20 $30 9 
9 $3B $20 $31 $35 $34 9 $22 $9A $22 $D $A 
$24 $38 $39 $20 $24 $31 $32 $20 $24 $32 $39 $20 
$24 $38 $30 $20 $24 $32 $39 $20 $24 $34 $30 $20 
$24 $32 $35 $20 $24 $38 $30 $20 $24 $32 $35 $20 
$24 $31 $32 $20 $30 $20 $30 9 $3B $20 $31 $35 
$35 9 $22 $9B $22 $D $A $24 $61 $39 $20 $30 
$20 $30 $20 $24 $33 $66 $20 $30 $20 $24 $38 $31 
$20 $30 $20 $24 $34 $31 $20 $30 $20 $24 $38 $31 
$20 $30 $20 $30 9 9 $3B $20 $31 $35 $36 9 
$22 $9C $22 $D $A $24 $38 $39 $20 $24 $34 $30 
$20 $24 $32 $30 $20 $24 $31 $30 $20 $38 $20 $24 
$34 $37 $20 $24 $38 $38 $20 $24 $31 $30 $20 $24 
$32 $30 $20 $24 $34 $30 $20 $30 $20 $30 9 $3B 
$20 $31 $35 $37 9 $22 $9D $22 $D $A $24 $38 
$39 $20 $24 $33 $66 $20 $30 $20 $24 $61 $34 $20 
$30 $20 $24 $36 $34 $20 $30 $20 $24 $61 $34 $20 
$32 $20 $24 $31 $39 $20 $30 $20 $30 9 9 $3B 
$20 $31 $35 $38 9 $22 $9E $22 $D $A $24 $39 
$39 $20 $30 $20 $24 $31 $30 $20 $30 $20 $24 $37 
$65 $20 $31 $20 $24 $31 $30 $20 $24 $38 $31 $20 
$24 $34 $32 $20 $24 $38 $30 $20 $30 $20 $30 9 
9 $3B $20 $31 $35 $39 9 $22 $9F $22 $D $A 
$24 $38 $39 $20 $32 $20 $35 $20 $24 $31 $30 $20 
$35 $20 $24 $35 $30 $20 $24 $38 $35 $20 $24 $31 
$30 $20 $24 $65 $20 $31 $20 $30 $20 $30 9 9 
$3B $20 $31 $36 $30 9 $22 $A0 $22 $D $A $24 
$61 $37 $20 $30 $20 $30 $20 $24 $31 $31 $20 $30 
$20 $24 $35 $66 $20 $24 $38 $30 $20 $31 $20 $30 
$20 $30 $20 $30 $20 $30 9 9 9 $3B $20 $31 
$36 $31 9 $22 $A1 $22 $D $A $24 $38 $39 $20 
$24 $65 $20 $24 $31 $31 $20 $30 $20 $24 $31 $31 
$20 $24 $34 $30 $20 $24 $39 $31 $20 $30 $20 $24 
$31 $31 $20 $24 $65 $20 $30 $20 $30 9 9 $3B 
$20 $31 $36 $32 9 $22 $A2 $22 $D $A $24 $39 
$61 $20 $30 $20 $24 $31 $65 $20 $31 $20 $30 $20 
$31 $20 $24 $34 $30 $20 $24 $38 $31 $20 $30 $20 
$24 $31 $65 $20 $31 $20 $30 9 9 $3B $20 $31 
$36 $33 9 $22 $A3 $22 $D $A $24 $38 $39 $20 
$24 $31 $30 $20 $24 $66 $20 $24 $38 $30 $20 $24 
$31 $30 $20 $24 $34 $30 $20 $24 $31 $30 $20 $24 
$38 $30 $20 $24 $31 $30 $20 $24 $66 $20 $30 $20 
$30 9 $3B $20 $31 $36 $34 9 $22 $A4 $22 $D 
$A $24 $38 $39 $20 $24 $33 $66 $20 $30 $20 $24 
$39 $30 $20 $38 $20 $24 $34 $30 $20 $34 $20 $24 
$38 $32 $20 $30 $20 $24 $33 $66 $20 $30 $20 $30 
9 9 $3B $20 $31 $36 $35 9 $22 $A5 $22 $D 
$A $24 $38 $39 $20 $24 $33 $65 $20 $31 $20 $24 
$34 $30 $20 $24 $61 $31 $20 $30 $20 $24 $61 $31 
$20 $24 $34 $30 $20 $31 $20 $24 $33 $65 $20 $30 
$20 $30 9 9 $3B $20 $31 $36 $36 9 $22 $A6 
$22 $D $A $24 $38 $39 $20 $24 $31 $65 $20 $24 
$32 $31 $20 $24 $38 $30 $20 $24 $32 $31 $20 $24 
$38 $30 $20 $24 $32 $31 $20 $24 $38 $30 $20 $24 
$32 $31 $20 $24 $31 $65 $20 $30 $20 $30 9 $3B 
$20 $31 $36 $37 9 $22 $A7 $22 $D $A $24 $38 
$39 $20 $38 $20 $24 $31 $35 $20 $24 $38 $30 $20 
$24 $31 $35 $20 $24 $34 $30 $20 $24 $31 $35 $20 
$24 $38 $30 $20 $24 $31 $35 $20 $32 $20 $30 $20 
$30 9 9 $3B $20 $31 $36 $38 9 $22 $A8 $22 
$D $A $24 $38 $39 $20 $30 $20 $24 $31 $66 $20 
$24 $38 $30 $20 $38 $20 $24 $34 $30 $20 $24 $31 
$30 $20 $24 $38 $30 $20 $24 $31 $30 $20 $38 $20 
$30 $20 $30 9 9 $3B $20 $31 $36 $39 9 $22 
$A9 $22 $D $A $24 $38 $39 $20 $30 $20 $24 $31 
$66 $20 $30 $20 $38 $20 $24 $34 $30 $20 $24 $39 
$30 $20 $30 $20 $24 $31 $30 $20 $38 $20 $30 $20 
$30 9 9 $3B $20 $31 $37 $30 9 $22 $AA $22 
$D $A $24 $38 $39 $20 $24 $33 $66 $20 $30 $20 
$24 $32 $34 $20 $30 $20 $24 $36 $34 $20 $24 $38 
$30 $20 $24 $32 $34 $20 $32 $20 $24 $31 $39 $20 
$30 $20 $30 9 9 $3B $20 $31 $37 $31 9 $22 
$AB $22 $D $A $24 $38 $61 $20 $24 $65 $30 $20 
$34 $20 $38 $20 $24 $31 $30 $20 $24 $32 $30 $20 
$24 $34 $36 $20 $24 $38 $38 $20 $32 $20 $24 $31 
$64 $20 $32 $20 $30 9 9 $3B $20 $31 $37 $32 
9 $22 $AC $22 $D $A $24 $61 $39 $20 $30 $20 
$30 $20 $24 $35 $38 $20 $24 $61 $35 $20 $30 $20 
$24 $61 $35 $20 $30 $20 $24 $61 $35 $20 $24 $31 
$61 $20 $30 $20 $30 9 9 $3B $20 $31 $37 $33 
9 $22 $AD $22 $D $A $24 $39 $39 $20 $30 $20 
$38 $20 $24 $31 $34 $20 $24 $32 $32 $20 $24 $34 
$31 $20 $38 $20 $24 $31 $34 $20 $24 $32 $32 $20 
$24 $34 $31 $20 $30 $20 $30 9 9 $3B $20 $31 
$37 $34 9 $22 $AE $22 $D $A $24 $39 $39 $20 
$30 $20 $24 $34 $31 $20 $24 $32 $32 $20 $24 $31 
$34 $20 $38 $20 $24 $34 $31 $20 $24 $32 $32 $20 
$24 $31 $34 $20 $38 $20 $30 $20 $30 9 9 $3B 
$20 $31 $37 $35 9 $22 $AF $22 $D $A 