$D $A $20 $20 $20 $20 $20 $7B $20 $44 $65 $66 
$69 $6E $69 $63 $65 $20 $87 $65 $73 $6B $98 $63 
$68 $20 $66 $6F $6E $74 $96 $20 $70 $72 $6F $20 
$74 $69 $73 $6B $A0 $72 $6E $75 $20 $4D $61 $6E 
$6E $65 $73 $6D $61 $6E $6E $20 $54 $41 $4C $4C 
$59 $7D $D $A $D $A $D $A $21 $20 $40 9 
9 9 9 $3B $20 $69 $6E $69 $63 $69 $61 $6C 
$69 $7A $61 $63 $65 $20 $74 $69 $73 $6B $A0 $72 
$6E $79 $D $A $21 $20 $78 $20 $30 9 9 9 
9 $3B $20 $6E $61 $73 $74 $61 $76 $65 $6E $A1 
$20 $74 $69 $73 $6B $6F $76 $82 $68 $6F $20 $6D 
$A2 $64 $75 $20 $44 $52 $41 $46 $54 $D $A $21 
$20 $25 $20 $31 9 9 9 9 $3B $20 $76 $6F 
$6C $62 $61 $20 $44 $4F $57 $4E $4C $4F $41 $44 
$20 $7A $6E $61 $6B $96 $D $A $21 $20 $22 $36 
$22 9 9 9 9 $3B $20 $70 $6F $76 $6F $6C 
$65 $6E $A1 $20 $74 $69 $73 $6B $75 $20 $7A $6E 
$61 $6B $96 $20 $31 $32 $38 $20 $61 $91 $20 $31 
$35 $39 $D $A $21 $20 $3A $20 $30 $20 $30 $20 
$30 9 9 9 $3B $20 $6B $6F $70 $A1 $72 $6F 
$76 $A0 $6E $A1 $20 $73 $61 $64 $79 $20 $7A $6E 
$61 $6B $96 $20 $30 $20 $64 $6F $20 $44 $4F $57 
$4E $4C $4F $41 $44 $20 $52 $41 $4D $D $A $D 
$A $23 $20 $39 $5F $7A $61 $6B $6C $2E $64 $77 
$6E 9 9 9 $3B $20 $7A $A0 $6B $6C $61 $64 
$6E $A1 $20 $73 $61 $64 $61 $20 $7A $6E $61 $6B 
$96 $D $A $23 $20 $39 $5F $6B $61 $6D $2E $64 
$77 $6E 9 9 9 $3B $20 $64 $65 $66 $69 $6E 
$69 $63 $65 $20 $7A $6E $61 $6B $96 $20 $6B $A2 
$64 $75 $20 $4B $61 $6D $65 $6E $69 $63 $6B $98 
$63 $68 $D $A $23 $20 $39 $5F $67 $72 $61 $66 
$2E $64 $77 $6E 9 9 9 $3B $20 $64 $65 $66 
$69 $6E $69 $63 $65 $20 $67 $72 $61 $66 $69 $63 
$6B $98 $63 $68 $20 $7A $6E $61 $6B $96 $D $A 
$23 $20 $39 $5F $67 $72 $65 $63 $2E $64 $77 $6E 
9 9 9 $3B $20 $64 $65 $66 $69 $6E $69 $63 
$65 $20 $A9 $65 $63 $6B $98 $63 $68 $20 $70 $A1 
$73 $6D $65 $6E $D $A 