CONTEXT   0 241   0   3  72



6008:cd 6b 06           call    66bh
600b:cd ef 34           call    34efh
600e:ef                 rst     28h
600f:c9                 ret     
; ......................................................
6010:21 6c 61           ld      hl,616ch
6013:11 00 8a           ld      de,8a00h
6016:01 08 00           ld      bc,8
6019:ed b0              ldir    
601b:c9                 ret     
; ......................................................
601c:21 21 fc           ld      hl,0fc21h
601f:06 3c              ld      b,3ch
6021:d5                 push    de
6022:1e 00              ld      e,0
6024:ed 53 48 60        ld      (6048h),de
6028:cb 76              bit     6,(hl)
602a:28 30              jr      z,605ch
602c:cb 6e              bit     5,(hl)
602e:20 2c              jr      nz,605ch
6030:cb 56              bit     2,(hl)
6032:20 28              jr      nz,605ch
6034:c5                 push    bc
6035:e5                 push    hl
6036:d5                 push    de
6037:11 e0 fb           ld      de,0fbe0h
603a:a7                 and     a
603b:ed 52              sbc     hl,de
603d:7d                 ld      a,l
603e:32 4e 60           ld      (604eh),a
6041:0e 80              ld      c,80h
6043:d7                 rst     10h
6044:08                 ex      af,af'
6045:0b                 dec     bc
6046:37                 scf     
6047:13                 inc     de
6048:00                 nop     
6049:00                 nop     
604a:0f                 rrca    
604b:5c                 ld      e,h
604c:01 00 00           ld      bc,0
604f:50                 ld      d,b
6050:61                 ld      h,c
6051:cd e2 5f           call    5fe2h
6054:20 14              jr      nz,606ah
6056:cd e8 5f           call    5fe8h
6059:d1                 pop     de
605a:e1                 pop     hl
605b:c1                 pop     bc
605c:23                 inc     hl
605d:10 c5              djnz    6024h
605f:d1                 pop     de
6060:7b                 ld      a,e
6061:a7                 and     a
6062:c8                 ret     z
6063:d7                 rst     10h
6064:03                 inc     bc
6065:03                 inc     bc
6066:03                 inc     bc
6067:0a                 ld      a,(bc)
6068:00                 nop     
6069:c9                 ret     
; ......................................................
606a:0d                 dec     c
606b:20 0e              jr      nz,607bh
606d:dd 21 43 60        ld      ix,6043h
6071:3a 00 8a           ld      a,(8a00h)
6074:cb ff              set     7,a
6076:cd 84 5f           call    5f84h
6079:18 de              jr      6059h
; ......................................................
607b:cd e8 5f           call    5fe8h
607e:18 c3              jr      6043h
; ......................................................
6080:3a df fc           ld      a,(0fcdfh)
6083:a7                 and     a
6084:c2 47 5d           jp      nz,5d47h
6087:3a 00 f6           ld      a,(0f600h)
608a:21 09 f8           ld      hl,0f809h
608d:06 05              ld      b,5
608f:11 ca 00           ld      de,0cah
6092:b6                 or      (hl)
6093:19                 add     hl,de
6094:10 fc              djnz    6092h
6096:20 ec              jr      nz,6084h
6098:c9                 ret     
; ......................................................
6099:22 be 60           ld      (60beh),hl
609c:ed 43 c0 60        ld      (60c0h),bc
60a0:32 bd 60           ld      (60bdh),a
60a3:3e 01              ld      a,1
60a5:32 c2 60           ld      (60c2h),a
60a8:21 4d fc           ld      hl,0fc4dh
60ab:06 08              ld      b,8
60ad:11 10 00           ld      de,10h
60b0:19                 add     hl,de
60b1:cb 7e              bit     7,(hl)
60b3:28 18              jr      z,60cdh
60b5:0e 28              ld      c,28h
60b7:d7                 rst     10h
60b8:08                 ex      af,af'
60b9:0b                 dec     bc
60ba:37                 scf     
60bb:13                 inc     de
60bc:01 00 00           ld      bc,0
60bf:00                 nop     
60c0:00                 nop     
60c1:00                 nop     
60c2:00                 nop     
60c3:50                 ld      d,b
60c4:61                 ld      h,c
60c5:cd e2 5f           call    5fe2h
60c8:20 0c              jr      nz,60d6h
60ca:cd e8 5f           call    5fe8h
60cd:e5                 push    hl
60ce:21 c2 60           ld      hl,60c2h
60d1:34                 inc     (hl)
60d2:e1                 pop     hl
60d3:10 d8              djnz    60adh
60d5:c9                 ret     
; ......................................................
60d6:0d                 dec     c
60d7:20 0e              jr      nz,60e7h
60d9:dd 21 b7 60        ld      ix,60b7h
60dd:3a c2 60           ld      a,(60c2h)
60e0:cb ff              set     7,a
60e2:cd 84 5f           call    5f84h
60e5:18 e6              jr      60cdh
; ......................................................
60e7:cd e8 5f           call    5fe8h
60ea:18 cb              jr      60b7h
; ......................................................
60ec:                   db   17h,11h,21h,24h,24h,25h,26h,22h,22h,22h,23h
60f7:                   db   22h,22h,25h,25h,25h,25h,21h,21h,25h,25h,25h
6102:                   db   23h,23h,17h,26h,26h,26h,26h,26h,26h,21h,27h
610d:                   db   11h,11h,11h,21h,23h,11h,27h,26h,25h,0,0,0,0
611a:                   db   0,0,28h,8ah,0d4h,0,6,0,9bh,0dah,0,6,0,9ah,0ceh
6129:                   db   0,6,0,8bh,0e6h,0,3,0,72h,0,0,0,60h,8ah,0e0h
6138:                   db   0,6,7,62h,0,0,0,0,0,0,0,0,0,0,0,0,0,0,0,0,0
614d:                   db   0,0ffh,0,0,0,0,0,0,0,0,0,32h,31h,36h,0,0,0
615e:                   db   0,0,0,0,0,0,0,0,0,0,0,0,0,0,0,0,0,0,0,0,0,0
6174:                   db   0,0,0f0h,0,1,0,0,0f1h,0,1,0,0,0f2h,0,1,0,0
6185:                   db   0f3h,0,1,0,0,0f4h,0,1,0,0,0eeh,0,2,0,0,17h
6195:                   db   1,1,0,0,0,2,0ah,0,2,80h,1,8ah,0bch,0,0ddh,0
61a5:                   db   98h,0,0,0ffh,1,82h,0d4h,0,73h,0,81h,0,8bh,0fh
61b3:                   db   1,1,0f1h,0a9h,0cbh,0,3,2ch,0edh,18h,0,3,0ffh
61c0:                   db   0,89h,20h,0d1h,0,89h,20h,2bh,1,88h,20h,0,1
61cd:                   db   88h,20h,0f7h,0,88h,20h,0ah,1,93h,20h,0bh,1
61d9:                   db   93h,20h,0cah,0,9ah,20h,0c9h,0,9ah,20h,0c8h
61e4:                   db   0,86h,20h,2,1,93h,20h,0ch,1,93h,20h,0feh,0
61f1:                   db   93h,20h,0e8h,0,87h,1,6fh,0,83h,20h,0,0,0,0
61ff:                   db   0,0,0,0,0,0,0,0
6207:3a 02 8a           ld      a,(8a02h)
620a:3d                 dec     a
620b:20 03              jr      nz,6210h
620d:cd 69 5e           call    5e69h
6210:3a 4e 61           ld      a,(614eh)
6213:3d                 dec     a
6214:ca a6 62           jp      z,62a6h
6217:fe 18              cp      18h
6219:ca ad 64           jp      z,64adh
621c:d6 20              sub     20h
621e:28 08              jr      z,6228h
6220:d6 07              sub     7
6222:ca dc 64           jp      z,64dch
6225:c3 93 5c           jp      5c93h
; ......................................................
6228:21 00 8b           ld      hl,8b00h
622b:22 51 61           ld      (6151h),hl
622e:3a 02 8a           ld      a,(8a02h)
6231:3d                 dec     a
6232:28 66              jr      z,629ah
6234:3d                 dec     a
6235:20 ee              jr      nz,6225h
6237:3a 00 fc           ld      a,(0fc00h)
623a:6f                 ld      l,a
623b:3a 05 8a           ld      a,(8a05h)
623e:e6 0f              and     0fh
6240:f5                 push    af
6241:bd                 cp      l
6242:28 42              jr      z,6286h
6244:f1                 pop     af
6245:21 4d fc           ld      hl,0fc4dh
6248:11 10 00           ld      de,10h
624b:47                 ld      b,a
624c:4f                 ld      c,a
624d:19                 add     hl,de
624e:10 fd              djnz    624dh
6250:e5                 push    hl
6251:dd e1              pop     ix
6253:cb 7e              bit     7,(hl)
6255:20 05              jr      nz,625ch
6257:3e 0d              ld      a,0dh
6259:c3 3a 5c           jp      5c3ah
; ......................................................
625c:cb 76              bit     6,(hl)
625e:28 26              jr      z,6286h
6260:f3                 di      
6261:21 00 39           ld      hl,3900h
6264:7e                 ld      a,(hl)
6265:a7                 and     a
6266:c2 97 62           jp      nz,6297h
6269:71                 ld      (hl),c
626a:23                 inc     hl
626b:23                 inc     hl
626c:36 04              ld      (hl),4
626e:23                 inc     hl
626f:36 01              ld      (hl),1
6271:23                 inc     hl
6272:23                 inc     hl
6273:36 9d              ld      (hl),9dh
6275:dd cb 00 d6        set     2,(ix+0)
6279:d7                 rst     10h
627a:00                 nop     
627b:01 0f cd           db   1,0fh
627d:cd e8 5f           db   0cdh
627e:e8                 ret     pe
627f:5f                 ld      e,a
6280:dd cb 00 56        bit     2,(ix+0)
6284:20 f7              jr      nz,627dh
6286:3e 83              ld      a,83h
6288:21 01 00           ld      hl,1
628b:32 c6 5f           ld      (5fc6h),a
628e:22 c9 5f           ld      (5fc9h),hl
6291:cd ba 5f           call    5fbah
6294:c3 89 5c           jp      5c89h
; ......................................................
6297:fb                 ei      
6298:18 c6              jr      6260h
; ......................................................
629a:21 b0 61           ld      hl,61b0h
629d:cd 39 5f           call    5f39h
62a0:21 ab 61           ld      hl,61abh
62a3:c3 86 5c           jp      5c86h
; ......................................................
62a6:3a 02 8a           ld      a,(8a02h)
62a9:3d                 dec     a
62aa:ca 19 64           jp      z,6419h
62ad:3d                 dec     a
62ae:c2 93 5c           jp      nz,5c93h
62b1:3a 28 64           ld      a,(6428h)
62b4:a7                 and     a
62b5:ca 34 63           jp      z,6334h
62b8:3a 05 8a           ld      a,(8a05h)
62bb:21 29 64           ld      hl,6429h
62be:be                 cp      (hl)
62bf:c2 34 63           jp      nz,6334h
62c2:21 e0 fc           ld      hl,0fce0h
62c5:cb 66              bit     4,(hl)
62c7:28 09              jr      z,62d2h
62c9:cb ee              set     5,(hl)
62cb:cd dd 62           call    62ddh
62ce:cb 66              bit     4,(hl)
62d0:20 f9              jr      nz,62cbh
62d2:3a fb b3           ld      a,(0b3fbh)
62d5:a7                 and     a
62d6:28 0c              jr      z,62e4h
62d8:cd dd 62           call    62ddh
62db:18 f5              jr      62d2h
; ......................................................
62dd:d7                 rst     10h
62de:03                 inc     bc
62df:03                 inc     bc
62e0:03                 inc     bc
62e1:01 00 c9           ld      bc,0c900h
62e4:21 c5 5f           ld      hl,5fc5h
62e7:36 46              ld      (hl),46h
62e9:cd ba 5f           call    5fbah
62ec:3a c6 5f           ld      a,(5fc6h)
62ef:fe 83              cp      83h
62f1:28 0c              jr      z,62ffh
62f3:21 b5 61           ld      hl,61b5h
62f6:cd 39 5f           call    5f39h
62f9:21 ba 61           ld      hl,61bah
62fc:cd 39 5f           call    5f39h
62ff:d7                 rst     10h
6300:08                 ex      af,af'
6301:06 3c              ld      b,3ch
6303:00                 nop     
6304:08                 ex      af,af'
6305:50                 ld      d,b
6306:61                 ld      h,c
6307:01 21 c5           ld      bc,0c521h
630a:5f                 ld      e,a
630b:af                 xor     a
630c:32 28 64           ld      (6428h),a
630f:3a 50 61           ld      a,(6150h)
6312:a7                 and     a
6313:20 0e              jr      nz,6323h
6315:34                 inc     (hl)
6316:cd ba 5f           call    5fbah
6319:36 01              ld      (hl),1
631b:cd f5 5f           call    5ff5h
631e:3e 0e              ld      a,0eh
6320:c3 3a 5c           jp      5c3ah
; ......................................................
6323:f5                 push    af
6324:34                 inc     (hl)
6325:cd ba 5f           call    5fbah
6328:36 01              ld      (hl),1
632a:f1                 pop     af
632b:fe 53              cp      53h
632d:c2 e1 63           jp      nz,63e1h
6330:3e 0a              ld      a,0ah
6332:18 ec              jr      6320h
; ......................................................
6334:3c                 inc     a
6335:32 28 64           ld      (6428h),a
6338:fd 21 00 00        ld      iy,0
633c:21 1e 65           ld      hl,651eh
633f:06 20              ld      b,20h
6341:78                 ld      a,b
6342:77                 ld      (hl),a
6343:23                 inc     hl
6344:10 fc              djnz    6342h
6346:3a 05 8a           ld      a,(8a05h)
6349:32 29 64           ld      (6429h),a
634c:3a 02 fc           ld      a,(0fc02h)
634f:d6 18              sub     18h
6351:32 03 63           ld      (6303h),a
6354:32 69 63           ld      (6369h),a
6357:3a 05 8a           ld      a,(8a05h)
635a:d6 30              sub     30h
635c:ca c2 62           jp      z,62c2h
635f:2a 51 61           ld      hl,(6151h)
6362:22 6b 63           ld      (636bh),hl
6365:d7                 rst     10h
6366:08                 ex      af,af'
6367:0c                 inc     c
6368:3f                 ccf     
6369:00                 nop     
636a:02                 ld      (bc),a
636b:00                 nop     
636c:00                 nop     
636d:01 00 07           ld      bc,700h
6370:00                 nop     
6371:50                 ld      d,b
6372:61                 ld      h,c
6373:00                 nop     
6374:3a 50 61           ld      a,(6150h)
6377:a7                 and     a
6378:c2 e1 63           jp      nz,63e1h
637b:11 11 65           ld      de,6511h
637e:cd 93 63           call    6393h
6381:11 14 65           ld      de,6514h
6384:cd 93 63           call    6393h
6387:11 17 65           ld      de,6517h
638a:01 00 00           ld      bc,0
638d:cd 96 63           call    6396h
6390:c3 c2 62           jp      62c2h
; ......................................................
6393:01 10 00           ld      bc,10h
6396:2a 51 61           ld      hl,(6151h)
6399:09                 add     hl,bc
639a:01 03 01           ld      bc,103h
639d:cd 6d 06           call    66dh
63a0:cd 03 36           call    3603h
63a3:ef                 rst     28h
63a4:fd 23              inc     iy
63a6:c8                 ret     z
63a7:c1                 pop     bc
63a8:fd e5              push    iy
63aa:c1                 pop     bc
63ab:79                 ld      a,c
63ac:fe 03              cp      3
63ae:28 4a              jr      z,63fah
63b0:0e 14              ld      c,14h
63b2:cd d4 63           call    63d4h
63b5:2a 51 61           ld      hl,(6151h)
63b8:09                 add     hl,bc
63b9:0e 06              ld      c,6
63bb:ed b0              ldir    
63bd:21 23 00           ld      hl,23h
63c0:22 c9 5f           ld      (5fc9h),hl
63c3:21 1a 65           ld      hl,651ah
63c6:22 c7 5f           ld      (5fc7h),hl
63c9:3e 87              ld      a,87h
63cb:32 c6 5f           ld      (5fc6h),a
63ce:cd ba 5f           call    5fbah
63d1:c3 c9 5d           jp      5dc9h
; ......................................................
63d4:21 1e 65           ld      hl,651eh
63d7:c6 30              add     a,30h
63d9:77                 ld      (hl),a
63da:23                 inc     hl
63db:36 3a              ld      (hl),3ah
63dd:23                 inc     hl
63de:23                 inc     hl
63df:eb                 ex      de,hl
63e0:c9                 ret     
; ......................................................
63e1:4f                 ld      c,a
63e2:af                 xor     a
63e3:cd d4 63           call    63d4h
63e6:06 08              ld      b,8
63e8:eb                 ex      de,hl
63e9:a7                 and     a
63ea:cb 21              sla     c
63ec:3e 30              ld      a,30h
63ee:30 01              jr      nc,63f1h
63f0:3c                 inc     a
63f1:77                 ld      (hl),a
63f2:23                 inc     hl
63f3:10 f4              djnz    63e9h
63f5:21 0e 00           ld      hl,0eh
63f8:18 c6              jr      63c0h
; ......................................................
63fa:cd d4 63           call    63d4h
63fd:06 32              ld      b,32h
63ff:2a 51 61           ld      hl,(6151h)
6402:7e                 ld      a,(hl)
6403:cd 34 64           call    6434h
6406:77                 ld      (hl),a
6407:23                 inc     hl
6408:10 f8              djnz    6402h
640a:2a 51 61           ld      hl,(6151h)
640d:01 04 00           ld      bc,4
6410:09                 add     hl,bc
6411:0e 06              ld      c,6
6413:ed b0              ldir    
6415:13                 inc     de
6416:13                 inc     de
6417:18 a4              jr      63bdh
; ......................................................
6419:32 28 64           ld      (6428h),a
641c:21 2a 64           ld      hl,642ah
641f:cd 39 5f           call    5f39h
6422:21 2f 64           ld      hl,642fh
6425:c3 86 5c           jp      5c86h
; ......................................................
6428:                   db   0,0,0,0,4,1,1,1eh,1,60h,0,81h
6434:e5                 push    hl
6435:c5                 push    bc
6436:d5                 push    de
6437:21 4e 64           ld      hl,644eh
643a:0e 20              ld      c,20h
643c:06 5f              ld      b,5fh
643e:be                 cp      (hl)
643f:23                 inc     hl
6440:28 09              jr      z,644bh
6442:0c                 inc     c
6443:10 f9              djnz    643eh
6445:3e 20              ld      a,20h
6447:d1                 pop     de
6448:c1                 pop     bc
6449:e1                 pop     hl
644a:c9                 ret     
; ......................................................
644b:79                 ld      a,c
644c:18 f9              jr      6447h
; ......................................................
644e:                   db   40h,4fh,7fh,7bh,5bh,6ch,50h,7dh,4dh,5dh,5ch
6459:                   db   4eh,6bh,60h,4bh,61h,0f0h,0f1h,0f2h,0f3h,0f4h
6463:                   db   0f5h,0f6h,0f7h,0f8h,0f9h,7ah,5eh,4ch,7eh,6eh
646d:                   db   6fh,7ch,0c1h,0c2h,0c3h,0c4h,0c5h,0c6h,0c7h
6476:                   db   0c8h,0c9h,0d1h,0d2h,0d3h,0d4h,0d5h,0d6h,0d7h
647f:                   db   0d8h,0d9h,0e2h,0e3h,0e4h,0e5h,0e6h,0e7h,0e8h
6488:                   db   0e9h,4ah,0e0h,5ah,5fh,6dh,79h,81h,82h,83h,84h
6493:                   db   85h,86h,87h,88h,89h,91h,92h,93h,94h,95h,96h
649e:                   db   97h,98h,99h,0a2h,0a3h,0a4h,0a5h,0a6h,0a7h,0a8h
64a8:                   db   0a9h,0c0h,6ah,0d0h,0a1h
64ad:cd 10 60           call    6010h
64b0:cd f5 5f           call    5ff5h
64b3:3e 09              ld      a,9
64b5:cd 06 5f           call    5f06h
64b8:d7                 rst     10h
64b9:03                 inc     bc
64ba:03                 inc     bc
64bb:03                 inc     bc
64bc:0e 00              ld      c,0
64be:af                 xor     a
64bf:32 00 fc           ld      (0fc00h),a
64c2:f3                 di      
64c3:3e 02              ld      a,2
64c5:cd ce 64           call    64ceh
64c8:af                 xor     a
64c9:cd ce 64           call    64ceh
64cc:18 f4              jr      64c2h
; ......................................................
64ce:d3 e4              out     (0e4h),a
64d0:01 00 80           ld      bc,8000h
64d3:21 00 00           ld      hl,0
64d6:11 00 00           ld      de,0
64d9:ed b0              ldir    
64db:c9                 ret     
; ......................................................
64dc:3a 05 fc           ld      a,(0fc05h)
64df:e6 24              and     24h
64e1:c2 3e 5d           jp      nz,5d3eh
64e4:21 e0 fc           ld      hl,0fce0h
64e7:cb 66              bit     4,(hl)
64e9:20 21              jr      nz,650ch
64eb:36 10              ld      (hl),10h
64ed:d7                 rst     10h
64ee:00                 nop     
64ef:01 09 21           ld      bc,2109h
64f2:0f                 rrca    
64f3:5c                 ld      e,h
64f4:36 41              ld      (hl),41h
64f6:11 00 8a           ld      de,8a00h
64f9:cd 1c 60           call    601ch
64fc:21 ac ff           ld      hl,0ffach
64ff:36 30              ld      (hl),30h
6501:01 02 00           ld      bc,2
6504:3e 9f              ld      a,9fh
6506:cd 99 60           call    6099h
6509:c3 1c 5e           jp      5e1ch
; ......................................................
650c:3e 0b              ld      a,0bh
650e:c3 3a 5c           jp      5c3ah
; ......................................................
6511:                   db   "SYSHAV"
6517:                   db   0e5h,0d6h,0d3h
651a:                   db   "205"
651d:                   db   1,0,0,0,0,0,0,0,0,0,0,0,0,0,0,0,0,0,0,0,0,0
6533:                   db   0,0,0,0,0,0,0,0,0,0,0,0,0,0,0,0,0,0,0,0,0,0
6549:                   db   0,0,0,0,0,0,0,0,0,0,0,0fch,0ffh,0ffh,0cch,0cch
6559:                   db   0cch,0fch,0ffh,0ffh,0ffh,0ffh,0ffh,0ffh,0ffh
6562:                   db   0ffh,0ffh,0ffh,0ffh,0ffh,0ffh,0ffh,0ffh,0ffh
656b:                   db   0f3h,0ffh,0ffh,0ffh,0ffh,0ffh,0ffh,0ffh,0ffh
6574:                   db   0ffh,0ffh,0ffh,0fch,0ffh,0cfh,0ffh,0ffh,0ffh
657d:                   db   0ffh,0ffh,0ffh,0ffh,0ffh,0ffh,0ffh,0ffh,0ffh
6586:                   db   0ffh,0ffh,0ffh,0ffh,0ffh,0ffh,0ffh,0ffh,0ffh
658f:                   db   0ffh,0ffh,0ffh,0ffh,0ffh,0ffh,0ffh,0ffh,0ffh
6598:                   db   0ffh,0ffh,0ffh,0f3h,0fch,0ffh,0ffh,0ffh,0ffh
65a1:                   db   0ffh,0ffh,0ffh,0ffh,0ffh,0ffh,0ffh,0ffh,0ffh
65aa:                   db   0ffh,0,0,0,0,0,0,0,0,0,0,0,0,0,0,0,0,0,0,0
65be:                   db   0,0,0,0,0,0,0,0,0,0,0,0,0,0,0,0,0,0,0,0,0,0
65d4:                   db   0,0,0e5h,0e5h
65d8:11 80 c0           ld      de,0c080h
65db:21 c0 c0           ld      hl,0c0c0h
65de:01 80 00           ld      bc,80h
65e1:ed b0              ldir    
65e3:21 ff c0           ld      hl,0c0ffh
65e6:36 20              ld      (hl),20h
65e8:01 80 00           ld      bc,80h
65eb:ed b0              ldir    
65ed:c1                 pop     bc
65ee:2a f2 54           ld      hl,(54f2h)
65f1:11 00 c1           ld      de,0c100h
65f4:ed b0              ldir    
65f6:af                 xor     a
65f7:e1                 pop     hl
65f8:c9                 ret     
; ......................................................
65f9:                   db   0,0,0,0,0,0,0,18h,0bh
6602:21 1e 1e           ld      hl,1e1eh
6605:00                 nop     
6606:1e 1e              ld      e,1eh
6608:00                 nop     
6609:06 08              ld      b,8
660b:09                 add     hl,bc
660c:0b                 dec     bc
660d:21 e0 fc           ld      hl,0fce0h
6610:cb e6              set     4,(hl)
6612:fb                 ei      
6613:af                 xor     a
6614:32 0b 66           ld      (660bh),a
6617:cd f5 69           call    69f5h
661a:c3 55 67           jp      6755h
; ......................................................
661d:c3 55 67           jp      6755h
; ......................................................
6620:21 05 66           ld      hl,6605h
6623:3e 02              ld      a,2
6625:be                 cp      (hl)
6626:20 05              jr      nz,662dh
6628:36 04              ld      (hl),4
662a:c3 74 67           jp      6774h
; ......................................................
662d:c3 55 67           jp      6755h
; ......................................................
6630:21 05 66           ld      hl,6605h
6633:3e 02              ld      a,2
6635:be                 cp      (hl)
6636:20 15              jr      nz,664dh
6638:36 03              ld      (hl),3
663a:3a ec fc           ld      a,(0fcech)
663d:fe 00              cp      0
663f:c4 8e 69           call    nz,698eh
6642:cd 5e 69           call    695eh
6645:21 0b 66           ld      hl,660bh
6648:cb ce              set     1,(hl)
664a:c3 67 67           jp      6767h
; ......................................................
664d:cd bd 69           call    69bdh
6650:c3 55 67           jp      6755h
; ......................................................
6653:f5                 push    af
6654:21 05 66           ld      hl,6605h
6657:3e 07              ld      a,7
6659:be                 cp      (hl)
665a:28 05              jr      z,6661h
665c:3e 06              ld      a,6
665e:be                 cp      (hl)
665f:20 09              jr      nz,666ah
6661:f1                 pop     af
6662:36 08              ld      (hl),8
6664:cd d5 69           call    69d5h
6667:c3 3d 67           jp      673dh
; ......................................................
666a:f1                 pop     af
666b:3e 00              ld      a,0
666d:20 10              jr      nz,667fh
666f:36 09              ld      (hl),9
6671:cd c0 69           call    69c0h
6674:21 0c 66           ld      hl,660ch
6677:36 05              ld      (hl),5
6679:cd 5e 69           call    695eh
667c:c3 67 67           jp      6767h
; ......................................................
667f:cd c0 69           call    69c0h
6682:c3 55 67           jp      6755h
; ......................................................
6685:21 05 66           ld      hl,6605h
6688:3a 07 66           ld      a,(6607h)
668b:fe 02              cp      2
668d:28 0a              jr      z,6699h
668f:fe 03              cp      3
6691:28 10              jr      z,66a3h
6693:fe 01              cp      1
6695:28 37              jr      z,66ceh
6697:18 4f              jr      66e8h
; ......................................................
6699:3e 01              ld      a,1
669b:be                 cp      (hl)
669c:20 4a              jr      nz,66e8h
669e:36 02              ld      (hl),2
66a0:c3 46 67           jp      6746h
; ......................................................
66a3:3e 01              ld      a,1
66a5:be                 cp      (hl)
66a6:20 40              jr      nz,66e8h
66a8:e5                 push    hl
66a9:cd 78 69           call    6978h
66ac:e1                 pop     hl
66ad:3a ec fc           ld      a,(0fcech)
66b0:fe 00              cp      0
66b2:20 13              jr      nz,66c7h
66b4:e5                 push    hl
66b5:cd 12 6e           call    6e12h
66b8:e1                 pop     hl
66b9:28 0c              jr      z,66c7h
66bb:cb 47              bit     0,a
66bd:28 04              jr      z,66c3h
66bf:36 07              ld      (hl),7
66c1:18 71              jr      6734h
; ......................................................
66c3:36 06              ld      (hl),6
66c5:18 64              jr      672bh
; ......................................................
66c7:36 08              ld      (hl),8
66c9:cd d5 69           call    69d5h
66cc:18 6f              jr      673dh
; ......................................................
66ce:7e                 ld      a,(hl)
66cf:fe 03              cp      3
66d1:28 0a              jr      z,66ddh
66d3:fe 04              cp      4
66d5:28 0b              jr      z,66e2h
66d7:fe 09              cp      9
66d9:28 0a              jr      z,66e5h
66db:18 0b              jr      66e8h
; ......................................................
66dd:36 05              ld      (hl),5
66df:c3 4f 67           jp      674fh
; ......................................................
66e2:cd 94 69           call    6994h
66e5:c3 55 67           jp      6755h
; ......................................................
66e8:7e                 ld      a,(hl)
66e9:fe 04              cp      4
66eb:28 0f              jr      z,66fch
66ed:fe 01              cp      1
66ef:28 04              jr      z,66f5h
66f1:fe 03              cp      3
66f3:20 09              jr      nz,66feh
66f5:3a 05 fc           ld      a,(0fc05h)
66f8:cb 6f              bit     5,a
66fa:28 02              jr      z,66feh
66fc:18 57              jr      6755h
; ......................................................
66fe:3e 09              ld      a,9
6700:be                 cp      (hl)
6701:20 08              jr      nz,670bh
6703:e5                 push    hl
6704:21 0c 66           ld      hl,660ch
6707:35                 dec     (hl)
6708:e1                 pop     hl
6709:20 5c              jr      nz,6767h
670b:7e                 ld      a,(hl)
670c:fe 01              cp      1
670e:20 0b              jr      nz,671bh
6710:3a 0b 66           ld      a,(660bh)
6713:cb 4f              bit     1,a
6715:20 0f              jr      nz,6726h
6717:36 0a              ld      (hl),0ah
6719:18 2b              jr      6746h
; ......................................................
671b:fe 03              cp      3
671d:28 07              jr      z,6726h
671f:fe 04              cp      4
6721:28 03              jr      z,6726h
6723:cd a7 69           call    69a7h
6726:cd bd 69           call    69bdh
6729:18 2a              jr      6755h
; ......................................................
672b:cd d2 68           call    68d2h
672e:d2 1d 66           jp      nc,661dh
6731:c3 53 66           jp      6653h
; ......................................................
6734:cd 16 69           call    6916h
6737:d2 1d 66           jp      nc,661dh
673a:c3 53 66           jp      6653h
; ......................................................
673d:cd 3c 68           call    683ch
6740:d2 1d 66           jp      nc,661dh
6743:c3 53 66           jp      6653h
; ......................................................
6746:cd 85 67           call    6785h
6749:da 20 66           jp      c,6620h
674c:c3 30 66           jp      6630h
; ......................................................
674f:cd e6 67           call    67e6h
6752:c3 1d 66           jp      661dh
; ......................................................
6755:21 05 66           db   21h,5
6757:66                 ld      h,(hl)
6758:36 01              ld      (hl),1
675a:21 e0 fc           ld      hl,0fce0h
675d:cb 6e              bit     5,(hl)
675f:20 19              jr      nz,677ah
6761:cd ff 69           call    69ffh
6764:c3 85 66           jp      6685h
; ......................................................
6767:21 e0 fc           ld      hl,0fce0h
676a:cb 6e              bit     5,(hl)
676c:20 0c              jr      nz,677ah
676e:cd 04 6a           call    6a04h
6771:c3 85 66           jp      6685h
; ......................................................
6774:cd 09 6a           call    6a09h
6777:c3 85 66           jp      6685h
; ......................................................
677a:cd fa 69           call    69fah
677d:21 e0 fc           ld      hl,0fce0h
6780:cb a6              res     4,(hl)
6782:d7                 rst     10h
6783:01 00 cd           db   1,0
6785:cd ba 68           db   0cdh
6786:ba                 cp      d
6787:68                 ld      l,b
6788:3a 20 dc           ld      a,(0dc20h)
678b:a7                 and     a
678c:28 12              jr      z,67a0h
678e:ee ff              xor     0ffh
6790:28 0e              jr      z,67a0h
6792:21 0b 66           ld      hl,660bh
6795:cb d6              set     2,(hl)
6797:21 20 dc           ld      hl,0dc20h
679a:e5                 push    hl
679b:2a 23 dc           ld      hl,(0dc23h)
679e:18 25              jr      67c5h
; ......................................................
67a0:3a 05 fc           ld      a,(0fc05h)
67a3:cb 6f              bit     5,a
67a5:28 05              jr      z,67ach
67a7:cd fc 68           call    68fch
67aa:18 33              jr      67dfh
; ......................................................
67ac:3a df fc           ld      a,(0fcdfh)
67af:a7                 and     a
67b0:28 2d              jr      z,67dfh
67b2:ed 5b dd fc        ld      de,(0fcddh)
67b6:21 20 de           ld      hl,0de20h
67b9:a7                 and     a
67ba:ed 52              sbc     hl,de
67bc:28 21              jr      z,67dfh
67be:21 20 de           ld      hl,0de20h
67c1:e5                 push    hl
67c2:2a 23 de           ld      hl,(0de23h)
67c5:01 05 00           ld      bc,5
67c8:09                 add     hl,bc
67c9:44                 ld      b,h
67ca:4d                 ld      c,l
67cb:21 c7 f2           ld      hl,0f2c7h
67ce:09                 add     hl,bc
67cf:22 08 66           ld      (6608h),hl
67d2:e1                 pop     hl
67d3:11 c7 f2           ld      de,0f2c7h
67d6:ed b0              ldir    
67d8:21 e0 fc           ld      hl,0fce0h
67db:cb b6              res     6,(hl)
67dd:a7                 and     a
67de:c9                 ret     
; ......................................................
67df:21 e0 fc           ld      hl,0fce0h
67e2:cb b6              res     6,(hl)
67e4:37                 scf     
67e5:c9                 ret     
; ......................................................
67e6:cd ba 68           call    68bah
67e9:21 0b 66           ld      hl,660bh
67ec:cb 56              bit     2,(hl)
67ee:28 08              jr      z,67f8h
67f0:cb 96              res     2,(hl)
67f2:af                 xor     a
67f3:32 20 dc           ld      (0dc20h),a
67f6:18 3e              jr      6836h
; ......................................................
67f8:3a df fc           ld      a,(0fcdfh)
67fb:a7                 and     a
67fc:28 2e              jr      z,682ch
67fe:3d                 dec     a
67ff:32 df fc           ld      (0fcdfh),a
6802:28 28              jr      z,682ch
6804:2a 23 de           ld      hl,(0de23h)
6807:11 05 00           ld      de,5
680a:19                 add     hl,de
680b:54                 ld      d,h
680c:5d                 ld      e,l
680d:2a dd fc           ld      hl,(0fcddh)
6810:b7                 or      a
6811:ed 52              sbc     hl,de
6813:22 dd fc           ld      (0fcddh),hl
6816:01 20 de           ld      bc,0de20h
6819:ed 42              sbc     hl,bc
681b:28 0f              jr      z,682ch
681d:38 0d              jr      c,682ch
681f:44                 ld      b,h
6820:4d                 ld      c,l
6821:21 20 de           ld      hl,0de20h
6824:19                 add     hl,de
6825:11 20 de           ld      de,0de20h
6828:ed b0              ldir    
682a:18 0a              jr      6836h
; ......................................................
682c:21 20 de           ld      hl,0de20h
682f:22 dd fc           ld      (0fcddh),hl
6832:af                 xor     a
6833:32 df fc           ld      (0fcdfh),a
6836:21 e0 fc           ld      hl,0fce0h
6839:cb b6              res     6,(hl)
683b:c9                 ret     
; ......................................................
683c:37                 scf     
683d:3a 05 fc           ld      a,(0fc05h)
6840:2f                 cpl     
6841:cb 6f              bit     5,a
6843:c8                 ret     z
6844:cd ba 68           call    68bah
6847:3a df fc           ld      a,(0fcdfh)
684a:fe ff              cp      0ffh
684c:28 54              jr      z,68a2h
684e:cd aa 68           call    68aah
6851:ed 5b dd fc        ld      de,(0fcddh)
6855:19                 add     hl,de
6856:38 4a              jr      c,68a2h
6858:01 bf f2           ld      bc,0f2bfh
685b:2b                 dec     hl
685c:2b                 dec     hl
685d:a7                 and     a
685e:ed 42              sbc     hl,bc
6860:30 40              jr      nc,68a2h
6862:2a dd fc           ld      hl,(0fcddh)
6865:54                 ld      d,h
6866:5d                 ld      e,l
6867:01 20 de           ld      bc,0de20h
686a:a7                 and     a
686b:ed 42              sbc     hl,bc
686d:44                 ld      b,h
686e:4d                 ld      c,l
686f:cd aa 68           call    68aah
6872:19                 add     hl,de
6873:22 dd fc           ld      (0fcddh),hl
6876:78                 ld      a,b
6877:b1                 or      c
6878:28 05              jr      z,687fh
687a:2b                 dec     hl
687b:eb                 ex      de,hl
687c:2b                 dec     hl
687d:ed b8              lddr    
687f:cd aa 68           call    68aah
6882:44                 ld      b,h
6883:4d                 ld      c,l
6884:21 c7 f2           ld      hl,0f2c7h
6887:11 20 de           ld      de,0de20h
688a:ed b0              ldir    
688c:3a df fc           ld      a,(0fcdfh)
688f:3c                 inc     a
6890:32 df fc           ld      (0fcdfh),a
6893:ed 5b dd fc        ld      de,(0fcddh)
6897:21 7f f0           ld      hl,0f07fh
689a:1b                 dec     de
689b:b7                 or      a
689c:ed 52              sbc     hl,de
689e:00                 nop     
689f:00                 nop     
68a0:18 02              jr      68a4h
; ......................................................
68a2:af                 xor     a
68a3:37                 scf     
68a4:21 e0 fc           ld      hl,0fce0h
68a7:cb b6              res     6,(hl)
68a9:c9                 ret     
; ......................................................
68aa:2a ca f2           ld      hl,(0f2cah)
68ad:3e 05              ld      a,5
68af:85                 add     a,l
68b0:6f                 ld      l,a
68b1:30 06              jr      nc,68b9h
68b3:24                 inc     h
68b4:20 03              jr      nz,68b9h
68b6:21 ff ff           ld      hl,0ffffh
68b9:c9                 ret     
; ......................................................
68ba:f3                 di      
68bb:3a e0 fc           ld      a,(0fce0h)
68be:cb 77              bit     6,a
68c0:28 09              jr      z,68cbh
68c2:fb                 ei      
68c3:d7                 rst     10h
68c4:03                 inc     bc
68c5:03                 inc     bc
68c6:04                 inc     b
68c7:01 00 18           ld      bc,1800h
68ca:ef                 rst     28h
68cb:cb f7              set     6,a
68cd:32 e0 fc           ld      (0fce0h),a
68d0:fb                 ei      
68d1:c9                 ret     
; ......................................................
68d2:3a 03 66           ld      a,(6603h)
68d5:47                 ld      b,a
68d6:ed 5b ef fc        ld      de,(0fcefh)
68da:1a                 ld      a,(de)
68db:a7                 and     a
68dc:28 0a              jr      z,68e8h
68de:d7                 rst     10h
68df:03                 inc     bc
68e0:03                 inc     bc
68e1:04                 inc     b
68e2:0a                 ld      a,(bc)
68e3:00                 nop     
68e4:10 f0              djnz    68d6h
68e6:37                 scf     
68e7:c9                 ret     
; ......................................................
68e8:21 c7 f2           ld      hl,0f2c7h
68eb:01 05 00           ld      bc,5
68ee:ed b0              ldir    
68f0:ed 4b ca f2        ld      bc,(0f2cah)
68f4:ed b0              ldir    
68f6:d7                 rst     10h
68f7:00                 nop     
68f8:01 0a a7           ld      bc,0a70ah
68fb:c9                 ret     
; ......................................................
68fc:ed 5b ef fc        ld      de,(0fcefh)
6900:1a                 ld      a,(de)
6901:a7                 and     a
6902:c0                 ret     nz
6903:21 0b 66           ld      hl,660bh
6906:cb 5e              bit     3,(hl)
6908:cb 9e              res     3,(hl)
690a:c8                 ret     z
690b:c3 a8 6f           jp      6fa8h
; ......................................................
690e:                   db   0,0,10h,0,6,1,0,4
6916:3a c7 f2           ld      a,(0f2c7h)
6919:32 3d 69           ld      (693dh),a
691c:3a c9 f2           ld      a,(0f2c9h)
691f:f6 80              or      80h
6921:32 38 69           ld      (6938h),a
6924:2a ca f2           ld      hl,(0f2cah)
6927:22 3b 69           ld      (693bh),hl
692a:af                 xor     a
692b:32 37 69           ld      (6937h),a
692e:3a 04 66           ld      a,(6604h)
6931:47                 ld      b,a
6932:d7                 rst     10h
6933:08                 ex      af,af'
6934:0b                 dec     bc
6935:37                 scf     
6936:13                 inc     de
6937:00                 nop     
6938:00                 nop     
6939:cc f2 00           call    z,0f2h
693c:00                 nop     
693d:00                 nop     
693e:0a                 ld      a,(bc)
693f:66                 ld      h,(hl)
6940:3a 0a 66           ld      a,(660ah)
6943:a7                 and     a
6944:28 17              jr      z,695dh
6946:d7                 rst     10h
6947:03                 inc     bc
6948:03                 inc     bc
6949:04                 inc     b
694a:0a                 ld      a,(bc)
694b:00                 nop     
694c:10 e4              djnz    6932h
694e:3a 3d 69           ld      a,(693dh)
6951:5f                 ld      e,a
6952:3a 0a 66           ld      a,(660ah)
6955:dd 21 32 69        ld      ix,6932h
6959:cd b0 69           call    69b0h
695c:37                 scf     
695d:c9                 ret     
; ......................................................
695e:21 c1 f2           ld      hl,0f2c1h
6961:11 c7 f2           ld      de,0f2c7h
6964:06 06              ld      b,6
6966:1a                 ld      a,(de)
6967:4f                 ld      c,a
6968:e6 0f              and     0fh
696a:f6 20              or      20h
696c:77                 ld      (hl),a
696d:23                 inc     hl
696e:71                 ld      (hl),c
696f:3e 03              ld      a,3
6971:ed 67              rrd     
6973:23                 inc     hl
6974:13                 inc     de
6975:10 ef              djnz    6966h
6977:c9                 ret     
; ......................................................
6978:21 cc f2           ld      hl,0f2cch
697b:54                 ld      d,h
697c:5d                 ld      e,l
697d:06 06              ld      b,6
697f:af                 xor     a
6980:ed 6f              rld     
6982:4e                 ld      c,(hl)
6983:2b                 dec     hl
6984:7e                 ld      a,(hl)
6985:e6 0f              and     0fh
6987:b1                 or      c
6988:12                 ld      (de),a
6989:2b                 dec     hl
698a:1b                 dec     de
698b:10 f2              djnz    697fh
698d:c9                 ret     
; ......................................................
698e:21 c9 f2           ld      hl,0f2c9h
6991:cb fe              set     7,(hl)
6993:c9                 ret     
; ......................................................
6994:e5                 push    hl
6995:cd 75 06           call    675h
6998:cd 10 38           call    3810h
699b:ef                 rst     28h
699c:22 a3 69           ld      (69a3h),hl
699f:d7                 rst     10h
69a0:03                 inc     bc
69a1:03                 inc     bc
69a2:04                 inc     b
69a3:05                 dec     b
69a4:fc e1 c9           call    m,0c9e1h
69a7:3a e7 69           ld      a,(69e7h)
69aa:1e 00              ld      e,0
69ac:dd 2a f3 69        db   0ddh,2ah,0f3h
69af:69                 ld      l,c
69b0:57                 ld      d,a
69b1:cd 71 06           call    671h
69b4:cd 50 37           call    3750h
69b7:ef                 rst     28h
69b8:d7                 rst     10h
69b9:00                 nop     
69ba:01 0b c9           ld      bc,0c90bh
69bd:3a e7 69           ld      a,(69e7h)
69c0:21 05 fc           ld      hl,0fc05h
69c3:cb 6e              bit     5,(hl)
69c5:c0                 ret     nz
69c6:cb ee              set     5,(hl)
69c8:21 0b 66           ld      hl,660bh
69cb:cb de              set     3,(hl)
69cd:21 e0 fc           ld      hl,0fce0h
69d0:cb 6e              bit     5,(hl)
69d2:c3 9c 6f           jp      6f9ch
; ......................................................
69d5:3a c9 f2           ld      a,(0f2c9h)
69d8:f6 7f              or      7fh
69da:32 c9 f2           ld      (0f2c9h),a
69dd:c9                 ret     
; ......................................................
69de:                   db   4,18h,21h,1,1bh,2,2,21h,8,6ah,18h,12h,21h,0eh
69ec:                   db   6ah,18h,0dh,21h,14h,6ah,18h,8,21h
69f5:21 18 6a           ld      hl,6a18h
69f8:18 12              jr      6a0ch
; ......................................................
69fa:21 1e 6a           ld      hl,6a1eh
69fd:18 0d              jr      6a0ch
; ......................................................
69ff:21 24 6a           ld      hl,6a24h
6a02:18 08              jr      6a0ch
; ......................................................
6a04:21 2a 6a           ld      hl,6a2ah
6a07:18 03              jr      6a0ch
; ......................................................
6a09:21 30 6a           ld      hl,6a30h
6a0c:3a aa ff           ld      a,(0ffaah)
6a0f:fe 00              cp      0
6a11:28 04              jr      z,6a17h
6a13:01 03 00           ld      bc,3
6a16:09                 add     hl,bc
6a17:e9                 jp      (hl)
; ......................................................
6a18:c3 cc 6a           jp      6acch
; ......................................................
6a1b:c3 69 6c           jp      6c69h
; ......................................................
6a1e:c3 09 6c           jp      6c09h
; ......................................................
6a21:c3 8f 6d           jp      6d8fh
; ......................................................
6a24:c3 d0 6a           jp      6ad0h
; ......................................................
6a27:c3 6d 6c           jp      6c6dh
; ......................................................
6a2a:c3 89 6b           jp      6b89h
; ......................................................
6a2d:c3 df 6c           jp      6cdfh
; ......................................................
6a30:c3 c3 6b           jp      6bc3h
; ......................................................
6a33:c3 49 6d           jp      6d49h
; ......................................................
6a36:cd 93 6a           call    6a93h
6a39:3e 02              ld      a,2
6a3b:32 f1 69           ld      (69f1h),a
6a3e:77                 ld      (hl),a
6a3f:cd a2 6a           call    6aa2h
6a42:c9                 ret     
; ......................................................
6a43:cd 9a 6a           call    6a9ah
6a46:2a ef 69           ld      hl,(69efh)
6a49:3a f2 69           ld      a,(69f2h)
6a4c:77                 ld      (hl),a
6a4d:2a eb 69           ld      hl,(69ebh)
6a50:ed 4b ef 69        ld      bc,(69efh)
6a54:a7                 and     a
6a55:ed 42              sbc     hl,bc
6a57:20 01              jr      nz,6a5ah
6a59:2b                 dec     hl
6a5a:09                 add     hl,bc
6a5b:22 ed 69           ld      (69edh),hl
6a5e:7e                 ld      a,(hl)
6a5f:32 f1 69           ld      (69f1h),a
6a62:36 02              ld      (hl),2
6a64:cd a2 6a           call    6aa2h
6a67:c9                 ret     
; ......................................................
6a68:cd 9a 6a           call    6a9ah
6a6b:c9                 ret     
; ......................................................
6a6c:cd 93 6a           call    6a93h
6a6f:c9                 ret     
; ......................................................
6a70:2a ed 69           ld      hl,(69edh)
6a73:01 c0 f2           ld      bc,0f2c0h
6a76:a7                 and     a
6a77:ed 42              sbc     hl,bc
6a79:28 05              jr      z,6a80h
6a7b:09                 add     hl,bc
6a7c:3a f1 69           ld      a,(69f1h)
6a7f:77                 ld      (hl),a
6a80:2a eb 69           ld      hl,(69ebh)
6a83:2b                 dec     hl
6a84:7e                 ld      a,(hl)
6a85:32 f1 69           ld      (69f1h),a
6a88:22 ed 69           ld      (69edh),hl
6a8b:c9                 ret     
; ......................................................
6a8c:2a eb 69           ld      hl,(69ebh)
6a8f:22 08 66           ld      (6608h),hl
6a92:c9                 ret     
; ......................................................
6a93:21 c0 f2           ld      hl,0f2c0h
6a96:22 ed 69           ld      (69edh),hl
6a99:c9                 ret     
; ......................................................
6a9a:2a ed 69           ld      hl,(69edh)
6a9d:3a f1 69           ld      a,(69f1h)
6aa0:77                 ld      (hl),a
6aa1:c9                 ret     
; ......................................................
6aa2:11 11 02           ld      de,211h
6aa5:ed 4b 08 66        ld      bc,(6608h)
6aa9:2b                 dec     hl
6aaa:19                 add     hl,de
6aab:38 04              jr      c,6ab1h
6aad:ed 42              sbc     hl,bc
6aaf:38 0c              jr      c,6abdh
6ab1:ed 43 ef 69        ld      (69efh),bc
6ab5:3e 03              ld      a,3
6ab7:02                 ld      (bc),a
6ab8:32 ea 69           ld      (69eah),a
6abb:18 0e              jr      6acbh
; ......................................................
6abd:09                 add     hl,bc
6abe:22 ef 69           ld      (69efh),hl
6ac1:7e                 ld      a,(hl)
6ac2:32 f2 69           ld      (69f2h),a
6ac5:3e 17              ld      a,17h
6ac7:77                 ld      (hl),a
6ac8:32 ea 69           ld      (69eah),a
6acb:c9                 ret     
; ......................................................
6acc:cd ca 6b           call    6bcah
6acf:c9                 ret     
; ......................................................
6ad0:3a e4 69           ld      a,(69e4h)
6ad3:47                 ld      b,a
6ad4:c5                 push    bc
6ad5:cd 0b 6b           call    6b0bh
6ad8:c1                 pop     bc
6ad9:3a 07 66           ld      a,(6607h)
6adc:fe 03              cp      3
6ade:28 2a              jr      z,6b0ah
6ae0:fe 02              cp      2
6ae2:28 26              jr      z,6b0ah
6ae4:3a e7 69           ld      a,(69e7h)
6ae7:fe 04              cp      4
6ae9:28 1f              jr      z,6b0ah
6aeb:3a 07 66           ld      a,(6607h)
6aee:fe 04              cp      4
6af0:20 16              jr      nz,6b08h
6af2:c5                 push    bc
6af3:cd 0b 6b           call    6b0bh
6af6:c1                 pop     bc
6af7:3a e7 69           db   3ah
6af8:e7                 rst     20h
6af9:69                 ld      l,c
6afa:fe 00              cp      0
6afc:20 0a              jr      nz,6b08h
6afe:3a e6 69           ld      a,(69e6h)
6b01:e6 7e              and     7eh
6b03:fe 08              cp      8
6b05:20 01              jr      nz,6b08h
6b07:04                 inc     b
6b08:10 ca              djnz    6ad4h
6b0a:c9                 ret     
; ......................................................
6b0b:3e 00              ld      a,0
6b0d:32 07 66           ld      (6607h),a
6b10:cd 6c 6a           call    6a6ch
6b13:cd 18 6c           db   0cdh
6b14:18 6c              jr      6b82h
; ......................................................
6b16:3a e7 69           ld      a,(69e7h)
6b19:fe 04              cp      4
6b1b:28 6b              jr      z,6b88h
6b1d:fe 11              cp      11h
6b1f:28 67              jr      z,6b88h
6b21:3a e7 69           ld      a,(69e7h)
6b24:fe 00              cp      0
6b26:20 18              jr      nz,6b40h
6b28:3a e6 69           ld      a,(69e6h)
6b2b:e6 7e              and     7eh
6b2d:fe 04              cp      4
6b2f:20 0f              jr      nz,6b40h
6b31:cd 70 6a           call    6a70h
6b34:cd 18 6c           call    6c18h
6b37:3a e7 69           ld      a,(69e7h)
6b3a:fe 04              cp      4
6b3c:28 4a              jr      z,6b88h
6b3e:18 e1              jr      6b21h
; ......................................................
6b40:3a e7 69           ld      a,(69e7h)
6b43:fe 00              cp      0
6b45:20 10              jr      nz,6b57h
6b47:3a e6 69           ld      a,(69e6h)
6b4a:e6 7e              and     7eh
6b4c:fe 06              cp      6
6b4e:20 07              jr      nz,6b57h
6b50:21 07 66           ld      hl,6607h
6b53:36 03              ld      (hl),3
6b55:18 2e              jr      6b85h
; ......................................................
6b57:3a e7 69           ld      a,(69e7h)
6b5a:fe 0c              cp      0ch
6b5c:20 27              jr      nz,6b85h
6b5e:3a f7 fc           ld      a,(0fcf7h)
6b61:47                 ld      b,a
6b62:3a c0 f2           ld      a,(0f2c0h)
6b65:b8                 cp      b
6b66:20 1d              jr      nz,6b85h
6b68:3a c2 f2           ld      a,(0f2c2h)
6b6b:fe 22              cp      22h
6b6d:20 11              jr      nz,6b80h
6b6f:3a f8 fc           ld      a,(0fcf8h)
6b72:47                 ld      b,a
6b73:3a c3 f2           ld      a,(0f2c3h)
6b76:b8                 cp      b
6b77:20 07              jr      nz,6b80h
6b79:3e 04              ld      a,4
6b7b:32 07 66           ld      (6607h),a
6b7e:18 05              jr      6b85h
; ......................................................
6b80:3e 02              ld      a,2
6b82:32 07 66           ld      (6607h),a
6b85:cd 8c 6a           call    6a8ch
6b88:c9                 ret     
; ......................................................
6b89:cd 36 6a           call    6a36h
6b8c:cd 3f 6c           call    6c3fh
6b8f:3a e7 69           ld      a,(69e7h)
6b92:fe 00              cp      0
6b94:28 06              jr      z,6b9ch
6b96:fe 01              cp      1
6b98:28 10              jr      z,6baah
6b9a:18 1e              jr      6bbah
; ......................................................
6b9c:3a e6 69           ld      a,(69e6h)
6b9f:e6 7e              and     7eh
6ba1:fe 04              cp      4
6ba3:20 05              jr      nz,6baah
6ba5:cd 43 6a           call    6a43h
6ba8:18 e2              jr      6b8ch
; ......................................................
6baa:3a e6 69           ld      a,(69e6h)
6bad:e6 7e              and     7eh
6baf:fe 06              cp      6
6bb1:20 07              jr      nz,6bbah
6bb3:21 07 66           ld      hl,6607h
6bb6:36 01              ld      (hl),1
6bb8:18 05              jr      6bbfh
; ......................................................
6bba:21 07 66           ld      hl,6607h
6bbd:36 00              ld      (hl),0
6bbf:cd 68 6a           call    6a68h
6bc2:c9                 ret     
; ......................................................
6bc3:cd 6c 6a           call    6a6ch
6bc6:cd 18 6c           call    6c18h
6bc9:c9                 ret     
; ......................................................
6bca:3a e1 69           ld      a,(69e1h)
6bcd:32 01 6c           ld      (6c01h),a
6bd0:3a e2 69           ld      a,(69e2h)
6bd3:32 00 6c           ld      (6c00h),a
6bd6:3a f7 fc           ld      a,(0fcf7h)
6bd9:32 02 6c           ld      (6c02h),a
6bdc:3a f8 fc           ld      a,(0fcf8h)
6bdf:32 03 6c           ld      (6c03h),a
6be2:21 80 25           ld      hl,2580h
6be5:af                 xor     a
6be6:ed 4b f9 fc        ld      bc,(0fcf9h)
6bea:ed 42              sbc     hl,bc
6bec:38 03              jr      c,6bf1h
6bee:3c                 inc     a
6bef:18 f9              jr      6beah
; ......................................................
6bf1:32 05 6c           ld      (6c05h),a
6bf4:21 fa 6b           ld      hl,6bfah
6bf7:22 f3 69           ld      (69f3h),hl
6bfa:d7                 rst     10h
6bfb:08                 ex      af,af'
6bfc:0b                 dec     bc
6bfd:17                 rla     
6bfe:14                 inc     d
6bff:00                 nop     
6c00:00                 nop     
6c01:00                 nop     
6c02:00                 nop     
6c03:00                 nop     
6c04:00                 nop     
6c05:00                 nop     
6c06:e7                 rst     20h
6c07:69                 ld      l,c
6c08:c9                 ret     
; ......................................................
6c09:21 0f 6c           ld      hl,6c0fh
6c0c:22 f3 69           ld      (69f3h),hl
6c0f:d7                 rst     10h
6c10:08                 ex      af,af'
6c11:05                 dec     b
6c12:14                 inc     d
6c13:14                 inc     d
6c14:01 e7 69           ld      bc,69e7h
6c17:c9                 ret     
; ......................................................
6c18:ed 5b ed 69        ld      de,(69edh)
6c1c:ed 53 36 6c        ld      (6c36h),de
6c20:21 ff f5           ld      hl,0f5ffh
6c23:a7                 and     a
6c24:ed 52              sbc     hl,de
6c26:23                 inc     hl
6c27:22 38 6c           ld      (6c38h),hl
6c2a:21 30 6c           ld      hl,6c30h
6c2d:22 f3 69           ld      (69f3h),hl
6c30:d7                 rst     10h
6c31:08                 ex      af,af'
6c32:0b                 dec     bc
6c33:17                 rla     
6c34:14                 inc     d
6c35:03                 inc     bc
6c36:00                 nop     
6c37:00                 nop     
6c38:00                 nop     
6c39:00                 nop     
6c3a:eb                 ex      de,hl
6c3b:69                 ld      l,c
6c3c:e7                 rst     20h
6c3d:69                 ld      l,c
6c3e:c9                 ret     
; ......................................................
6c3f:ed 5b ed 69        ld      de,(69edh)
6c43:ed 53 5d 6c        ld      (6c5dh),de
6c47:2a ef 69           ld      hl,(69efh)
6c4a:a7                 and     a
6c4b:ed 52              sbc     hl,de
6c4d:23                 inc     hl
6c4e:22 5f 6c           ld      (6c5fh),hl
6c51:21 57 6c           ld      hl,6c57h
6c54:22 f3 69           ld      (69f3h),hl
6c57:d7                 rst     10h
6c58:08                 ex      af,af'
6c59:0b                 dec     bc
6c5a:17                 rla     
6c5b:14                 inc     d
6c5c:06 00              ld      b,0
6c5e:00                 nop     
6c5f:00                 nop     
6c60:00                 nop     
6c61:eb                 ex      de,hl
6c62:69                 ld      l,c
6c63:e7                 rst     20h
6c64:69                 ld      l,c
6c65:c9                 ret     
; ......................................................
6c66:                   db   8,0bh,17h
6c69:cd 5c 6d           call    6d5ch
6c6c:c9                 ret     
; ......................................................
6c6d:3a e4 69           ld      a,(69e4h)
6c70:47                 ld      b,a
6c71:c5                 push    bc
6c72:cd 92 6c           call    6c92h
6c75:c1                 pop     bc
6c76:3a 07 66           ld      a,(6607h)
6c79:fe 03              cp      3
6c7b:28 14              jr      z,6c91h
6c7d:fe 02              cp      2
6c7f:28 10              jr      z,6c91h
6c81:3a e6 69           ld      a,(69e6h)
6c84:cb 7f              bit     7,a
6c86:28 07              jr      z,6c8fh
6c88:3a e7 69           ld      a,(69e7h)
6c8b:fe 06              cp      6
6c8d:28 02              jr      z,6c91h
6c8f:10 e0              djnz    6c71h
6c91:c9                 ret     
; ......................................................
6c92:3e 00              ld      a,0
6c94:32 07 66           ld      (6607h),a
6c97:cd 6c 6a           call    6a6ch
6c9a:cd 9e 6d           call    6d9eh
6c9d:21 e6 69           ld      hl,69e6h
6ca0:cb 7e              bit     7,(hl)
6ca2:20 3a              jr      nz,6cdeh
6ca4:3a e6 69           ld      a,(69e6h)
6ca7:fe 04              cp      4
6ca9:20 0f              jr      nz,6cbah
6cab:cd 70 6a           call    6a70h
6cae:cd 9e 6d           call    6d9eh
6cb1:21 e6 69           ld      hl,69e6h
6cb4:cb 7e              bit     7,(hl)
6cb6:20 26              jr      nz,6cdeh
6cb8:18 ea              jr      6ca4h
; ......................................................
6cba:3a e6 69           ld      a,(69e6h)
6cbd:fe 06              cp      6
6cbf:20 07              jr      nz,6cc8h
6cc1:21 07 66           ld      hl,6607h
6cc4:36 03              ld      (hl),3
6cc6:18 13              jr      6cdbh
; ......................................................
6cc8:fe 0c              cp      0ch
6cca:20 0f              jr      nz,6cdbh
6ccc:2a ed 69           ld      hl,(69edh)
6ccf:23                 inc     hl
6cd0:23                 inc     hl
6cd1:7e                 ld      a,(hl)
6cd2:fe 40              cp      40h
6cd4:30 05              jr      nc,6cdbh
6cd6:21 07 66           ld      hl,6607h
6cd9:36 02              ld      (hl),2
6cdb:cd 8c 6a           call    6a8ch
6cde:c9                 ret     
; ......................................................
6cdf:cd 36 6a           call    6a36h
6ce2:06 02              ld      b,2
6ce4:18 1d              jr      6d03h
; ......................................................
6ce6:21 66 6c           ld      hl,6c66h
6ce9:22 bc 6d           ld      (6dbch),hl
6cec:21 03 00           ld      hl,3
6cef:22 be 6d           ld      (6dbeh),hl
6cf2:cd b6 6d           call    6db6h
6cf5:3a e6 69           ld      a,(69e6h)
6cf8:cb 7f              bit     7,a
6cfa:28 07              jr      z,6d03h
6cfc:3a e7 69           ld      a,(69e7h)
6cff:fe 06              cp      6
6d01:28 1f              jr      z,6d22h
6d03:cd d1 6d           call    6dd1h
6d06:3a e6 69           ld      a,(69e6h)
6d09:fe 02              cp      2
6d0b:28 17              jr      z,6d24h
6d0d:fe 0a              cp      0ah
6d0f:28 21              jr      z,6d32h
6d11:cb 7f              bit     7,a
6d13:28 2b              jr      z,6d40h
6d15:3a e7 69           ld      a,(69e7h)
6d18:fe 06              cp      6
6d1a:28 06              jr      z,6d22h
6d1c:fe 00              cp      0
6d1e:20 02              jr      nz,6d22h
6d20:10 c4              djnz    6ce6h
6d22:18 1c              jr      6d40h
; ......................................................
6d24:3a ea 69           ld      a,(69eah)
6d27:fe 17              cp      17h
6d29:20 07              jr      nz,6d32h
6d2b:cd 43 6a           call    6a43h
6d2e:06 01              ld      b,1
6d30:18 d1              jr      6d03h
; ......................................................
6d32:3a ea 69           ld      a,(69eah)
6d35:fe 03              cp      3
6d37:20 07              jr      nz,6d40h
6d39:21 07 66           ld      hl,6607h
6d3c:36 01              ld      (hl),1
6d3e:18 05              jr      6d45h
; ......................................................
6d40:21 07 66           ld      hl,6607h
6d43:36 00              ld      (hl),0
6d45:cd 68 6a           call    6a68h
6d48:c9                 ret     
; ......................................................
6d49:cd 36 6a           call    6a36h
6d4c:2a ed 69           ld      hl,(69edh)
6d4f:23                 inc     hl
6d50:22 ef 69           ld      (69efh),hl
6d53:21 ea 69           ld      hl,69eah
6d56:36 03              ld      (hl),3
6d58:cd d1 6d           call    6dd1h
6d5b:c9                 ret     
; ......................................................
6d5c:3a f7 fc           db   3ah,0f7h
6d5e:fc 32 8a           db   0fch
6d5f:32 8a 6d           db   32h,8ah
6d61:6d                 ld      l,l
6d62:3a e2 69           ld      a,(69e2h)
6d65:32 86 6d           ld      (6d86h),a
6d68:21 80 25           ld      hl,2580h
6d6b:af                 xor     a
6d6c:ed 4b f9 fc        ld      bc,(0fcf9h)
6d70:ed 42              sbc     hl,bc
6d72:38 03              jr      c,6d77h
6d74:3c                 inc     a
6d75:18 f9              jr      6d70h
; ......................................................
6d77:32 8b 6d           ld      (6d8bh),a
6d7a:21 80 6d           ld      hl,6d80h
6d7d:22 f3 69           ld      (69f3h),hl
6d80:d7                 rst     10h
6d81:08                 ex      af,af'
6d82:0b                 dec     bc
6d83:17                 rla     
6d84:14                 inc     d
6d85:6b                 ld      l,e
6d86:00                 nop
6d87:00                 nop     
6d88:00                 nop     
6d89:00                 nop     
6d8a:00                 nop     
6d8b:00                 nop     
6d8c:e7                 rst     20h
6d8d:69                 ld      l,c
6d8e:c9                 ret     
; ......................................................
6d8f:21 95 6d           ld      hl,6d95h
6d92:22 f3 69           ld      (69f3h),hl
6d95:d7                 rst     10h
6d96:08                 ex      af,af'
6d97:05                 dec     b
6d98:14                 inc     d
6d99:14                 inc     d
6d9a:6c                 ld      l,h
6d9b:e7                 rst     20h
6d9c:69                 ld      l,c
6d9d:c9                 ret     
; ......................................................
6d9e:ed 5b ed 69        ld      de,(69edh)
6da2:13                 inc     de
6da3:ed 53 bc 6d        ld      (6dbch),de
6da7:21 ff f5           ld      hl,0f5ffh
6daa:a7                 and     a
6dab:ed 52              sbc     hl,de
6dad:22 be 6d           ld      (6dbeh),hl
6db0:21 b6 6d           ld      hl,6db6h
6db3:22 f3 69           ld      (69f3h),hl
6db6:d7                 rst     10h
6db7:08                 ex      af,af'
6db8:0b                 dec     bc
6db9:17                 rla     
6dba:14                 inc     d
6dbb:f0                 ret     p
6dbc:00                 nop     
6dbd:00                 nop     
6dbe:00                 nop     
6dbf:00                 nop     
6dc0:e8                 ret     pe
6dc1:69                 ld      l,c
6dc2:e7                 rst     20h
6dc3:69                 ld      l,c
6dc4:2a e8 69           ld      hl,(69e8h)
6dc7:ed 5b ed 69        ld      de,(69edh)
6dcb:19                 add     hl,de
6dcc:23                 inc     hl
6dcd:22 eb 69           ld      (69ebh),hl
6dd0:c9                 ret     
; ......................................................
6dd1:ed 5b ed 69        ld      de,(69edh)
6dd5:13                 inc     de
6dd6:ed 53 03 6e        ld      (6e03h),de
6dda:2a ef 69           ld      hl,(69efh)
6ddd:22 eb 69           ld      (69ebh),hl
6de0:a7                 and     a
6de1:ed 52              sbc     hl,de
6de3:22 05 6e           ld      (6e05h),hl
6de6:3e fe              ld      a,0feh
6de8:32 02 6e           ld      (6e02h),a
6deb:3a ea 69           ld      a,(69eah)
6dee:fe 03              cp      3
6df0:28 05              jr      z,6df7h
6df2:3e ff              ld      a,0ffh
6df4:32 02 6e           ld      (6e02h),a
6df7:21 fd 6d           ld      hl,6dfdh
6dfa:22 f3 69           ld      (69f3h),hl
6dfd:d7                 rst     10h
6dfe:08                 ex      af,af'
6dff:09                 add     hl,bc
6e00:15                 dec     d
6e01:14                 inc     d
6e02:00                 nop     
6e03:00                 nop     
6e04:00                 nop     
6e05:00                 nop     
6e06:00                 nop     
6e07:e7                 rst     20h
6e08:69                 ld      l,c
6e09:c9                 ret     
; ......................................................
6e0a:22 db 69           ld      (69dbh),hl
6e0d:c9                 ret     
; ......................................................
6e0e:ed 5b 21 69        ld      de,(6921h)
6e12:2a 08 66           ld      hl,(6608h)
6e15:01 cc f2           ld      bc,0f2cch
6e18:a7                 and     a
6e19:ed 42              sbc     hl,bc
6e1b:38 10              jr      c,6e2dh
6e1d:28 0e              jr      z,6e2dh
6e1f:ed 4b ca f2        ld      bc,(0f2cah)
6e23:22 ca f2           ld      (0f2cah),hl
6e26:a7                 and     a
6e27:ed 42              sbc     hl,bc
6e29:28 0a              jr      z,6e35h
6e2b:18 06              jr      6e33h
; ......................................................
6e2d:21 01 00           ld      hl,1
6e30:22 ca f2           ld      (0f2cah),hl
6e33:18 68              jr      6e9dh
; ......................................................
6e35:3a c7 f2           ld      a,(0f2c7h)
6e38:fe 10              cp      10h
6e3a:3a 05 fc           ld      a,(0fc05h)
6e3d:20 21              jr      nz,6e60h
6e3f:21 11 6e           ld      hl,6e11h
6e42:cb 86              res     0,(hl)
6e44:cb 6f              bit     5,a
6e46:28 0c              jr      z,6e54h
6e48:21 66 6f           ld      hl,6f66h
6e4b:46                 ld      b,(hl)
6e4c:2a 68 6f           ld      hl,(6f68h)
6e4f:cd a2 6e           call    6ea2h
6e52:18 4a              jr      6e9eh
; ......................................................
6e54:21 67 6f           ld      hl,6f67h
6e57:46                 ld      b,(hl)
6e58:21 6a 6f           ld      hl,6f6ah
6e5b:cd a2 6e           call    6ea2h
6e5e:18 3e              jr      6e9eh
; ......................................................
6e60:cb 6f              bit     5,a
6e62:20 39              jr      nz,6e9dh
6e64:21 11 6e           ld      hl,6e11h
6e67:cb c6              set     0,(hl)
6e69:3a c7 f2           ld      a,(0f2c7h)
6e6c:01 08 01           ld      bc,108h
6e6f:b8                 cp      b
6e70:38 10              jr      c,6e82h
6e72:0c                 inc     c
6e73:b9                 cp      c
6e74:30 0c              jr      nc,6e82h
6e76:21 2e 6f           ld      hl,6f2eh
6e79:46                 ld      b,(hl)
6e7a:21 2f 6f           ld      hl,6f2fh
6e7d:cd a2 6e           call    6ea2h
6e80:18 1c              jr      6e9eh
; ......................................................
6e82:01 7c 41           ld      bc,417ch
6e85:b8                 cp      b
6e86:38 15              jr      c,6e9dh
6e88:0c                 inc     c
6e89:b9                 cp      c
6e8a:38 05              jr      c,6e91h
6e8c:06 7f              ld      b,7fh
6e8e:b8                 cp      b
6e8f:20 0c              jr      nz,6e9dh
6e91:21 f1 6e           ld      hl,6ef1h
6e94:46                 ld      b,(hl)
6e95:21 f2 6e           ld      hl,6ef2h
6e98:cd a2 6e           call    6ea2h
6e9b:18 01              jr      6e9eh
; ......................................................
6e9d:bf                 cp      a
6e9e:3a 11 6e           ld      a,(6e11h)
6ea1:c9                 ret     
; ......................................................
6ea2:e5                 push    hl
6ea3:c5                 push    bc
6ea4:3a c9 f2           ld      a,(0f2c9h)
6ea7:be                 cp      (hl)
6ea8:23                 inc     hl
6ea9:28 0c              jr      z,6eb7h
6eab:38 07              jr      c,6eb4h
6ead:be                 cp      (hl)
6eae:28 07              jr      z,6eb7h
6eb0:38 05              jr      c,6eb7h
6eb2:18 2e              jr      6ee2h
; ......................................................
6eb4:be                 cp      (hl)
6eb5:38 2b              jr      c,6ee2h
6eb7:23                 inc     hl
6eb8:af                 xor     a
6eb9:be                 cp      (hl)
6eba:28 06              jr      z,6ec2h
6ebc:3a cc f2           ld      a,(0f2cch)
6ebf:be                 cp      (hl)
6ec0:20 20              jr      nz,6ee2h
6ec2:23                 inc     hl
6ec3:ed 5b ca f2        ld      de,(0f2cah)
6ec7:46                 ld      b,(hl)
6ec8:23                 inc     hl
6ec9:7e                 ld      a,(hl)
6eca:4f                 ld      c,a
6ecb:cb 39              srl     c
6ecd:cb 39              srl     c
6ecf:cb 39              srl     c
6ed1:cb 39              srl     c
6ed3:e6 0f              and     0fh
6ed5:67                 ld      h,a
6ed6:68                 ld      l,b
6ed7:af                 xor     a
6ed8:47                 ld      b,a
6ed9:ed 52              sbc     hl,de
6edb:38 05              jr      c,6ee2h
6edd:eb                 ex      de,hl
6ede:ed 42              sbc     hl,bc
6ee0:30 0a              jr      nc,6eech
6ee2:c1                 pop     bc
6ee3:e1                 pop     hl
6ee4:11 05 00           ld      de,5
6ee7:19                 add     hl,de
6ee8:10 b8              djnz    6ea2h
6eea:bf                 cp      a
6eeb:c9                 ret     
; ......................................................
6eec:c1                 pop     bc
6eed:e1                 pop     hl
6eee:f6 01              or      1
6ef0:c9                 ret     
; ......................................................
6ef1:                   db   9,0ch,0ch,40h,1,10h,0ch,0ch,41h,11h,20h,0ch
6efd:                   db   0ch,42h,51h,20h,0dh,0dh,0,4,10h,10h,10h,41h
6f09:                   db   11h,20h,10h,10h,42h,51h,20h,11h,11h,0,1,10h
6f15:                   db   95h,95h,0,8,80h,10h,10h,43h,0,21h,42h,30h,0ah
6f22:                   db   0c1h,0e1h,11h,5,0,19h,10h,0b8h,0bfh,0c9h,0c1h
6f2d:                   db   0e1h,8,21h,21h,0,8,80h,6,6,0,40h,10h,8,9,0
6f3c:                   db   40h,10h,0bh,0ch,0,0,12h,12h,12h,0,0,12h,1ah
6f49:                   db   1ah,0,40h,10h,20h,20h,0,0,12h,22h,22h,0,44h
6f56:                   db   30h,8,80h,0cah,0f2h,22h,7bh,6fh,0afh,32h,77h
6f61:                   db   6fh,0ddh,8,21h,21h,3,6,7eh,6fh,5,5,0,1,10h
6f6f:                   db   7,7,0,1,10h,1,3,0,10h,10h,6,6,0,4,10h,4,4,0
6f81:                   db   40h,10h,6,6,4,1,10h,8,8,0,1,10h,0,0,0,0,0,0
6f93:                   db   0,0,0,0,0,0,0,0,0
6f9c:c0                 ret     nz
6f9d:cd aa 69           call    69aah
6fa0:df                 rst     18h
6fa1:00                 nop     
6fa2:01 08 cb           ld      bc,0cb08h
6fa5:a6                 and     (hl)
6fa6:c9                 ret     
; ......................................................
6fa7:                   db   0
6fa8:21 10 69           ld      hl,6910h
6fab:01 06 00           ld      bc,6
6fae:ed b0              ldir    
6fb0:d7                 rst     10h
6fb1:00                 nop     
6fb2:01 0a c9           ld      bc,0c90ah
6fb5:00                 nop     
6fb6:00                 nop     
6fb7:00                 nop     
6fb8:00                 nop     
6fb9:00                 nop     
6fba:00                 nop     
6fbb:00                 nop     
6fbc:00                 nop     
6fbd:00                 nop     
6fbe:00                 nop     
6fbf:00                 nop     
6fc0:00                 nop     
6fc1:00                 nop     
6fc2:23                 inc     hl
6fc3:7e                 ld      a,(hl)
6fc4:fe 06              cp      6
6fc6:c9                 ret     
; ......................................................
6fc7:21 07 66           ld      hl,6607h
6fca:3a 09 66           ld      a,(6609h)
6fcd:c9                 ret     
; ......................................................
6fce:3a 0d 66           ld      a,(660dh)
6fd1:cb 4f              bit     1,a
6fd3:c9                 ret     
; ......................................................
6fd4:                   db   36h,8
6fd6:cd af 69           call    69afh
6fd9:c3 57 67           jp      6757h
; ......................................................
6fdc:3a d7 69           ld      a,(69d7h)
6fdf:fe 04              cp      4
6fe1:ca 14 6b           jp      z,6b14h
6fe4:3a 09 66           ld      a,(6609h)
6fe7:c3 f8 6a           jp      6af8h
; ......................................................
6fea:78                 ld      a,b
6feb:fe 01              cp      1
6fed:ca 5e 6d           jp      z,6d5eh
6ff0:21 9b 6c           ld      hl,6c9bh
6ff3:c3 50 6d           jp      6d50h
; ......................................................
6ff6:                   db   0,0,0,0,0,0,0,0,0,0
