CONTEXT   0 241   0   3  72




7000:11 20 dc           ld      de,0dc20h
7003:f3                 di      
7004:3a e0 fc           ld      a,(0fce0h)
7007:cb 67              bit     4,a
7009:c0                 ret     nz
700a:c3 a4 8e           jp      8ea4h
; ......................................................
700d:cd 13 95           call    9513h
7010:ed 4b 20 9a        ld      bc,(9a20h)
7014:78                 ld      a,b
7015:b1                 or      c
7016:c0                 ret     nz
7017:21 00 97           ld      hl,9700h
701a:3a 02 fc           ld      a,(0fc02h)
701d:11 01 00           ld      de,1
7020:dd 21 3d 94        ld      ix,943dh
7024:cd 37 94           call    9437h
7027:7e                 ld      a,(hl)
7028:b7                 or      a
7029:c8                 ret     z
702a:3e 3e              ld      a,">"
702c:32 96 9a           ld      (9a96h),a
702f:c9                 ret     
; ......................................................
7030:3c                 inc     a
7031:fe 14              cp      14h
7033:c2 0a 51           jp      nz,510ah
7036:d7                 rst     10h
7037:01 80 00           ld      bc,80h
703a:00                 nop     
703b:00                 nop     
703c:00                 nop     
703d:00                 nop     
703e:00                 nop     
703f:00                 nop     
7040:3a e3 ff           ld      a,(0ffe3h)
7043:a7                 and     a
7044:c2 ec 8b           jp      nz,8bech
7047:7e                 ld      a,(hl)
7048:d6 05              sub     5
704a:d2 ec 8b           jp      nc,8bech
704d:c6 35              add     a,"5"
704f:e1                 pop     hl
7050:77                 ld      (hl),a
7051:c9                 ret     
; ......................................................
7052:                   db   0,0,0,0,0,0,0,0,0,0,0,0,0,0,0,0,0,0,0,0,0,0
7068:                   db   0,0,0,0,0,0,0,0,0,0,0,0,0,0,0,0,0,0,0,0,0,0
707e:                   db   0,0,0,0,0,0,0,0,0,0,0,0,0,0,0,0,0,0,0,0,0,0
7094:                   db   0,0,0,0,0,0,0,0,0,0,0,0,0,0,0,0,0,0,0,0,0,0
70aa:                   db   0,0,0,0,0,0,0,0,0,0,0,0,0,0,0,0,0,0,0,0,0,0
70c0:                   db   0,0,0,0,0,0,0,0,0,0,0,0,0,0,0,0,0,0,0,0,0,0
70d6:                   db   0,0,0,0,0,0,0,0,0,0,0,0,0,0,0,0,0,0,0,0,0,0
70ec:                   db   0,0,0,0,0,0,0,0,0,0,0,0,0,0,0,0,0,0,0,0,0,0
7102:                   db   0,0,0,0,0,0,0,0,0,0,0,0,0,0,0,0,0,0,0,0,0,0
7118:                   db   0,0,0,0,0,0,0,0,0,0,0,0,0,0,0,0,0,0,0,0,0,0
712e:                   db   0,0,0,0,0,0,0,0,0,0,0,0,0,0,0,0,0,0,0,0,0,0
7144:                   db   0,0,0,0,0,0,0,0,0,0,0,0,0,0,0,0,0,0,0,0,0,0
715a:                   db   0,0,0,0,0,0,0,0,0,0,0,0,0,0,0,0,0,0,0,0,0,0
7170:                   db   0,0,0,0,0,0,0,0,0,0,0,0,0,0,0,0,0,0,0,0,0,0
7186:                   db   0,0,0,0,0,0,0,0,0,0,0,0,0,0,0,0,0,0,0,0,0,0
719c:                   db   0,0,0,0,0,0,0,0,0,0,0,0,0,0,0,0,0,0,0,0,0,0
71b2:                   db   0,0,0,0,0,0,0,0,0,0,0,0,0,0,0,0,0,0,0,0,0,0
71c8:                   db   0,0,0,0,0,0,0,0,0,0,0,0,0,0,0,0,0,0,0,0,0,0
71de:                   db   0,0,0,0,0,0,0,0,0,0,0,0,0,0,0,0,0,0,0,0,0,0
71f4:                   db   0,0,0,0,0,0,0,0,0,0,0,0
7200:3e 04              ld      a,4
7202:32 f9 82           ld      (82f9h),a
7205:3a 00 8a           ld      a,(8a00h)
7208:32 92 99           ld      (9992h),a
720b:3d                 dec     a
720c:11 10 00           ld      de,10h
720f:2e 02              ld      l,2
7211:cd ce 73           call    73ceh
7214:11 5d fc           ld      de,0fc5dh
7217:19                 add     hl,de
7218:22 80 99           ld      (9980h),hl
721b:3e 0a              ld      a,0ah
721d:cd d5 7b           call    7bd5h
7220:5e                 ld      e,(hl)
7221:23                 inc     hl
7222:56                 ld      d,(hl)
7223:ed 53 93 99        ld      (9993h),de
7227:cd b4 81           call    81b4h
722a:3a 02 8a           ld      a,(8a02h)
722d:fe 01              cp      1
722f:20 35              jr      nz,7266h
7231:2a 80 99           ld      hl,(9980h)
7234:11 05 8a           ld      de,8a05h
7237:01 03 00           ld      bc,3
723a:cb f6              set     6,(hl)
723c:eb                 ex      de,hl
723d:13                 inc     de
723e:ed b0              ldir    
7240:dd 21 d4 72        ld      ix,72d4h
7244:fd 21 09 0d        ld      iy,0d09h
7248:11 01 00           ld      de,1
724b:01 03 01           ld      bc,103h
724e:21 05 8a           ld      hl,8a05h
7251:cd d6 73           call    73d6h
7254:ca 7b 83           jp      z,837bh
7257:23                 inc     hl
7258:23                 inc     hl
7259:23                 inc     hl
725a:11 49 73           ld      de,7349h
725d:01 0a 00           ld      bc,0ah
7260:ed b0              ldir    
7262:af                 xor     a
7263:32 82 99           ld      (9982h),a
7266:3a 02 8a           ld      a,(8a02h)
7269:47                 ld      b,a
726a:3a 01 8a           ld      a,(8a01h)
726d:fe ff              cp      0ffh
726f:78                 ld      a,b
7270:28 01              jr      z,7273h
7272:3d                 dec     a
7273:cd a0 83           call    83a0h
7276:00                 nop     
7277:cd d5 7b           call    7bd5h
727a:5e                 ld      e,(hl)
727b:23                 inc     hl
727c:56                 ld      d,(hl)
727d:eb                 ex      de,hl
727e:e9                 jp      (hl)
; ......................................................
727f:2a 49 73           ld      hl,(7349h)
7282:cd 48 7b           call    7b48h
7285:c2 8c 82           jp      nz,828ch
7288:cd 7d 81           call    817dh
728b:f3                 di      
728c:af                 xor     a
728d:32 00 8a           ld      (8a00h),a
7290:c3 e6 73           jp      73e6h
; ......................................................
7293:cd bd 81           call    81bdh
7296:18 f3              jr      728bh
; ......................................................
7298:1a                 ld      a,(de)
7299:01 e1 00           ld      bc,0e1h
729c:fb                 ei      
729d:0f                 rrca    
729e:0a                 ld      a,(bc)
729f:01 25 00           ld      bc,25h
72a2:d7                 rst     10h
72a3:00                 nop     
72a4:0a                 ld      a,(bc)
72a5:01 fc 00           ld      bc,0fch
72a8:f5                 push    af
72a9:00                 nop     
72aa:1a                 ld      a,(de)
72ab:01 56 00           ld      bc,56h
72ae:8b                 adc     a,e
72af:00                 nop     
72b0:10 01              djnz    72b3h
72b2:d4 01 83           call    nc,8301h
72b5:                   db   9,0ah
72b7:01 f1 01           ld      bc,1f1h
72ba:eb                 ex      de,hl
72bb:00                 nop     
72bc:0b                 dec     bc
72bd:01 dc 00           ld      bc,0dch
72c0:3b                 dec     sp
72c1:01 0c 01           ld      bc,10ch
72c4:17                 rla     
72c5:00                 nop     
72c6:96                 sub     (hl)
72c7:01 2c 01           ld      bc,12ch
72ca:64                 ld      h,h
72cb:00                 nop     
72cc:fd 00              nop     
72ce:00                 nop     
72cf:00                 nop     
72d0:00                 nop     
72d1:00                 nop     
72d2:00                 nop     
72d3:00                 nop     
72d4:92                 sub     d
72d5:31 34 aa           ld      sp,0aa34h
72d8:72                 ld      (hl),d
72d9:7f                 ld      a,a
72da:72                 ld      (hl),d
72db:90                 sub     b
72dc:3e a5              ld      a,0a5h
72de:3e 7b              ld      a,"{"
72e0:83                 add     a,e
72e1:92                 sub     d
72e2:31 35 9e           ld      sp,9e35h
72e5:72                 ld      (hl),d
72e6:7f                 ld      a,a
72e7:72                 ld      (hl),d
72e8:4e                 ld      c,(hl)
72e9:74                 ld      (hl),h
72ea:ba                 cp      d
72eb:74                 ld      (hl),h
72ec:7b                 ld      a,e
72ed:83                 add     a,e
72ee:92                 sub     d
72ef:31 36 aa           ld      sp,0aa36h
72f2:72                 ld      (hl),d
72f3:7f                 ld      a,a
72f4:72                 ld      (hl),d
72f5:ef                 rst     28h
72f6:74                 ld      (hl),h
72f7:7b                 ld      a,e
72f8:83                 add     a,e
72f9:7b                 ld      a,e
72fa:83                 add     a,e
72fb:92                 sub     d
72fc:31 37 a4           ld      sp,0a437h
72ff:72                 ld      (hl),d
7300:7f                 ld      a,a
7301:72                 ld      (hl),d
7302:75                 ld      (hl),l
7303:75                 ld      (hl),l
7304:7b                 ld      a,e
7305:83                 add     a,e
7306:65                 ld      h,l
7307:75                 ld      (hl),l
7308:92                 sub     d
7309:32 30 b6           ld      (0b630h),a
730c:72                 ld      (hl),d
730d:7f                 ld      a,a
730e:72                 ld      (hl),d
730f:d1                 pop     de
7310:76                 halt    
7311:7b                 ld      a,e
7312:83                 add     a,e
7313:7b                 ld      a,e
7314:83                 add     a,e
7315:92                 sub     d
7316:32 31 bc           ld      (0bc31h),a
7319:72                 ld      (hl),d
731a:7f                 ld      a,a
731b:72                 ld      (hl),d
731c:5b                 ld      e,e
731d:77                 ld      (hl),a
731e:7b                 ld      a,e
731f:83                 add     a,e
7320:7b                 ld      a,e
7321:83                 add     a,e
7322:92                 sub     d
7323:32 32 c2           ld      (0c232h),a
7326:72                 ld      (hl),d
7327:7f                 ld      a,a
7328:72                 ld      (hl),d
7329:50                 ld      d,b
732a:78                 ld      a,b
732b:7b                 ld      a,e
732c:83                 add     a,e
732d:7b                 ld      a,e
732e:83                 add     a,e
732f:92                 sub     d
7330:30 36              jr      nc,7368h
7332:aa                 xor     d
7333:72                 ld      (hl),d
7334:57                 ld      d,a
7335:79                 ld      a,c
7336:5b                 ld      e,e
7337:79                 ld      a,c
7338:7b                 ld      a,e
7339:83                 add     a,e
733a:7b                 ld      a,e
733b:83                 add     a,e
733c:92                 sub     d
733d:34                 inc     (hl)
733e:32 c8 72           ld      (72c8h),a
7341:7f                 ld      a,a
7342:72                 ld      (hl),d
7343:7b                 ld      a,e
7344:7a                 ld      a,d
7345:7b                 ld      a,e
7346:83                 add     a,e
7347:7b                 ld      a,e
7348:83                 add     a,e
7349:00                 nop     
734a:00                 nop     
734b:00                 nop     
734c:00                 nop     
734d:00                 nop     
734e:00                 nop     
734f:00                 nop     
7350:00                 nop     
7351:00                 nop     
7352:00                 nop     
7353:32 30 30           ld      (3030h),a
7356:20 32              jr      nz,738ah
7358:30 31              jr      nc,738bh
735a:32 30 32           ld      (3230h),a
735d:32 30 34           ld      (3430h),a
7360:20 32              jr      nz,7394h
7362:30 36              jr      nc,739ah
7364:20 32              jr      nz,7398h
7366:30 38              jr      nc,73a0h
7368:32 31 30           ld      (3031h),a
736b:32 31 32           ld      (3231h),a
736e:32 31 35           ld      (3531h),a
7371:32 32 31           ld      (3132h),a
7374:32 32 33           ld      (3332h),a
7377:32 32 34           ld      (3432h),a
737a:32 34 39           ld      (3934h),a
737d:32 35 30           ld      (3035h),a
7380:32 35 31           ld      (3135h),a
7383:32 36 34           ld      (3436h),a
7386:32 37 33           ld      (3337h),a
7389:32 37 34           db   "2"
738a:37                 scf     
738b:34                 inc     (hl)
738c:0a                 ld      a,(bc)
738d:40                 ld      b,b
738e:32 38 30           ld      (3038h),a
7391:32 39 39           ld      (3939h),a
7394:53                 ld      d,e
7395:59                 ld      e,c
7396:53                 ld      d,e
7397:31 3a 92           db   "1"
7398:3a 92 99           db   ":"
7399:                   db   92h
739a:99                 sbc     a,c
739b:06 01              ld      b,1
739d:32 b4 73           ld      (73b4h),a
73a0:78                 ld      a,b
73a1:32 ae 73           ld      (73aeh),a
73a4:06 ff              ld      b,0ffh
73a6:cd bf 73           call    73bfh
73a9:d7                 rst     10h
73aa:08                 ex      af,af'
73ab:0b                 dec     bc
73ac:37                 scf     
73ad:13                 inc     de
73ae:01 00 00           ld      bc,0
73b1:00                 nop     
73b2:00                 nop     
73b3:00                 nop     
73b4:00                 nop     
73b5:8f                 adc     a,a
73b6:99                 sbc     a,c
73b7:3a 8f 99           ld      a,(998fh)
73ba:a7                 and     a
73bb:c8                 ret     z
73bc:10 e8              djnz    73a6h
73be:c9                 ret     
; ......................................................
73bf:d7                 rst     10h
73c0:03                 inc     bc
73c1:03                 inc     bc
73c2:04                 inc     b
73c3:0a                 ld      a,(bc)
73c4:00                 nop     
73c5:c9                 ret     
; ......................................................
73c6:cd 6b 06           call    66bh
73c9:cd ef 34           call    34efh
73cc:ef                 rst     28h
73cd:c9                 ret     
; ......................................................
73ce:cd 69 06           call    669h
73d1:cd ad 34           call    34adh
73d4:ef                 rst     28h
73d5:c9                 ret     
; ......................................................
73d6:cd 6f 06           call    66fh
73d9:cd 86 36           call    3686h
73dc:ef                 rst     28h
73dd:c9                 ret     
; ......................................................
73de:cd 67 06           call    667h
73e1:cd 70 34           call    3470h
73e4:ef                 rst     28h
73e5:c9                 ret     
; ......................................................
73e6:cd 38 7d           call    7d38h
73e9:d7                 rst     10h
73ea:01 80 3a           db   1,80h
73ec:3a 02 fc           db   ":"
73ed:02                 ld      (bc),a
73ee:fc 18 03           db   0fch
73ef:18 03              jr      73f4h
; ......................................................
73f1:3a 01 fc           ld      a,(0fc01h)
73f4:ed 43 96 99        ld      (9996h),bc
73f8:21 00 9a           ld      hl,9a00h
73fb:22 0b 74           ld      (740bh),hl
73fe:dd 21 05 74        ld      ix,7405h
7402:cd de 73           call    73deh
7405:d7                 rst     10h
7406:08                 ex      af,af'
7407:0b                 dec     bc
7408:17                 rla     
7409:00                 nop     
740a:00                 nop     
740b:00                 nop     
740c:00                 nop     
740d:00                 nop     
740e:00                 nop     
740f:00                 nop     
7410:00                 nop     
7411:8f                 adc     a,a
7412:99                 sbc     a,c
7413:cd bf 73           call    73bfh
7416:3a 8f 99           ld      a,(998fh)
7419:a7                 and     a
741a:c9                 ret     
; ......................................................
741b:cd 71 06           call    671h
741e:cd 50 37           call    3750h
7421:ef                 rst     28h
7422:d7                 rst     10h
7423:00                 nop     
7424:01 0b c9           ld      bc,0c90bh
7427:cd 73 06           call    673h
742a:cd b0 37           call    37b0h
742d:ef                 rst     28h
742e:d7                 rst     10h
742f:00                 nop     
7430:01 0b c9           ld      bc,0c90bh
7433:3a 01 fc           ld      a,(0fc01h)
7436:e6 0f              and     0fh
7438:c6 18              add     a,18h
743a:32 41 74           ld      (7441h),a
743d:d7                 rst     10h
743e:08                 ex      af,af'
743f:0c                 inc     c
7440:3f                 ccf     
7441:00                 nop     
7442:02                 ld      (bc),a
7443:00                 nop     
7444:9a                 sbc     a,d
7445:01 00 07           ld      bc,700h
7448:00                 nop     
7449:8f                 adc     a,a
744a:99                 sbc     a,c
744b:00                 nop     
744c:18 c5              jr      7413h
; ......................................................
744e:cd f3 7b           call    7bf3h
7451:32 86 99           ld      (9986h),a
7454:cd aa 81           call    81aah
7457:c2 a2 82           jp      nz,82a2h
745a:cd 01 7c           call    7c01h
745d:c2 90 82           jp      nz,8290h
7460:cd 0f 7c           call    7c0fh
7463:3e 01              ld      a,1
7465:ca 38 83           jp      z,8338h
7468:dd 21 08 8a        ld      ix,8a08h
746c:cd f7 7b           call    7bf7h
746f:32 87 99           ld      (9987h),a
7472:cd 0f 7c           call    7c0fh
7475:28 14              jr      z,748bh
7477:cd f9 7d           call    7df9h
747a:3e 02              ld      a,2
747c:c2 b6 82           jp      nz,82b6h
747f:2a 84 99           ld      hl,(9984h)
7482:cb 76              bit     6,(hl)
7484:28 05              jr      z,748bh
7486:cb 6e              bit     5,(hl)
7488:ca 3d 83           jp      z,833dh
748b:21 98 72           ld      hl,7298h
748e:cd 44 7b           call    7b44h
7491:c2 8c 82           jp      nz,828ch
7494:cd 01 7c           call    7c01h
7497:c2 90 82           jp      nz,8290h
749a:3a 86 99           ld      a,(9986h)
749d:32 83 99           ld      (9983h),a
74a0:cd 0f 7c           call    7c0fh
74a3:cd cb 7e           call    7ecbh
74a6:cd 1c 7f           call    7f1ch
74a9:11 05 8a           ld      de,8a05h
74ac:21 89 00           ld      hl,89h
74af:3e 82              ld      a,82h
74b1:cd e6 7b           call    7be6h
74b4:c2 ae 82           jp      nz,82aeh
74b7:c3 88 72           jp      7288h
; ......................................................
74ba:cd f3 7b           call    7bf3h
74bd:cd 0f 7c           call    7c0fh
74c0:cd 08 7f           call    7f08h
74c3:c2 d1 82           jp      nz,82d1h
74c6:cd 22 7d           call    7d22h
74c9:cd 01 7c           call    7c01h
74cc:c2 90 82           jp      nz,8290h
74cf:cd f9 7d           call    7df9h
74d2:20 03              jr      nz,74d7h
74d4:cd 42 7e           call    7e42h
74d7:cd 4d 82           call    824dh
74da:cd 45 82           call    8245h
74dd:cd d0 80           call    80d0h
74e0:2a 90 99           ld      hl,(9990h)
74e3:cd 45 82           call    8245h
74e6:cd fa 80           call    80fah
74e9:c2 ae 82           jp      nz,82aeh
74ec:c3 d1 3e           jp      3ed1h
; ......................................................
74ef:cd 22 7d           call    7d22h
74f2:cd f3 7b           call    7bf3h
74f5:cd 01 7c           call    7c01h
74f8:c2 90 82           jp      nz,8290h
74fb:cd 0f 7c           call    7c0fh
74fe:ca 70 83           jp      z,8370h
7501:2a 84 99           ld      hl,(9984h)
7504:cb 6e              bit     5,(hl)
7506:20 10              jr      nz,7518h
7508:e5                 push    hl
7509:2a 90 99           ld      hl,(9990h)
750c:7e                 ld      a,(hl)
750d:e1                 pop     hl
750e:cb 77              bit     6,a
7510:c2 3a 75           jp      nz,753ah
7513:cb 5f              bit     3,a
7515:c2 3a 75           jp      nz,753ah
7518:e5                 push    hl
7519:cd 42 7e           call    7e42h
751c:e1                 pop     hl
751d:36 00              ld      (hl),0
751f:cd d0 80           call    80d0h
7522:2a 90 99           ld      hl,(9990h)
7525:36 00              ld      (hl),0
7527:cd fa 80           call    80fah
752a:c2 ae 82           jp      nz,82aeh
752d:cd da 7b           call    7bdah
7530:c2 ae 82           jp      nz,82aeh
7533:af                 xor     a
7534:32 82 99           ld      (9982h),a
7537:c3 88 72           jp      7288h
; ......................................................
753a:cb 57              bit     2,a
753c:ca 3d 83           jp      z,833dh
753f:3a 82 99           ld      a,(9982h)
7542:fe 03              cp      3
7544:28 13              jr      z,7559h
7546:3a 83 99           ld      a,(9983h)
7549:32 95 99           ld      (9995h),a
754c:3e 03              ld      a,3
754e:32 82 99           ld      (9982h),a
7551:3e 01              ld      a,1
7553:21 86 73           ld      hl,7386h
7556:c3 b9 82           jp      82b9h
; ......................................................
7559:3a 83 99           ld      a,(9983h)
755c:47                 ld      b,a
755d:3a 95 99           ld      a,(9995h)
7560:b8                 cp      b
7561:28 b5              jr      z,7518h
7563:18 e1              jr      7546h
; ......................................................
7565:3a 05 8a           ld      a,(8a05h)
7568:fe 84              cp      84h
756a:ca 64 76           jp      z,7664h
756d:fe 83              cp      83h
756f:ca 72 76           jp      z,7672h
7572:c3 7b 83           jp      837bh
; ......................................................
7575:3a 01 8a           ld      a,(8a01h)
7578:fe ff              cp      0ffh
757a:20 0b              jr      nz,7587h
757c:21 08 8a           ld      hl,8a08h
757f:11 05 8a           ld      de,8a05h
7582:01 03 00           ld      bc,3
7585:ed b0              ldir    
7587:01 0c 00           ld      bc,0ch
758a:11 01 00           ld      de,1
758d:cd f1 73           call    73f1h
7590:c2 90 82           jp      nz,8290h
7593:21 14 9a           ld      hl,9a14h
7596:11 7d 76           ld      de,767dh
7599:01 04 00           ld      bc,4
759c:ed b0              ldir    
759e:cd f3 7b           call    7bf3h
75a1:a7                 and     a
75a2:20 0f              jr      nz,75b3h
75a4:3e 41              ld      a,"A"
75a6:32 83 99           ld      (9983h),a
75a9:32 86 99           ld      (9986h),a
75ac:3e 84              ld      a,84h
75ae:32 05 8a           ld      (8a05h),a
75b1:18 10              jr      75c3h
; ......................................................
75b3:3a 83 99           ld      a,(9983h)
75b6:d6 41              sub     "A"
75b8:21 21 fc           ld      hl,0fc21h
75bb:cd d5 7b           call    7bd5h
75be:cb 7e              bit     7,(hl)
75c0:ca a6 76           jp      z,76a6h
75c3:21 21 fc           ld      hl,0fc21h
75c6:06 3c              ld      b,"<"
75c8:cb 7e              bit     7,(hl)
75ca:20 11              jr      nz,75ddh
75cc:23                 inc     hl
75cd:10 f9              djnz    75c8h
75cf:3a 01 8a           ld      a,(8a01h)
75d2:fe ff              cp      0ffh
75d4:ca ae 76           jp      z,76aeh
75d7:11 5d 73           ld      de,735dh
75da:c3 a8 82           jp      82a8h
; ......................................................
75dd:3a 01 8a           ld      a,(8a01h)
75e0:fe ff              cp      0ffh
75e2:28 09              jr      z,75edh
75e4:21 b0 72           ld      hl,72b0h
75e7:cd 44 7b           call    7b44h
75ea:c2 8c 82           jp      nz,828ch
75ed:cd 01 7c           call    7c01h
75f0:c2 90 82           jp      nz,8290h
75f3:cd 0f 7c           call    7c0fh
75f6:28 60              jr      z,7658h
75f8:3a 83 99           ld      a,(9983h)
75fb:32 86 99           ld      (9986h),a
75fe:cd cb 7e           call    7ecbh
7601:cd 1c 7f           call    7f1ch
7604:2a 90 99           ld      hl,(9990h)
7607:11 8e 8a           ld      de,8a8eh
760a:cd a6 83           call    83a6h
760d:cb 76              bit     6,(hl)
760f:06 20              ld      b," "
7611:78                 ld      a,b
7612:28 03              jr      z,7617h
7614:3a 7d 76           ld      a,(767dh)
7617:12                 ld      (de),a
7618:13                 inc     de
7619:cb 6e              bit     5,(hl)
761b:78                 ld      a,b
761c:28 03              jr      z,7621h
761e:3a 7e 76           ld      a,(767eh)
7621:12                 ld      (de),a
7622:13                 inc     de
7623:cb 66              bit     4,(hl)
7625:78                 ld      a,b
7626:28 03              jr      z,762bh
7628:3a 7f 76           ld      a,(767fh)
762b:12                 ld      (de),a
762c:13                 inc     de
762d:cb 76              bit     6,(hl)
762f:78                 ld      a,b
7630:28 07              jr      z,7639h
7632:cb 56              bit     2,(hl)
7634:20 03              jr      nz,7639h
7636:3a 80 76           ld      a,(7680h)
7639:12                 ld      (de),a
763a:3a 01 8a           ld      a,(8a01h)
763d:fe ff              cp      0ffh
763f:28 40              jr      z,7681h
7641:11 05 8a           ld      de,8a05h
7644:21 8e 00           ld      hl,8eh
7647:3e 82              ld      a,82h
7649:cd e6 7b           call    7be6h
764c:c2 ae 82           jp      nz,82aeh
764f:cd cb 81           call    81cbh
7652:c2 ae 82           jp      nz,82aeh
7655:c3 88 72           jp      7288h
; ......................................................
7658:3a 05 8a           ld      a,(8a05h)
765b:fe 83              cp      83h
765d:28 13              jr      z,7672h
765f:fe 84              cp      84h
7661:c2 a6 76           jp      nz,76a6h
7664:3a 83 99           ld      a,(9983h)
7667:3c                 inc     a
7668:fe 7d              cp      "}"
766a:ca 4f 83           jp      z,834fh
766d:32 83 99           ld      (9983h),a
7670:18 81              jr      75f3h
; ......................................................
7672:3a 83 99           ld      a,(9983h)
7675:3d                 dec     a
7676:fe 40              cp      "@"
7678:ca 66 83           jp      z,8366h
767b:18 f0              jr      766dh
; ......................................................
767d:                   db   0,0,0,0
7681:cd 7d 82           call    827dh
7684:c2 93 72           jp      nz,7293h
7687:21 a0 76           ld      hl,76a0h
768a:01 06 00           ld      bc,6
768d:ed b0              ldir    
768f:21 05 8a           ld      hl,8a05h
7692:01 8e 00           ld      bc,8eh
7695:ed b0              ldir    
7697:c3 da 3e           jp      3edah
; ......................................................
769a:10 00              djnz    769ch
769c:06 01              ld      b,1
769e:00                 nop     
769f:81                 add     a,c
76a0:10 00              djnz    76a2h
76a2:06 8f              ld      b,8fh
76a4:00                 nop     
76a5:01 3a 01           db   1
76a6:3a 01 8a           db   ":"
76a7:                   db   1
76a8:8a                 adc     a,d
76a9:fe ff              cp      0ffh
76ab:c2 38 83           jp      nz,8338h
76ae:cd 7d 82           call    827dh
76b1:c2 93 72           jp      nz,7293h
76b4:21 9a 76           ld      hl,769ah
76b7:11 20 dc           ld      de,0dc20h
76ba:01 06 00           ld      bc,6
76bd:ed b0              ldir    
76bf:2a 4b 73           ld      hl,(734bh)
76c2:01 5b 79           ld      bc,795bh
76c5:ed 42              sbc     hl,bc
76c7:c2 93 72           jp      nz,7293h
76ca:1b                 dec     de
76cb:3e 82              ld      a,82h
76cd:12                 ld      (de),a
76ce:c3 93 72           jp      7293h
; ......................................................
76d1:cd 42 80           call    8042h
76d4:cd 01 7c           call    7c01h
76d7:c2 90 82           jp      nz,8290h
76da:af                 xor     a
76db:32 82 99           ld      (9982h),a
76de:cd 0f 7c           call    7c0fh
76e1:20 09              jr      nz,76ech
76e3:3a 88 99           ld      a,(9988h)
76e6:a7                 and     a
76e7:28 41              jr      z,772ah
76e9:c3 70 83           jp      8370h
; ......................................................
76ec:2a 90 99           ld      hl,(9990h)
76ef:7e                 ld      a,(hl)
76f0:cb 77              bit     6,a
76f2:28 11              jr      z,7705h
76f4:cb 5f              bit     3,a
76f6:20 57              jr      nz,774fh
76f8:cb 57              bit     2,a
76fa:28 09              jr      z,7705h
76fc:3a 88 99           ld      a,(9988h)
76ff:a7                 and     a
7700:c2 f7 77           jp      nz,77f7h
7703:18 25              jr      772ah
; ......................................................
7705:2a 84 99           ld      hl,(9984h)
7708:cb 6e              bit     5,(hl)
770a:20 1e              jr      nz,772ah
770c:cb 76              bit     6,(hl)
770e:28 08              jr      z,7718h
7710:e5                 push    hl
7711:cd 44 81           call    8144h
7714:e1                 pop     hl
7715:c2 ae 82           jp      nz,82aeh
7718:cb ee              set     5,(hl)
771a:cd 0a 7c           call    7c0ah
771d:20 1b              jr      nz,773ah
771f:2a 90 99           ld      hl,(9990h)
7722:cb ee              set     5,(hl)
7724:cd 74 82           call    8274h
7727:c2 ae 82           jp      nz,82aeh
772a:3a 88 99           ld      a,(9988h)
772d:a7                 and     a
772e:28 03              jr      z,7733h
7730:c3 2d 75           jp      752dh
; ......................................................
7733:cd 7c 80           call    807ch
7736:28 f8              jr      z,7730h
7738:18 a4              jr      76deh
; ......................................................
773a:f5                 push    af
773b:cd 57 81           call    8157h
773e:20 07              jr      nz,7747h
7740:f1                 pop     af
7741:32 8f 99           ld      (998fh),a
7744:c3 90 82           jp      8290h
; ......................................................
7747:f1                 pop     af
7748:3e ff              ld      a,0ffh
774a:32 8f 99           ld      (998fh),a
774d:18 d8              jr      7727h
; ......................................................
774f:3a 88 99           ld      a,(9988h)
7752:a7                 and     a
7753:21 80 73           ld      hl,7380h
7756:c2 3b 83           jp      nz,833bh
7759:18 d8              jr      7733h
; ......................................................
775b:cd 42 80           call    8042h
775e:cd 01 7c           call    7c01h
7761:c2 90 82           jp      nz,8290h
7764:3a 88 99           ld      a,(9988h)
7767:a7                 and     a
7768:ca 07 78           jp      z,7807h
776b:cd 0f 7c           call    7c0fh
776e:ca fd 77           jp      z,77fdh
7771:2a 90 99           ld      hl,(9990h)
7774:cb 76              bit     6,(hl)
7776:28 62              jr      z,77dah
7778:cb 56              bit     2,(hl)
777a:20 74              jr      nz,77f0h
777c:2a 84 99           ld      hl,(9984h)
777f:cb 66              bit     4,(hl)
7781:20 63              jr      nz,77e6h
7783:e5                 push    hl
7784:cd 57 81           call    8157h
7787:e1                 pop     hl
7788:c2 ae 82           jp      nz,82aeh
778b:cb ae              res     5,(hl)
778d:cd 0a 7c           call    7c0ah
7790:c2 49 78           jp      nz,7849h
7793:2a 90 99           ld      hl,(9990h)
7796:cb ae              res     5,(hl)
7798:cb 76              bit     6,(hl)
779a:28 2e              jr      z,77cah
779c:06 40              ld      b,40h
779e:3a 05 fc           ld      a,(0fc05h)
77a1:e6 2c              and     2ch
77a3:20 0f              jr      nz,77b4h
77a5:3a e0 fc           ld      a,(0fce0h)
77a8:cb 67              bit     4,a
77aa:28 08              jr      z,77b4h
77ac:3a fc fc           ld      a,(0fcfch)
77af:cb 4f              bit     1,a
77b1:20 17              jr      nz,77cah
77b3:04                 inc     b
77b4:cd 62 81           call    8162h
77b7:c2 ae 82           jp      nz,82aeh
77ba:3a fc fc           ld      a,(0fcfch)
77bd:cb 57              bit     2,a
77bf:06 40              ld      b,40h
77c1:20 01              jr      nz,77c4h
77c3:04                 inc     b
77c4:cd 5e 81           call    815eh
77c7:c2 ae 82           jp      nz,82aeh
77ca:cd 74 82           call    8274h
77cd:c2 ae 82           jp      nz,82aeh
77d0:3a 88 99           ld      a,(9988h)
77d3:fe 01              cp      1
77d5:28 08              jr      z,77dfh
77d7:c3 30 77           jp      7730h
; ......................................................
77da:2a 84 99           ld      hl,(9984h)
77dd:18 ac              jr      778bh
; ......................................................
77df:cd 7c 80           call    807ch
77e2:28 f3              jr      z,77d7h
77e4:18 85              jr      776bh
; ......................................................
77e6:3a 88 99           ld      a,(9988h)
77e9:fe 01              cp      1
77eb:28 f2              jr      z,77dfh
77ed:c3 45 83           jp      8345h
; ......................................................
77f0:3a 88 99           ld      a,(9988h)
77f3:fe 01              cp      1
77f5:28 e8              jr      z,77dfh
77f7:21 86 73           ld      hl,7386h
77fa:c3 3b 83           jp      833bh
; ......................................................
77fd:3a 88 99           ld      a,(9988h)
7800:fe 01              cp      1
7802:28 db              jr      z,77dfh
7804:c3 38 83           jp      8338h
; ......................................................
7807:cd bd 7e           call    7ebdh
780a:21 09 8a           ld      hl,8a09h
780d:22 89 99           ld      (9989h),hl
7810:3e 40              ld      a,40h
7812:32 83 99           ld      (9983h),a
7815:cd 7c 80           call    807ch
7818:28 11              jr      z,782bh
781a:cd 0f 7c           call    7c0fh
781d:28 f6              jr      z,7815h
781f:2a 84 99           ld      hl,(9984h)
7822:cb 6e              bit     5,(hl)
7824:28 ef              jr      z,7815h
7826:cd 54 80           call    8054h
7829:18 ea              jr      7815h
; ......................................................
782b:cd 38 7d           call    7d38h
782e:21 89 73           ld      hl,7389h
7831:11 05 8a           ld      de,8a05h
7834:d5                 push    de
7835:01 04 00           ld      bc,4
7838:ed b0              ldir    
783a:d1                 pop     de
783b:21 f4 00           ld      hl,0f4h
783e:3e 97              ld      a,97h
7840:cd e6 7b           call    7be6h
7843:c2 ae 82           jp      nz,82aeh
7846:c3 2d 75           jp      752dh
; ......................................................
7849:f5                 push    af
784a:cd 44 81           call    8144h
784d:c3 3e 77           jp      773eh
; ......................................................
7850:af                 xor     a
7851:32 82 99           ld      (9982h),a
7854:cd 42 80           call    8042h
7857:3a 88 99           ld      a,(9988h)
785a:a7                 and     a
785b:28 04              jr      z,7861h
785d:fe 01              cp      1
785f:20 05              jr      nz,7866h
7861:3e 41              ld      a,41h
7863:32 83 99           ld      (9983h),a
7866:cd aa 81           call    81aah
7869:c2 a2 82           jp      nz,82a2h
786c:cd 05 82           call    8205h
786f:c2 d1 82           jp      nz,82d1h
7872:21 08 8a           ld      hl,8a08h
7875:01 04 00           ld      bc,4
7878:11 8b 99           ld      de,998bh
787b:ed b0              ldir    
787d:cd bd 7e           call    7ebdh
7880:21 09 8a           ld      hl,8a09h
7883:22 89 99           ld      (9989h),hl
7886:cd 01 7c           call    7c01h
7889:c2 90 82           jp      nz,8290h
788c:cd 0f 7c           call    7c0fh
788f:ca 30 79           jp      z,7930h
7892:3a 88 99           ld      a,(9988h)
7895:a7                 and     a
7896:28 18              jr      z,78b0h
7898:2a 90 99           ld      hl,(9990h)
789b:cb 5e              bit     3,(hl)
789d:28 11              jr      z,78b0h
789f:cd 74 80           call    8074h
78a2:ca 47 79           jp      z,7947h
78a5:fe 01              cp      1
78a7:ca 47 79           jp      z,7947h
78aa:21 80 73           ld      hl,7380h
78ad:c3 3b 83           jp      833bh
; ......................................................
78b0:af                 xor     a
78b1:32 9b 99           ld      (999bh),a
78b4:2a 84 99           ld      hl,(9984h)
78b7:23                 inc     hl
78b8:e5                 push    hl
78b9:dd e1              pop     ix
78bb:21 08 04           ld      hl,408h
78be:e5                 push    hl
78bf:fd e1              pop     iy
78c1:11 01 00           ld      de,1
78c4:01 04 01           ld      bc,104h
78c7:21 8b 99           ld      hl,998bh
78ca:cd d6 73           call    73d6h
78cd:ca 4f 79           jp      z,794fh
78d0:3e 03              ld      a,3
78d2:32 82 99           ld      (9982h),a
78d5:e5                 push    hl
78d6:cd 54 80           call    8054h
78d9:e1                 pop     hl
78da:06 04              ld      b,4
78dc:36 20              ld      (hl),20h
78de:23                 inc     hl
78df:10 fb              djnz    78dch
78e1:3e 52              ld      a,52h
78e3:32 9b 99           ld      (999bh),a
78e6:3a 88 99           ld      a,(9988h)
78e9:a7                 and     a
78ea:20 c8              jr      nz,78b4h
78ec:18 1a              jr      7908h
; ......................................................
78ee:2a 90 99           ld      hl,(9990h)
78f1:cb 76              bit     6,(hl)
78f3:28 0a              jr      z,78ffh
78f5:cb 56              bit     2,(hl)
78f7:20 2a              jr      nz,7923h
78f9:cd d8 80           call    80d8h
78fc:c2 ae 82           jp      nz,82aeh
78ff:cd d0 80           call    80d0h
7902:cd 74 82           call    8274h
7905:c2 ae 82           jp      nz,82aeh
7908:3a 88 99           ld      a,(9988h)
790b:fe 01              cp      1
790d:28 38              jr      z,7947h
790f:a7                 and     a
7910:28 35              jr      z,7947h
7912:3a 88 99           ld      a,(9988h)
7915:a7                 and     a
7916:ca 2b 78           jp      z,782bh
7919:3a 82 99           ld      a,(9982h)
791c:a7                 and     a
791d:ca 73 83           jp      z,8373h
7920:c3 2d 75           jp      752dh
; ......................................................
7923:cb e6              set     4,(hl)
7925:cb ee              set     5,(hl)
7927:2a 84 99           ld      hl,(9984h)
792a:cb e6              set     4,(hl)
792c:cb ee              set     5,(hl)
792e:18 cf              jr      78ffh
; ......................................................
7930:cd 74 80           call    8074h
7933:28 12              jr      z,7947h
7935:fe 01              cp      1
7937:28 0e              jr      z,7947h
7939:c3 38 83           jp      8338h
; ......................................................
793c:cd 74 80           call    8074h
793f:28 06              jr      z,7947h
7941:fe 01              cp      1
7943:28 02              jr      z,7947h
7945:18 cb              jr      7912h
; ......................................................
7947:cd 7c 80           call    807ch
794a:28 c6              jr      z,7912h
794c:c3 8c 78           jp      788ch
; ......................................................
794f:3a 9b 99           ld      a,(999bh)
7952:a7                 and     a
7953:28 e7              jr      z,793ch
7955:18 97              jr      78eeh
; ......................................................
7957:af                 xor     a
7958:32 00 8a           ld      (8a00h),a
795b:01 0c 00           ld      bc,0ch
795e:11 01 00           ld      de,1
7961:cd f1 73           call    73f1h
7964:c2 90 82           jp      nz,8290h
7967:21 00 9c           ld      hl,9c00h
796a:11 01 9c           ld      de,9c01h
796d:01 7f 03           ld      bc,37fh
7970:cd c6 7e           call    7ec6h
7973:21 00 9a           ld      hl,9a00h
7976:11 16 9c           ld      de,9c16h
7979:01 13 00           ld      bc,13h
797c:ed b0              ldir    
797e:dd 21 41 9c        ld      ix,9c41h
7982:01 41 00           ld      bc,41h
7985:21 21 fc           ld      hl,0fc21h
7988:1e 0c              ld      e,0ch
798a:d5                 push    de
798b:cd 6f 80           call    806fh
798e:dd 36 03 3a        ld      (ix+3),3ah
7992:cb 7e              bit     7,(hl)
7994:28 32              jr      z,79c8h
7996:3a 13 9a           ld      a,(9a13h)
7999:dd 77 05           ld      (ix+5),a
799c:cb 76              bit     6,(hl)
799e:28 06              jr      z,79a6h
79a0:3a 14 9a           ld      a,(9a14h)
79a3:dd 77 06           ld      (ix+6),a
79a6:cb 6e              bit     5,(hl)
79a8:28 06              jr      z,79b0h
79aa:3a 15 9a           ld      a,(9a15h)
79ad:dd 77 07           ld      (ix+7),a
79b0:cb 66              bit     4,(hl)
79b2:28 06              jr      z,79bah
79b4:3a 16 9a           ld      a,(9a16h)
79b7:dd 77 08           ld      (ix+8),a
79ba:cb 76              bit     6,(hl)
79bc:28 0a              jr      z,79c8h
79be:cb 56              bit     2,(hl)
79c0:20 06              jr      nz,79c8h
79c2:3a 17 9a           ld      a,(9a17h)
79c5:dd 77 09           ld      (ix+9),a
79c8:d1                 pop     de
79c9:1d                 dec     e
79ca:28 4c              jr      z,7a18h
79cc:d5                 push    de
79cd:11 40 00           ld      de,40h
79d0:dd 19              add     ix,de
79d2:23                 inc     hl
79d3:03                 inc     bc
79d4:79                 ld      a,c
79d5:fe 7d              cp      7dh
79d7:20 b2              jr      nz,798bh
79d9:21 18 9a           ld      hl,9a18h
79dc:11 40 9f           ld      de,9f40h
79df:01 40 00           ld      bc,40h
79e2:ed b0              ldir    
79e4:3a 01 8a           ld      a,(8a01h)
79e7:fe ff              cp      0ffh
79e9:28 49              jr      z,7a34h
79eb:11 ff 9b           ld      de,9bffh
79ee:21 00 02           ld      hl,200h
79f1:3e 01              ld      a,1
79f3:cd 9a 83           call    839ah
79f6:c2 ae 82           jp      nz,82aeh
79f9:11 ff 9d           ld      de,9dffh
79fc:21 80 01           ld      hl,180h
79ff:3e 09              ld      a,9
7a01:cd 9a 83           call    839ah
7a04:c2 ae 82           jp      nz,82aeh
7a07:06 4b              ld      b,4bh
7a09:3a 00 8a           ld      a,(8a00h)
7a0c:a7                 and     a
7a0d:c2 d1 3e           jp      nz,3ed1h
7a10:cd bf 73           call    73bfh
7a13:10 f4              djnz    7a09h
7a15:c3 67 79           jp      7967h
; ......................................................
7a18:e5                 push    hl
7a19:dd e5              push    ix
7a1b:e1                 pop     hl
7a1c:11 c0 02           ld      de,2c0h
7a1f:af                 xor     a
7a20:ed 52              sbc     hl,de
7a22:11 0d 00           ld      de,0dh
7a25:19                 add     hl,de
7a26:e5                 push    hl
7a27:dd e1              pop     ix
7a29:e1                 pop     hl
7a2a:23                 inc     hl
7a2b:03                 inc     bc
7a2c:79                 ld      a,c
7a2d:fe 7d              cp      7dh
7a2f:c2 88 79           jp      nz,7988h
7a32:18 a5              jr      79d9h
; ......................................................
7a34:cd 7d 82           call    827dh
7a37:c2 93 72           jp      nz,7293h
7a3a:21 75 7a           ld      hl,7a75h
7a3d:01 06 00           ld      bc,6
7a40:ed b0              ldir    
7a42:d5                 push    de
7a43:dd e1              pop     ix
7a45:21 46 9c           ld      hl,9c46h
7a48:16 41              ld      d,41h
7a4a:1e 0c              ld      e,0ch
7a4c:06 05              ld      b,5
7a4e:7e                 ld      a,(hl)
7a4f:dd 77 00           ld      (ix+0),a
7a52:23                 inc     hl
7a53:dd 23              inc     ix
7a55:10 f7              djnz    7a4eh
7a57:14                 inc     d
7a58:1d                 dec     e
7a59:28 0d              jr      z,7a68h
7a5b:3e 3b              ld      a,3bh
7a5d:cd d5 7b           call    7bd5h
7a60:7a                 ld      a,d
7a61:fe 7d              cp      7dh
7a63:20 e7              jr      nz,7a4ch
7a65:c3 da 3e           jp      3edah
; ......................................................
7a68:01 b7 02           ld      bc,2b7h
7a6b:ed 42              sbc     hl,bc
7a6d:7a                 ld      a,d
7a6e:fe 7d              cp      7dh
7a70:20 d8              jr      nz,7a4ah
7a72:c3 da 3e           jp      3edah
; ......................................................
7a75:10 00              djnz    7a77h
7a77:06 2d              ld      b,2dh
7a79:01 02 3a           ld      bc,3a02h
7a7c:02                 ld      (bc),a
7a7d:fc cd 36           call    m,36cdh
7a80:74                 ld      (hl),h
7a81:c2 a2 82           jp      nz,82a2h
7a84:21 10 9a           ld      hl,9a10h
7a87:11 94 73           ld      de,7394h
7a8a:06 03              ld      b,3
7a8c:1a                 ld      a,(de)
7a8d:be                 cp      (hl)
7a8e:c2 94 83           jp      nz,8394h
7a91:13                 inc     de
7a92:23                 inc     hl
7a93:10 f7              djnz    7a8ch
7a95:cd ad 81           call    81adh
7a98:cd f3 7b           call    7bf3h
7a9b:32 87 99           ld      (9987h),a
7a9e:cd 4b 80           call    804bh
7aa1:cd 0f 7c           call    7c0fh
7aa4:2a 90 99           ld      hl,(9990h)
7aa7:cb 7e              bit     7,(hl)
7aa9:28 09              jr      z,7ab4h
7aab:cd 01 7c           call    7c01h
7aae:c2 90 82           jp      nz,8290h
7ab1:cd 0f 7c           call    7c0fh
7ab4:3e 01              ld      a,1
7ab6:ca 13 7b           jp      z,7b13h
7ab9:cd cb 7e           call    7ecbh
7abc:cd 1c 7f           call    7f1ch
7abf:cd 31 7c           call    7c31h
7ac2:af                 xor     a
7ac3:32 f9 82           ld      (82f9h),a
7ac6:01 01 00           ld      bc,1
7ac9:11 02 00           ld      de,2
7acc:cd ec 73           call    73ech
7acf:c2 90 82           jp      nz,8290h
7ad2:cd 73 7c           call    7c73h
7ad5:c2 1f 7b           jp      nz,7b1fh
7ad8:cd 0f 7f           call    7f0fh
7adb:11 08 00           ld      de,8
7ade:01 03 00           ld      bc,3
7ae1:cd ec 73           call    73ech
7ae4:c2 90 82           jp      nz,8290h
7ae7:cd 0f 7c           call    7c0fh
7aea:20 2d              jr      nz,7b19h
7aec:cd 4d 82           call    824dh
7aef:cd 45 82           call    8245h
7af2:11 08 80           ld      de,8008h
7af5:01 03 00           ld      bc,3
7af8:cd ec 73           call    73ech
7afb:c2 90 82           jp      nz,8290h
7afe:3a 83 99           ld      a,(9983h)
7b01:cd dd 81           call    81ddh
7b04:3a 87 99           ld      a,(9987h)
7b07:a7                 and     a
7b08:20 06              jr      nz,7b10h
7b0a:cd 7c 80           call    807ch
7b0d:c2 a1 7a           jp      nz,7aa1h
7b10:c3 2d 75           jp      752dh
; ......................................................
7b13:cd 39 7b           call    7b39h
7b16:c3 38 83           jp      8338h
; ......................................................
7b19:cd 39 7b           call    7b39h
7b1c:c3 b4 82           jp      82b4h
; ......................................................
7b1f:fe 4b              cp      4bh
7b21:28 10              jr      z,7b33h
7b23:fe 44              cp      44h
7b25:28 0c              jr      z,7b33h
7b27:fe 55              cp      55h
7b29:28 08              jr      z,7b33h
7b2b:fe 4d              cp      4dh
7b2d:28 04              jr      z,7b33h
7b2f:fe 4c              cp      4ch
7b31:20 03              jr      nz,7b36h
7b33:cd 39 7b           call    7b39h
7b36:c3 d1 82           jp      82d1h
; ......................................................
7b39:47                 ld      b,a
7b3a:3a 87 99           ld      a,(9987h)
7b3d:a7                 and     a
7b3e:78                 ld      a,b
7b3f:c0                 ret     nz
7b40:f1                 pop     af
7b41:c3 0a 7b           jp      7b0ah
; ......................................................
7b44:3e 19              ld      a,19h
7b46:18 02              jr      7b4ah
; ......................................................
7b48:3e 01              ld      a,1
7b4a:32 af 73           ld      (73afh),a
7b4d:11 ce 72           ld      de,72ceh
7b50:01 06 00           ld      bc,6
7b53:ed b0              ldir    
7b55:ed 4b ce 72        ld      bc,(72ceh)
7b59:11 05 00           ld      de,5
7b5c:cd f1 73           call    73f1h
7b5f:3e 46              ld      a,46h
7b61:20 70              jr      nz,7bd3h
7b63:2a ce 72           ld      hl,(72ceh)
7b66:3e 05              ld      a,5
7b68:cd d5 7b           call    7bd5h
7b6b:22 ce 72           ld      (72ceh),hl
7b6e:21 00 9a           ld      hl,9a00h
7b71:22 98 99           ld      (9998h),hl
7b74:21 00 02           ld      hl,200h
7b77:ed 4b d0 72        ld      bc,(72d0h)
7b7b:af                 xor     a
7b7c:ed 42              sbc     hl,bc
7b7e:e5                 push    hl
7b7f:ed 5b d2 72        ld      de,(72d2h)
7b83:eb                 ex      de,hl
7b84:af                 xor     a
7b85:ed 52              sbc     hl,de
7b87:d1                 pop     de
7b88:3a af 73           ld      a,(73afh)
7b8b:30 06              jr      nc,7b93h
7b8d:cb ff              set     7,a
7b8f:ed 5b d2 72        ld      de,(72d2h)
7b93:2a 98 99           ld      hl,(9998h)
7b96:ed 4b d0 72        ld      bc,(72d0h)
7b9a:09                 add     hl,bc
7b9b:eb                 ex      de,hl
7b9c:cd e6 7b           call    7be6h
7b9f:3e 53              ld      a,53h
7ba1:20 30              jr      nz,7bd3h
7ba3:3a af 73           ld      a,(73afh)
7ba6:cb 7f              bit     7,a
7ba8:20 28              jr      nz,7bd2h
7baa:2a 98 99           ld      hl,(9998h)
7bad:24                 inc     h
7bae:24                 inc     h
7baf:22 98 99           ld      (9998h),hl
7bb2:21 00 00           ld      hl,0
7bb5:22 d0 72           ld      (72d0h),hl
7bb8:af                 xor     a
7bb9:2a d2 72           ld      hl,(72d2h)
7bbc:ed 5b b2 73        ld      de,(73b2h)
7bc0:ed 52              sbc     hl,de
7bc2:22 d2 72           ld      (72d2h),hl
7bc5:2a 98 99           ld      hl,(9998h)
7bc8:11 00 a4           ld      de,0a400h
7bcb:af                 xor     a
7bcc:ed 52              sbc     hl,de
7bce:30 85              jr      nc,7b55h
7bd0:18 a2              jr      7b74h
; ......................................................
7bd2:af                 xor     a
7bd3:a7                 and     a
7bd4:c9                 ret     
; ......................................................
7bd5:85                 add     a,l
7bd6:6f                 ld      l,a
7bd7:d0                 ret     nc
7bd8:24                 inc     h
7bd9:c9                 ret     
; ......................................................
7bda:3e 83              ld      a,83h
7bdc:21 01 00           ld      hl,1
7bdf:18 05              jr      7be6h
; ......................................................
7be1:21 04 00           ld      hl,4
7be4:3e 86              ld      a,86h
7be6:32 af 73           ld      (73afh),a
7be9:ed 53 b0 73        ld      (73b0h),de
7bed:22 b2 73           ld      (73b2h),hl
7bf0:c3 98 73           jp      7398h
; ......................................................
7bf3:dd 21 05 8a        ld      ix,8a05h
7bf7:3e 83              ld      a,83h
7bf9:cd c6 73           call    73c6h
7bfc:7b                 ld      a,e
7bfd:32 83 99           ld      (9983h),a
7c00:c9                 ret     
; ......................................................
7c01:11 08 00           ld      de,8
7c04:01 03 00           ld      bc,3
7c07:c3 f1 73           jp      73f1h
; ......................................................
7c0a:11 08 80           ld      de,8008h
7c0d:18 f5              jr      7c04h
; ......................................................
7c0f:3a 83 99           ld      a,(9983h)
7c12:d6 41              sub     41h
7c14:f5                 push    af
7c15:21 21 fc           ld      hl,0fc21h
7c18:cd d5 7b           call    7bd5h
7c1b:f1                 pop     af
7c1c:22 90 99           ld      (9990h),hl
7c1f:1e 25              ld      e,25h
7c21:2e 04              ld      l,4
7c23:cd ce 73           call    73ceh
7c26:11 00 9a           ld      de,9a00h
7c29:19                 add     hl,de
7c2a:22 84 99           ld      (9984h),hl
7c2d:7e                 ld      a,(hl)
7c2e:cb 7f              bit     7,a
7c30:c9                 ret     
; ......................................................
7c31:2a 90 99           ld      hl,(9990h)
7c34:7e                 ld      a,(hl)
7c35:e6 f0              and     0f0h
7c37:47                 ld      b,a
7c38:21 27 8a           ld      hl,8a27h
7c3b:cd 65 7c           call    7c65h
7c3e:20 02              jr      nz,7c42h
7c40:cb c8              set     1,b
7c42:cd 65 7c           call    7c65h
7c45:20 02              jr      nz,7c49h
7c47:cb c0              set     0,b
7c49:cd 65 7c           call    7c65h
7c4c:20 04              jr      nz,7c52h
7c4e:cb c8              set     1,b
7c50:cb c0              set     0,b
7c52:cd 65 7c           call    7c65h
7c55:20 02              jr      nz,7c59h
7c57:cb d8              set     3,b
7c59:cd 65 7c           call    7c65h
7c5c:20 02              jr      nz,7c60h
7c5e:cb d0              set     2,b
7c60:78                 ld      a,b
7c61:32 9c 99           ld      (999ch),a
7c64:c9                 ret     
; ......................................................
7c65:23                 inc     hl
7c66:7e                 ld      a,(hl)
7c67:fe 31              cp      31h
7c69:c9                 ret     
; ......................................................
7c6a:01 01 00           ld      bc,1
7c6d:11 02 00           ld      de,2
7c70:cd f1 73           call    73f1h
7c73:3e 46              ld      a,46h
7c75:c2 18 7d           jp      nz,7d18h
7c78:21 00 00           ld      hl,0
7c7b:22 88 99           ld      (9988h),hl
7c7e:21 08 8a           ld      hl,8a08h
7c81:7e                 ld      a,(hl)
7c82:fe 20              cp      20h
7c84:20 23              jr      nz,7ca9h
7c86:e5                 push    hl
7c87:af                 xor     a
7c88:11 21 8a           ld      de,8a21h
7c8b:ed 52              sbc     hl,de
7c8d:e1                 pop     hl
7c8e:38 12              jr      c,7ca2h
7c90:af                 xor     a
7c91:21 00 10           ld      hl,1000h
7c94:ed 5b 88 99        ld      de,(9988h)
7c98:ed 52              sbc     hl,de
7c9a:38 02              jr      c,7c9eh
7c9c:af                 xor     a
7c9d:c9                 ret     
; ......................................................
7c9e:3e 4c              ld      a,4ch
7ca0:a7                 and     a
7ca1:c9                 ret     
; ......................................................
7ca2:3e 04              ld      a,4
7ca4:cd d5 7b           call    7bd5h
7ca7:18 d8              jr      7c81h
; ......................................................
7ca9:dd 21 00 9a        ld      ix,9a00h
7cad:3a 95 99           ld      a,(9995h)
7cb0:5f                 ld      e,a
7cb1:16 10              ld      d,10h
7cb3:d5                 push    de
7cb4:fd e1              pop     iy
7cb6:01 04 01           ld      bc,104h
7cb9:11 01 00           ld      de,1
7cbc:e5                 push    hl
7cbd:cd d6 73           call    73d6h
7cc0:28 58              jr      z,7d1ah
7cc2:3e 04              ld      a,4
7cc4:cd d5 7b           call    7bd5h
7cc7:cb 6e              bit     5,(hl)
7cc9:28 4a              jr      z,7d15h
7ccb:cb 76              bit     6,(hl)
7ccd:20 4f              jr      nz,7d1eh
7ccf:cb 7e              bit     7,(hl)
7cd1:20 47              jr      nz,7d1ah
7cd3:3a 9c 99           ld      a,(999ch)
7cd6:cb 5e              bit     3,(hl)
7cd8:28 04              jr      z,7cdeh
7cda:cb 5f              bit     3,a
7cdc:28 1e              jr      z,7cfch
7cde:cb 56              bit     2,(hl)
7ce0:28 04              jr      z,7ce6h
7ce2:cb 57              bit     2,a
7ce4:28 16              jr      z,7cfch
7ce6:cb 4e              bit     1,(hl)
7ce8:28 08              jr      z,7cf2h
7cea:cb 4f              bit     1,a
7cec:28 0e              jr      z,7cfch
7cee:cb 47              bit     0,a
7cf0:28 0a              jr      z,7cfch
7cf2:cb 46              bit     0,(hl)
7cf4:28 0c              jr      z,7d02h
7cf6:cb 47              bit     0,a
7cf8:20 08              jr      nz,7d02h
7cfa:cb 4f              bit     1,a
7cfc:20 04              jr      nz,7d02h
7cfe:3e 4d              ld      a,4dh
7d00:18 15              jr      7d17h
; ......................................................
7d02:3e 0a              ld      a,0ah
7d04:cd d5 7b           call    7bd5h
7d07:5e                 ld      e,(hl)
7d08:23                 inc     hl
7d09:56                 ld      d,(hl)
7d0a:2a 88 99           ld      hl,(9988h)
7d0d:19                 add     hl,de
7d0e:22 88 99           ld      (9988h),hl
7d11:e1                 pop     hl
7d12:c3 86 7c           jp      7c86h
; ......................................................
7d15:3e 44              ld      a,44h
7d17:e1                 pop     hl
7d18:a7                 and     a
7d19:c9                 ret     
; ......................................................
7d1a:3e 55              ld      a,55h
7d1c:18 f9              jr      7d17h
; ......................................................
7d1e:3e 4b              ld      a,4bh
7d20:18 f5              jr      7d17h
; ......................................................
7d22:f3                 di      
7d23:21 05 fc           ld      hl,0fc05h
7d26:cb 46              bit     0,(hl)
7d28:28 05              jr      z,7d2fh
7d2a:cd bf 73           call    73bfh
7d2d:18 f3              jr      7d22h
; ......................................................
7d2f:cb c6              set     0,(hl)
7d31:fb                 ei      
7d32:21 9a 99           ld      hl,999ah
7d35:36 52              ld      (hl),52h
7d37:c9                 ret     
; ......................................................
7d38:3a 9a 99           ld      a,(999ah)
7d3b:a7                 and     a
7d3c:c8                 ret     z
7d3d:21 05 fc           ld      hl,0fc05h
7d40:cb 86              res     0,(hl)
7d42:af                 xor     a
7d43:32 9a 99           ld      (999ah),a
7d46:c9                 ret     
; ......................................................
7d47:3a 2d 8a           ld      a,(8a2dh)
7d4a:21 c2 99           ld      hl,99c2h
7d4d:77                 ld      (hl),a
7d4e:3a 34 8a           ld      a,(8a34h)
7d51:ed 6f              rld     
7d53:21 2e 8a           ld      hl,8a2eh
7d56:11 c3 99           ld      de,99c3h
7d59:06 03              ld      b,3
7d5b:23                 inc     hl
7d5c:7e                 ld      a,(hl)
7d5d:2b                 dec     hl
7d5e:ed 6f              rld     
7d60:7e                 ld      a,(hl)
7d61:0e 00              ld      c,0
7d63:d5                 push    de
7d64:cd db 7d           call    7ddbh
7d67:d1                 pop     de
7d68:79                 ld      a,c
7d69:12                 ld      (de),a
7d6a:13                 inc     de
7d6b:23                 inc     hl
7d6c:23                 inc     hl
7d6d:10 ec              djnz    7d5bh
7d6f:21 c1 99           ld      hl,99c1h
7d72:36 00              ld      (hl),0
7d74:4e                 ld      c,(hl)
7d75:3a c4 99           ld      a,(99c4h)
7d78:cd e6 7d           call    7de6h
7d7b:cd f4 7d           call    7df4h
7d7e:86                 add     a,(hl)
7d7f:77                 ld      (hl),a
7d80:3a c3 99           ld      a,(99c3h)
7d83:cd e6 7d           call    7de6h
7d86:cd f4 7d           call    7df4h
7d89:86                 add     a,(hl)
7d8a:77                 ld      (hl),a
7d8b:3a 2d 8a           ld      a,(8a2dh)
7d8e:e6 0f              and     0fh
7d90:5f                 ld      e,a
7d91:81                 add     a,c
7d92:4f                 ld      c,a
7d93:7b                 ld      a,e
7d94:cd f4 7d           call    7df4h
7d97:86                 add     a,(hl)
7d98:77                 ld      (hl),a
7d99:21 35 8a           ld      hl,8a35h
7d9c:11 c6 99           ld      de,99c6h
7d9f:79                 ld      a,c
7da0:a7                 and     a
7da1:28 15              jr      z,7db8h
7da3:06 02              ld      b,2
7da5:7e                 ld      a,(hl)
7da6:12                 ld      (de),a
7da7:13                 inc     de
7da8:23                 inc     hl
7da9:23                 inc     hl
7daa:7e                 ld      a,(hl)
7dab:2b                 dec     hl
7dac:ed 6f              rld     
7dae:7e                 ld      a,(hl)
7daf:12                 ld      (de),a
7db0:13                 inc     de
7db1:23                 inc     hl
7db2:23                 inc     hl
7db3:10 f4              djnz    7da9h
7db5:0d                 dec     c
7db6:20 eb              jr      nz,7da3h
7db8:3a 34 8a           ld      a,(8a34h)
7dbb:e6 0f              and     0fh
7dbd:4f                 ld      c,a
7dbe:06 00              ld      b,0
7dc0:b0                 or      b
7dc1:28 05              jr      z,7dc8h
7dc3:21 85 8a           ld      hl,8a85h
7dc6:ed b0              ldir    
7dc8:21 c1 99           ld      hl,99c1h
7dcb:86                 add     a,(hl)
7dcc:c6 05              add     a,5
7dce:77                 ld      (hl),a
7dcf:3a 8d 8a           ld      a,(8a8dh)
7dd2:fe 31              cp      31h
7dd4:c0                 ret     nz
7dd5:21 c4 99           ld      hl,99c4h
7dd8:cb fe              set     7,(hl)
7dda:c9                 ret     
; ......................................................
7ddb:5f                 ld      e,a
7ddc:cb 67              bit     4,a
7dde:28 02              jr      z,7de2h
7de0:d6 06              sub     6
7de2:81                 add     a,c
7de3:4f                 ld      c,a
7de4:7b                 ld      a,e
7de5:c9                 ret     
; ......................................................
7de6:5f                 ld      e,a
7de7:18 f9              jr      7de2h
; ......................................................
7de9:cb 67              bit     4,a
7deb:06 00              ld      b,0
7ded:28 02              jr      z,7df1h
7def:06 0a              ld      b,0ah
7df1:e6 0f              and     0fh
7df3:80                 add     a,b
7df4:47                 ld      b,a
7df5:cb 27              sla     a
7df7:80                 add     a,b
7df8:c9                 ret     
; ......................................................
7df9:21 86 99           ld      hl,9986h
7dfc:3a 87 99           ld      a,(9987h)
7dff:be                 cp      (hl)
7e00:c9                 ret     
; ......................................................
7e01:11 28 8a           ld      de,8a28h
7e04:2a 84 99           ld      hl,(9984h)
7e07:cb 4e              bit     1,(hl)
7e09:28 08              jr      z,7e13h
7e0b:cb 46              bit     0,(hl)
7e0d:20 04              jr      nz,7e13h
7e0f:3e 31              ld      a,31h
7e11:18 01              jr      7e14h
; ......................................................
7e13:af                 xor     a
7e14:cd 39 7e           call    7e39h
7e17:cb 46              bit     0,(hl)
7e19:28 08              jr      z,7e23h
7e1b:cb 4e              bit     1,(hl)
7e1d:20 04              jr      nz,7e23h
7e1f:3e 31              ld      a,31h
7e21:18 01              jr      7e24h
; ......................................................
7e23:af                 xor     a
7e24:cd 39 7e           call    7e39h
7e27:cb 46              bit     0,(hl)
7e29:28 02              jr      z,7e2dh
7e2b:cb 4e              bit     1,(hl)
7e2d:cd 3a 7e           call    7e3ah
7e30:cb 5e              bit     3,(hl)
7e32:cd 3a 7e           call    7e3ah
7e35:cb 56              bit     2,(hl)
7e37:18 01              jr      7e3ah
; ......................................................
7e39:a7                 and     a
7e3a:3e 30              ld      a,30h
7e3c:28 01              jr      z,7e3fh
7e3e:3c                 inc     a
7e3f:12                 ld      (de),a
7e40:13                 inc     de
7e41:c9                 ret     
; ......................................................
7e42:2a 84 99           ld      hl,(9984h)
7e45:cb 56              bit     2,(hl)
7e47:c8                 ret     z
7e48:cd 85 80           call    8085h
7e4b:22 88 99           ld      (9988h),hl
7e4e:7e                 ld      a,(hl)
7e4f:32 8a 99           ld      (998ah),a
7e52:ed 5b 88 99        ld      de,(9988h)
7e56:21 00 aa           ld      hl,0aa00h
7e59:4f                 ld      c,a
7e5a:af                 xor     a
7e5b:47                 ld      b,a
7e5c:ed 42              sbc     hl,bc
7e5e:ed 52              sbc     hl,de
7e60:28 0d              jr      z,7e6fh
7e62:e5                 push    hl
7e63:c1                 pop     bc
7e64:2a 88 99           ld      hl,(9988h)
7e67:3a 8a 99           ld      a,(998ah)
7e6a:cd d5 7b           call    7bd5h
7e6d:ed b0              ldir    
7e6f:21 ac a2           ld      hl,0a2ach
7e72:cd 8d 80           call    808dh
7e75:3a 8a 99           ld      a,(998ah)
7e78:4f                 ld      c,a
7e79:06 00              ld      b,0
7e7b:af                 xor     a
7e7c:ed 42              sbc     hl,bc
7e7e:cd a9 80           call    80a9h
7e81:ed 43 ac a2        ld      (0a2ach),bc
7e85:ed 53 ae a2        ld      (0a2aeh),de
7e89:06 3c              ld      b,3ch
7e8b:21 21 9a           ld      hl,9a21h
7e8e:c5                 push    bc
7e8f:e5                 push    hl
7e90:cd 8d 80           call    808dh
7e93:eb                 ex      de,hl
7e94:2a 88 99           ld      hl,(9988h)
7e97:d5                 push    de
7e98:eb                 ex      de,hl
7e99:af                 xor     a
7e9a:ed 52              sbc     hl,de
7e9c:e1                 pop     hl
7e9d:38 14              jr      c,7eb3h
7e9f:3a 8a 99           ld      a,(998ah)
7ea2:5f                 ld      e,a
7ea3:16 00              ld      d,0
7ea5:ed 52              sbc     hl,de
7ea7:cd a9 80           call    80a9h
7eaa:e1                 pop     hl
7eab:e5                 push    hl
7eac:71                 ld      (hl),c
7ead:23                 inc     hl
7eae:70                 ld      (hl),b
7eaf:23                 inc     hl
7eb0:73                 ld      (hl),e
7eb1:23                 inc     hl
7eb2:72                 ld      (hl),d
7eb3:e1                 pop     hl
7eb4:3e 25              ld      a,25h
7eb6:cd d5 7b           call    7bd5h
7eb9:c1                 pop     bc
7eba:10 d2              djnz    7e8eh
7ebc:c9                 ret     
; ......................................................
7ebd:21 05 8a           ld      hl,8a05h
7ec0:11 06 8a           ld      de,8a06h
7ec3:01 fa 00           ld      bc,0fah
7ec6:36 20              ld      (hl),20h
7ec8:ed b0              ldir    
7eca:c9                 ret     
; ......................................................
7ecb:21 08 8a           ld      hl,8a08h
7ece:11 09 8a           ld      de,8a09h
7ed1:01 f6 00           ld      bc,0f6h
7ed4:cd c6 7e           call    7ec6h
7ed7:21 28 8a           ld      hl,8a28h
7eda:11 29 8a           ld      de,8a29h
7edd:3e 30              ld      a,30h
7edf:77                 ld      (hl),a
7ee0:01 0c 00           ld      bc,0ch
7ee3:ed b0              ldir    
7ee5:77                 ld      (hl),a
7ee6:06 10              ld      b,10h
7ee8:23                 inc     hl
7ee9:77                 ld      (hl),a
7eea:23                 inc     hl
7eeb:23                 inc     hl
7eec:23                 inc     hl
7eed:23                 inc     hl
7eee:10 f8              djnz    7ee8h
7ef0:06 08              ld      b,8
7ef2:23                 inc     hl
7ef3:77                 ld      (hl),a
7ef4:10 fc              djnz    7ef2h
7ef6:23                 inc     hl
7ef7:36 20              ld      (hl),20h
7ef9:c9                 ret     
; ......................................................
7efa:cd f3 7b           call    7bf3h
7efd:cd 01 7c           call    7c01h
7f00:c0                 ret     nz
7f01:cd 0f 7c           call    7c0fh
7f04:c8                 ret     z
7f05:3e 01              ld      a,1
7f07:c9                 ret     
; ......................................................
7f08:cd 31 7c           call    7c31h
7f0b:cd 6a 7c           call    7c6ah
7f0e:c0                 ret     nz
7f0f:21 08 8a           ld      hl,8a08h
7f12:11 9d 99           ld      de,999dh
7f15:01 20 00           ld      bc,20h
7f18:ed b0              ldir    
7f1a:af                 xor     a
7f1b:c9                 ret     
; ......................................................
7f1c:dd 21 05 8a        ld      ix,8a05h
7f20:cd 69 80           call    8069h
7f23:2a 84 99           ld      hl,(9984h)
7f26:23                 inc     hl
7f27:01 20 00           ld      bc,20h
7f2a:11 08 8a           ld      de,8a08h
7f2d:ed b0              ldir    
7f2f:cd 01 7e           call    7e01h
7f32:c8                 ret     z
7f33:cd 85 80           call    8085h
7f36:e5                 push    hl
7f37:23                 inc     hl
7f38:7e                 ld      a,(hl)
7f39:23                 inc     hl
7f3a:11 2e 8a           ld      de,8a2eh
7f3d:06 03              ld      b,3
7f3f:f5                 push    af
7f40:3e 20              ld      a,20h
7f42:32 8d 8a           ld      (8a8dh),a
7f45:cd a8 7f           call    7fa8h
7f48:10 fb              djnz    7f45h
7f4a:f1                 pop     af
7f4b:e6 0f              and     0fh
7f4d:c6 30              add     a,30h
7f4f:12                 ld      (de),a
7f50:13                 inc     de
7f51:c1                 pop     bc
7f52:c5                 push    bc
7f53:e5                 push    hl
7f54:d5                 push    de
7f55:c5                 push    bc
7f56:e1                 pop     hl
7f57:e6 0f              and     0fh
7f59:47                 ld      b,a
7f5a:7e                 ld      a,(hl)
7f5b:90                 sub     b
7f5c:d6 05              sub     5
7f5e:47                 ld      b,a
7f5f:d1                 pop     de
7f60:e1                 pop     hl
7f61:a7                 and     a
7f62:28 0e              jr      z,7f72h
7f64:7e                 ld      a,(hl)
7f65:12                 ld      (de),a
7f66:23                 inc     hl
7f67:13                 inc     de
7f68:cd 92 7f           call    7f92h
7f6b:05                 dec     b
7f6c:cd 92 7f           call    7f92h
7f6f:05                 dec     b
7f70:10 f2              djnz    7f64h
7f72:11 85 8a           ld      de,8a85h
7f75:3a 34 8a           ld      a,(8a34h)
7f78:e6 0f              and     0fh
7f7a:28 05              jr      z,7f81h
7f7c:4f                 ld      c,a
7f7d:06 00              ld      b,0
7f7f:ed b0              ldir    
7f81:e1                 pop     hl
7f82:23                 inc     hl
7f83:7e                 ld      a,(hl)
7f84:cb 3f              srl     a
7f86:cb 3f              srl     a
7f88:cb 3f              srl     a
7f8a:cb 3f              srl     a
7f8c:c6 30              add     a,30h
7f8e:32 2d 8a           ld      (8a2dh),a
7f91:c9                 ret     
; ......................................................
7f92:7e                 ld      a,(hl)
7f93:cb 3f              srl     a
7f95:cb 3f              srl     a
7f97:cb 3f              srl     a
7f99:cb 3f              srl     a
7f9b:c6 30              add     a,30h
7f9d:12                 ld      (de),a
7f9e:13                 inc     de
7f9f:7e                 ld      a,(hl)
7fa0:e6 0f              and     0fh
7fa2:c6 30              add     a,30h
7fa4:12                 ld      (de),a
7fa5:13                 inc     de
7fa6:23                 inc     hl
7fa7:c9                 ret     
; ......................................................
7fa8:cb 7e              bit     7,(hl)
7faa:28 05              jr      z,7fb1h
7fac:3e 31              ld      a,31h
7fae:32 8d 8a           ld      (8a8dh),a
7fb1:7e                 ld      a,(hl)
7fb2:cb bf              res     7,a
7fb4:fe 0a              cp      0ah
7fb6:3e 30              ld      a,30h
7fb8:38 01              jr      c,7fbbh
7fba:3c                 inc     a
7fbb:12                 ld      (de),a
7fbc:13                 inc     de
7fbd:7e                 ld      a,(hl)
7fbe:cb bf              res     7,a
7fc0:fe 0a              cp      0ah
7fc2:38 de              jr      c,7fa2h
7fc4:d6 0a              sub     0ah
7fc6:18 da              jr      7fa2h
; ......................................................
7fc8:22 bd 99           ld      (99bdh),hl
7fcb:ed 53 bf 99        ld      (99bfh),de
7fcf:21 9c 99           ld      hl,999ch
7fd2:cb e6              set     4,(hl)
7fd4:ed 5b 84 99        ld      de,(9984h)
7fd8:01 25 00           ld      bc,25h
7fdb:ed b0              ldir    
7fdd:c9                 ret     
; ......................................................
7fde:21 c1 99           ld      hl,99c1h
7fe1:36 00              ld      (hl),0
7fe3:11 c2 99           ld      de,99c2h
7fe6:01 37 00           ld      bc,37h
7fe9:ed b0              ldir    
7feb:cd 47 7d           call    7d47h
7fee:ed 5b ac a2        ld      de,(0a2ach)
7ff2:7b                 ld      a,e
7ff3:ed 4b ae a2        ld      bc,(0a2aeh)
7ff7:b2                 or      d
7ff8:20 0e              jr      nz,8008h
7ffa:11 07 00           ld      de,7
7ffd:ed 53 ac a2        ld      (0a2ach),de
8001:01 b0 00           ld      bc,0b0h
8004:ed 43 ae a2        ld      (0a2aeh),bc
8008:cd 94 80           call    8094h
800b:e5                 push    hl
800c:3a c1 99           ld      a,(99c1h)
800f:cd d5 7b           call    7bd5h
8012:11 01 aa           ld      de,0aa01h
8015:af                 xor     a
8016:ed 52              sbc     hl,de
8018:3e 55              ld      a,55h
801a:c1                 pop     bc
801b:d0                 ret     nc
801c:c5                 push    bc
801d:2a ac a2           ld      hl,(0a2ach)
8020:ed 5b ae a2        ld      de,(0a2aeh)
8024:cd c8 7f           call    7fc8h
8027:d1                 pop     de
8028:21 c1 99           ld      hl,99c1h
802b:4e                 ld      c,(hl)
802c:06 00              ld      b,0
802e:ed b0              ldir    
8030:eb                 ex      de,hl
8031:cd a9 80           call    80a9h
8034:ed 43 ac a2        ld      (0a2ach),bc
8038:ed 53 ae a2        ld      (0a2aeh),de
803c:af                 xor     a
803d:32 82 99           ld      (9982h),a
8040:37                 scf     
8041:c9                 ret     
; ......................................................
8042:cd 22 7d           call    7d22h
8045:cd f3 7b           call    7bf3h
8048:32 88 99           ld      (9988h),a
804b:fe 41              cp      41h
804d:d0                 ret     nc
804e:3e 41              ld      a,41h
8050:32 83 99           ld      (9983h),a
8053:c9                 ret     
; ......................................................
8054:dd 2a 89 99        ld      ix,(9989h)
8058:dd 23              inc     ix
805a:cd 69 80           call    8069h
805d:2a 89 99           ld      hl,(9989h)
8060:3e 04              ld      a,4
8062:cd d5 7b           call    7bd5h
8065:22 89 99           ld      (9989h),hl
8068:c9                 ret     
; ......................................................
8069:3a 83 99           ld      a,(9983h)
806c:4f                 ld      c,a
806d:06 00              ld      b,0
806f:3e 43              ld      a,43h
8071:c3 c6 73           jp      73c6h
; ......................................................
8074:3a 88 99           ld      a,(9988h)
8077:a7                 and     a
8078:c8                 ret     z
8079:fe 7d              cp      7dh
807b:c9                 ret     
; ......................................................
807c:3a 83 99           ld      a,(9983h)
807f:3c                 inc     a
