CONTEXT   0 241   0   3  72




8000:3e 02          ld      a,2
8002:32 07 66           ld      (6607h),a
8005:cd 8c 6a           call    6a8ch
8008:c9                 ret     
; ......................................................
8009:cd 36 6a           call    6a36h
800c:cd 3f 6c           call    6c3fh
800f:3a e7 69           ld      a,(69e7h)
8012:fe 00              cp      0
8014:28 06              jr      z,801ch
8016:fe 01              cp      1
8018:28 10              jr      z,802ah
801a:18 1e              jr      803ah
; ......................................................
801c:3a e6 69           ld      a,(69e6h)
801f:e6 7e              and     7eh
8021:fe 04              cp      4
8023:20 05              jr      nz,802ah
8025:cd 43 6a           call    6a43h
8028:18 e2              jr      800ch
; ......................................................
802a:3a e6 69           ld      a,(69e6h)
802d:e6 7e              and     7eh
802f:fe 06              cp      6
8031:20 07              jr      nz,803ah
8033:21 07 66           ld      hl,6607h
8036:36 01              ld      (hl),1
8038:18 05              jr      803fh
; ......................................................
803a:21 07 66           ld      hl,6607h
803d:36 00              ld      (hl),0
803f:cd 68 6a           call    6a68h
8042:c9                 ret     
; ......................................................
8043:cd 6c 6a           call    6a6ch
8046:cd 18 6c           call    6c18h
8049:c9                 ret     
; ......................................................
804a:3a e1 69           ld      a,(69e1h)
804d:32 01 6c           ld      (6c01h),a
8050:3a e2 69           ld      a,(69e2h)
8053:32 00 6c           ld      (6c00h),a
8056:3a f7 fc           ld      a,(0fcf7h)
8059:32 02 6c           ld      (6c02h),a
805c:3a f8 fc           ld      a,(0fcf8h)
805f:32 03 6c           ld      (6c03h),a
8062:21 80 25           ld      hl,2580h
8065:af                 xor     a
8066:ed 4b f9 fc        ld      bc,(0fcf9h)
806a:ed 42              sbc     hl,bc
806c:38 03              jr      c,8071h
806e:3c                 inc     a
806f:18 f9              jr      806ah
; ......................................................
8071:32 05 6c           ld      (6c05h),a
8074:21 fa 6b           ld      hl,6bfah
8077:22 f3 69           ld      (69f3h),hl
807a:d7                 rst     10h
807b:08                 ex      af,af'
807c:0b                 dec     bc
807d:17                 rla     
807e:14                 inc     d
807f:00                 nop     
8080:00                 nop     
8081:00                 nop     
8082:00                 nop     
8083:00                 nop     
8084:00                 nop     
8085:00                 nop     
8086:e7                 rst     20h
8087:69                 ld      l,c
8088:c9                 ret     
; ......................................................
8089:21 0f 6c           ld      hl,6c0fh
808c:22 f3 69           ld      (69f3h),hl
808f:d7                 rst     10h
8090:08                 ex      af,af'
8091:05                 dec     b
8092:14                 inc     d
8093:14                 inc     d
8094:01 e7 69           ld      bc,69e7h
8097:c9                 ret     
; ......................................................
8098:ed 5b ed 69        ld      de,(69edh)
809c:ed 53 36 6c        ld      (6c36h),de
80a0:21 ff f5           ld      hl,0f5ffh
80a3:a7                 and     a
80a4:ed 52              sbc     hl,de
80a6:23                 inc     hl
80a7:22 38 6c           ld      (6c38h),hl
80aa:21 30 6c           ld      hl,6c30h
80ad:22 f3 69           ld      (69f3h),hl
80b0:d7                 rst     10h
80b1:08                 ex      af,af'
80b2:0b                 dec     bc
80b3:17                 rla     
80b4:14                 inc     d
80b5:03                 inc     bc
80b6:00                 nop     
80b7:00                 nop     
80b8:00                 nop     
80b9:00                 nop     
80ba:eb                 ex      de,hl
80bb:69                 ld      l,c
80bc:e7                 rst     20h
80bd:69                 ld      l,c
80be:c9                 ret     
; ......................................................
80bf:ed 5b ed 69        ld      de,(69edh)
80c3:ed 53 5d 6c        ld      (6c5dh),de
80c7:2a ef 69           ld      hl,(69efh)
80ca:a7                 and     a
80cb:ed 52              sbc     hl,de
80cd:23                 inc     hl
80ce:22 5f 6c           ld      (6c5fh),hl
80d1:21 57 6c           ld      hl,6c57h
80d4:22 f3 69           ld      (69f3h),hl
80d7:d7                 rst     10h
80d8:08                 ex      af,af'
80d9:0b                 dec     bc
80da:17                 rla     
80db:14                 inc     d
80dc:06 00              ld      b,0
80de:00                 nop     
80df:00                 nop     
80e0:00                 nop     
80e1:eb                 ex      de,hl
80e2:69                 ld      l,c
80e3:e7                 rst     20h
80e4:69                 ld      l,c
80e5:c9                 ret     
; ......................................................
80e6:08                 ex      af,af'
80e7:0b                 dec     bc
80e8:17                 rla     
80e9:cd 5c 6d           call    6d5ch
80ec:c9                 ret     
; ......................................................
80ed:3a e4 69           ld      a,(69e4h)
80f0:47                 ld      b,a
80f1:c5                 push    bc
80f2:cd 92 6c           call    6c92h
80f5:c1                 pop     bc
80f6:3a 07 66           ld      a,(6607h)
80f9:fe 03              cp      3
80fb:28 14              jr      z,8111h
80fd:fe 02              cp      2
80ff:28 10              jr      z,8111h
8101:3a e6 69           ld      a,(69e6h)
8104:cb 7f              bit     7,a
8106:28 07              jr      z,810fh
8108:3a e7 69           ld      a,(69e7h)
810b:fe 06              cp      6
810d:28 02              jr      z,8111h
810f:10 e0              djnz    80f1h
8111:c9                 ret     
; ......................................................
8112:3e 00              ld      a,0
8114:32 07 66           ld      (6607h),a
8117:cd 6c 6a           call    6a6ch
811a:cd 9e 6d           call    6d9eh
811d:21 e6 69           ld      hl,69e6h
8120:cb 7e              bit     7,(hl)
8122:20 3a              jr      nz,815eh
8124:3a e6 69           ld      a,(69e6h)
8127:fe 04              cp      4
8129:20 0f              jr      nz,813ah
812b:cd 70 6a           call    6a70h
812e:cd 9e 6d           call    6d9eh
8131:21 e6 69           ld      hl,69e6h
8134:cb 7e              bit     7,(hl)
8136:20 26              jr      nz,815eh
8138:18 ea              jr      8124h
; ......................................................
813a:3a e6 69           ld      a,(69e6h)
813d:fe 06              cp      6
813f:20 07              jr      nz,8148h
8141:21 07 66           ld      hl,6607h
8144:36 03              ld      (hl),3
8146:18 13              jr      815bh
; ......................................................
8148:fe 0c              cp      0ch
814a:20 0f              jr      nz,815bh
814c:2a ed 69           ld      hl,(69edh)
814f:23                 inc     hl
8150:23                 inc     hl
8151:7e                 ld      a,(hl)
8152:fe 40              cp      40h
8154:30 05              jr      nc,815bh
8156:21 07 66           db   21h
8157:07                 rlca    
8158:66                 ld      h,(hl)
8159:36 02              ld      (hl),2
815b:cd 8c 6a           call    6a8ch
815e:c9                 ret     
; ......................................................
815f:cd 36 6a           call    6a36h
8162:06 02              ld      b,2
8164:18 1d              jr      8183h
; ......................................................
8166:21 66 6c           ld      hl,6c66h
8169:22 bc 6d           ld      (6dbch),hl
816c:21 03 00           ld      hl,3
816f:22 be 6d           ld      (6dbeh),hl
8172:cd b6 6d           call    6db6h
8175:3a e6 69           ld      a,(69e6h)
8178:cb 7f              bit     7,a
817a:28 07              jr      z,8183h
817c:3a e7 69           db   3ah
817d:e7                 rst     20h
817e:69                 ld      l,c
817f:fe 06              cp      6
8181:28 1f              jr      z,81a2h
8183:cd d1 6d           call    6dd1h
8186:3a e6 69           ld      a,(69e6h)
8189:fe 02              cp      2
818b:28 17              jr      z,81a4h
818d:fe 0a              cp      0ah
818f:28 21              jr      z,81b2h
8191:cb 7f              bit     7,a
8193:28 2b              jr      z,81c0h
8195:3a e7 69           ld      a,(69e7h)
8198:fe 06              cp      6
819a:28 06              jr      z,81a2h
819c:fe 00              cp      0
819e:20 02              jr      nz,81a2h
81a0:10 c4              djnz    8166h
81a2:18 1c              jr      81c0h
; ......................................................
81a4:3a ea 69           ld      a,(69eah)
81a7:fe 17              cp      17h
81a9:20 07              jr      nz,81b2h
81ab:cd 43 6a           call    6a43h
81ae:06 01              ld      b,1
81b0:18 d1              jr      8183h
; ......................................................
81b2:3a ea 69           db   3ah,0eah
81b4:69                 ld      l,c
81b5:fe 03              cp      3
81b7:20 07              jr      nz,81c0h
81b9:21 07 66           ld      hl,6607h
81bc:36 01              db   36h
81bd:01 18 05           db   1
81be:18 05              jr      81c5h
; ......................................................
81c0:21 07 66           ld      hl,6607h
81c3:36 00              ld      (hl),0
81c5:cd 68 6a           call    6a68h
81c8:c9                 ret     
; ......................................................
81c9:cd 36 6a           call    6a36h
81cc:2a ed 69           ld      hl,(69edh)
81cf:23                 inc     hl
81d0:22 ef 69           ld      (69efh),hl
81d3:21 ea 69           ld      hl,69eah
81d6:36 03              ld      (hl),3
81d8:cd d1 6d           call    6dd1h
81db:c9                 ret     
; ......................................................
81dc:3a f7 fc           ld      a,(0fcf7h)
81df:32 8a 6d           ld      (6d8ah),a
81e2:3a e2 69           ld      a,(69e2h)
81e5:32 86 6d           ld      (6d86h),a
81e8:21 80 25           ld      hl,2580h
81eb:af                 xor     a
81ec:ed 4b f9 fc        ld      bc,(0fcf9h)
81f0:ed 42              sbc     hl,bc
81f2:38 03              jr      c,81f7h
81f4:3c                 inc     a
81f5:18 f9              jr      81f0h
; ......................................................
81f7:32 8b 6d           ld      (6d8bh),a
81fa:21 80 6d           ld      hl,6d80h
81fd:22 f3 69           ld      (69f3h),hl
8200:d7                 rst     10h
8201:08                 ex      af,af'
8202:0b                 dec     bc
8203:17                 rla     
8204:14                 inc     d
8205:6b                 ld      l,e
8206:00                 nop     
8207:00                 nop     
8208:00                 nop     
8209:00                 nop     
820a:00                 nop     
820b:00                 nop     
820c:e7                 rst     20h
820d:69                 ld      l,c
820e:c9                 ret     
; ......................................................
820f:21 95 6d           ld      hl,6d95h
8212:22 f3 69           ld      (69f3h),hl
8215:d7                 rst     10h
8216:08                 ex      af,af'
8217:05                 dec     b
8218:14                 inc     d
8219:14                 inc     d
821a:6c                 ld      l,h
821b:e7                 rst     20h
821c:69                 ld      l,c
821d:c9                 ret     
; ......................................................
821e:ed 5b ed 69        ld      de,(69edh)
8222:13                 inc     de
8223:ed 53 bc 6d        ld      (6dbch),de
8227:21 ff f5           ld      hl,0f5ffh
822a:a7                 and     a
822b:ed 52              sbc     hl,de
822d:22 be 6d           ld      (6dbeh),hl
8230:21 b6 6d           ld      hl,6db6h
8233:22 f3 69           ld      (69f3h),hl
8236:d7                 rst     10h
8237:08                 ex      af,af'
8238:0b                 dec     bc
8239:17                 rla     
823a:14                 inc     d
823b:f0                 ret     p
823c:00                 nop     
823d:00                 nop     
823e:00                 nop     
823f:00                 nop     
8240:e8                 ret     pe
8241:69                 ld      l,c
8242:e7                 rst     20h
8243:69                 ld      l,c
8244:2a e8 69           ld      hl,(69e8h)
8247:ed 5b ed 69        ld      de,(69edh)
824b:19                 add     hl,de
824c:23                 inc     hl
824d:22 eb 69           ld      (69ebh),hl
8250:c9                 ret     
; ......................................................
8251:ed 5b ed 69        ld      de,(69edh)
8255:13                 inc     de
8256:ed 53 03 6e        ld      (6e03h),de
825a:2a ef 69           ld      hl,(69efh)
825d:22 eb 69           ld      (69ebh),hl
8260:a7                 and     a
8261:ed 52              sbc     hl,de
8263:22 05 6e           ld      (6e05h),hl
8266:3e fe              ld      a,0feh
8268:32 02 6e           ld      (6e02h),a
826b:3a ea 69           ld      a,(69eah)
826e:fe 03              cp      3
8270:28 05              jr      z,8277h
8272:3e ff              ld      a,0ffh
8274:32 02 6e           ld      (6e02h),a
8277:21 fd 6d           ld      hl,6dfdh
827a:22 f3 69           ld      (69f3h),hl
827d:d7                 rst     10h
827e:08                 ex      af,af'
827f:09                 add     hl,bc
8280:15                 dec     d
8281:14                 inc     d
8282:00                 nop     
8283:00                 nop     
8284:00                 nop     
8285:00                 nop     
8286:00                 nop     
8287:e7                 rst     20h
8288:69                 ld      l,c
8289:c9                 ret     
; ......................................................
828a:22 db 69           db   22h,0dbh
828c:69                 ld      l,c
828d:c9                 ret     
; ......................................................
828e:ed 5b 21 69        ld      de,(6921h)
8292:2a 08 66           ld      hl,(6608h)
8295:01 cc f2           ld      bc,0f2cch
8298:a7                 and     a
8299:ed 42              sbc     hl,bc
829b:38 10              jr      c,82adh
829d:28 0e              jr      z,82adh
829f:ed 4b ca f2        ld      bc,(0f2cah)
82a3:22 ca f2           ld      (0f2cah),hl
82a6:a7                 and     a
82a7:ed 42              sbc     hl,bc
82a9:28 0a              jr      z,82b5h
82ab:18 06              jr      82b3h
; ......................................................
82ad:21 01 00           db   21h
82ae:01 00 22           db   1,0
82b0:22 ca f2           db   22h
82b1:ca f2 18           db   0cah,0f2h
82b3:18 68              db   18h
82b4:68                 ld      l,b
82b5:3a c7 f2           ld      a,(0f2c7h)
82b8:fe 10              cp      10h
82ba:3a 05 fc           ld      a,(0fc05h)
82bd:20 21              jr      nz,82e0h
82bf:21 11 6e           ld      hl,6e11h
82c2:cb 86              res     0,(hl)
82c4:cb 6f              bit     5,a
82c6:28 0c              jr      z,82d4h
82c8:21 66 6f           ld      hl,6f66h
82cb:46                 ld      b,(hl)
82cc:2a 68 6f           ld      hl,(6f68h)
82cf:cd a2 6e           call    6ea2h
82d2:18 4a              jr      831eh
; ......................................................
82d4:21 67 6f           ld      hl,6f67h
82d7:46                 ld      b,(hl)
82d8:21 6a 6f           ld      hl,6f6ah
82db:cd a2 6e           call    6ea2h
82de:18 3e              jr      831eh
; ......................................................
82e0:cb 6f              bit     5,a
82e2:20 39              jr      nz,831dh
82e4:21 11 6e           ld      hl,6e11h
82e7:cb c6              set     0,(hl)
82e9:3a c7 f2           ld      a,(0f2c7h)
82ec:01 08 01           ld      bc,108h
82ef:b8                 cp      b
82f0:38 10              jr      c,8302h
82f2:0c                 inc     c
82f3:b9                 cp      c
82f4:30 0c              jr      nc,8302h
82f6:21 2e 6f           ld      hl,6f2eh
82f9:46                 ld      b,(hl)
82fa:21 2f 6f           ld      hl,6f2fh
82fd:cd a2 6e           call    6ea2h
8300:18 1c              db   18h
8301:1c                 inc     e
8302:01 7c 41           ld      bc,417ch
8305:b8                 cp      b
8306:38 15              jr      c,831dh
8308:0c                 inc     c
8309:b9                 cp      c
830a:38 05              jr      c,8311h
830c:06 7f              ld      b,7fh
830e:b8                 cp      b
830f:20 0c              jr      nz,831dh
8311:21 f1 6e           ld      hl,6ef1h
8314:46                 ld      b,(hl)
8315:21 f2 6e           ld      hl,6ef2h
8318:cd a2 6e           call    6ea2h
831b:18 01              jr      831eh
; ......................................................
831d:bf                 cp      a
831e:3a 11 6e           ld      a,(6e11h)
8321:c9                 ret     
; ......................................................
8322:e5                 push    hl
8323:c5                 push    bc
8324:3a c9 f2           ld      a,(0f2c9h)
8327:be                 cp      (hl)
8328:23                 inc     hl
8329:28 0c              jr      z,8337h
832b:38 07              jr      c,8334h
832d:be                 cp      (hl)
832e:28 07              jr      z,8337h
8330:38 05              jr      c,8337h
8332:18 2e              jr      8362h
; ......................................................
8334:be                 cp      (hl)
8335:38 2b              jr      c,8362h
8337:23                 inc     hl
8338:af                 xor     a
8339:be                 cp      (hl)
833a:28 06              db   28h
833b:06 3a              db   6
833c:3a cc f2           db   3ah
833d:cc f2 be           db   0cch,0f2h
833f:be                 cp      (hl)
8340:20 20              jr      nz,8362h
8342:23                 inc     hl
8343:ed 5b ca f2        db   0edh,5bh
8345:ca f2 46           db   0cah,0f2h
8347:46                 ld      b,(hl)
8348:23                 inc     hl
8349:7e                 ld      a,(hl)
834a:4f                 ld      c,a
834b:cb 39              srl     c
834d:cb 39              srl     c
834f:cb 39              srl     c
8351:cb 39              srl     c
8353:e6 0f              and     0fh
8355:67                 ld      h,a
8356:68                 ld      l,b
8357:af                 xor     a
8358:47                 ld      b,a
8359:ed 52              sbc     hl,de
835b:38 05              jr      c,8362h
835d:eb                 ex      de,hl
835e:ed 42              sbc     hl,bc
8360:30 0a              jr      nc,836ch
8362:c1                 pop     bc
8363:e1                 pop     hl
8364:11 05 00           ld      de,5
8367:19                 add     hl,de
8368:10 b8              djnz    8322h
836a:bf                 cp      a
836b:c9                 ret     
; ......................................................
836c:c1                 pop     bc
836d:e1                 pop     hl
836e:f6 01              or      1
8370:c9                 ret     
; ......................................................
8371:09                 add     hl,bc
8372:0c                 inc     c
8373:0c                 inc     c
8374:40                 ld      b,b
8375:01 10 0c           ld      bc,0c10h
8378:0c                 inc     c
8379:41                 ld      b,c
837a:11 20 0c           db   11h
837b:20 0c              jr      nz,8389h
837d:0c                 inc     c
837e:42                 ld      b,d
837f:51                 ld      d,c
8380:20 0d              jr      nz,838fh
8382:0d                 dec     c
8383:00                 nop     
8384:04                 inc     b
8385:10 10              djnz    8397h
8387:10 41              djnz    83cah
8389:11 20 10           ld      de,1020h
838c:10 42              djnz    83d0h
838e:51                 ld      d,c
838f:20 11              jr      nz,83a2h
8391:11 00 01           ld      de,100h
8394:10 95              djnz    832bh
8396:95                 sub     l
8397:00                 nop     
8398:08                 ex      af,af'
8399:80                 add     a,b
839a:10 10              djnz    83ach
839c:43                 ld      b,e
839d:00                 nop     
839e:21 42 30           db   21h,42h
83a0:30 0a              db   30h
83a1:0a                 ld      a,(bc)
83a2:c1                 pop     bc
83a3:e1                 pop     hl
83a4:11 05 00           ld      de,5
83a7:19                 add     hl,de
83a8:10 b8              djnz    8362h
83aa:bf                 cp      a
83ab:c9                 ret     
; ......................................................
83ac:c1                 pop     bc
83ad:e1                 pop     hl
83ae:08                 ex      af,af'
83af:21 21 00           ld      hl,21h
83b2:08                 ex      af,af'
83b3:80                 add     a,b
83b4:06 06              ld      b,6
83b6:00                 nop     
83b7:40                 ld      b,b
83b8:10 08              djnz    83c2h
83ba:09                 add     hl,bc
83bb:00                 nop     
83bc:40                 ld      b,b
83bd:10 0b              djnz    83cah
83bf:0c                 inc     c
83c0:00                 nop     
83c1:00                 nop     
83c2:12                 ld      (de),a
83c3:12                 ld      (de),a
83c4:12                 ld      (de),a
83c5:00                 nop     
83c6:00                 nop     
83c7:12                 ld      (de),a
83c8:1a                 ld      a,(de)
83c9:1a                 ld      a,(de)
83ca:00                 nop     
83cb:40                 ld      b,b
83cc:10 20              djnz    83eeh
83ce:20 00              jr      nz,83d0h
83d0:00                 nop     
83d1:12                 ld      (de),a
83d2:22 22 00           ld      (22h),hl
83d5:44                 ld      b,h
83d6:30 08              jr      nc,83e0h
83d8:80                 add     a,b
83d9:ca f2 22           jp      z,22f2h
83dc:7b                 ld      a,e
83dd:6f                 ld      l,a
83de:af                 xor     a
83df:32 77 6f           db   32h
83e0:77                 ld      (hl),a
83e1:6f                 ld      l,a
83e2:dd 08              ex      af,af'
83e4:21 21 03           ld      hl,321h
83e7:06 7e              ld      b,7eh
83e9:6f                 ld      l,a
83ea:05                 dec     b
83eb:05                 dec     b
83ec:00                 nop     
83ed:01 10 07           db   1
83ee:10 07              djnz    83f7h
83f0:07                 rlca    
83f1:00                 nop     
83f2:01 10 01           ld      bc,110h
83f5:03                 inc     bc
83f6:00                 nop     
83f7:10 10              djnz    8409h
83f9:06 06              ld      b,6
83fb:00                 nop     
83fc:04                 inc     b
83fd:10 04              djnz    8403h
83ff:04                 inc     b
8400:00                 nop     
8401:40                 ld      b,b
8402:10 06              db   10h
8403:06 06              db   6
8404:06 04              db   6
8405:04                 inc     b
8406:01 10 08           ld      bc,810h
8409:08                 ex      af,af'
840a:00                 nop     
840b:01 10 00           ld      bc,10h
840e:00                 nop     
840f:00                 nop     
8410:00                 nop     
8411:00                 nop     
8412:00                 nop     
8413:00                 nop     
8414:00                 nop     
8415:00                 nop     
8416:00                 nop     
8417:00                 nop     
8418:00                 nop     
8419:00                 nop     
841a:00                 nop     
841b:00                 nop     
841c:c0                 ret     nz
841d:cd aa 69           call    69aah
8420:df                 rst     18h
8421:00                 nop     
8422:01 08 cb           ld      bc,0cb08h
8425:a6                 and     (hl)
8426:c9                 ret     
; ......................................................
8427:00                 nop     
8428:21 10 69           ld      hl,6910h
842b:01 06 00           ld      bc,6
842e:ed b0              ldir    
8430:d7                 rst     10h
8431:00                 nop     
8432:01 0a c9           ld      bc,0c90ah
8435:00                 nop     
8436:00                 nop     
8437:00                 nop     
8438:00                 nop     
8439:00                 nop     
843a:00                 nop     
843b:00                 nop     
843c:00                 nop     
843d:00                 nop     
843e:00                 nop     
843f:00                 nop     
8440:00                 nop     
8441:00                 nop     
8442:23                 inc     hl
8443:7e                 ld      a,(hl)
8444:fe 06              cp      6
8446:c9                 ret     
; ......................................................
8447:21 07 66           ld      hl,6607h
844a:3a 09 66           ld      a,(6609h)
844d:c9                 ret     
; ......................................................
844e:3a 0d 66           ld      a,(660dh)
8451:cb 4f              bit     1,a
8453:c9                 ret     
; ......................................................
8454:36 08              ld      (hl),8
8456:cd af 69           call    69afh
8459:c3 57 67           jp      6757h
; ......................................................
845c:3a d7 69           ld      a,(69d7h)
845f:fe 04              cp      4
8461:ca 14 6b           jp      z,6b14h
8464:3a 09 66           ld      a,(6609h)
8467:c3 f8 6a           jp      6af8h
; ......................................................
846a:78                 ld      a,b
846b:fe 01              cp      1
846d:ca 5e 6d           jp      z,6d5eh
8470:21 9b 6c           ld      hl,6c9bh
8473:c3 50 6d           jp      6d50h
; ......................................................
8476:00                 nop     
8477:00                 nop     
8478:00                 nop     
8479:00                 nop     
847a:00                 nop     
847b:00                 nop     
847c:00                 nop     
847d:00                 nop     
847e:00                 nop     
847f:00                 nop     
8480:11 20 dc           ld      de,0dc20h
8483:f3                 di      
8484:3a e0 fc           ld      a,(0fce0h)
8487:cb 67              bit     4,a
8489:c0                 ret     nz
848a:c3 a4 8e           jp      8ea4h
; ......................................................
848d:cd 13 95           call    9513h
8490:ed 4b 20 9a        ld      bc,(9a20h)
8494:78                 ld      a,b
8495:b1                 or      c
8496:c0                 ret     nz
8497:21 00 97           ld      hl,9700h
849a:3a 02 fc           ld      a,(0fc02h)
849d:11 01 00           ld      de,1
84a0:dd 21 3d 94        ld      ix,943dh
84a4:cd 37 94           call    9437h
84a7:7e                 ld      a,(hl)
84a8:b7                 or      a
84a9:c8                 ret     z
84aa:3e 3e              ld      a,3eh
84ac:32 96 9a           ld      (9a96h),a
84af:c9                 ret     
; ......................................................
84b0:3c                 inc     a
84b1:fe 14              cp      14h
84b3:c2 0a 51           jp      nz,510ah
84b6:d7                 rst     10h
84b7:01 80 00           ld      bc,80h
84ba:00                 nop     
84bb:00                 nop     
84bc:00                 nop     
84bd:00                 nop     
84be:00                 nop     
84bf:00                 nop     
84c0:3a e3 ff           ld      a,(0ffe3h)
84c3:a7                 and     a
84c4:c2 ec 8b           jp      nz,8bech
84c7:7e                 ld      a,(hl)
84c8:d6 05              sub     5
84ca:d2 ec 8b           jp      nc,8bech
84cd:c6 35              add     a,35h
84cf:e1                 pop     hl
84d0:77                 ld      (hl),a
84d1:c9                 ret     
; ......................................................
84d2:                   db   0,0,0,0,0,0,0,0,0,0,0,0,0,0,0,0,0,0,0,0,0,0
84e8:                   db   0,0,0,0,0,0,0,0,0,0,0,0,0,0,0,0,0,0,0,0,0,0
84fe:                   db   0,0,0,0,0,0,0,0,0,0,0,0,0,0,0,0,0,0,0,0,0,0
8514:                   db   0,0,0,0,0,0,0,0,0,0,0,0,0,0,0,0,0,0,0,0,0,0
852a:                   db   0,0,0,0,0,0,0,0,0,0,0,0,0,0,0,0,0,0,0,0,0,0
8540:                   db   0,0,0,0,0,0,0,0,0,0,0,0,0,0,0,0,0,0,0,0,0,0
8556:                   db   0,0,0,0,0,0,0,0,0,0,0,0,0,0,0,0,0,0,0,0,0,0
856c:                   db   0,0,0,0,0,0,0,0,0,0,0,0,0,0,0,0,0,0,0,0,0,0
8582:                   db   0,0,0,0,0,0,0,0,0,0,0,0,0,0,0,0,0,0,0,0,0,0
8598:                   db   0,0,0,0,0,0,0,0,0,0,0,0,0,0,0,0,0,0,0,0,0,0
85ae:                   db   0,0,0,0,0,0,0,0,0,0,0,0,0,0,0,0,0,0,0,0,0,0
85c4:                   db   0,0,0,0,0,0,0,0,0,0,0,0,0,0,0,0,0,0,0,0,0,0
85da:                   db   0,0,0,0,0,0,0,0,0,0,0,0,0,0,0,0,0,0,0,0,0,0
85f0:                   db   0,0,0,0,0,0,0,0,0,0,0,0,0,0,0,0,0,0,0,0,0,0
8606:                   db   0,0,0,0,0,0,0,0,0,0,0,0,0,0,0,0,0,0,0,0,0,0
861c:                   db   0,0,0,0,0,0,0,0,0,0,0,0,0,0,0,0,0,0,0,0,0,0
8632:                   db   0,0,0,0,0,0,0,0,0,0,0,0,0,0,0,0,0,0,0,0,0,0
8648:                   db   0,0,0,0,0,0,0,0,0,0,0,0,0,0,0,0,0,0,0,0,0,0
865e:                   db   0,0,0,0,0,0,0,0,0,0,0,0,0,0,0,0,0,0,0,0,0,0
8674:                   db   0,0,0,0,0,0,0,0,0,0,0,0
8680:3e 04              ld      a,4
8682:32 f9 82           ld      (82f9h),a
8685:3a 00 8a           ld      a,(8a00h)
8688:32 92 99           ld      (9992h),a
868b:3d                 dec     a
868c:11 10 00           ld      de,10h
868f:2e 02              ld      l,2
8691:cd ce 73           call    73ceh
8694:11 5d fc           ld      de,0fc5dh
8697:19                 add     hl,de
8698:22 80 99           ld      (9980h),hl
869b:3e 0a              ld      a,0ah
869d:cd d5 7b           call    7bd5h
86a0:5e                 ld      e,(hl)
86a1:23                 inc     hl
86a2:56                 ld      d,(hl)
86a3:ed 53 93 99        ld      (9993h),de
86a7:cd b4 81           call    81b4h
86aa:3a 02 8a           ld      a,(8a02h)
86ad:fe 01              cp      1
86af:20 35              jr      nz,86e6h
86b1:2a 80 99           ld      hl,(9980h)
86b4:11 05 8a           ld      de,8a05h
86b7:01 03 00           ld      bc,3
86ba:cb f6              set     6,(hl)
86bc:eb                 ex      de,hl
86bd:13                 inc     de
86be:ed b0              ldir    
86c0:dd 21 d4 72        ld      ix,72d4h
86c4:fd 21 09 0d        ld      iy,0d09h
86c8:11 01 00           ld      de,1
86cb:01 03 01           ld      bc,103h
86ce:21 05 8a           ld      hl,8a05h
86d1:cd d6 73           call    73d6h
86d4:ca 7b 83           jp      z,837bh
86d7:23                 inc     hl
86d8:23                 inc     hl
86d9:23                 inc     hl
86da:11 49 73           ld      de,7349h
86dd:01 0a 00           ld      bc,0ah
86e0:ed b0              ldir    
86e2:af                 xor     a
86e3:32 82 99           ld      (9982h),a
86e6:3a 02 8a           ld      a,(8a02h)
86e9:47                 ld      b,a
86ea:3a 01 8a           ld      a,(8a01h)
86ed:fe ff              cp      0ffh
86ef:78                 ld      a,b
86f0:28 01              jr      z,86f3h
86f2:3d                 dec     a
86f3:cd a0 83           call    83a0h
86f6:00                 nop     
86f7:cd d5 7b           call    7bd5h
86fa:5e                 ld      e,(hl)
86fb:23                 inc     hl
86fc:56                 ld      d,(hl)
86fd:eb                 ex      de,hl
86fe:e9                 jp      (hl)
; ......................................................
86ff:2a 49 73           ld      hl,(7349h)
8702:cd 48 7b           call    7b48h
8705:c2 8c 82           jp      nz,828ch
8708:cd 7d 81           call    817dh
870b:f3                 di      
870c:af                 xor     a
870d:32 00 8a           ld      (8a00h),a
8710:c3 e6 73           jp      73e6h
; ......................................................
8713:cd bd 81           call    81bdh
8716:18 f3              jr      870bh
; ......................................................
8718:1a                 ld      a,(de)
8719:01 e1 00           ld      bc,0e1h
871c:fb                 ei      
871d:0f                 rrca    
871e:0a                 ld      a,(bc)
871f:01 25 00           ld      bc,25h
8722:d7                 rst     10h
8723:                   db   0,0ah,1,0fch,0,0f5h,0,1ah,1,56h,0,8bh,0,10h
8731:                   db   1,0d4h,1,83h,9,0ah,1,0f1h,1,0ebh,0,0bh,1,0dch
873f:                   db   0,3bh,1,0ch,1,17h,0,96h,1,2ch,1,64h,0,0fdh
874d:                   db   0,0,0,0,0,0,0,92h,31h,34h,0aah,72h,7fh,72h
875b:                   db   90h,3eh,0a5h,3eh,7bh,83h
8761:92                 sub     d
8762:                   db   31h,35h,9eh,72h
8766:7f                 ld      a,a
8767:72                 ld      (hl),d
8768:4e                 ld      c,(hl)
8769:74                 ld      (hl),h
876a:ba                 cp      d
876b:74                 ld      (hl),h
876c:7b                 ld      a,e
876d:83                 add     a,e
876e:92                 sub     d
876f:31 36 aa           ld      sp,0aa36h
8772:72                 ld      (hl),d
8773:7f                 ld      a,a
8774:72                 ld      (hl),d
8775:ef                 rst     28h
8776:74                 ld      (hl),h
8777:7b                 ld      a,e
8778:83                 add     a,e
8779:7b                 ld      a,e
877a:83                 add     a,e
877b:92                 sub     d
877c:31 37 a4           ld      sp,0a437h
877f:72                 ld      (hl),d
8780:7f                 ld      a,a
8781:72                 ld      (hl),d
8782:75                 ld      (hl),l
8783:75                 ld      (hl),l
8784:7b                 ld      a,e
8785:83                 add     a,e
8786:65                 ld      h,l
8787:75                 ld      (hl),l
8788:92                 sub     d
8789:32 30 b6           ld      (0b630h),a
878c:72                 ld      (hl),d
878d:7f                 ld      a,a
878e:72                 ld      (hl),d
878f:d1                 pop     de
8790:76                 halt    
8791:7b                 ld      a,e
8792:83                 add     a,e
8793:7b                 ld      a,e
8794:83                 add     a,e
8795:92                 sub     d
8796:32 31 bc           ld      (0bc31h),a
8799:72                 ld      (hl),d
879a:7f                 ld      a,a
879b:72                 ld      (hl),d
879c:5b                 ld      e,e
879d:77                 ld      (hl),a
879e:7b                 ld      a,e
879f:83                 add     a,e
87a0:7b                 ld      a,e
87a1:83                 add     a,e
87a2:92                 sub     d
87a3:32 32 c2           ld      (0c232h),a
87a6:72                 ld      (hl),d
87a7:7f                 ld      a,a
87a8:72                 ld      (hl),d
87a9:50                 ld      d,b
87aa:78                 ld      a,b
87ab:7b                 ld      a,e
87ac:83                 add     a,e
87ad:7b                 ld      a,e
87ae:83                 add     a,e
87af:92                 sub     d
87b0:30 36              jr      nc,87e8h
87b2:aa                 xor     d
87b3:72                 ld      (hl),d
87b4:57                 ld      d,a
87b5:79                 ld      a,c
87b6:5b                 ld      e,e
87b7:79                 ld      a,c
87b8:7b                 ld      a,e
87b9:83                 add     a,e
87ba:7b                 ld      a,e
87bb:83                 add     a,e
87bc:92                 sub     d
87bd:34                 inc     (hl)
87be:32 c8 72           ld      (72c8h),a
87c1:7f                 ld      a,a
87c2:72                 ld      (hl),d
87c3:7b                 ld      a,e
87c4:7a                 ld      a,d
87c5:7b                 ld      a,e
87c6:83                 add     a,e
87c7:7b                 ld      a,e
87c8:83                 add     a,e
87c9:00                 nop     
87ca:00                 nop     
87cb:00                 nop     
87cc:00                 nop     
87cd:00                 nop     
87ce:00                 nop     
87cf:00                 nop     
87d0:00                 nop     
87d1:00                 nop     
87d2:00                 nop     
87d3:32 30 30           ld      (3030h),a
87d6:20 32              jr      nz,880ah
87d8:30 31              jr      nc,880bh
87da:32 30 32           ld      (3230h),a
87dd:32 30 34           ld      (3430h),a
87e0:20 32              jr      nz,8814h
87e2:30 36              jr      nc,881ah
87e4:20 32              jr      nz,8818h
87e6:30 38              jr      nc,8820h
87e8:32 31 30           ld      (3031h),a
87eb:32 31 32           ld      (3231h),a
87ee:32 31 35           ld      (3531h),a
87f1:32 32 31           ld      (3132h),a
87f4:32 32 33           ld      (3332h),a
87f7:32 32 34           ld      (3432h),a
87fa:32 34 39           ld      (3934h),a
87fd:32 35 30           ld      (3035h),a
8800:32 35 31           ld      (3135h),a
8803:32 36 34           ld      (3436h),a
8806:32 37 33           ld      (3337h),a
8809:32 37 34           db   32h
880a:37                 scf     
880b:34                 inc     (hl)
880c:0a                 ld      a,(bc)
880d:40                 ld      b,b
880e:32 38 30           ld      (3038h),a
8811:32 39 39           ld      (3939h),a
8814:53                 ld      d,e
8815:59                 ld      e,c
8816:53                 ld      d,e
8817:31 3a 92           db   31h
8818:3a 92 99           db   3ah,92h
881a:99                 sbc     a,c
881b:06 01              ld      b,1
881d:32 b4 73           ld      (73b4h),a
8820:78                 ld      a,b
8821:32 ae 73           ld      (73aeh),a
8824:06 ff              ld      b,0ffh
8826:cd bf 73           call    73bfh
8829:d7                 rst     10h
882a:08                 ex      af,af'
882b:0b                 dec     bc
882c:37                 scf     
882d:13                 inc     de
882e:01 00 00           ld      bc,0
8831:00                 nop     
8832:00                 nop     
8833:00                 nop     
8834:00                 nop     
8835:8f                 adc     a,a
8836:99                 sbc     a,c
8837:3a 8f 99           ld      a,(998fh)
883a:a7                 and     a
883b:c8                 ret     z
883c:10 e8              djnz    8826h
883e:c9                 ret     
; ......................................................
883f:                   db   0d7h,3,3,4,0ah,0,0c9h,0cdh,6bh,6,0cdh,0efh
884b:                   db   34h,0efh,0c9h,0cdh,69h,6,0cdh,0adh,34h,0efh
8855:                   db   0c9h,0cdh,6fh,6,0cdh,86h,36h,0efh,0c9h,0cdh
885f:                   db   67h,6,0cdh,70h,34h,0efh,0c9h,0cdh,38h,7dh,0d7h
886a:                   db   1,80h,3ah,2,0fch,18h,3,3ah,1,0fch,0edh,43h
8876:                   db   96h,99h,21h,0,9ah,22h,0bh,74h,0ddh,21h,5,74h
8882:                   db   0cdh,0deh,73h,0d7h,8,0bh,17h,0,0,0,0,0,0,0
8890:                   db   0,8fh,99h,0cdh,0bfh,73h,3ah,8fh,99h,0a7h,0c9h
889b:                   db   0cdh,71h,6,0cdh,50h,37h,0efh,0d7h,0,1,0bh,0c9h
88a7:                   db   0cdh,73h,6,0cdh,0b0h,37h,0efh,0d7h,0,1,0bh
88b2:                   db   0c9h,3ah,1,0fch,0e6h,0fh,0c6h,18h,32h,41h,74h
88bd:                   db   0d7h,8,0ch,3fh,0,2,0,9ah,1,0,7,0,8fh,99h,0
88cc:                   db   18h,0c5h,0cdh,0f3h,7bh,32h,86h,99h,0cdh,0aah
88d6:                   db   81h,0c2h,0a2h,82h,0cdh,1,7ch,0c2h,90h,82h,0cdh
88e1:                   db   0fh,7ch,3eh,1,0cah,38h,83h,0ddh,21h,8,8ah,0cdh
88ed:                   db   0f7h,7bh,32h,87h,99h,0cdh,0fh,7ch,28h,14h,0cdh
88f8:                   db   0f9h,7dh,3eh,2,0c2h,0b6h,82h,2ah,84h,99h,0cbh
8903:                   db   76h,28h,5,0cbh,6eh,0cah,3dh,83h,21h,98h,72h
890e:                   db   0cdh,44h,7bh,0c2h,8ch,82h,0cdh,1,7ch,0c2h,90h
8919:                   db   82h,3ah,86h,99h,32h,83h,99h,0cdh,0fh,7ch,0cdh
8924:                   db   0cbh,7eh,0cdh,1ch,7fh,11h,5,8ah,21h,89h,0,3eh
8930:                   db   82h,0cdh,0e6h,7bh,0c2h,0aeh,82h,0c3h,88h,72h
893a:                   db   0cdh,0f3h,7bh,0cdh,0fh,7ch,0cdh,8,7fh,0c2h
8944:                   db   0d1h,82h,0cdh,22h,7dh,0cdh,1,7ch,0c2h,90h,82h
894f:                   db   0cdh,0f9h,7dh,20h,3,0cdh,42h,7eh,0cdh,4dh,82h
895a:                   db   0cdh,45h,82h,0cdh,0d0h,80h,2ah,90h,99h,0cdh
8964:                   db   45h,82h,0cdh,0fah,80h,0c2h,0aeh,82h,0c3h,0d1h
896e:                   db   3eh,0cdh,22h,7dh,0cdh,0f3h,7bh,0cdh,1,7ch,0c2h
8979:                   db   90h,82h,0cdh,0fh,7ch,0cah,70h,83h,2ah,84h,99h
8984:                   db   0cbh,6eh,20h,10h,0e5h,2ah,90h,99h,7eh,0e1h
898e:                   db   0cbh,77h,0c2h,3ah,75h,0cbh,5fh,0c2h,3ah,75h
8998:                   db   0e5h,0cdh,42h,7eh,0e1h,36h,0,0cdh,0d0h,80h
89a2:                   db   2ah,90h,99h,36h,0,0cdh,0fah,80h,0c2h,0aeh,82h
89ad:                   db   0cdh,0dah,7bh,0c2h,0aeh,82h,0afh,32h,82h,99h
89b7:                   db   0c3h,88h,72h,0cbh,57h,0cah,3dh,83h,3ah,82h
89c1:                   db   99h,0feh,3,28h,13h,3ah,83h,99h,32h,95h,99h
89cc:                   db   3eh,3,32h,82h,99h,3eh,1,21h,86h,73h,0c3h,0b9h
89d8:                   db   82h,3ah,83h,99h,47h,3ah,95h,99h,0b8h,28h,0b5h
89e3:                   db   18h,0e1h,3ah,5,8ah,0feh,84h,0cah,64h,76h,0feh
89ee:                   db   83h,0cah,72h,76h,0c3h,7bh,83h,3ah,1,8ah,0feh
89f9:                   db   0ffh,20h,0bh,21h,8,8ah,11h,5,8ah,1,3,0,0edh
8a06:                   db   0b0h,1,0ch,0,11h,1,0,0cdh,0f1h,73h,0c2h,90h
8a12:                   db   82h,21h,14h,9ah,11h,7dh,76h,1,4,0,0edh,0b0h
8a1e:                   db   0cdh,0f3h,7bh,0a7h,20h,0fh,3eh,41h,32h,83h
8a28:                   db   99h,32h,86h,99h,3eh,84h,32h,5,8ah,18h,10h,3ah
8a34:                   db   83h,99h,0d6h,41h,21h,21h,0fch,0cdh,0d5h,7bh
8a3e:                   db   0cbh,7eh,0cah,0a6h,76h,21h,21h,0fch,6,3ch,0cbh
8a49:                   db   7eh,20h,11h,23h,10h,0f9h,3ah,1,8ah,0feh,0ffh
8a54:                   db   0cah,0aeh,76h,11h,5dh,73h,0c3h,0a8h,82h,3ah
8a5e:                   db   1,8ah,0feh,0ffh,28h,9,21h,0b0h,72h,0cdh,44h
8a69:                   db   7bh,0c2h,8ch,82h,0cdh,1,7ch,0c2h,90h,82h,0cdh
8a74:                   db   0fh,7ch,28h,60h,3ah,83h,99h,32h,86h,99h,0cdh
8a7f:                   db   0cbh,7eh,0cdh,1ch,7fh,2ah,90h,99h,11h,8eh,8ah
8a8a:                   db   0cdh,0a6h,83h,0cbh,76h,6,20h,78h,28h,3,3ah
8a95:                   db   7dh,76h,12h,13h,0cbh,6eh,78h,28h,3,3ah,7eh
8aa0:                   db   76h,12h,13h,0cbh,66h,78h,28h,3,3ah,7fh,76h
8aab:                   db   12h,13h,0cbh,76h,78h,28h,7,0cbh,56h,20h,3,3ah
8ab7:                   db   80h,76h,12h,3ah,1,8ah,0feh,0ffh,28h,40h,11h
8ac2:                   db   5,8ah,21h,8eh,0,3eh,82h,0cdh,0e6h,7bh,0c2h
8acd:                   db   0aeh,82h,0cdh,0cbh,81h,0c2h,0aeh,82h,0c3h,88h
8ad7:                   db   72h,3ah,5,8ah,0feh,83h,28h,13h,0feh,84h,0c2h
8ae2:                   db   0a6h,76h,3ah,83h,99h,3ch,0feh,7dh,0cah,4fh
8aec:                   db   83h,32h,83h,99h,18h,81h,3ah,83h,99h,3dh,0feh
8af7:                   db   40h,0cah,66h,83h,18h,0f0h,0,0,0,0,0cdh,7dh
8b03:                   db   82h,0c2h,93h,72h,21h,0a0h,76h,1,6,0,0edh,0b0h
8b0f:                   db   21h,5,8ah,1,8eh,0,0edh,0b0h,0c3h,0dah,3eh,10h
8b1b:                   db   0,6,1,0,81h,10h,0,6,8fh,0,1,3ah,1,8ah,0feh
8b2a:                   db   0ffh,0c2h,38h,83h,0cdh,7dh,82h,0c2h,93h,72h
8b34:                   db   21h,9ah,76h,11h,20h,0dch,1,6,0,0edh,0b0h,2ah
8b40:                   db   4bh,73h,1,5bh,79h,0edh,42h,0c2h,93h,72h,1bh
8b4b:                   db   3eh,82h,12h,0c3h,93h,72h,0cdh,42h,80h,0cdh
8b55:                   db   1,7ch,0c2h,90h,82h,0afh,32h,82h,99h,0cdh,0fh
8b60:                   db   7ch,20h,9,3ah,88h,99h,0a7h,28h,41h,0c3h,70h
8b6b:                   db   83h,2ah,90h,99h,7eh,0cbh,77h,28h,11h,0cbh,5fh
8b76:                   db   20h,57h,0cbh,57h,28h,9,3ah,88h,99h,0a7h,0c2h
8b81:                   db   0f7h,77h,18h,25h,2ah,84h,99h,0cbh,6eh,20h,1eh
8b8c:                   db   0cbh,76h,28h,8,0e5h,0cdh,44h,81h,0e1h,0c2h
8b96:                   db   0aeh,82h,0cbh,0eeh,0cdh,0ah,7ch,20h,1bh,2ah
8ba0:                   db   90h,99h,0cbh,0eeh,0cdh,74h,82h,0c2h,0aeh,82h
8baa:                   db   3ah,88h,99h,0a7h,28h,3,0c3h,2dh,75h,0cdh,7ch
8bb5:                   db   80h,28h,0f8h,18h,0a4h,0f5h,0cdh,57h,81h,20h
8bbf:                   db   7,0f1h,32h,8fh,99h,0c3h,90h,82h,0f1h,3eh,0ffh
8bca:                   db   32h,8fh,99h,18h,0d8h,3ah,88h,99h,0a7h,21h,80h
8bd5:                   db   73h,0c2h,3bh,83h,18h,0d8h,0cdh,42h,80h,0cdh
8bdf:                   db   1,7ch,0c2h,90h,82h,3ah,88h,99h,0a7h,0cah,7
8bea:                   db   78h
8beb:cd 0f 7c           db   0cdh
8bec:0f                 rrca    
8bed:7c                 ld      a,h
8bee:ca fd 77           jp      z,77fdh
8bf1:2a 90 99           ld      hl,(9990h)
8bf4:cb 76              bit     6,(hl)
8bf6:28 62              jr      z,8c5ah
8bf8:cb 56              bit     2,(hl)
8bfa:20 74              jr      nz,8c70h
8bfc:2a 84 99           ld      hl,(9984h)
8bff:cb 66              bit     4,(hl)
8c01:20 63              jr      nz,8c66h
8c03:e5                 push    hl
8c04:cd 57 81           call    8157h
8c07:e1                 pop     hl
8c08:c2 ae 82           jp      nz,82aeh
8c0b:cb ae              res     5,(hl)
8c0d:cd 0a 7c           call    7c0ah
8c10:c2 49 78           jp      nz,7849h
8c13:2a 90 99           ld      hl,(9990h)
8c16:cb ae              res     5,(hl)
8c18:cb 76              bit     6,(hl)
8c1a:28 2e              jr      z,8c4ah
8c1c:06 40              ld      b,40h
8c1e:3a 05 fc           ld      a,(0fc05h)
8c21:e6 2c              and     2ch
8c23:20 0f              jr      nz,8c34h
8c25:3a e0 fc           ld      a,(0fce0h)
8c28:cb 67              bit     4,a
8c2a:28 08              jr      z,8c34h
8c2c:3a fc fc           ld      a,(0fcfch)
8c2f:cb 4f              bit     1,a
8c31:20 17              jr      nz,8c4ah
8c33:04                 inc     b
8c34:cd 62 81           call    8162h
8c37:c2 ae 82           jp      nz,82aeh
8c3a:3a fc fc           ld      a,(0fcfch)
8c3d:cb 57              bit     2,a
8c3f:06 40              ld      b,40h
8c41:20 01              jr      nz,8c44h
8c43:04                 inc     b
8c44:cd 5e 81           call    815eh
8c47:c2 ae 82           jp      nz,82aeh
8c4a:cd 74 82           call    8274h
8c4d:c2 ae 82           jp      nz,82aeh
8c50:3a 88 99           ld      a,(9988h)
8c53:fe 01              cp      1
8c55:28 08              jr      z,8c5fh
8c57:c3 30 77           jp      7730h
; ......................................................
8c5a:2a 84 99           ld      hl,(9984h)
8c5d:18 ac              jr      8c0bh
; ......................................................
8c5f:cd 7c 80           call    807ch
8c62:28 f3              jr      z,8c57h
8c64:18 85              jr      8bebh
; ......................................................
8c66:3a 88 99           ld      a,(9988h)
8c69:fe 01              cp      1
8c6b:28 f2              jr      z,8c5fh
8c6d:c3 45 83           jp      8345h
; ......................................................
8c70:3a 88 99           ld      a,(9988h)
8c73:fe 01              cp      1
8c75:28 e8              jr      z,8c5fh
8c77:21 86 73           ld      hl,7386h
8c7a:c3 3b 83           jp      833bh
; ......................................................
8c7d:                   db   3ah,88h,99h,0feh,1,28h,0dbh,0c3h,38h,83h,0cdh
8c88:                   db   0bdh,7eh,21h,9,8ah,22h,89h,99h,3eh,40h,32h
8c93:                   db   83h,99h,0cdh,7ch,80h,28h,11h,0cdh,0fh,7ch,28h
8c9e:                   db   0f6h,2ah,84h,99h,0cbh,6eh,28h,0efh,0cdh,54h
8ca8:                   db   80h,18h,0eah,0cdh,38h,7dh,21h,89h,73h,11h,5
8cb3:                   db   8ah,0d5h,1,4,0,0edh,0b0h,0d1h,21h,0f4h,0,3eh
8cbf:                   db   97h,0cdh,0e6h,7bh,0c2h,0aeh,82h,0c3h,2dh,75h
8cc9:                   db   0f5h,0cdh,44h,81h,0c3h,3eh,77h,0afh,32h,82h
8cd3:                   db   99h,0cdh,42h,80h,3ah,88h,99h,0a7h,28h,4,0feh
8cde:                   db   1,20h,5,3eh,41h,32h,83h,99h,0cdh,0aah,81h,0c2h
8cea:                   db   0a2h,82h,0cdh,5,82h,0c2h,0d1h,82h,21h,8,8ah
8cf5:                   db   1,4,0,11h,8bh,99h,0edh,0b0h,0cdh,0bdh,7eh,21h
8d01:                   db   9,8ah,22h,89h,99h,0cdh,1,7ch,0c2h,90h,82h,0cdh
8d0d:                   db   0fh,7ch,0cah,30h,79h,3ah,88h,99h,0a7h,28h,18h
8d18:                   db   2ah,90h,99h,0cbh,5eh,28h,11h,0cdh,74h,80h,0cah
8d23:                   db   47h,79h,0feh,1,0cah,47h,79h,21h,80h,73h,0c3h
8d2e:                   db   3bh,83h,0afh,32h,9bh,99h,2ah,84h,99h,23h,0e5h
8d39:                   db   0ddh,0e1h,21h,8,4,0e5h,0fdh,0e1h,11h,1,0,1
8d45:                   db   4,1,21h,8bh,99h,0cdh,0d6h,73h,0cah,4fh,79h
8d50:                   db   3eh,3,32h,82h,99h,0e5h,0cdh,54h,80h,0e1h,6
8d5b:                   db   4,36h,20h,23h,10h,0fbh,3eh,52h,32h,9bh,99h
8d66:                   db   3ah,88h,99h,0a7h,20h,0c8h,18h,1ah,2ah,90h,99h
8d71:                   db   0cbh,76h,28h,0ah,0cbh,56h,20h,2ah,0cdh,0d8h
8d7b:                   db   80h,0c2h,0aeh,82h,0cdh,0d0h,80h,0cdh,74h,82h
8d85:                   db   0c2h,0aeh,82h,3ah,88h,99h,0feh,1,28h,38h,0a7h
8d90:                   db   28h,35h,3ah,88h,99h,0a7h,0cah,2bh,78h,3ah,82h
8d9b:                   db   99h,0a7h,0cah,73h,83h,0c3h,2dh,75h,0cbh,0e6h
8da5:                   db   0cbh,0eeh,2ah,84h,99h,0cbh,0e6h,0cbh,0eeh,18h
8daf:                   db   0cfh,0cdh,74h,80h,28h,12h,0feh,1,28h,0eh,0c3h
8dba:                   db   38h,83h,0cdh,74h,80h,28h,6,0feh,1,28h,2,18h
8dc6:                   db   0cbh,0cdh,7ch,80h,28h,0c6h,0c3h,8ch,78h,3ah
8dd0:                   db   9bh,99h,0a7h,28h,0e7h,18h,97h,0afh,32h,0,8ah
8ddb:                   db   1,0ch,0,11h,1,0,0cdh,0f1h,73h,0c2h,90h,82h
8de7:                   db   21h,0,9ch,11h,1,9ch,1,7fh,3,0cdh,0c6h,7eh,21h
8df4:                   db   0,9ah,11h,16h,9ch,1,13h,0,0edh,0b0h,0ddh,21h
8e00:                   db   41h,9ch,1,41h,0,21h,21h,0fch,1eh,0ch,0d5h,0cdh
8e0c:                   db   6fh,80h,0ddh,36h,3,3ah,0cbh,7eh,28h,32h,3ah
8e17:                   db   13h,9ah,0ddh,77h,5,0cbh,76h,28h,6,3ah,14h,9ah
8e23:                   db   0ddh,77h,6,0cbh,6eh,28h,6,3ah,15h,9ah,0ddh
8e2e:                   db   77h,7,0cbh,66h,28h,6,3ah,16h,9ah,0ddh,77h,8
8e3a:                   db   0cbh,76h,28h,0ah,0cbh,56h,20h,6,3ah,17h,9ah
8e45:                   db   0ddh,77h,9,0d1h,1dh,28h,4ch,0d5h,11h,40h,0
8e50:                   db   0ddh,19h,23h,3,79h,0feh,7dh,20h,0b2h
8e59:21 18 9a           ld      hl,9a18h
8e5c:11 40 9f           ld      de,9f40h
8e5f:01 40 00           ld      bc,40h
8e62:ed b0              ldir    
8e64:3a 01 8a           ld      a,(8a01h)
8e67:fe ff              cp      0ffh
8e69:28 49              jr      z,8eb4h
8e6b:11 ff 9b           ld      de,9bffh
8e6e:21 00 02           ld      hl,200h
8e71:3e 01              ld      a,1
8e73:cd 9a 83           call    839ah
8e76:c2 ae 82           jp      nz,82aeh
8e79:11 ff 9d           ld      de,9dffh
8e7c:21 80 01           ld      hl,180h
8e7f:3e 09              ld      a,9
8e81:cd 9a 83           call    839ah
8e84:c2 ae 82           jp      nz,82aeh
8e87:06 4b              ld      b,4bh
8e89:3a 00 8a           ld      a,(8a00h)
8e8c:a7                 and     a
8e8d:c2 d1 3e           jp      nz,3ed1h
8e90:cd bf 73           call    73bfh
8e93:10 f4              djnz    8e89h
8e95:c3 67 79           jp      7967h
; ......................................................
8e98:                   db   0e5h,0ddh,0e5h,0e1h,11h,0c0h,2,0afh,0edh,52h
8ea2:                   db   11h,0dh
8ea4:00                 nop     
8ea5:19                 add     hl,de
8ea6:e5                 push    hl
8ea7:dd e1              pop     ix
8ea9:e1                 pop     hl
8eaa:23                 inc     hl
8eab:03                 inc     bc
8eac:79                 ld      a,c
8ead:fe 7d              cp      7dh
8eaf:c2 88 79           jp      nz,7988h
8eb2:18 a5              jr      8e59h
; ......................................................
8eb4:cd 7d 82           call    827dh
8eb7:c2 93 72           jp      nz,7293h
8eba:21 75 7a           ld      hl,7a75h
8ebd:01 06 00           ld      bc,6
8ec0:ed b0              ldir    
8ec2:d5                 push    de
8ec3:dd e1              pop     ix
8ec5:21 46 9c           ld      hl,9c46h
8ec8:16 41              ld      d,41h
8eca:1e 0c              ld      e,0ch
8ecc:06 05              ld      b,5
8ece:7e                 ld      a,(hl)
8ecf:dd 77 00           ld      (ix+0),a
8ed2:23                 inc     hl
8ed3:dd 23              inc     ix
8ed5:10 f7              djnz    8eceh
8ed7:14                 inc     d
8ed8:1d                 dec     e
8ed9:28 0d              jr      z,8ee8h
8edb:3e 3b              ld      a,3bh
8edd:cd d5 7b           call    7bd5h
8ee0:7a                 ld      a,d
8ee1:fe 7d              cp      7dh
8ee3:20 e7              jr      nz,8ecch
8ee5:c3 da 3e           jp      3edah
; ......................................................
8ee8:01 b7 02           ld      bc,2b7h
8eeb:ed 42              sbc     hl,bc
8eed:7a                 ld      a,d
8eee:fe 7d              cp      7dh
8ef0:20 d8              jr      nz,8ecah
8ef2:c3 da 3e           jp      3edah
; ......................................................
8ef5:                   db   10h,0,6,2dh,1,2,3ah,2,0fch,0cdh,36h,74h,0c2h
8f02:                   db   0a2h,82h,21h,10h,9ah,11h,94h,73h,6,3,1ah,0beh
8f0e:                   db   0c2h,94h,83h,13h,23h,10h,0f7h,0cdh,0adh,81h
8f18:                   db   0cdh,0f3h,7bh,32h,87h,99h,0cdh,4bh,80h,0cdh
8f22:                   db   0fh,7ch,2ah,90h,99h,0cbh,7eh,28h,9,0cdh,1,7ch
8f2e:                   db   0c2h,90h,82h,0cdh,0fh,7ch,3eh,1,0cah,13h,7bh
8f39:                   db   0cdh,0cbh,7eh,0cdh,1ch,7fh,0cdh,31h,7ch,0afh
8f43:                   db   32h,0f9h,82h,1,1,0,11h,2,0,0cdh,0ech,73h,0c2h
8f50:                   db   90h,82h,0cdh,73h,7ch,0c2h,1fh,7bh,0cdh,0fh
8f5a:                   db   7fh,11h,8,0,1,3,0,0cdh,0ech,73h,0c2h,90h,82h
8f67:                   db   0cdh,0fh,7ch,20h,2dh,0cdh,4dh,82h,0cdh,45h
8f71:                   db   82h,11h,8,80h,1,3,0,0cdh,0ech,73h,0c2h,90h
8f7d:                   db   82h,3ah,83h,99h,0cdh,0ddh,81h,3ah,87h,99h,0a7h
8f88:                   db   20h,6,0cdh,7ch,80h,0c2h,0a1h,7ah,0c3h,2dh,75h
8f93:                   db   0cdh,39h,7bh,0c3h,38h,83h,0cdh,39h,7bh,0c3h
8f9d:                   db   0b4h,82h,0feh,4bh,28h,10h,0feh,44h,28h,0ch
8fa7:                   db   0feh,55h,28h,8,0feh,4dh,28h,4,0feh,4ch,20h
8fb2:                   db   3,0cdh,39h,7bh,0c3h,0d1h,82h,47h,3ah,87h,99h
8fbd:                   db   0a7h,78h,0c0h,0f1h,0c3h,0ah,7bh,3eh,19h,18h
8fc7:                   db   2,3eh,1,32h,0afh,73h,11h,0ceh,72h,1,6,0,0edh
8fd4:                   db   0b0h,0edh,4bh,0ceh,72h,11h,5,0,0cdh,0f1h,73h
8fdf:                   db   3eh,46h,20h,70h,2ah,0ceh,72h,3eh,5,0cdh,0d5h
8fea:                   db   7bh,22h,0ceh,72h,21h,0,9ah,22h,98h,99h,21h
8ff5:                   db   0,2,0edh,4bh,0d0h,72h,0afh,0edh,42h,0e5h,0edh
9000:                   db   5bh,0d2h,72h,0ebh,0afh,0edh,52h,0d1h,3ah,0afh
900a:                   db   73h,30h,6,0cbh,0ffh,0edh,5bh,0d2h,72h,2ah,98h
9015:                   db   99h,0edh,4bh,0d0h,72h,9,0ebh,0cdh,0e6h,7bh
901f:                   db   3eh,53h,20h,30h,3ah,0afh,73h,0cbh,7fh,20h,28h
902a:                   db   2ah,98h,99h,24h,24h,22h,98h,99h,21h,0,0,22h
9036:                   db   0d0h,72h,0afh,2ah,0d2h,72h,0edh,5bh,0b2h,73h
9040:                   db   0edh,52h,22h,0d2h,72h,2ah,98h,99h,11h,0,0a4h
904b:                   db   0afh,0edh,52h,30h,85h,18h,0a2h,0afh,0a7h,0c9h
9055:                   db   85h,6fh,0d0h,24h,0c9h,3eh,83h,21h,1,0,18h,5
9061:                   db   21h,4,0,3eh,86h,32h,0afh,73h,0edh,53h,0b0h
906c:                   db   73h,22h,0b2h,73h,0c3h,98h,73h,0ddh,21h,5,8ah
9077:                   db   3eh,83h,0cdh,0c6h,73h,7bh,32h,83h,99h,25h,93h
