CONTEXT   0 241   0   3  72



                                            ; z sobn¡ky
b030                                        
b050                                        
b080                                        
b0c0                                        
b100                                        
b140                                        
b170                                        
b1a0                                        
b1c0                                        
b200                                        
b240                                        
b260                                        
b2a0                                        
b2e0                                        
                                            ; za‡ tek datov‚ oblasti
                                            ; 0b300h a‘ 0b7bfh = 0

b300:                   db      0           ; p©¡znak ochrany z sobn¡ku
                                            ; (01=prob¡h  p©eru¨en¡)
b301:                   db      0           ; maska pro bitovou mapu
b302:                   db      1 (0)       ; 008f, 0e55 ochrana z sobn¡ku
b303:                   dw      0           ; £schova ukazatele z sobn¡ku (RST 28)
b305:                   dw      0b405h      ; 0e68 adresa v tabulce

b3e5:                                       ; vrchol z sobn¡ku

b3e7: cb 00             rlc     b           ; 0083
b3e9: c9                ret                 

b3ea:                   db      1 (0ffh)    ; 0092, 0dc5h ‡¡slo bitu v mapˆ
b3eb:                   db      0           ; aktu ln¡ bit v bitov‚ mapˆ
b3ec:                   dw      0b3f1h      ; 0e65h adresa v tabulce
b3ee:                   db      0,0,0       ; 0eb3 bitov  mapa (18 bit–)

                                            ; 0e31h tabulka
                                            ; (obsahuje p©¡znaky)
b3f1:                   db      0           
b3f2:                   db      0           
b3f3:                   db      0           
b3f4:                   db      0           
b3f5:                   db      0           
b3f6:                   db      0           
b3f7:                   db      0           
b3f8:                   db      0           
b3f9:                   db      0           
b3fa:                   db      0           
b3fb:                   db      0           
b3fc:                   db      0           
b3fd:                   db      0           
b3fe:                   db      0           
b3ff:                   db      0           
b400:                   db      0           
b401:                   db      0           
b402:                   db      0           

b403:                   db      0ffh        ; 00b6h

b405:                                       ; 0e68h tabulka 2
                                            ; (obsahuje adresy z sobn¡k–)
b405:                   dw      0           
b407:                   dw      0           
b409:                   dw      0           
b40b:                   dw      0           
b40d:                   dw      0           
b40f:                   dw      0           
b411:                   dw      0           
b413:                   dw      0           
b415:                   dw      0           
b417:                   dw      0           
b419:                   dw      0           
b41b:                   dw      0           
b41d:                   dw      0           
b41f:                   dw      0           
b421:                   dw      0           
b423:                   dw      0           
b425:                   dw      0           
b427:                   dw      0           


b429:                   db      0           ; ‡¡ta‡ milisekund * 20
b42a:                   db      0           ; ‡¡ta‡ sekund
b42b:                   db      0           ; ‡¡ta‡ minut
b42c:                   db      0           ; ‡¡ta‡ hodin

b431:                   db      0
b432:                   db      0           ; inkrementace milis. * 20
b433:                   db      0           ; zmˆna milisekund * 20
b434:                   db      0           ; zmˆn sekund
b435:                   db      0           ; zmˆn minut
b436:                   db      0           ; zmˆn hodin

b43b:                   ds      75          ; buffer (max. 15 polo‘ek po 5 B)

b478:                   dw      0c040h      ; (0b66) druh˜ © dek v bufferu ABS
b47a:                   dw      0c040h      ; (0b69) aktu ln¡ pozice v bufferu ABS

b47d:                   rst     8           ; 00c6h FUNKCE 01

b492:                   jp      0c866h      ; 00cbh

b4ba:                   db      9           ; 0c60
b4bb:                   db      11h         ; 0c65

b4bc:                                       ; tabulka (0c53)
b4bc:                   db      0,0,83h     
b4bf:                   db      0,0,83h     
b4c2:                   db      0fbh,1eh,83h
b4c5:                   db      12h,20h,83h 
b4c8:                   db      0,0,83h
b4cb:                   db      0ebh,0b4h,83h
b4ce:                   db      0dh,0b5h,83h
b4d1:                   db      30h,0b5h,3
b4d4:                   db      3dh,0b5h,86h
b4d7:                   db      70h,8ah,0c8h
b4da:                   db      0f7h,0bh,0f8h
b4dd:                   db      0b4h,0,0b1h 
b4e0:                   db      0b4h,0e0h,0 
b4e3:                   db      0,0,12h     
b4e6:                   db      51h,0cbh,7eh
b4e9:                   db      0cch,1ah,0b5h

b4ec:                                       ; 0c6a
b4ec:                   db      70h,8ah,0c8h
b4ef:                   db      0f7h,0bh,0f8h
b4f2:                   db      0b4h,0      

b4f4:                                       
                                            ; 0c75
b503:                   db      0b1h        
b504:                   db      0b4h,0e0h,0 
b507:                   db      0,0         

b50e:                                       ; 0c88
b50e:                   db      12h         
b50f:                   db      51h,0cbh,7eh
b512:                   db      0cch,1ah,0b5h
b515:                   db      0           

b525:                                       ; 0c9b
b525:                   db      0b4h,0b4h   

b531:                                       ; 0ca4
b531:                   db      55h,71h,0fh,36h
b535:                   db      1ah,4ah,0b5h,0

b539:                                       

b53e:                                       ; 0caa
b53e:                   db      55h,71h,0fh,36h
b542:                   db      1ah,4ah,0b5h,1

b546:                                       

b555:                                       ; 0cb7h
b555:                   db      0b7h,0b4h   


b55c:                   db      0           ; adresa kan lu vstupu dat z AFS

b566:                   db      0           ; v˜stupn¡ bajt na kan l PIO2-A/AFS

b57a:                   dw      0           ; adresa pro p©ete‡en¡ disk. operace

b79c:                   dw      0b530h      ; 00a2h


c000:                   ds      400h        ; buffer obrazovky ABS
                                            ; (je zde £vodn¡ obraz)

c400:                                       

cc9c:                                       ; FUNKCE 03


fd3a


Porty:

CTC-0/ZRE - ‡asova‡, p©eru¨en¡ ka‘d˜ch 20 ms
