  90  VESA VBE (
  91  VESA XBE (

 100  Unknown Cirrus 54xx (
 101  Acumos AVGA1 (5401)
 102  Acumos AVGA2 (5402)
 103  Cirrus CL-GD5401
 104  Cirrus CL-GD5402
 105  Cirrus CL-GD5402 rev 1
 106  Cirrus CL-GD5420
 107  Cirrus CL-GD5420 rev 1
 108  Cirrus CL-GD5422
 109  Cirrus CL-GD5424
 110  Cirrus CL-GD5426
 111  Cirrus CL-GD5428
 112  Cirrus CL-GD543x

 115  Cirrus CL-GD6205
 116  Cirrus CL-GD6215
 117  Cirrus CL-GD6225
 118  Cirrus CL-GD6235

 120  Unknown Cirrus 64xx (
 121  Cirrus CL-GD5410
 122  Cirrus CL-GD6410
 123  Cirrus CL-GD6412
 124  Cirrus CL-GD6420
 125  Cirrus CL-GD6440

 130  Paradise PVGA1A
 131  Paradise WD90c00
 132  Paradise WD90c10
 133  Paradise WD90c11
 134  Paradise WD90c20
 135  Paradise WD90c20A
 136  Paradise WD90c22
 137  Paradise WD90c24
 138  Paradise WD90c26
 139  Paradise WD90c30
 140  Paradise WD90c31
 141  Paradise WD90c33

 160  Unknown Chips&Tech (
 161  Chips&Tech 82c450
 162  Chips&Tech 82c451
 163  Chips&Tech 82c452
 164  Chips&Tech 82c453
 165  Chips&Tech 82c455
 166  Chips&Tech 82c456
 167  Chips&Tech 82c457
 168  Chips&Tech F65520
 169  Chips&Tech F65530
 170  Chips&Tech F65510

 180  Unknown Old Cirrus (
 181  Cirrus V7 OEM
 182  Cirrus 510/520
 183  Cirrus 610/620

 190  Unknown NCR (
 191  NCR 77c21
 192  NCR 77c22
 193  NCR 77c22e
 194  NCR 77c22e+

 200  Unknown OAK (
 201  OAK-037C
 202  OAK-057
 203  OAK-067
 204  OAK-077
 205  OAK-083
 206  OAK-087

 210  Unknown Realtek (
 211  Realtek RT3103
 212  Realtek RT3105
 213  Realtek RT3106

 220  Unknown S3 (
 221  S3 86c911
 222  S3 86c911A/924
 223  S3 86c801A/B
 224  S3 86c805A/B
 225  S3 86c801C
 226  S3 86c805C
 227  S3 86c801C
 228  S3 86c805C
 229  S3 86c928C
 230  S3 86c928D
 231  S3 86c928E
 232  S3 86c928PCI

 240  Unknown Trident (
 241  Trident 8800BR
 242  Trident 8800CS
 243  Trident 8900B
 244  Trident TVGA8900C
 245  Trident 9000
 246  Trident 8900CL/D
 247  Trident TVGA9000i
 248  Trident 8900CXr
 249  Trident LCD9100B
 254  Trident GUI9420
 251  Trident LX8200
 252  Trident LCD9320
 253  Trident 9200CXi

 260  Ahead V5000A
 261  Ahead V5000B

 270  Avance Logic AL2101

 280  Unknown Compaq
 281  Compaq IVGS
 282  Compaq AVGA
 283  Compaq Adv VGA Port
 284  Compaq QVision 1024
 285  Compaq QVision 1280

 290  MXIC 86000
 291  MXIC 86010

 301  Genoa 51/5200 (Tseng)
 302  Genoa 53/5400 (Tseng)
 303  Genoa 6100
 304  Genoa 62/6300
 305  Genoa 64/6500

 310  Primus P2000

 320  IIT AGX-01x

 330  Unknown Tseng ET4000W32
 331  Tseng ET3000
 332  Tseng ET4000
 333  Tseng ET4000W32
 334  Tseng ET4000W32i
 335  Tseng ET4000W32p

 340  Unknown Video7 (
 341  Video7 VEGA VGA
 342  Video7 HT208 Version 1-3
 343  Video7 HT208 rev A
 344  Video7 HT208 rev B
 345  Video7 HT208 rev C/D
 346  Video7 HT216 rev B/C
 347  Video7 HT216 rev D
 348  Video7 HT216 rev E
 349  Video7 HT216 rev F

 361  Weitek 5086
 362  Weitek 5186
 363  Weitek 5286

 370  Yamaha VPD6388

 380  IBM XGA
 381  IBM XGA-NI

 390  UMC85c408

 400  Unknown ATI (
 401  ATI EGA
 402  ATI VGA Wonder (18800)
 403  ATI VGA Wonder (18800-1)
 404  ATI VGA Wonder (28800-2)
 405  ATI VGA Wonder (28800-4)
 406  ATI VGA Wonder XL (28800-5)
 407  ATI Graphics Ultra Pro (68800-3)
 408  ATI Graphics Ultra Pro (68800-6)
 409  ATI Graphics Ultra Pro (68800-AX)
 410  ATI Graphics Ultra Pro (68800-LX)

 420  HMC HM86304
