[Acumos]
0054 TXT    132   43
0055 TXT    132   25
0056 TXT2   132   43
0057 TXT2   132   25
0058 PL4    800  600
005C P8     800  600
005D PL4   1024  768
005E P8     640  400
005F P8     640  480

[Ahead]
0022 TXT    132   44
0023 TXT    132   25
0024 TXT    132   28
0025 PL4    640  480
0026 PL4    640  480
002F TXT    160   50
0034 TXT     80   66
0050 TXT2   132   25
0052 TXT2   132   44
0060 P8     640  400
0061 P8     640  480
0062 P8     800  600
0063 P8    1024  768
006A PL4    800  600
0070 PL4    720  396
0071 PL4    800  600
0074 PL4   1024  768
0075 PL2   1024  768
0076 PL1   1024  768

[ATI]
0023 TXT    132   25
0027 TXT2   132   25
0033 TXT    132   44
0037 TXT2   132   44
0053 PL4    800  560
0054 PL4    800  600
0055 PL4   1024  768
0058 TXT     80   33
005B TXT     80   30
0061 P8     640  400
0062 P8     640  480
0063 P8     800  600
0064 P8    1024  768
0065 PK4   1024  768
0067 PL2   1024  768
006A PL4    800  600
0072 P15    640  480
0073 P15    800  600
0075 P24    640  480  2048    ;XL24 only
0121 P15    640  480
0121 P16    640  480
0121 P24    640  480
0101 P15    800  600
0101 P16    800  600
0101 P24    800  600
0141 P15   1024  768
0141 P16   1024  768
0141 P24   1024  768
0181 P15   1280 1024
0181 P16   1280 1024
0181 P24   1280 1024


[AL2101]
0020 TXT    132   25
0021 TXT    132   30
0022 TXT    132   43
0023 TXT    132   60
0024 TXT     80   30
0025 TXT     80   43
0026 TXT     80   60
0027 PL4    960  720
0028 P8     512  512
0029 P8     640  400
002A P8     640  480
002B PL4    800  600
002C P8     800  600
002D PL4    768 1024
002E P8     768 1024
002F PL2   1024  768
0030 PL4   1024  768
0031 P8    1024  768
0036 PL4   1280 1024
0037 P8    1280 1024
0040 P16    320  200
0041 P16    512  512
0042 P16    640  400
0043 P16    640  480
0044 P16    800  600

[Chips&Tech]
0060 TXT    132   25
0061 TXT    132   50
006A PL4    800  600
0070 PL4    800  600
0071 PL4    960  720
0072 PL4   1024  768
0078 P8     640  400
0079 P8     640  480
007A P8     720  540
007B P8     800  600
007C P8     800  600         ;82C453 ONLY
007E P8    1024  768

[Cirrus]
0015 TXT2   132   25
0016 TXT2   132   44
0018 TXT2   132   30
001E TXT    132   25
001F TXT    132   25
0020 TXT    132   44
0022 TXT    132   30
0031 TXT2   100   37
0040 PL4    720  540
0050 P8     640  400
0051 P8     512  480
0061 PL4    640  400
0062 PL4    640  450
0063 PL4    720  540
0064 PL4    800  600
006A PL4    800  600
0070 P8     360  480
0071 P8     528  400
0072 P8     528  480
0074 P8     320  240
0075 P8     640  400

[Cirrus54]
0014 TXT    132   25
0054 TXT    132   43
0055 TXT    132   25
0058 PL4    800  600
005C P8     800  600
005D PL4   1024  768
005F P8     640  480
0060 P8    1024  768
0064 P16    640  480
0065 P16    800  600
0066 P15    640  480
0067 P15    800  600
006A PL4    800  600
006C PL4   1280 1024
006D P8    1280 1024
006F P16    320  200
0070 P24    320  200  2048
0071 P24    640  480  2048
0074 P16   1024  768

[Cirrus64]
002D P8     640  400
002E P8     640  480
002F P8     648  480                  ;Weird res.
0030 P8     800  600
0037 PL4   1024  768
0041 TXT    100   50
0042 TXT    100   60
0044 TXT    100   25
0051 TXT    132   50
0052 TXT    132   60
0053 TXT     80   60
0054 TXT    132   25
0064 PL4    800  600
006A PL4    800  600

[COMPAQ]
0022 TXT    132   43
0023 TXT    132   25
0027 TXT    132   50
0028 TXT    132   60
0029 PL4    800  600
002E P8     640  480  1024
0032 P8     640  480  1024
0033 P8     640  400  1024
0034 P8     800  600  1024
0037 PK4   1024  768
0038 P8    1024  768
0039 PK4   1280 1024
003A P8    1280 1024  2048
003E P15    640  480
003E P16    640  480
004D P32    512  480
004E P32    640  400

[Everex]
0000 PL4    640  480
0001 PL4    752  410
0002 PL4    800  600
0003 TXT     80   34
0004 TXT     80   60
0005 TXT     94   29
0006 TXT     94   51
0007 TXT    100   43
0008 TXT    100   75
0009 TXT     80   44
000A TXT    132   25
000B TXT    132   44
000C TXT    132   25
000D TXT2    80   44
000E TXT2   132   25
000F TXT2   132   44
0011 PL2   1280  350
0012 PL2   1280  600
0013 P8     640  350
0014 P8     640  400
0015 P8     512  480
0016 TXT     80   30
0018 TXT    100   27
0020 PL4   1024  768
0021 PL4   1280 1024
0030 P8     640  480
0031 P8     800  600
0040 TXT    132   30
0050 TXT2   132   32
0062 P15    320  200
0070 P15    512  480
0071 P15    640  480
0076 P24    512  480
0077 P24    640  480

[Genoa]
0043 TXT2    80   29
0044 TXT2    80   32
0045 TXT2    80   44
0046 TXT2   132   25
0047 TXT2   132   29
0048 TXT2   132   32
0049 TXT2   132   44
0058 TXT     80   32
0059 PL4    720  512
005A TXT    100   42
005B P8     640  350
005C P8     640  480
005D P8     720  512
005E P8     800  600
005F PL4   1024  768
0060 TXT    132   25
0061 TXT    132   29
0062 TXT    132   32
0063 TXT    132   44
0064 TXT    132   60
006A PL4    800  600
006B TXT    100   75
006C P8     800  600
0072 TXT     80   60
0073 PL4    640  480
0074 TXT     80   66
0078 TXT    100   75
0079 PL4    800  600
007D P8     512  512
007E P8     640  400
007F PL2   1024  768

[MXIC]
0050 TXT    132   25
0051 TXT    132   30
0055 PL4    800  600
0056 PL4   1024  768
0057 P8     640  350
0058 P8     640  400
0059 P8     640  480
005A P8     800  600
005B P8    1024  768

[NCR]
0054 TXT    132   50
0055 TXT    132   25
0056 TXT4   132   50
0057 TXT4   132   25
0058 PL4    800  600
0059 PL1    800  600
005A PL1   1024  768
005B PL4   1024  768
005C P8     800  600
005D PL4   1024  768
005E P8     640  400
005F P8     640  480
0061 P8    1024  768
0062 P8    1024  768
0067 PL4   1280 1024
006A P8    1280 1024
006B P8    1280  960
0070 P15    640  480
0071 P15    800  600
0078 P16    640  480
0079 P16    800  600

[Oak]
004E TXT     80   60
004F TXT    132   60
0050 TXT    132   25
0051 TXT    132   43
0052 PL4    800  600
0053 P8     640  480
0054 P8     800  600
0055 PL2   1024  768
0056 PL4   1024  768
0057 PL4    768 1024
0058 PL4   1280 1024
0059 P8    1024  768
005A P16    640  480
005B P15    640  400            ;32k or 64k mode??
005C P15    640  480
005D P15    800  600
005E P8    1280 1024
005F P24    640  480
0060 P16    800  600
0061 P8     640  400


[Paradise]
0041 TXT     80   34
0047 TXT    132   28
0054 TXT    132   43
0055 TXT    132   25
0056 TXT4   132   43
0057 TXT4   132   25
0058 PL4    800  600
0059 PL1E   800  600            ;not on newer models
005A PL1E  1024  768            ;not on newer models
005B PK2   1024  768            ;not on newer models
005C P8     800  600
005D PL4   1024  768
005E P8     640  400
005F P8     640  480
0060 P8    1024  768
0061 P15    640  400
0062 P15    640  480
0063 P15    800  600
0064 PL4   1280 1024
0066 TXT     80   50
0067 TXT     80   43
0068 P15    320  200
0069 TXT    132   50
006C PL4   1280  960
006E P24    640  480
0071 P16    640  400
0072 P16    640  480
0073 P16    800  600

[Poach]
0060 PL4    960  720
0061 PL4   1280  640
0062 P8     512  512
0063 PL4    720  540
0064 P8     720  540
006A PL4    800  600

[PRIMUS]
001E TXT     80   30
001F TXT     80   43
0020 TXT     80   60
0021 TXT    100   75
0024 TXT    132   25
0025 TXT    132   30
0026 TXT    132   43
0027 TXT    132   60
0028 PL4    512  512
0029 P8     512  512
002A PL4    800  600
002B P8     800  600
002C P8     640  400
002D P8     640  480
002E PL4    768 1024
002F P8     768 1024
0030 PL4   1024  768
0031 P8    1024  768
0032 PL4   1024 1024
0033 P8    1024 1024
0034 PL4   1152  900
0035 P8    1152  900
0036 PL4   1280 1024
0037 P8    1280 1024
0041 P15    512  512
0042 P15    640  350
0043 P15    640  400
0044 P15    640  480
0045 P15    800  600
0041 P16    512  512
0042 P16    640  350
0043 P16    640  400
0044 P16    640  480
0045 P16    800  600
004A P24    640  480

[Realtek]
0018 TXT     80   30
0019 TXT     80   43
001A TXT     80   60
001B TXT    132   25
001C TXT    132   30
001D TXT    132   43
001E TXT    132   60
001F PL4    800  600
0020 PL4    960  720
0021 PL4   1024  768
0022 PL4    768 1024
0023 PL2   1024  768
0024 P8     512  512
0025 P8     640  400
0026 P8     640  480
0027 P8     800  600
0028 P8    1024  768
0029 P8    1024 1024
002A PL4   1280 1024
0038 P16    320  200
0039 P16    512  512
003A P16    640  400
003B P16    640  480
003C P16    800  600

[S3]
0054 TXT    132   43
0055 TXT    132   25
0101 P8     640  480
0102 PL4    800  600
0103 P8     800  600
0104 PL4   1024  768
0105 P8    1024  768
0206 PK4   1280  960  1024
0208 PK4   1280 1024  1024
0211 P16    640  480  2048
0212 P24    640  480  2048
0301 P15    640  480  2048
0301 P16    640  480  2048
0106 PL4   1280 1024
0107 P8    1280 1024
0110 P15    640  480
0111 P16    640  480
0112 P24    640  480  2048
0114 P16    800  600
0117 P16   1024  768  2048


[Trident]
0050 TXT     80   30
0051 TXT     80   43
0052 TXT     80   60
0053 TXT    132   25
0054 TXT    132   30
0055 TXT    132   43
0056 TXT    132   60
0057 TXT    132   25
0058 TXT    132   30
0059 TXT    132   43
005A TXT    132   60
005B PL4    800  600
005C P8     640  400
005D P8     640  480
005E P8     800  600
005F PL4   1024  768
0060 PL2   1024  768
0061 PL4    768 1024
0062 P8    1024  768
0063 PK4   1280 1024
0064 P8    1280 1024
006A PL4    800  600
006B P24    320  200
006C P24    640  480
006D P24    800  600
0070 P15    512  480
0071 P16    512  480
0074 P15    640  480
0075 P16    640  480
0076 P15    800  600
0077 P16    800  600
0078 P15   1024  768
0079 P16   1024  768
007E P15    320  200
007F P16    320  200

[IITAGX]
0050 TXT     80   30
0051 TXT     80   43
0052 TXT     80   60
0053 TXT    132   25
005B PL4    800  600
005C P8     640  400
005D P8     640  480
005E P8     800  600
005F PL4   1024  768
0064 P8    1024  768
0065 P8    1024  768


[ET3000]
0018 TXT4   132   44
0019 TXT4   132   25
001A TXT4   132   28
0022 TXT    132   44
0023 TXT    132   25
0024 TXT    132   28
0025 PL4    640  480
0026 TXT     80   60
0027 PL4    720  512         ;TSENG RECOMM.
0029 PL4    800  600
002A TXT    100   40
002D P8     640  350
002E P8     640  480
0030 P8     800  600
0036 PL4    960  720         ;STB
0037 PL4   1024  768

[ET4000]
0018 TXT4   132   44
0019 TXT4   132   25
001A TXT4   132   28
0022 TXT    132   44
0023 TXT    132   25
0024 TXT    132   28
0025 PL4    640  480
0026 TXT     80   60
0027 PL4    720  512         ;TSENG RECOMM.
0029 PL4    800  600
002A TXT    100   40
002D P8     640  350
002E P8     640  480
002F P8     640  400
0030 P8     800  600
0036 PL4    960  720         ;STB
0037 PL4   1024  768
0038 P8    1024  768
003D PL4   1280 1024         ;NEWER ET4000s ONLY
003E PL4   1280  960         ;DEFINICON
003E P24    640  480         ;GENOA 16M COLOR RGB
012E P24    640  480  2048   ;SS24 16M COLOR RGB MODE
022D P24    640  350  2048   ;MEGAVGA/2
022E P24    640  480  2048   ;MEGAVGA/2 16M color rgb
022F P24    640  400  2048   ;MEGAVGA/2
0313 P15    320  200         ;32K Sierra MODE
032D P15    640  350         ;
032E P15    640  480         ;
032F P15    640  400         ;
0330 P15    800  600         ;
0413 P16    320  200         ;32K Sierra MODE
042D P16    640  350         ;
042E P16    640  480         ;
042F P16    640  400         ;
0430 P16    800  600         ;

[ET4000W32]
0018 TXT4   132   44
0019 TXT4   132   25
001A TXT4   132   28
0022 TXT    132   44
0023 TXT    132   25
0024 TXT    132   28
0025 PL4    640  480
0026 TXT     80   60
0029 PL4    800  600
002A TXT    100   40
002D P8     640  350
002E P8     640  480
002F P8     640  400
0030 P8     800  600
0037 PL4   1024  768
0038 P8    1024  768
003D PL4   1280 1024         ;NEWER ET4000s ONLY
003F P8    1280 1024         ;W32 only
022D P24    640  350  2048   ;MEGAVGA/2
022E P24    640  480  2048   ;MEGAVGA/2 16M color rgb
022F P24    640  400  2048   ;MEGAVGA/2
0230 P24    800  600
0313 P15    320  200         ;32K Sierra MODE
032D P15    640  350         ;
032E P15    640  480         ;
032F P15    640  400         ;
0330 P15    800  600         ;
0338 P15   1024  768         ;
0413 P16    320  200         ;32K Sierra MODE
042D P16    640  350         ;
042E P16    640  480         ;
042F P16    640  400         ;
0430 P16    800  600         ;
0438 P16   1024  768         ;

[UMC]
0046 TXT2   132   25
0047 TXT2   132   29
0048 TXT2   132   32
0049 TXT2   132   44
0050 P15    640  480
0050 P16    640  480
0051 P15    800  600
0051 P16    800  600
0058 TXT     80   32
005C P8     640  480
005E P8     800  600
005F PL4   1024  768
0060 TXT    132   25
0061 TXT    132   29
0062 TXT    132   32
0063 TXT    132   44
0064 TXT    132   60
006A PL4    800  600
006B TXT    100   37
006C P8     800  600
0072 TXT     80   60
0073 PL4    640  480
0074 TXT     80   66
0078 TXT    100   37
0079 PL4    800  600
007A PL4   1280 1024
007D P8     512  512
007E P8     640  400
007F P8    1024  768

[Video7]
0040 TXT     80   43
0041 TXT    132   25
0042 TXT    132   43
0043 TXT     80   60
0044 TXT    100   60
0045 TXT    132   28
0060 PL4    752  410
0061 PL4    720  540
0062 PL4    800  600
0063 PL1   1024  768
0064 PL2   1024  768
0065 PL4   1024  768
0066 P8     640  400
0067 P8     640  480
0068 P8     720  540
0069 P8     800  600
006A P8    1024  768
0070 PL4   1280 1024          ;newer V7s ??
0070 PL4    752  410
0071 PL4    720  540
0072 PL4    800  600
0073 PL1   1024  768          ;Grey scale
0074 PL2   1024  768          ;Grey scale
0075 PL4   1024  768          ;Grey scale
0076 P8     640  400          ;Grey scale
0077 P8     640  480          ;Grey scale
0078 P8     720  540          ;Grey scale
0079 P8     800  600          ;Grey scale

[Weitek]
0054 TXT    132   43
0055 TXT    132   25
0056 TXT4   132   43
0057 TXT4   132   25
0058 PL4    800  600
0059 PL4    800  600
005C P8     800  600
005D PL4   1024  768
005E P8    1024  768
005F P8     640  480
0064 TXT    132   60
0065 TXT    132   50
0066 TXT4   132   60
0067 TXT4   132   50
0068 TXT     80   60
006A PL4    800  600
006C P15    640  480
006D P15    800  600
006E P16    640  480
006F P16    800  600

[HMC]
0020 TXT    132   25
0021 TXT    132   44
0022 TXT    132   25
0028 PL4    800  600
0029 PL4   1024  768
002A PL4   1024  768
002B P8     640  200
002C P8     640  400
002D P8     640  480
002E P8     800  600   832
0031 PK2   1024  768
0032 PK2   1024  768
