Detekovan procesor 8088/4.77 MHz
---------------------------------- 
prefix ES:   : 0.911 us, 4 takty
AAA          : 1.891 us, 9 taktu
AAD          : 12.791 us, 61 taktu
AAM          : 16.143 us, 77 taktu
AAS          : 1.890 us, 9 taktu
ADC AL,BL    : 1.821 us, 9 taktu
ADD AL,BL    : 1.821 us, 9 taktu
ADD CL,DL    : 1.821 us, 9 taktu
ADD AL,[adr] : 5.051 us, 24 taktu
ADD AL,12    : 1.821 us, 9 taktu
ADD BL,12    : 2.731 us, 13 taktu
AND AL,BL    : 1.821 us, 9 taktu
CALL NEAR    : 6.721 us, 32 taktu
CALL BX      : 5.917 us, 28 taktu
CALL FAR     : 11.338 us, 54 taktu
CBW          : 0.910 us, 4 takty
CLC          : 0.911 us, 4 takty
CLD          : 0.910 us, 4 takty
CLI          : 0.910 us, 4 takty
CMC          : 0.911 us, 4 takty
CMP AX,BX    : 1.821 us, 9 taktu
CMPSB        : 5.033 us, 24 taktu
CMPSW        : 6.643 us, 32 taktu
CWD          : 1.053 us, 5 taktu
DAA          : 0.911 us, 4 takty
DAS          : 0.910 us, 4 takty
DEC AX       : 0.911 us, 4 takty
DIV CX       : 29.982 us, 143 taktu
IDIV CX      : 35.253 us, 168 taktu
IMUL CX      : 25.457 us, 121 taktu
IN AL,[61h]  : 3.363 us, 16 taktu
IN AX,[61h]  : 4.536 us, 22 taktu
IN AL,DX     : 2.037 us, 10 taktu
IN AX,DX     : 3.182 us, 15 taktu
INC AX       : 0.911 us, 4 takty
INT 23       : 16.543 us, 79 taktu
INT3         : 16.534 us, 79 taktu
IRET         : 8.290 us, 40 taktu
JC     (ano) : 3.783 us, 18 taktu
JC     (ne)  : 1.822 us, 9 taktu
JCXZ   (ano) : 3.784 us, 18 taktu
JCXZ   (ne)  : 1.822 us, 9 taktu
JMP SHORT    : 3.782 us, 18 taktu
JMP NEAR     : 5.044 us, 24 taktu
LAHF         : 0.911 us, 4 takty
LES SI,[adr] : 8.144 us, 39 taktu
LEA AX,[BX]  : 1.821 us, 9 taktu
LOCK         : 0.671 us, 3 takty
LODSB        : 2.833 us, 14 taktu
LODSW        : 3.776 us, 18 taktu
LOOP   (ano) : 4.135 us, 20 taktu
LOOP   (ne)  : 1.822 us, 9 taktu
LOOPE  (ano) : 4.136 us, 20 taktu
LOOPE  (ne)  : 1.823 us, 9 taktu
MOV AL,12    : 1.821 us, 9 taktu
MOV AX,1234  : 2.731 us, 13 taktu
MOV BX,1234  : 2.732 us, 13 taktu
MOV BL,CL    : 1.821 us, 9 taktu
MOV BX,CX    : 1.821 us, 9 taktu
MOV AL,[SI]  : 3.117 us, 15 taktu
MOV ES,AX    : 1.821 us, 9 taktu
MOV [0],1234 : 7.583 us, 36 taktu
MOVSB        : 4.315 us, 21 taktu
MOVSW        : 5.805 us, 28 taktu
MUL CX       : 24.741 us, 118 taktu
MUL BYTE[adr]: 17.124 us, 82 taktu
NEG AX       : 1.821 us, 9 taktu
NOP          : 0.910 us, 4 takty
NOT AX       : 1.821 us, 9 taktu
NOT AL       : 1.821 us, 9 taktu
OR AL,BL     : 1.821 us, 9 taktu
OUT [61],AL  : 3.364 us, 16 taktu
OUT DX,AL    : 2.501 us, 12 taktu
POP AX       : 3.074 us, 15 taktu
PUSH AX      : 3.148 us, 15 taktu
PUSHF        : 3.148 us, 15 taktu
RCL AX,1     : 1.821 us, 9 taktu
RCL AX,CL    : 8.392 us, 40 taktu
REP          : 2.518 us, 12 taktu
RET NEAR     : 4.189 us, 20 taktu
RET FAR      : 7.126 us, 34 taktu
ROL AX,1     : 1.821 us, 9 taktu
SAHF         : 0.911 us, 4 takty
SAR AX,1     : 1.821 us, 9 taktu
SBB AX,BX    : 1.821 us, 9 taktu
SCASB        : 3.487 us, 17 taktu
SCASW        : 4.127 us, 20 taktu
SHL AX,1     : 1.821 us, 9 taktu
SHR AX,1     : 1.821 us, 9 taktu
STC          : 0.911 us, 4 takty
STD          : 0.910 us, 4 takty
STI          : 0.911 us, 4 takty
STOSB        : 2.628 us, 13 taktu
STOSW        : 3.124 us, 15 taktu
SUB AX,BX    : 1.821 us, 9 taktu
TEST AX,BX   : 1.821 us, 9 taktu
XCHG AX,BX   : 0.911 us, 4 takty
XCHG BX,CX   : 1.821 us, 9 taktu
XLAT         : 2.748 us, 13 taktu
XOR AX,BX    : 1.821 us, 9 taktu
