CONTEXT   0 241   0   3  72



                RAMTOP:
1800:                   db                  ; k¢d chyby ERROR(S)
                                            ; 0f3h - nastalo p©eru¨en¡ NMI
1801:           dtb16:  db   80h            ; p©¡znaky syst. hodin
                                            ; bit 0 = prob¡h  obsluha p©eru¨en¡
1802:           ddw6:   dw                  ; ukazatel programu interpreteru
1804:           dtb19:           ; = 2300h  ; za‡ tek pamˆti programu interpr.
1806:           ddw12:           ; = 2b00h  ; konec pamˆti programu interpreteru
1808:           ddw10:           ; = 17fch
180a:           ddw11:           ; = 17fch
180c:           ddw8:            ; = 1800h
180e:           ddw16:           ; = 1800h
1810:           ddw9:            ; = 1804h
1812:           ddw17:           ; = 1804h
1814:           ddb15:  db                  ; ‡¡ta‡ syst‚mov˜ch hodin
1815:           ddb14:  ds      17          ; tabulka
1826:           ddw5:   dw                  ; £schova ukazatele z sobn¡ku
1828                    1,39h,0,0c2h
182c:           ddw19:  dw   ?              ; kontr.sou‡et tab.vektor– p©eru¨en¡
182e:           ddw7:   db   0
182f:           ddb20:  db   0f0h
1830:           ddb22:  db   6bh            ; 3 bajty
1831:           ddb21:  db   0,39h
1833:           ddb19:  db   1              ; 4 bajty
1834:           ddb18:  db   39h
1835:           ddb17:  db   0
1836:           dtb18:  db   39h
1837:           ddw20:  dw                  ; 0
1839:           ddw23:  dw                  ; 11
183b:           ddw25:  dw                  ; 10
183d:           ddw21:  dw                  ; 0
183f:                   db   0,39h,0,39h,0,39h,0,39h,0,39h,0,39h,0
184c:                   db   39h,0,39h,0,3bh,0,39h,0,3bh,0,39h,0,3ch,0,39h
185b:                   db   0,39h,0,3bh,0,39h,0,39h,0,39h,0,39h,0,1,0,3dh
186b:                   db   0,3bh,3bh,3bh,1,0,43h,0efh,7fh,1eh,19h,3bh
1877:                   db   1,39h,0,0c2h,4,3dh,0,0f0h,6bh
1880:           stack:                      ; z sobn¡k BDTSTE

                tabint:                     ; tabulka vektor– p©eru¨en¡ (I=18h)
                                            ; nezn m‚ p©eru¨en¡ = 0c23h
1880                    dw      0c23h       ; p©eru¨en¡ od CTC - kan l 0
1882                    dw                  ; p©eru¨en¡ od CTC - kan l 1
1884                    dw                  ; p©eru¨en¡ od CTC - kan l 2
1886                    dw                  ; p©eru¨en¡ od CTC-3 (syst‚m.hodiny)
1888                    dw                  ; p©eru¨en¡ od kl vesnice
188a:                   db   0,0,0,0,0,40h,0ffh,0ffh,0ffh,0ffh
1894:                   db   0ffh,0ffh,0ffh,0ffh,0,0,0,0,20h,0,0,0,0ffh

                                          ;* vektor p©eru¨en¡ od SIO2-B (magn.)
18a0                    dw                  ; p©eru¨en¡ p©i vys¡l n¡
18a2                    dw                  ; p©eru¨. - ext. status
18a4                    dw                  ; p©eru¨en¡ p©i p©¡jmu
18a6                    dw                  ; p©er. - zvl. podm. p©¡jmu

                                          ;* vektory p©eru¨en¡ od SIO2-A(IFLSZ)
18a8                    dw                  ; p©eru¨en¡ od IFLSZ p©i vys¡l n¡
18aa                    dw                  ; p©eru¨. od IFLSZ - ext. status
18ac                    dw                  ; p©eru¨en¡ od IFLSZ p©i p©¡jmu
18ae                    dw                  ; p©er. od IFLSZ - zvl. podm. p©¡jmu

18b0:           dtb28:  db   0ffh,0ffh
18b2:           dtb51:  db   0ffh,0f7h
18b4:           dtb55:  db   0ffh,0fdh
18b6:           dtb29:  db   0ffh,0ffh
18b8:           dtb59:  db   0,0
18ba:           dtb47:  db   0,0
18bc:           dtb65:  db   0,0,40h,1,0ffh,0ffh
18c2:           dtb48:  db   0f7h,0ffh
18c4:           dtb66:  db   0ffh,0ffh
18c6:           dtb52:  db   0efh,0ffh
18c8:           dtb56:  db   0,0
18ca:           dtb60:  db   0c0h,0
18cc:           dtb25:  db   0,80h
18ce:           dtb27:  db   2,0
18d0:           dtb36:  db   0efh,0ffh
18d2:           dtb37:  db   0ffh,7fh
18d4:           dtb38:  db   0ffh,0ffh
18d6:           dtb39:  db   0ffh,6fh
18d8:           dtb40:  db   0,0a0h
18da:           dtb104: db   0,2,0,30h
18de:           dtb13:  db   0,0
18e0:           dtb23:  db   0e7h,0ffh
18e2:           dtb30:  db   0ffh,0ffh
18e4:           dtb49:  db   0bfh,0ffh
18e6:           dtb53:  db   0ffh,0ffh
18e8:           dtb45:  db   0,8
18ea:           dtb61:  db   10h,0
18ec:           dtb63:  db   0,0
18ee:           dtb57:  db   0,0
18f0:           dtb32:  db   0ffh,0ffh
18f2:           dtb34:  db   0ffh,0ffh
18f4:           ddb1:   db   0              ; p©¡znak testu RAM (10h)
18f5:           dtb71:  db   0ffh
18f6:           dtb115: db   0ffh,0ffh,0
18f9:           dtb73:  db   0,0
18fb:           dtb74:  db   0,80h,0,2
18ff:           ddb8:   db   9fh            ; v˜stupn¡ bajt na PIO1-A (displej)
1900:           ddb4:   db   0              ; = 0 (0e59h) £schova © dku kl ves
1901:           ddw28:  db   0ffh,0ffh
1903:           ddb28:  db   0ffh,0ffh
1905:           dtb15:  db   0edh,5fh,0ffh,0
1909:           dtb21:  db   0,0
190b:           ddb27:  db   0              ; ovl d n¡ v˜stupn¡ch za©¡zen¡
                                            ; bit 0 - vypnut¡ zvukov‚ho v˜stupu
                                            ; bit 1 - zapnut¡ zvukov‚ho v˜stupu
                                            ; bit 2 - zmˆna zobrazen‚ho obrazu
                                            ; bit 3 - zobraz.textu aktiv.obrazu
                                            ; bit 4 - zobrazen¡ textu obrazu 0
                                            ; bit 5 - zobrazen¡ textu obrazu 1

190c:           ddb5:   db   0              ; = 0 (0e5ch)
190d:           ddb6:   db   0              ; = 0 (0e5fh)
190e:           txtbuf: ds   16             ; textov˜ buffer (16 znak– textu)
191e:           slpbuf: ds   16             ; buffer linky pro v˜stup na displej

192e:           citrad:          ; citac zobrazenych radku
                        db   0
192f:           ddw3:   dw   0              ; nastaven¡ LED (16 LED)
1931:           ddb13:           ; = 0
                        db   0
1932:           btpi1a: db   9fh            ; v˜stupn¡ bajt na PIO1-A (displej)
1933:           ddb2:   db   0              ; = 0 (0e53h)
1934:           ddb3:   db   0              ; = 0 (0e56h) p©¡znaky od kl vesnice
1935:           ddb9:   db   0              ; = 0 (0e72h)
1936:           ddb11:           ; = 0
                        db   0
1937:           ddb10:  db   0              ; = 0 (0e7eh)
1938:           adtbzn: dw   10ech          ; adresa tabulky znak–

193a:           dtb26:  db   0              ; p©¡znak stisknut‚ kl vesy
                                            ; bit 0 a‘ 2 = kl vesa A
                                            ; bit 3 = kl vesa D
                                            ; bit 4 = kl vesa A
                                            ; bit 5 = kl vesa Y
                                            ; bit 6 = kl vesa B
193b                         ,2,0,0,0,0,0ffh,0efh,0ffh,0efh,0efh,0ffh,0ffh
1947:                   db   0ffh,0,0,2,0,0,0,0,0,0ffh,0ffh,0efh,0ffh,0ffh
1955:                   db   0feh,9fh,0ffh,0ch,0,0,0,10h,0,0,0,0feh,0ffh
1962:                   db   0ffh,0ffh,0ffh,0dfh,0ffh,7fh,80h,0,0,0,0,0
196e:                   db   80h,0,0ffh,0fbh,7fh,0ffh,0ffh,0ffh,0ffh,0dfh
1978:                   db   0,0,0,0,0,0,80h,41h,0ffh,0ffh,0ffh,0ffh,0ffh
1985:                   db   0ffh,0ffh,0ffh,0,0,0,2,0ah,0,80h,0,0fdh,0ffh
1992:                   db   0ffh,0ffh,0ffh,0ffh,0ffh,0ffh,0,14h,0,0,0,20h
199e:                   db   0,0,0ffh,0ffh,0ffh,0ffh,0ffh,0ffh,0dfh,0ffh
19a8:                   db   0,80h,0,0,0,0,0,0,0ffh,0feh,0ffh,0dfh,0ffh
19b5:                   db   0ffh,0ffh,0ffh,4,40h,0,0,0,1,0,0,0ffh,0efh
19c2:                   db   0ffh,0ffh,0ffh,0ffh,0ffh,0ffh,2,0,0,2,0,0,1
19cf:                   db   0,0feh,0ffh,0ffh,0ffh,0ffh,0ffh,0ffh,0ffh,0
19d9:                   db   20h,1,0,0,0,0,0,0ffh,0ffh,0ffh,0ffh,0bfh,0feh
19e6:                   db   0ffh,0ffh,0,0,0,10h,0,0,0,0,0ffh,0ffh,0ffh
19f3:                   db   0ffh,0ffh,0ffh,0ffh,0f7h,0,0,0,0,0,0,0,40h
1a00:                   db   0ffh,0ffh,0ffh,7fh,0ffh,0ffh,0ffh,0ffh,0,0
1a0a:                   db   40h,0,0,0,0,0,0efh,0ffh,9fh,0dfh,0ffh,7fh,0dfh
1a17:                   db   0efh,0,0,80h,0,0,4,0,0,0dfh,0fbh,0ffh,0ffh
1a24:                   db   0ffh,0ffh,0ffh,0ffh,8,80h,0,0,0,0,0,8,0dfh
1a31:                   db   0ffh,0ffh,0fah,0ffh,0ffh,0ffh,0f7h,0,0,8,0
1a3c:                   db   0,8,10h,0,0dfh,0ffh,0feh,0ffh,0ffh,0ffh,0ffh
1a47:                   db   0f7h,20h,0,0,0,0,0,0,10h,0ffh,0fdh,0ffh,0bfh
1a54:                   db   0ffh,0ffh,0ffh,0ffh,0,0,0,0,0,0,0,10h,0ffh
1a61:                   db   0ffh,0ffh,0ffh,0ffh,0ffh,0ffh,0ffh,0,0,0,20h
1a6c:                   db   0,0,0,0,0bfh,0ffh,0ffh,0bfh,0ffh,0ffh,0fbh
1a77:                   db   0ffh,1,0,80h,80h,0,0,20h,82h,0ffh,0dfh,0ffh
1a83:                   db   0bfh,0ffh,0ffh,0ffh,0ffh,2,0,0,0,0,0,0,0,0feh
1a91:                   db   0ffh,7fh,0dfh,0ffh,0ffh,0ffh,0ffh,48h,0,0,80h
1a9c:                   db   0,0,40h,0,0dfh,0ffh,0ffh,0ffh,0ffh,0ffh,0fdh
1aa7:                   db   0ffh,80h,0,0,0,0,0,0,0,0fbh,0ffh,0ffh,0ffh
1ab4:                   db   0ffh,7fh,0f7h,7fh,0,0,0,0,0,10h,0,8,0ffh,0ffh
1ac2:                   db   0ffh,0ffh,0ffh,0ffh,0ffh,0ffh,20h,0,0,0,0,0
1ace:                   db   0,0,0ffh,0efh,0ffh,0ffh,0ffh,0ffh,0ffh,0ffh
1ad8:                   db   0,0,10h,2,0,2,0,0,0ffh,0ffh,0ffh,0ffh,0ffh
1ae5:                   db   0ffh,0ffh,0ffh,0,0,0,2,0,0,0,0,0ffh,0efh,0f5h
1af3:                   db   7fh,0ffh,0ffh,0f7h,0efh,0,2,0,0,90h,1,0,0,0ffh
1b01:                   db   0ffh,0ffh,0dfh,0ffh,0ffh,0ffh,0ffh,0,90h,0
1b0b:                   db   0,0,0,0,0,0ffh,0ffh,0ffh,0f7h,0ffh,3fh,0ffh
1b17:                   db   0ffh,0,0,4,0,0,94h,0,30h,0feh,0ffh,0ffh,0edh
1b24:                   db   0ffh,0ffh,0ffh,0ffh,20h,0,0,0,0,0,0,0,0feh
1b31:                   db   0ffh,0ffh,0ffh,0ffh,0ffh,0ffh,0ffh,0,0,0,0
1b3c:                   db   0,80h,0,0,0ffh,0ffh,0ffh,0ffh,0fbh,0ffh,0ffh
1b47:                   db   0ffh,0,0,0,0,0,0,40h,40h,0ffh,0ffh,0feh,7fh
1b54:                   db   0ffh,0ffh,0ffh,0ffh,0,0,0,0,0,0,20h,1,0ffh
1b61:                   db   0ffh,0ffh,0efh,0ffh,0ffh,0ffh,0ffh,0,0,0,0
1b6c:                   db   8,0,4,0,0ffh,0ffh,0bfh,0ffh,0ffh,0ffh,0ffh
1b77:                   db   0ffh,20h,41h,80h,0,80h,0,40h,0,0efh,0ffh,0feh
1b83:                   db   0ffh,0ffh,0ffh,0ffh,0ffh,0,0,0,0,0,40h,40h
1b8f:                   db   20h,0dfh,0ffh,0ffh,0ffh,0ffh,7fh,0ffh,0fbh
1b98:                   db   8,0,0,0,80h,20h,0,12h,0cfh,0ffh,0ffh,0ffh,0ffh
1ba5:                   db   0efh,0ffh,0bfh,0,0,0,1,0,0,80h,30h,0ffh,0ffh
1bb2:                   db   0ffh,0ffh,0ffh,0ffh,0ffh,0efh,0,0,0,8,2,0,42h
1bbf:                   db   20h,0ffh,0fdh,0ffh,0ffh,0bfh,0ffh,0ffh,7fh
1bc8:                   db   0,0,0,0,80h,20h,0,18h,0ffh,0feh,0bfh,0ffh,3fh
1bd5:                   db   0ffh,0ffh,0ffh,0,0,0,0,40h,0,0,0,0ffh,0ffh
1be2:                   db   0ffh,0fbh,0ffh,0ffh,0ffh,0fdh,0,10h,0,0,0,0
1bee:                   db   0,40h,0ffh,0ffh,0efh,0ffh,0cfh,0ffh,0ffh,7eh
1bf8:                   db   0,0,0,10h,0,0,10h,0,0fdh,0ffh,0ffh,0ffh,0ffh
1c05:                   db   0feh,0ffh,0ddh,0,0,0,4,0,0,0,2,0ffh,0fbh,0ffh
1c13:                   db   0ffh,0ffh,0ffh,0ffh,0ffh,1,0,0,0,0,40h,40h
1c1f:                   db   0,0ffh,0ffh,0ffh,0ffh,0fch,0ffh,0feh,0fbh,0
1c29:                   db   0,18h,0,0,0,10h,0,0f7h,0bfh,0f7h,0ffh,0ffh

                                          ;* oblast dat pro komunikaci
1c34:                   db      0           ; stavov‚ slovo p©¡jmu
                                            ; bit 2 = zah jen¡ p©¡jmu
1c35:                   db
1c36:                   db
1c37:                   db
1c38:
1c39:
1c3a:
1c3b:
1c3c:
1c3d:                   db      0           ; vys¡lan˜ p©¡kazov˜ bajt
1c3e:                   db      0           ; p©ijat˜ p©¡kazov˜ bajt
                                            ; bit 0 =
                                            ; bit 4 =

1c3f:                                       ; data k vysl n¡ p©i p©¡kazu 87h

1c40:
1c41:
1c42:                   db      0           ; adresa BDT pro komunikaci
1c43:                   db                  ; stavov˜ registr IFLSZ (£schova)

1c43:                   db   0dfh,0ffh,0ffh,0ffh,0ffh,0,0,0,0,0,0,0,0,0ffh
1c51:                   db   0ffh,0ffh,0ffh,0e7h,0ffh,0ffh,0efh,0,0,0,0
1c5c:                   db   0,0,40h,0,0fbh,0fdh,0ffh,0ffh,0ffh,0dfh,0ffh
1c67:                   db   0ffh,1,0,0,0,0,0,0,0,0ffh,0ffh,0fbh,0bfh,0ffh
1c75:                   db   0ffh,0f6h,0b3h,0,0,4,0,0,0,1,0,0ffh,0ffh,0ffh
1c83:                   db   0ffh,0ffh,0ffh,0ffh,0ffh,0,4,6,2,0,0,0,0,0ffh
1c91:                   db   0ffh,0fbh,0fdh,0feh,0ffh,0ffh,0f7h,4,0,0,1
1c9c:                   db   0,0,40h,0,0ffh,0ffh,0ffh,0ffh,0dfh,0ffh,0ffh
1ca7:                   db   0fdh,0,81h,0,0,0,2,0,81h,0ffh,0f7h,0ffh,0ffh
1cb4:                   db   0ffh,0ffh,0fdh,0ffh,0,0,0,0,0,0,0,0,0ffh,0ffh
1cc2:                   db   0ffh,0ffh,0fbh,0ffh,0ffh,0ffh,0,0,80h,8,0,0
1cce:                   db   0,0,0deh,0ffh,0ffh,0feh,0ffh,0fdh,0bfh,0ffh
1cd8:                   db   0,0,10h,0,0ch,0,0,0,0f7h,0ffh,0ffh,0ffh,0ffh
1ce5:                   db   0fbh,0ffh,0feh,2,0,0,4,0,1,80h,4,0ffh,0efh
1cf2:                   db   0ffh,0ffh,0ffh,0ffh,0fbh,0bfh,0,0,0,0,0,2,0
1cff:                   db   0,0efh,0efh,0fdh,7dh,7fh,0ffh,0fch,0fdh,0,0
1d0a:                   db   0,1,10h,0,0,0,0ffh,0ffh,0ffh,0fbh,0fbh,0ffh
1d16:                   db   0ffh,0ffh,0,0ch,4,2,0,0,0,0,0ffh,0ffh,0ffh
1d23:                   db   0ffh,0ffh,0feh,0ffh,0ffh,0,23h,80h,0,3,0,0
1d2f:                   db   0,0ffh,0ffh,0f7h,0ffh,0ffh,0ffh,0ffh,0ffh,1
1d39:                   db   0,0,6,0,0,0,8,0ffh,0fdh,0fbh,0ffh,0ffh,0ffh
1d46:                   db   0ffh,0feh,2,20h,0,0,0,0,0,0,0ffh,0ffh,7fh,0bfh
1d54:                   db   0f7h,0ffh,0ffh,0ffh,0,0,0,0,0,80h,1,0,0ffh
1d61:                   db   0ffh,0ffh,0ffh,0ffh,0ffh,0ffh,0ffh,0,0,0,0
1d6c:                   db   0,4,21h,0,0ffh,0dfh,0ffh,0ffh,0fbh,0ffh,7fh
1d77:                   db   0ffh,0,0,0,80h,0,0,0,83h,0ffh,0feh,0feh,0ffh
1d84:                   db   0ffh,0ffh,0ffh,0ffh,0,0,0,2,0,0,0,0,0ffh,0ffh
1d92:                   db   0ffh,0ffh,0ffh,0ffh,0ffh,0ffh,0,0,0,0,4,0,0
1d9f:                   db   0,0ffh,0ffh,0ffh,0ffh,0ffh,0feh,0ffh,0ffh,3
1da9:                   db   0,22h,0,0,0a1h,1,0,0ffh,0ffh,0ffh,0ffh,0ffh
1db5:                   db   0ffh,0ffh,0ffh,0,0,0,0,0,0,0,0,0ffh,7fh,0ffh
1dc3:                   db   0ffh,0ffh,0ffh,0ffh,0ffh,0,0,0,2,0,0,0,44h
1dd0:                   db   0ffh,0ffh,0ffh,0ffh,0ffh,0ffh,0ffh,0ffh,10h
1dd9:                   db   0,0,0,0,0,0,1,0ffh,0ffh,0ffh,0bfh,0ffh,0ffh
1de6:                   db   0ffh,0ffh,0,0,0,0,0,84h,4,8,7fh,0ffh,0ffh,0f7h
1df4:                   db   0ffh,0ffh,0feh,0f7h,0,1,0,0,0,4,0,0,0fdh,0feh
1e02:                   db   0ffh,0feh,0fbh,0ffh,0ffh,0ffh,0,0,0,0,8,8,8
1e0f:                   db   0,0fdh,0ffh,0f7h,0ffh,0feh,0ffh,7dh,0fdh,0
1e19:                   db   0,80h,0,0,6,0,0,0ffh,0ffh,0fdh,0ffh,0ffh,0ffh
1e26:                   db   0ffh,0ffh,20h,0,0,0,0,8,2,80h,0ffh,0f6h,0ffh
1e33:                   db   0efh,0ffh,0ffh,0feh,0ffh,0,0,0,8,0,0,0,0,0ffh
1e41:                   db   0fbh,0ffh,0ffh,0ffh,0ffh,0fdh,0fbh,2,0,0,0
                                            ;
1e4c:                   db
1e4d:                   db
1e4e:                   dw                  ; adr.dat k vysl n¡ p©i sud‚m p©¡k.
1e50:                   dw                  ; adresa dat k vysl n¡ p©i p©¡k. x3

1e57:                   db   0ffh,0ch,0,8,0,0,0,50h,0,7fh,0ffh,0ffh,0fbh
1e64:                   db   0ffh,0ffh,0ffh,0dfh,0,0,2,0,8,0,0,2,0ffh,0ffh
1e72:                   db   0ffh,7eh,0ffh,0ffh,0ffh,0dfh,0,8,4,0,0,4,0
1e7f:                   db   0,0ffh,0ffh,0ffh,0ffh,7fh,0fbh,0ffh,0ffh,2
1e89:                   db   0,4,0,10h,4,0,0,0ffh,0dfh,0ffh,0f7h,0ffh,0ffh
1e96:                   db   0ffh,0bfh,0,0,9,0,0,0,48h,0
1ea0:           dtb114: db   0ffh,0ffh,0ffh,0ffh,0ffh,0ffh,0ffh,0dfh,1,0

1ea3:                   dw                  ; d‚lka programu v RAM (2b00h)

1eaa:                   db   2,10h,0,1,0,0,0ffh,0ffh,0ffh
1ea9:                   dw                  ; kontroln¡ sou‡et dat 3b00h
1eab:                   dw                  ; kontroln¡ sou‡et programu 2b00h

1eb3:           dtb85:  db   0bch,0ffh
1eb5:           dtb95:  db   0fbh,0ffh
1eb7:           dtb87:  db   0bfh,0
1eb9:           dtb89:  db   4,0
1ebb:           dtb91:  db   8,0
1ebd:           dtb93:  db   0,2
1ebf:           dtb97:  db   4,0fbh
1ec1:           dtb99:  db   0ffh,0ffh
1ec3:           dtb101: db   0ffh,0ffh,0ffh,0ffh
1ec7:           dtb109: db   0ffh,2
1ec9:           dtb103: db   0,0
1ecb:           dtb105: db   0,0
1ecd:           dtb78:  db   0,0
1ecf:           dtb106: db   2,0ffh,0ffh,0ffh
1ed3:           dtb110: db   0ffh,0ffh
1ed5:           dtb111: db   0ffh,0ffh
1ed7:           dtb112: db   0dfh,4
1ed9:           dtb108: db   0,0
1edb:           dtb113: db   0,0
1edd:           dtb107: db   0,4,0,0feh,0ffh,0ffh

1ee3:           dtb77:  db   0fdh
1ee4:           dtb117: db   0ffh,0ffh,0ffh,0f7h,0,1,1,0,8,1,0,0,0efh,7fh
1ef2:                   db   0ffh,0ffh,0ffh,0ffh,0ffh,0bbh,2,0,2,0
1efc:           dtb79:  db   2,0,0,0
1f00:           ddb30:  db   0ffh,0ffh,0ffh,0f7h,0ffh

1f05:           dtb120: db   0ffh,0fdh,0ffh,0,2,0,0,0,0,0,0
1f10:           ddw29:  db   0ffh,0ffh
1f12:           dtb132: db   0ffh
                                            ; v˜stupn¡ buffer
1f13:           dtb123: db   0ffh,0ffh,0ffh,0fdh,0ffh,0,8,0,0,0,0,0,0,0ffh
1f21:                   db   0ffh,0f9h,0ffh,0ffh,0ffh,0ffh,0fbh,0,2,0,1
1f2c:           ddw30:  db   0,0,80h,0,0ffh,0ffh,0ffh,0ffh,0ffh,0ffh,0feh
1f37:                   db   0ffh,0,0,18h,2,0,0
1f3e:           lab267: db   0,1,0fbh,0ffh,0fbh,0ffh,0ffh,0ffh,0ffh,0ffh
1f48:                   db   0,0,21h,1,0,0,0,0,0ffh,0feh,0ffh,0ffh,0ffh
1f55:                   db   0fbh,0ffh,0ffh,0,0,0,0,0,0,2,2,7fh,0ffh,0ffh
1f63:                   db   0ffh,0ffh,7fh,0ffh,0ffh,12h,0,0,0,0,0,0,0,0f7h
1f71:                   db   0ffh,0feh,0bfh,0ffh,0ffh,0ffh,0ffh,0,0,0,0
1f7c:                   db   0,0,2,0,0bbh,0ffh,0ffh,0ffh,0ffh,0ffh,0ffh
1f87:                   db   0ffh,2,0,20h,2,0,2
1f8e:           lab268: db   0,0c0h,0ffh,0ffh,0ffh,0ffh,0ffh,0ffh,0ffh,0ffh
1f98:                   db   0,0,0,2,1,4,8,0,0ffh,0ffh,0fbh,0ffh,0ffh,0f7h
1fa6:                   db   0fbh,0b7h,2,12h,1,0,0,8,0,40h,0ffh,0ffh,0ffh
1fb3:                   db   0ffh,0ffh,0feh,0ffh,5fh,0,10h,8,0,0,0,0,60h
1fc0:                   db   0ffh,0eeh,0ffh
1fc3:           lab269: db   0ffh,0ffh,0ffh,0ffh,77h,0,4,0,2,0,0,0,0,0ffh
1fd1:                   db   0ffh,0ffh,0ffh,0ffh,0bbh,0ffh,0ffh,0,0,0,4
1fdc:                   db   0,0,0,80h,0dfh,0ffh,0ffh,0ffh,0ffh,0ffh,0ffh
1fe7:                   db   0efh,0,0,0,4,1,0,0,0,0fdh,0ffh,0ffh,0ffh,0f7h
1ff5:                   db   0ffh,0ffh,0ffh,0,0,0,0,10h,0
1ffe:           lab270: db   0,0e0h,0,0,0,0,0,0,0,0,0,0,0,0,0,0,0,0,0,0
2012:                   db   0,0,0,0,0,0,0,0
201a:           dtb137: db   0
201b:           ddw31:  db   0,0
201d:           ddb31:  db   0
201e:           ddw32:  db   0,0
2020:           dtb138: db   0
2021:           dtb139: db   0,0,0
2024:           dtb141: db   0,0,0,0,0,0,0,0,0,0,0,0
2030:           ddw33:  db   0,0
2032:           ddw34:  db   0,0
2034:           dtb140: db   0,0,0,0
2038:           dtb142: db   0,0,0
203b:           dtb147: db   0,0,0,0,0,0,0,0,0,0,0,0,0,0,0,0,0,0,0,0,0,0
2051:                   db   0,0,0,0,0,0,0,0,0,0,0,0,0,0,0,0,0,0,0,0,0,0
2067:                   db   0,0,0,0,0,0,0,0,0,0,0,0,0,0,0,0,0,0,0,0,0,0
207d:                   db   0,0,0,0,0,0,0,0,0,0,0,0,0,0,0,0,0,0,0,0,0,0
2093:                   db   0,0,0,0,0,0,0,0,0,0,0,0,0,0,0,0,0,0,0,0,0,0
20a9:                   db   0,0,0,0,0,0,0,0,0,0,0,0,0,0,0,0,0,0,0,0,0,0
20bf:                   db   0,0,0,0,0,0,0,0,0,0,0,0,0,0,0,0,0,0,0,0,0,0
20d5:                   db   0,0,0,0,0,0,0,0,0,0,0,0,0,0,0,0,0,0,0,0,0,0
20eb:                   db   0,0,0,0,0,0,0,0,0,0,0,0,0,0,0,0,0,0,0,0,0,0
2101:                   db   0,0,0,0,0,0,0,0,0,0,0,0,0,0,0,0,0,0,0,0,0,0
2117:                   db   0,0,0,0,0,0,0,0,0,0,0,0,0,0,0,0,0,0,0,0,0,0
212d:                   db   0,0,0,0,0,0,0,0,0,0,0,0,0,0,0,0,0,0,0,0,0,0
2143:                   db   0,0,0,0,0,0,0,0,0,0,0,0,0,0,0,0,0,0,0,0,0,0
2159:                   db   0,0,0,0,0,0,0,0,0,0,0,0,0,0,0,0,0,0,0,0,0,0
216f:                   db   0,0,0,0,0,0,0,0,0,0,0,0,0,0,0,0,0,0,0,0,0,0
2185:                   db   0,0,0,0,0,0,0,0,0,0,0,0,0,0,0,0,0,0,0,0,0,0
219b:                   db   0,0,0,0,0,0,0,0,0,0,0,0,0,0,0,0,0,0,0,0,0,0
21b1:                   db   0,0,0,0,0,0,0,0,0,0,0,0,0,0,0,0,0,0,0,0,0,0
21c7:                   db   0,0,0,0,0,0,0,0,0,0,0,0,0,0,0,0,0,0,0,0,0,0
21dd:                   db   0,0,0,0,0,0,0,0,0,0,0,0,0,0,0,0,0,0,0,0,0,0
21f3:                   db   0,0,0,0,0,0,0,0,0,0,0,0,0,0,0,0,0,0,0,0,0,0
2209:                   db   0,0,0,0,0,0,0,0,0,0,0,0,0,0,0,0,0,0,0,0,0,0
221f:                   db   0,0,0,0,0,0,0,0,0,0,0,0,0,0,0,0,0,0,0,0,0,0
2235:                   db   0,0,0,0,0,0,0,0,0,0,0,0,0,0,0,0,0,0,0,0,0,0
224b:                   db   0,0,0,0,0,0,0,0,0,0,0,0,0,0,0,0,0,0,0,0,0,0
2261:                   db   0,0,0,0,0,0,0,0,0,0,0,0,0,0,0,0,0,0,0,0,0,0
2277:                   db   0,0,0,0,0,0,0,0,0,0,0,0,0,0,0,0,0,0,0,0,0,0
228d:                   db   0,0,0,0,0,0,0,0,0,0,0,0,0,0,0,0,0,0,0,0,0,0
22a3:                   db   0,0,0,0,0,0,0,0,0,0,0,0,0,0,0,0,0,0,0,0,0,0
22b9:                   db   0

22ba:           ddw14:  dw                  ; kontroln¡ sou‡et z sob. dat 3f20h
22bc:           ddb24:  db                  ; adresa BDT

                             0,0,0,0,0,0,0,0,0,0,0,0,0,0,0,0,0,0,0,0,0
22d2:                   db   0,0,0,0,0,0,0,0,0,0,0,0,0,0,0,0,0,0,0,0,0,0
22e8:                   db   0,0,0,0,0,0,0,0,0,0,0,0,0,0,0,0,0,0,0,0,0,0
22fe:                   db   0,0,0,0,0,0,0,0,0,0,0,0,0,0,0,0,0,0,0,0,0,0
2314:                   db   0,0,0,0,0,0,0,0,0,0,0,0,0,0,0,0,0,0,0,0,0,0
232a:                   db   0,0,0,0,0,0,0,0,0,0,0,0,0,0,0,0,0,0,0,0,0,0
2340:                   db   0,0,0,0,0,0,0,0,0,0,0,0,0,0,0,0,0,0,0,0,0,0
2356:                   db   0,0,0,0,0,0,0,0,0,0,0,0,0,0,0,0,0,0,0,0,0,0
236c:                   db   0,0,0,0,0,0,0,0,0,0,0,0,0,0,0,0,0,0,0,0,0,0
2382:                   db   0,0,0,0,0,0,0,0,0,0,0,0,0,0,0,0,0,0,0,0,0,0
2398:                   db   0,0,0,0,0,0,0,0,0,0,0,0,0,0,0,0,0,0,0,0,0,0
23ae:                   db   0,0,0,0,0,0,0,0,0,0,0,0,0,0,0,0,0,0,0,0,0,0
23c4:                   db   0,0,0,0,0,0,0,0,0,0,0,0,0,0,0,0,0,0,0,0,0,0
23da:                   db   0,0,0,0,0,0,0,0,0,0,0,0,0,0,0,0,0,0,0,0,0,0
23f0:                   db   0,0,0,0,0,0,0,0,0,0,0,0,0,0,0,0,0,0,0,0,0,0
2406:                   db   0,0,0,0,0,0,0,0,0,0,0,0,0,0,0,0,0,0,0,0,0,0
241c:                   db   0,0,0,0,0,0,0,0,0,0,0,0,0,0,0,0,0,0,0,0,0,0
2432:                   db   0,0,0,0,0,0,0,0,0,0,0,0,0,0,0,0,0,0,0,0,0,0
2448:                   db   0,0,0,0,0,0,0,0,0,0,0,0,0,0,0,0,0,0,0,0,0,0
245e:                   db   0,0,0,0,0,0,0,0,0,0,0,0,0,0,0,0,0,0,0,0,0,0
2474:                   db   0,0,0,0,0,0,0,0,0,0,0,0,0,0,0,0,0,0,0,0,0,0
248a:                   db   0,0,0,0,0,0,0,0,0,0,0,0,0,0,0,0,0,0,0,0,0,0
24a0:                   db   0,0,0,0,0,0,0,0,0,0,0,0,0,0,0,0,0,0,0,0,0,0
24b6:                   db   0,0,0,0,0,0,0,0,0,0,0,0,0,0,0,0,0,0,0,0,0,0
24cc:                   db   0,0,0,0,0,0,0,0,0,0,0,0,0,0,0,0,0,0,0,0,0,0
24e2:                   db   0,0,0,0,0,0,0,0,0,0,0,0,0,0,0,0,0,0,0,0,0,0
24f8:                   db   0,0,0,0,0,0,0,0,0,0,0,0,0,0,0,0,0,0,0,0,0,0
250e:                   db   0,0,0,0,0,0,0,0,0,0,0,0,0,0,0,0,0,0,0,0,0,0
2524:                   db   0,0,0,0,0,0,0,0,0,0,0,0,0,0,0,0,0,0,0,0,0,0
253a:                   db   0,0,0,0,0,0,0,0,0,0,0,0,0,0,0,0,0,0,0,0,0,0
2550:                   db   0,0,0,0,0,0,0,0,0,0,0,0,0,0,0,0,0,0,0,0,0,0
2566:                   db   0,0,0,0,0,0,0,0,0,0,0,0,0,0,0,0,0,0,0,0,0,0
257c:                   db   0,0,0,0,0,0,0,0,0,0,0,0,0,0,0,0,0,0,0,0,0,0
2592:                   db   0,0,0,0,0,0,0,0,0,0,0,0,0,0,0,0,0,0,0,0,0,0
25a8:                   db   0,0,0,0,0,0,0,0,0,0,0,0,0,0,0,0,0,0,0,0,0,0
25be:                   db   0,0,0,0,0,0,0,0,0,0,0,0,0,0,0,0,0,0,0,0,0,0
25d4:                   db   0,0,0,0,0,0,0,0,0,0,0,0,0,0,0,0,0,0,0,0,0,0
25ea:                   db   0,0,0,0,0,0,0,0,0,0,0,0,0,0,0,0,0,0,0,0,0,0
2600:                   db   0,0,0,0,0,0,0,0,0,0,0,0,0,0,0,0,0,0,0,0,0,0
2616:                   db   0,0,0,0,0,0,0,0,0,0,0,0,0,0,0,0,0,0,0,0,0,0
262c:                   db   0,0,0,0,0,0,0,0,0,0,0,0,0,0,0,0,0,0,0,0,0,0
2642:                   db   0,0,0,0,0,0,0,0,0,0,0,0,0,0,0,0,0,0,0,0,0,0
2658:                   db   0,0,0,0,0,0,0,0,0,0,0,0,0,0,0,0,0,0,0,0,0,0
266e:                   db   0,0,0,0,0,0,0,0,0,0,0,0,0,0,0,0,0,0,0,0,0,0
2684:                   db   0,0,0,0,0,0,0,0,0,0,0,0,0,0,0,0,0,0,0,0,0,0
269a:                   db   0,0,0,0,0,0,0,0,0,0,0,0,0,0,0,0,0,0,0,0,0,0
26b0:                   db   0,0,0,0,0,0,0,0,0,0,0,0,0,0,0,0,0,0,0,0,0,0
26c6:                   db   0,0,0,0,0,0,0,0,0,0,0,0,0,0,0,0,0,0,0,0,0,0
26dc:                   db   0,0,0,0,0,0,0,0,0,0,0,0,0,0,0,0,0,0,0,0,0,0
26f2:                   db   0,0,0,0,0,0,0,0,0,0,0,0,0,0,0,0,0,0,0,0,0,0
2708:                   db   0,0,0,0,0,0,0,0
2710:           dtb143: db   0,0,0,0,0,0,0,0,0,0,0,0,0,0,0,0,0,0,0,0,0,0
2726:                   db   0,0,0,0,0,0,0,0,0,0,0,0,0,0,0,0,0,0,0,0,0,0
273c:                   db   0,0,0,0,0,0,0,0,0,0,0,0,0,0,0,0,0,0,0,0,0,0
2752:                   db   0,0,0,0,0,0,0,0,0,0,0,0,0,0,0,0,0,0,0,0,0,0
2768:                   db   0,0,0,0,0,0,0,0,0,0,0,0,0,0,0,0,0,0,0,0,0,0
277e:                   db   0,0,0,0,0,0,0,0,0,0,0,0,0,0,0,0,0,0,0,0,0,0
2794:                   db   0,0,0,0,0,0,0,0,0,0,0,0,0,0,0,0,0,0,0,0,0,0
27aa:                   db   0,0,0,0,0,0,0,0,0,0,0,0,0,0,0,0,0,0,0,0,0,0
27c0:                   db   0,0,0,0,0,0,0,0,0,0,0,0,0,0,0,0,0,0,0,0,0,0
27d6:                   db   0,0,0,0,0,0,0,0,0,0,0,0,0,0,0,0,0,0,0,0,0,0
27ec:                   db   0,0,0,0,0,0,0,0,0,0,0,0,0,0,0,0,0,0,0,0,0,0
2802:                   db   0,0,0,0,0,0,0,0,0,0,0,0,0,0,0,0,0,0,0,0,0,0
2818:                   db   0,0,0,0,0,0,0,0,0,0,0,0,0,0,0,0,0,0,0,0,0,0
282e:                   db   0,0,0,0,0,0,0,0,0,0,0,0,0,0,0,0,0,0,0,0,0,0
2844:                   db   0,0,0,0,0,0,0,0,0,0,0,0,0,0,0,0,0,0,0,0,0,0
285a:                   db   0,0,0,0,0,0,0,0,0,0,0,0,0,0,0,0,0,0,0,0,0,0
2870:                   db   0,0,0,0,0,0,0,0,0,0,0,0,0,0,0,0,0,0,0,0,0,0
2886:                   db   0,0,0,0,0,0,0,0,0,0,0,0,0,0,0,0,0,0,0,0,0,0
289c:                   db   0,0,0,0,0,0,0,0,0,0,0,0,0,0,0,0,0,0,0,0,0,0
28b2:                   db   0,0,0,0,0,0,0,0,0,0,0,0,0,0,0,0,0,0,0,0,0,0
28c8:                   db   0,0,0,0,0,0,0,0,0,0,0,0,0,0,0,0,0,0,0,0,0,0
28de:                   db   0,0,0,0,0,0,0,0,0,0,0,0,0,0,0,0,0,0,0,0,0,0
28f4:                   db   0,0,0,0,0,0,0,0,0,0,0,0,0,0,0,0,0,0,0,0,0,0
290a:                   db   0,0,0,0,0,0,0,0,0,0,0,0,0,0,0,0,0,0,0,0,0,0
2920:                   db   0,0,0,0,0,0,0,0,0,0,0,0,0,0,0,0,0,0,0,0,0,0
2936:                   db   0,0,0,0,0,0,0,0,0,0,0,0,0,0,0,0,0,0,0,0,0,0
294c:                   db   0,0,0,0,0,0,0,0,0,0,0,0,0,0,0,0,0,0,0,0,0,0
2962:                   db   0,0,0,0,0,0,0,0,0,0,0,0,0,0,0,0,0,0,0,0,0,0
2978:                   db   0,0,0,0,0,0,0,0,0,0,0,0,0,0,0,0,0,0,0,0,0,0
298e:                   db   0,0,0,0,0,0,0,0,0,0,0,0,0,0,0,0,0,0,0,0,0,0
29a4:                   db   0,0,0,0,0,0,0,0,0,0,0,0,0,0,0,0,0,0,0,0,0,0
29ba:                   db   0,0,0,0,0,0,0,0,0,0,0,0,0,0,0,0,0,0,0,0,0,0
29d0:                   db   0,0,0,0,0,0,0,0,0,0,0,0,0,0,0,0,0,0,0,0,0,0
29e6:                   db   0,0,0,0,0,0,0,0,0,0,0,0,0,0,0,0,0,0,0,0,0,0
29fc:                   db   0,0,0,0,0,0,0,0,0,0,0,0,0,0,0,0,0,0,0,0,0,0
2a12:                   db   0,0,0,0,0,0,0,0,0,0,0,0,0,0,0,0,0,0,0,0,0,0
2a28:                   db   0,0,0,0,0,0,0,0,0,0,0,0,0,0,0,0,0,0,0,0,0,0
2a3e:                   db   0,0,0,0,0,0,0,0,0,0,0,0,0,0,0,0,0,0,0,0,0,0
2a54:                   db   0,0,0,0,0,0,0,0,0,0,0,0,0,0,0,0,0,0,0,0,0,0
2a6a:                   db   0,0,0,0,0,0,0,0,0,0,0,0,0,0,0,0,0,0,0,0,0,0
2a80:                   db   0,0,0,0,0,0,0,0,0,0,0,0,0,0,0,0,0,0,0,0,0,0
2a96:                   db   0,0,0,0,0,0,0,0,0,0,0,0,0,0,0,0,0,0,0,0,0,0
2aac:                   db   0,0,0,0,0,0,0,0,0,0,0,0,0,0,0,0,0,0,0,0,0,0
2ac2:                   db   0,0,0,0,0,0,0,0,0,0,0,0,0,0,0,0,0,0,0,0,0,0
2ad8:                   db   0,0,0,0,0,0,0,0,0,0,0,0,0,0,0,0,0,0,0,0,0,0
2aee:                   db   0,0,0,0,0,0,0,0,0,0,0,0,0,0,0,0,0,0

                                            ; buffer pro na‡ten¡ form t.programu
2b00:           dtb82:  db   0,0,0,0,0,0,0,0,0,0,0,0,0,0,0,0,0,0,0,0,0,0
2b16:                   db   0,0,0,0,0,0,0,0,0,0,0,0,0,0,0,0,0,0,0,0,0,0
2b2c:                   db   0,0,0,0,0,0,0,0,0,0,0,0,0,0,0,0,0,0,0,0,0,0
2b42:                   db   0,0,0,0,0,0,0,0,0,0,0,0,0,0,0,0,0,0,0,0,0,0
2b58:                   db   0,0,0,0,0,0,0,0,0,0,0,0,0,0,0,0,0,0,0,0,0,0
2b6e:                   db   0,0,0,0,0,0,0,0,0,0,0,0,0,0,0,0,0,0,0,0,0,0
2b84:                   db   0,0,0,0,0,0,0,0,0,0,0,0,0,0,0,0,0,0,0,0,0,0
2b9a:                   db   0,0,0,0,0,0,0,0,0,0,0,0,0,0,0,0,0,0,0,0,0,0
2bb0:                   db   0,0,0,0,0,0,0,0,0,0,0,0,0,0,0,0,0,0,0,0,0,0
2bc6:                   db   0,0,0,0,0,0,0,0,0,0,0,0,0,0,0,0,0,0,0,0,0,0
2bdc:                   db   0,0,0,0,0,0,0,0,0,0,0,0,0,0,0,0,0,0,0,0,0,0
2bf2:                   db   0,0,0,0,0,0,0,0,0,0,0,0,0,0,0,0,0,0,0,0,0,0
2c08:                   db   0,0,0,0,0,0,0,0,0,0,0,0,0,0,0,0,0,0,0,0,0,0
2c1e:                   db   0,0,0,0,0,0,0,0,0,0,0,0,0,0,0,0,0,0,0,0,0,0
2c34:                   db   0,0,0,0,0,0,0,0,0,0,0,0,0,0,0,0,0,0,0,0,0,0
2c4a:                   db   0,0,0,0,0,0,0,0,0,0,0,0,0,0,0,0,0,0,0,0,0,0
2c60:                   db   0,0,0,0,0,0,0,0,0,0,0,0,0,0,0,0,0,0,0,0,0,0
2c76:                   db   0,0,0,0,0,0,0,0,0,0,0,0,0,0,0,0,0,0,0,0,0,0
2c8c:                   db   0,0,0,0,0,0,0,0,0,0,0,0,0,0,0,0,0,0,0,0,0,0
2ca2:                   db   0,0,0,0,0,0,0,0,0,0,0,0,0,0,0,0,0,0,0,0,0,0
2cb8:                   db   0,0,0,0,0,0,0,0,0,0,0,0,0,0,0,0,0,0,0,0,0,0
2cce:                   db   0,0,0,0,0,0,0,0,0,0,0,0,0,0,0,0,0,0,0,0,0,0
2ce4:                   db   0,0,0,0,0,0,0,0,0,0,0,0,0,0,0,0,0,0,0,0,0,0
2cfa:                   db   0,0,0,0,0,0,0,0,0,0,0,0,0,0,0,0,0,0,0,0,0,0
2d10:                   db   0,0,0,0,0,0,0,0,0,0,0,0,0,0,0,0,0,0,0,0,0,0
2d26:                   db   0,0,0,0,0,0,0,0,0,0,0,0,0,0,0,0,0,0,0,0,0,0
2d3c:                   db   0,0,0,0,0,0,0,0,0,0,0,0,0,0,0,0,0,0,0,0,0,0
2d52:                   db   0,0,0,0,0,0,0,0,0,0,0,0,0,0,0,0,0,0,0,0,0,0
2d68:                   db   0,0,0,0,0,0,0,0,0,0,0,0,0,0,0,0,0,0,0,0,0,0
2d7e:                   db   0,0,0,0,0,0,0,0,0,0,0,0,0,0,0,0,0,0,0,0,0,0
2d94:                   db   0,0,0,0,0,0,0,0,0,0,0,0,0,0,0,0,0,0,0,0,0,0
2daa:                   db   0,0,0,0,0,0,0,0,0,0,0,0,0,0,0,0,0,0,0,0,0,0
2dc0:                   db   0,0,0,0,0,0,0,0,0,0,0,0,0,0,0,0,0,0,0,0,0,0
2dd6:                   db   0,0,0,0,0,0,0,0,0,0,0,0,0,0,0,0,0,0,0,0,0,0
2dec:                   db   0,0,0,0,0,0,0,0,0,0,0,0,0,0,0,0,0,0,0,0,0,0
2e02:                   db   0,0,0,0,0,0,0,0,0,0,0,0,0,0,0,0,0,0,0,0,0,0
2e18:                   db   0,0,0,0,0,0,0,0,0,0,0,0,0,0,0,0,0,0,0,0,0,0
2e2e:                   db   0,0,0,0,0,0,0,0,0,0,0,0,0,0,0,0,0,0,0,0,0,0
2e44:                   db   0,0,0,0,0,0,0,0,0,0,0,0,0,0,0,0,0,0,0,0,0,0
2e5a:                   db   0,0,0,0,0,0,0,0,0,0,0,0,0,0,0,0,0,0,0,0,0,0
2e70:                   db   0,0,0,0,0,0,0,0,0,0,0,0,0,0,0,0,0,0,0,0,0,0
2e86:                   db   0,0,0,0,0,0,0,0,0,0,0,0,0,0,0,0,0,0,0,0,0,0
2e9c:                   db   0,0,0,0,0,0,0,0,0,0,0,0,0,0,0,0,0,0,0,0,0,0
2eb2:                   db   0,0,0,0,0,0,0,0,0,0,0,0,0,0,0,0,0,0,0,0,0,0
2ec8:                   db   0,0,0,0,0,0,0,0,0,0,0,0,0,0,0,0,0,0,0,0,0,0
2ede:                   db   0,0,0,0,0,0,0,0,0,0,0,0,0,0,0,0,0,0,0,0,0,0
2ef4:                   db   0,0,0,0,0,0,0,0,0,0,0,0,0,0,0,0,0,0,0,0,0,0
2f0a:                   db   0,0,0,0,0,0,0,0,0,0,0,0,0,0,0,0,0,0,0,0,0,0
2f20:                   db   0,0,0,0,0,0,0,0,0,0,0,0,0,0,0,0,0,0,0,0,0,0
2f36:                   db   0,0,0,0,0,0,0,0,0,0,0,0,0,0,0,0,0,0,0,0,0,0
2f4c:                   db   0,0,0,0,0,0,0,0,0,0,0,0,0,0,0,0,0,0,0,0,0,0
2f62:                   db   0,0,0,0,0,0,0,0,0,0,0,0,0,0,0,0,0,0,0,0,0,0
2f78:                   db   0,0,0,0,0,0,0,0,0,0,0,0,0,0,0,0,0,0,0,0,0,0
2f8e:                   db   0,0,0,0,0,0,0,0,0,0,0,0,0,0,0,0,0,0,0,0,0,0
2fa4:                   db   0,0,0,0,0,0,0,0,0,0,0,0,0,0,0,0,0,0,0,0,0,0
2fba:                   db   0,0,0,0,0,0,0,0,0,0,0,0,0,0,0,0,0,0,0,0,0,0
2fd0:                   db   0,0,0,0,0,0,0,0,0,0,0,0,0,0,0,0,0,0,0,0,0,0
2fe6:                   db   0,0,0,0,0,0,0,0,0,0,0,0,0,0,0,0,0,0,0,0,0,0
2ffc:                   db   0,0,0,0,0,0,0,0,0,0,0,0,0,0,0,0,0,0,0,0,0,0
3012:                   db   0,0,0,0,0,0,0,0,0,0,0,0,0,0,0,0,0,0,0,0,0,0
3028:                   db   0,0,0,0,0,0,0,0,0,0,0,0,0,0,0,0,0,0,0,0,0,0
303e:                   db   0,0,0,0,0,0,0,0,0,0,0,0,0,0,0,0,0,0,0,0,0,0
3054:                   db   0,0,0,0,0,0,0,0,0,0,0,0,0,0,0,0,0,0,0,0,0,0
306a:                   db   0,0,0,0,0,0,0,0,0,0,0,0,0,0,0,0,0,0,0,0,0,0
3080:                   db   0,0,0,0,0,0,0,0,0,0,0,0,0,0,0,0,0,0,0,0,0,0
3096:                   db   0,0,0,0,0,0,0,0,0,0,0,0,0,0,0,0,0,0,0,0,0,0
30ac:                   db   0,0,0,0,0,0,0,0,0,0,0,0,0,0,0,0,0,0,0,0,0,0
30c2:                   db   0,0,0,0,0,0,0,0,0,0,0,0,0,0,0,0,0,0,0,0,0,0
30d8:                   db   0,0,0,0,0,0,0,0,0,0,0,0,0,0,0,0,0,0,0,0,0,0
30ee:                   db   0,0,0,0,0,0,0,0,0,0,0,0,0,0,0,0,0,0,0,0,0,0
3104:                   db   0,0,0,0,0,0,0,0,0,0,0,0,0,0,0,0,0,0,0,0,0,0
311a:                   db   0,0,0,0,0,0,0,0,0,0,0,0,0,0,0,0,0,0,0,0,0,0
3130:                   db   0,0,0,0,0,0,0,0,0,0,0,0,0,0,0,0,0,0,0,0,0,0
3146:                   db   0,0,0,0,0,0,0,0,0,0,0,0,0,0,0,0,0,0,0,0,0,0
315c:                   db   0,0,0,0,0,0,0,0,0,0,0,0,0,0,0,0,0,0,0,0,0,0
3172:                   db   0,0,0,0,0,0,0,0,0,0,0,0,0,0,0,0,0,0,0,0,0,0
3188:                   db   0,0,0,0,0,0,0,0,0,0,0,0,0,0,0,0,0,0,0,0,0,0
319e:                   db   0,0,0,0,0,0,0,0,0,0,0,0,0,0,0,0,0,0,0,0,0,0
31b4:                   db   0,0,0,0,0,0,0,0,0,0,0,0,0,0,0,0,0,0,0,0,0,0
31ca:                   db   0,0,0,0,0,0,0,0,0,0,0,0,0,0,0,0,0,0,0,0,0,0
31e0:                   db   0,0,0,0,0,0,0,0,0,0,0,0,0,0,0,0,0,0,0,0,0,0
31f6:                   db   0,0,0,0,0,0,0,0,0,0,0,0,0,0,0,0,0,0,0,0,0,0
320c:                   db   0,0,0,0,0,0,0,0,0,0,0,0,0,0,0,0,0,0,0,0,0,0
3222:                   db   0,0,0,0,0,0,0,0,0,0,0,0,0,0,0,0,0,0,0,0,0,0
3238:                   db   0,0,0,0,0,0,0,0,0,0,0,0,0,0,0,0,0,0,0,0,0,0
324e:                   db   0,0,0,0,0,0,0,0,0,0,0,0,0,0,0,0,0,0,0,0,0,0
3264:                   db   0,0,0,0,0,0,0,0,0,0,0,0,0,0,0,0,0,0,0,0,0,0
327a:                   db   0,0,0,0,0,0,0,0,0,0,0,0,0,0,0,0,0,0,0,0,0,0
3290:                   db   0,0,0,0,0,0,0,0,0,0,0,0,0,0,0,0,0,0,0,0,0,0
32a6:                   db   0,0,0,0,0,0,0,0,0,0,0,0,0,0,0,0,0,0,0,0,0,0
32bc:                   db   0,0,0,0,0,0,0,0,0,0,0,0,0,0,0,0,0,0,0,0,0,0
32d2:                   db   0,0,0,0,0,0,0,0,0,0,0,0,0,0,0,0,0,0,0,0,0,0
32e8:                   db   0,0,0,0,0,0,0,0,0,0,0,0,0,0,0,0,0,0,0,0,0,0
32fe:                   db   0,0,0,0,0,0,0,0,0,0,0,0,0,0,0,0,0,0,0,0,0,0
3314:                   db   0,0,0,0,0,0,0,0,0,0,0,0,0,0,0,0,0,0,0,0,0,0
332a:                   db   0,0,0,0,0,0,0,0,0,0,0,0,0,0,0,0,0,0,0,0,0,0
3340:                   db   0,0,0,0,0,0,0,0,0,0,0,0,0,0,0,0,0,0,0,0,0,0
3356:                   db   0,0,0,0,0,0,0,0,0,0,0,0,0,0,0,0,0,0,0,0,0,0
336c:                   db   0,0,0,0,0,0,0,0,0,0,0,0,0,0,0,0,0,0,0,0,0,0
3382:                   db   0,0,0,0,0,0,0,0,0,0,0,0,0,0,0,0,0,0,0,0,0,0
3398:                   db   0,0,0,0,0,0,0,0,0,0,0,0,0,0,0,0,0,0,0,0,0,0
33ae:                   db   0,0,0,0,0,0,0,0,0,0,0,0,0,0,0,0,0,0,0,0,0,0
33c4:                   db   0,0,0,0,0,0,0,0,0,0,0,0,0,0,0,0,0,0,0,0,0,0
33da:                   db   0,0,0,0,0,0,0,0,0,0,0,0,0,0,0,0,0,0,0,0,0,0
33f0:                   db   0,0,0,0,0,0,0,0,0,0,0,0,0,0,0,0,0,0,0,0,0,0
3406:                   db   0,0,0,0,0,0,0,0,0,0,0,0,0,0,0,0,0,0,0,0,0,0
341c:                   db   0,0,0,0,0,0,0,0,0,0,0,0,0,0,0,0,0,0,0,0,0,0
3432:                   db   0,0,0,0,0,0,0,0,0,0,0,0,0,0,0,0,0,0,0,0,0,0
3448:                   db   0,0,0,0,0,0,0,0,0,0,0,0,0,0,0,0,0,0,0,0,0,0
345e:                   db   0,0,0,0,0,0,0,0,0,0,0,0,0,0,0,0,0,0,0,0,0,0
3474:                   db   0,0,0,0,0,0,0,0,0,0,0,0,0,0,0,0,0,0,0,0,0,0
348a:                   db   0,0,0,0,0,0,0,0,0,0,0,0,0,0,0,0,0,0,0,0,0,0
34a0:                   db   0,0,0,0,0,0,0,0,0,0,0,0,0,0,0,0,0,0,0,0,0,0
34b6:                   db   0,0,0,0,0,0,0,0,0,0,0,0,0,0,0,0,0,0,0,0,0,0
34cc:                   db   0,0,0,0,0,0,0,0,0,0,0,0,0,0,0,0,0,0,0,0,0,0
34e2:                   db   0,0,0,0,0,0,0,0,0,0,0,0,0,0,0,0,0,0,0,0,0,0
34f8:                   db   0,0,0,0,0,0,0,0,0,0,0,0,0,0,0,0,0,0,0,0,0,0
350e:                   db   0,0,0,0,0,0,0,0,0,0,0,0,0,0,0,0,0,0,0,0,0,0
3524:                   db   0,0,0,0,0,0,0,0,0,0,0,0,0,0,0,0,0,0,0,0,0,0
353a:                   db   0,0,0,0,0,0,0,0,0,0,0,0,0,0,0,0,0,0,0,0,0,0
3550:                   db   0,0,0,0,0,0,0,0,0,0,0,0,0,0,0,0,0,0,0,0,0,0
3566:                   db   0,0,0,0,0,0,0,0,0,0,0,0,0,0,0,0,0,0,0,0,0,0
357c:                   db   0,0,0,0,0,0,0,0,0,0,0,0,0,0,0,0,0,0,0,0,0,0
3592:                   db   0,0,0,0,0,0,0,0,0,0,0,0,0,0,0,0,0,0,0,0,0,0
35a8:                   db   0,0,0,0,0,0,0,0,0,0,0,0,0,0,0,0,0,0,0,0,0,0
35be:                   db   0,0,0,0,0,0,0,0,0,0,0,0,0,0,0,0,0,0,0,0,0,0
35d4:                   db   0,0,0,0,0,0,0,0,0,0,0,0,0,0,0,0,0,0,0,0,0,0
35ea:                   db   0,0,0,0,0,0,0,0,0,0,0,0,0,0,0,0,0,0,0,0,0,0
3600:                   db   0,0,0,0,0,0,0,0,0,0,0,0,0,0,0,0,0,0,0,0,0,0
3616:                   db   0,0,0,0,0,0,0,0,0,0,0,0,0,0,0,0,0,0,0,0,0,0
362c:                   db   0,0,0,0,0,0,0,0,0,0,0,0,0,0,0,0,0,0,0,0,0,0
3642:                   db   0,0,0,0,0,0,0,0,0,0,0,0,0,0,0,0,0,0,0,0,0,0
3658:                   db   0,0,0,0,0,0,0,0,0,0,0,0,0,0,0,0,0,0,0,0,0,0
366e:                   db   0,0,0,0,0,0,0,0,0,0,0,0,0,0,0,0,0,0,0,0,0,0
3684:                   db   0,0,0,0,0,0,0,0,0,0,0,0,0,0,0,0,0,0,0,0,0,0
369a:                   db   0,0,0,0,0,0,0,0,0,0,0,0,0,0,0,0,0,0,0,0,0,0
36b0:                   db   0,0,0,0,0,0,0,0,0,0,0,0,0,0,0,0,0,0,0,0,0,0
36c6:                   db   0,0,0,0,0,0,0,0,0,0,0,0,0,0,0,0,0,0,0,0,0,0
36dc:                   db   0,0,0,0,0,0,0,0,0,0,0,0,0,0,0,0,0,0,0,0,0,0
36f2:                   db   0,0,0,0,0,0,0,0,0,0,0,0,0,0,0,0,0,0,0,0,0,0
3708:                   db   0,0,0,0,0,0,0,0,0,0,0,0,0,0,0,0,0,0,0,0,0,0
371e:                   db   0,0,0,0,0,0,0,0,0,0,0,0,0,0,0,0,0,0,0,0,0,0
3734:                   db   0,0,0,0,0,0,0,0,0,0,0,0,0,0,0,0,0,0,0,0,0,0
374a:                   db   0,0,0,0,0,0,0,0,0,0,0,0,0,0,0,0,0,0,0,0,0,0
3760:                   db   0,0,0,0,0,0,0,0,0,0,0,0,0,0,0,0,0,0,0,0,0,0
3776:                   db   0,0,0,0,0,0,0,0,0,0,0,0,0,0,0,0,0,0,0,0,0,0
378c:                   db   0,0,0,0,0,0,0,0,0,0,0,0,0,0,0,0,0,0,0,0,0,0
37a2:                   db   0,0,0,0,0,0,0,0,0,0,0,0,0,0,0,0,0,0,0,0,0,0
37b8:                   db   0,0,0,0,0,0,0,0,0,0,0,0,0,0,0,0,0,0,0,0,0,0
37ce:                   db   0,0,0,0,0,0,0,0,0,0,0,0,0,0,0,0,0,0,0,0,0,0
37e4:                   db   0,0,0,0,0,0,0,0,0,0,0,0,0,0,0,0,0,0,0,0,0,0
37fa:                   db   0,0,0,0,0,0,0,0,0,0,0,0,0,0,0,0,0,0,0,0,0,0
3810:                   db   0,0,0,0,0,0,0,0,0,0,0,0,0,0,0,0,0,0,0,0,0,0
3826:                   db   0,0,0,0,0,0,0,0,0,0,0,0,0,0,0,0,0,0,0,0,0,0
383c:                   db   0,0,0,0,0,0,0,0,0,0,0,0,0,0,0,0,0,0,0,0,0,0
3852:                   db   0,0,0,0,0,0,0,0,0,0,0,0,0,0,0,0,0,0,0,0,0,0
3868:                   db   0,0,0,0,0,0,0,0,0,0,0,0,0,0,0,0,0,0,0,0,0,0
387e:                   db   0,0,0,0,0,0,0,0,0,0,0,0,0,0,0,0,0,0,0,0,0,0
3894:                   db   0,0,0,0,0,0,0,0,0,0,0,0,0,0,0,0,0,0,0,0,0,0
38aa:                   db   0,0,0,0,0,0,0,0,0,0,0,0,0,0,0,0,0,0,0,0,0,0
38c0:                   db   0,0,0,0,0,0,0,0,0,0,0,0,0,0,0,0,0,0,0,0,0,0
38d6:                   db   0,0,0,0,0,0,0,0,0,0,0,0,0,0,0,0,0,0,0,0,0,0
38ec:                   db   0,0,0,0,0,0,0,0,0,0,0,0,0,0,0,0,0,0,0,0,0,0
3902:                   db   0,0,0,0,0,0,0,0,0,0,0,0,0,0,0,0,0,0,0,0,0,0
3918:                   db   0,0,0,0,0,0,0,0,0,0,0,0,0,0,0,0,0,0,0,0,0,0
392e:                   db   0,0,0,0,0,0,0,0,0,0,0,0,0,0,0,0,0,0,0,0,0,0
3944:                   db   0,0,0,0,0,0,0,0,0,0,0,0,0,0,0,0,0,0,0,0,0,0
395a:                   db   0,0,0,0,0,0,0,0,0,0,0,0,0,0,0,0,0,0,0,0,0,0
3970:                   db   0,0,0,0,0,0,0,0,0,0,0,0,0,0,0,0,0,0,0,0,0,0
3986:                   db   0,0,0,0,0,0,0,0,0,0,0,0,0,0,0,0,0,0,0,0,0,0
399c:                   db   0,0,0,0,0,0,0,0,0,0,0,0,0,0,0,0,0,0,0,0,0,0
39b2:                   db   0,0,0,0,0,0,0,0,0,0,0,0,0,0,0,0,0,0,0,0,0,0
39c8:                   db   0,0,0,0,0,0,0,0,0,0,0,0,0,0,0,0,0,0,0,0,0,0
39de:                   db   0,0,0,0,0,0,0,0,0,0,0,0,0,0,0,0,0,0,0,0,0,0
39f4:                   db   0,0,0,0,0,0,0,0,0,0,0,0,0,0,0,0,0,0,0,0,0,0
3a0a:                   db   0,0,0,0,0,0,0,0,0,0,0,0,0,0,0,0,0,0,0,0,0,0
3a20:                   db   0,0,0,0,0,0,0,0,0,0,0,0,0,0,0,0,0,0,0,0,0,0
3a36:                   db   0,0,0,0,0,0,0,0,0,0,0,0,0,0,0,0,0,0,0,0,0,0
3a4c:                   db   0,0,0,0,0,0,0,0,0,0,0,0,0,0,0,0,0,0,0,0,0,0
3a62:                   db   0,0,0,0,0,0,0,0,0,0,0,0,0,0,0,0,0,0,0,0,0,0
3a78:                   db   0,0,0,0,0,0,0,0,0,0,0,0,0,0,0,0,0,0,0,0,0,0
3a8e:                   db   0,0,0,0,0,0,0,0,0,0,0,0,0,0,0,0,0,0,0,0,0,0
3aa4:                   db   0,0,0,0,0,0,0,0,0,0,0,0,0,0,0,0,0,0,0,0,0,0
3aba:                   db   0,0,0,0,0,0,0,0,0,0,0,0,0,0,0,0,0,0,0,0,0,0
3ad0:                   db   0,0,0,0,0,0,0,0,0,0,0,0,0,0,0,0,0,0,0,0,0,0
3ae6:                   db   0,0,0,0,0,0,0,0,0,0,0,0,0,0,0,0,0,0,0,0,0,0
3afc:                   db   0,0,0,0
3b00:           dtb81:  db   0,0,0,0,0,0,0,0,0,0,0,0,0,0,0,0,0,0,0,0,0,0
3b16:                   db   0,0,0,0,0,0,0,0,0,0,0,0,0,0,0,0,0,0,0,0,0,0
3b2c:                   db   0,0,0,0,0,0,0,0,0,0,0,0,0,0,0,0,0,0,0,0,0,0
3b42:                   db   0,0,0,0,0,0,0,0,0,0,0,0,0,0,0,0,0,0,0,0,0,0
3b58:                   db   0,0,0,0,0,0,0,0,0,0,0,0,0,0,0,0,0,0,0,0,0,0
3b6e:                   db   0,0,0,0,0,0,0,0,0,0,0,0,0,0,0,0,0,0,0,0,0,0
3b84:                   db   0,0,0,0,0,0,0,0,0,0,0,0,0,0,0,0,0,0,0,0,0,0
3b9a:                   db   0,0,0,0,0,0,0,0,0,0,0,0,0,0,0,0,0,0,0,0,0,0
3bb0:                   db   0,0,0,0,0,0,0,0,0,0,0,0,0,0,0,0,0,0,0,0,0,0
3bc6:                   db   0,0,0,0,0,0,0,0,0,0,0,0,0,0,0,0,0,0,0,0,0,0
3bdc:                   db   0,0,0,0,0,0,0,0,0,0,0,0,0,0,0,0,0,0,0,0,0,0
3bf2:                   db   0,0,0,0,0,0,0,0,0,0,0,0,0,0,0,0,0,0,0,0,0,0
3c08:                   db   0,0,0,0,0,0,0,0,0,0,0,0,0,0,0,0,0,0,0,0,0,0
3c1e:                   db   0,0,0,0,0,0,0,0,0,0,0,0,0,0,0,0,0,0,0,0,0,0
3c34:                   db   0,0,0,0,0,0,0,0,0,0,0,0,0,0,0,0,0,0,0,0,0,0
3c4a:                   db   0,0,0,0,0,0,0,0,0,0,0,0,0,0,0,0,0,0,0,0,0,0
3c60:                   db   0,0,0,0,0,0,0,0,0,0,0,0,0,0,0,0,0,0,0,0,0,0
3c76:                   db   0,0,0,0,0,0,0,0,0,0,0,0,0,0,0,0,0,0,0,0,0,0
3c8c:                   db   0,0,0,0,0,0,0,0,0,0,0,0,0,0,0,0,0,0,0,0,0,0
3ca2:                   db   0,0,0,0,0,0,0,0,0,0,0,0,0,0,0,0,0,0,0,0,0,0
3cb8:                   db   0,0,0,0,0,0,0,0,0,0,0,0,0,0,0,0,0,0,0,0,0,0
3cce:                   db   0,0,0,0,0,0,0,0,0,0,0,0,0,0,0,0,0,0,0,0,0,0
3ce4:                   db   0,0,0,0,0,0,0,0,0,0,0,0,0,0,0,0,0,0,0,0,0,0
3cfa:                   db   0,0,0,0,0,0,0,0,0,0,0,0,0,0,0,0,0,0,0,0,0,0
3d10:                   db   0,0,0,0,0,0,0,0,0,0,0,0,0,0,0,0,0,0,0,0,0,0
3d26:                   db   0,0,0,0,0,0,0,0,0,0,0,0,0,0,0,0,0,0,0,0,0,0
3d3c:                   db   0,0,0,0,0,0,0,0,0,0,0,0,0,0,0,0,0,0,0,0,0,0
3d52:                   db   0,0,0,0,0,0,0,0,0,0,0,0,0,0,0,0,0,0,0,0,0,0
3d68:                   db   0,0,0,0,0,0,0,0,0,0,0,0,0,0,0,0,0,0,0,0,0,0
3d7e:                   db   0,0,0,0,0,0,0,0,0,0,0,0,0,0,0,0,0,0,0,0,0,0
3d94:                   db   0,0,0,0,0,0,0,0,0,0,0,0,0,0,0,0,0,0,0,0,0,0
3daa:                   db   0,0,0,0,0,0,0,0,0,0,0,0,0,0,0,0,0,0,0,0,0,0
3dc0:                   db   0,0,0,0,0,0,0,0,0,0,0,0,0,0,0,0,0,0,0,0,0,0
3dd6:                   db   0,0,0,0,0,0,0,0,0,0,0,0,0,0,0,0,0,0,0,0,0,0
3dec:                   db   0,0,0,0,0,0,0,0,0,0,0,0,0,0,0,0,0,0,0,0,0,0
3e02:                   db   0,0,0,0,0,0,0,0,0,0,0,0,0,0,0,0,0,0,0,0,0,0
3e18:                   db   0,0,0,0,0,0,0,0,0,0,0,0,0,0,0,0,0,0,0,0,0,0
3e2e:                   db   0,0,0,0,0,0,0,0,0,0,0,0,0,0,0,0,0,0,0,0,0,0
3e44:                   db   0,0,0,0,0,0,0,0,0,0,0,0,0,0,0,0,0,0,0,0,0,0
3e5a:                   db   0,0,0,0,0,0,0,0,0,0,0,0,0,0,0,0,0,0,0,0,0,0
3e70:                   db   0,0,0,0,0,0,0,0,0,0,0,0,0,0,0,0,0,0,0,0,0,0
3e86:                   db   0,0,0,0,0,0,0,0,0,0,0,0,0,0,0,0,0,0,0,0,0,0
3e9c:                   db   0,0,0,0,0,0,0,0,0,0,0,0,0,0,0,0,0,0,0,0,0,0
3eb2:                   db   0,0,0,0,0,0,0,0,0,0,0,0,0,0,0,0,0,0,0,0,0,0
3ec8:                   db   0,0,0,0,0,0,0,0,0,0,0,0,0,0,0,0,0,0,0,0,0,0
3ede:                   db   0,0
3ee0:           ddb29:  db   0,0,0,0,0,0,0,0,0,0,0,0,0,0,0,0,0,0,0,0,0,0
3ef6:                   db   0,0,0,0,0,0,0,0,0,0,0,0,0,0,0,0,0,0,0,0,0,0
3f0c:                   db   0,0,0,0,0,0,0,0,0,0,0,0,0,0,0,0,0,0,0,0

                                            ; form tovac¡ programy interpreteru
3f20:           dtb42:  db   0,0,0,0,0,0,0,0,0,0,0,0,0,0,0,0,0,0,0,0,0,0
3f36:                   db   0,0,0,0,0,0,0,0,0,0,0,0,0,0,0,0,0,0,0,0,0,0
3f4c:                   db   0,0,0,0,0,0,0,0,0,0,0,0,0,0,0,0,0,0,0,0,0,0
3f62:                   db   0,0,0,0,0,0,0,0,0,0,0,0,0,0,0,0,0,0,0,0,0,0
3f78:                   db   0,0,0,0,0,0,0,0,0,0,0,0,0,0,0,0,0,0,0,0,0,0
3f8e:                   db   0,0,0,0,0,0,0,0,0,0,0,0,0,0,0,0,0,0,0,0,0,0
3fa4:                   db   0,0,0,0,0,0,0,0,0,0,0,0,0,0,0,0,0,0,0,0,0,0
3fba:                   db   0,0,0,0,0,0,0,0,0,0,0,0,0,0,0,0,0,0,0,0,0,0
3fd0:                   db   0,0,0,0,0,0,0,0,0,0,0,0,0,0,0,0,0,0,0,0,0,0
3fe6:                   db   0,0
3fe8:           dtb133: db   0              ; buffer k ulo‘en¡ v˜stup. textu
 ,0,0,0,0,0,0,0,0,0,0,0,0,0,0,0,0,0,0,0,0,0
3ffe:                   db   0,0,13h,8,20h,49h,0,49h,52h,25h,55h,52h,25h
