
0000  00 00 00 00 00 00 00 00-00 00 00 00 00 00 00 00  ................
0010  55 8B EC 56 80 3E 2A 01-00 74 06 E8 91 27 E8 8E  U.lV.>*..t.h.'h.
0020  27 8B 76 04 83 FE 01 75-07 E8 C8 00 E9 8A 00 90  '.v..~.u.hH.i...
0030  83 FE 03 75 03 E9 81 00-83 FE 04 74 7C 83 FE 08  .~.u.i...~.t|.~.
0040  74 77 8D 1E 00 00 E8 74-27 8B C6 48 48 3D 0D 00  tw....ht'.FHH=..
0050  77 67 D1 E0 93 2E FF A7-5A 00 76 00 B9 00 B9 00  wgQ`...'Z.v.9.9.
0060  7C 00 82 00 88 00 B9 00-8E 00 94 00 9A 00 A0 00  |.....9....... .
0070  A6 00 AC 00 B2 00 8D 1E-09 00 EB 3A 8D 1E 2B 00  &.,.2.....k:..+.
0080  EB 34 8D 1E 38 00 EB 2E-8D 1E 42 00 EB 28 8D 1E  k4..8.k...B.k(..
0090  4F 00 EB 22 8D 1E 61 00-EB 1C 8D 1E 82 00 EB 16  O.k"..a.k.....k.
00A0  8D 1E A0 00 EB 10 8D 1E-BE 00 EB 0A 8D 1E D7 00  .. .k...>.k...W.
00B0  EB 04 8D 1E FC 00 E8 DF-26 83 3E 46 01 00 74 07  k...|.h_&.>F..t.
00C0  FF 36 46 01 E8 77 27 83-3E 48 01 00 74 11 FF 36  .6F.hw'.>H..t..6
00D0  48 01 E8 69 27 B8 E6 A8-50 E8 92 2E 83 C4 02 56  H.hi'8f(Ph...D.V
00E0  E8 A4 29 83 C4 02 5E 8B-E5 5D C3 90 8D 1E 6C 04  h$).D.^.e]C...l.
00F0  E8 CA 26 C3 8D 1E 00 06-E8 9D 26 E8 EE FF C3 90  hJ&C....h.&hn.C.
0100  8D 1E 4C 08 E8 91 26 E8-E2 FF C3 90 8D 1E 3A 0B  ..L.h.&hb.C...:.
0110  E8 85 26 C3 55 8B EC 83-EC 7A 57 56 83 3E 46 01  h.&CU.l.lzWV.>F.
0120  00 74 07 FF 36 46 01 E8-14 27 83 3E 48 01 00 74  .t..6F.h.'.>H..t
0130  07 FF 36 48 01 E8 06 27-80 3E 2D 01 00 75 25 A1  ..6H.h.'.>-..u%!
0140  FC A9 8B 16 FE A9 39 16-6A 24 72 18 77 06 39 06  |)..~)9.j$r.w.9.
0150  68 24 72 10 B8 E6 A8 50-E8 13 2E 83 C4 02 5E 5F  h$r.8f(Ph...D.^_
0160  8B E5 5D C3 80 3E 04 AA-00 74 77 80 3E 2E 01 00  .e]C.>.*.tw.>...
0170  74 58 BF 6E 24 8D 76 86-1E 07 B9 FF FF 33 C0 F2  tX?n$.v...9..3@r
0180  AE F7 D1 2B F9 87 FE D1-E9 F3 A5 13 C9 F3 A4 B8  .wQ+y.~Qis%.Is$8
0190  2E 00 50 8D 46 86 50 E8-B8 2B 83 C4 04 40 89 46  ..P.F.Ph8+.D.@.F
01A0  FE A1 C6 0B 8B 16 C8 0B-8B 5E FE 89 07 89 57 02  ~!F...H..^~...W.
01B0  8D 46 86 50 E8 B7 2D 83-C4 02 8D 46 86 50 B8 6E  .F.Ph7-.D..F.P8n
01C0  24 50 E8 95 2D 83 C4 04-EB 0A B8 6E 24 50 E8 9D  $Ph.-.D.k.8n$Ph.
01D0  2D 83 C4 02 B8 6E 24 50-B8 E6 A8 50 E8 7B 2D 83  -.D.8n$P8f(Ph{-.
01E0  C4 04 5E 5F 8B E5 5D C3-55 8B EC 56 E8 D9 2A 0B  D.^_.e]CU.lVhY*.
01F0  C0 74 0A E8 F8 2A E8 CF-2A 0B C0 75 F6 2B C0 50  @t.hx*hO*.@uv+@P
0200  50 B8 08 00 50 E8 0E 2B-83 C4 06 2A E4 8B F0 83  P8..Ph.+.D.*d.p.
0210  FE 59 74 1C 83 FE 79 74-17 83 FE 6E 74 05 83 FE  ~Yt..~yt..~nt..~
0220  4E 75 DA B0 4E E8 A9 25-2B C0 5E 8B E5 5D C3 90  NuZ0Nh)%+@^.e]C.
0230  B0 59 E8 9C 25 B8 01 00-5E 8B E5 5D C3 90 55 8B  0Yh.%8..^.e]C.U.
0240  EC 83 EC 34 57 56 8B 1E-36 01 8B FB BE 6E 24 1E  l.l4WV..6..{>n$.
0250  07 B9 FF FF 33 C0 F2 AE-F7 D1 2B F9 87 FE D1 E9  .9..3@r.wQ+y.~Qi
0260  F3 A5 13 C9 F3 A4 E8 C1-01 89 46 FA 8D 46 CC 50  s%.Is$hA..Fz.FLP
0270  B8 20 00 50 B8 6E 24 50-E8 0C 2D 83 C4 06 0B C0  8 .P8n$Ph.-.D..@
0280  74 30 B8 CA 0B 50 B8 6E-24 50 E8 0F 2B 83 C4 04  t08J.P8n$Ph.+.D.
0290  0B C0 74 06 8D 1E CD 0B-EB 04 8D 1E DE 0B E8 1C  .@t...M.k...^.h.
02A0  25 8D 1E 6E 24 E8 F0 24-B8 03 00 50 E8 61 FD 83  %..n$hp$8..Pha}.
02B0  C4 02 B8 5C 00 50 B8 6E-24 50 E8 95 2A 83 C4 04  D.8\.P8n$Ph.*.D.
02C0  8B F0 0B F6 75 10 B8 3A-00 50 B8 6E 24 50 E8 81  .p.vu.8:.P8n$Ph.
02D0  2A 83 C4 04 8B F0 0B F6-74 13 81 EE 6D 24 56 B8  *.D..p.vt..nm$V8
02E0  6E 24 50 B8 5E A9 50 E8-90 29 83 C4 06 C7 46 F8  n$P8^)Ph.).D.GFx
02F0  00 00 B8 18 00 50 E8 D1-28 83 C4 02 89 46 FE 0B  ..8..PhQ(.D..F~.
0300  C0 75 0A B8 09 00 50 E8-06 FD 83 C4 02 83 3E 4C  @u.8..Ph.}.D..>L
0310  01 00 75 08 8B 46 FE A3-4C 01 EB 08 8B 46 FE 8B  ..u..F~#L.k..F~.
0320  5E F8 89 07 8B 46 E6 8B-56 E8 8B 5E FE 89 47 02  ^x...Ff.Vh.^~.G.
0330  89 57 04 8B 46 E2 89 47-06 8B 46 E4 89 47 08 8A  .W..Fb.G..Fd.G..
0340  46 E1 88 47 0A 8D 7E EA-8D 77 0B 16 07 B9 FF FF  Fa.G..~j.w...9..
0350  33 C0 F2 AE F7 D1 2B F9-87 FE D1 E9 F3 A5 13 C9  3@r.wQ+y.~Qis%.I
0360  F3 A4 89 07 89 5E F8 FF-06 4A 01 8D 46 CC 50 E8  s$...^x..J..FLPh
0370  0A 2C 83 C4 02 89 46 FC-0B C0 74 48 83 7E FA 00  .,.D..F|.@tH.~z.
0380  74 42 B8 6E 24 8B D0 8B-F8 1E 07 B9 FF FF 33 C0  tB8n$.P.x..9..3@
0390  F2 AE B8 2E 00 50 52 E8-B8 29 83 C4 04 89 46 FE  r.8..PRh8).D..F~
03A0  BE F4 0B 1E 07 8B F8 A5-A5 A4 8D 46 CC 50 B8 20  >t....x%%$.FLP8
03B0  00 50 B8 6E 24 50 E8 CE-2B 83 C4 06 89 46 FC C7  .P8n$PhN+.D..F|G
03C0  46 FA 00 00 0B C0 75 03-E9 27 FF 83 3E 38 01 00  Fz...@u.i'..>8..
03D0  74 2E B8 2A 00 50 FF 36-38 01 E8 4B 29 83 C4 04  t.8*.P.68.hK).D.
03E0  0B C0 75 12 B8 3F 00 50-FF 36 38 01 E8 39 29 83  .@u.8?.P.68.h9).
03F0  C4 04 0B C0 74 0A B8 0F-00 50 E8 13 FC 83 C4 02  D..@t.8..Ph.|.D.
0400  83 3E 4A 01 01 7E 1C 83-3E 38 01 00 74 15 8B 1E  .>J..~..>8..t...
0410  38 01 E8 07 03 0B C0 75-0A B8 0E 00 50 E8 F0 FB  8.h...@u.8..Php{
0420  83 C4 02 5E 5F 8B E5 5D-C3 90 55 8B EC 83 EC 2E  .D.^_.e]C.U.l.l.
0430  57 56 B8 2E 00 50 B8 6E-24 50 E8 15 29 83 C4 04  WV8..P8n$Ph.).D.
0440  8B F0 0B F6 75 03 E9 6F-02 80 7C FF 2E 75 03 E9  .p.vu.io..|..u.i
0450  66 02 46 80 3C 00 75 0A-B8 02 00 50 E8 B1 FB 83  f.F.<.u.8..Ph1{.
0460  C4 02 80 3C 2A 75 03 E9-18 02 80 3C 3F 75 21 80  D..<*u.i...<?u!.
0470  7C 01 2A 75 03 E9 0A 02-80 7C 01 3F 75 12 80 7C  |.*u.i...|.?u..|
0480  02 2A 75 03 E9 FB 01 80-7C 02 3F 75 03 E9 F2 01  .*u.i{..|.?u.ir.
0490  80 3C 3F 74 03 E9 96 00-80 7C 01 2A 75 03 E9 E1  .<?t.i...|.*u.ia
04A0  01 80 7C 01 3F 75 12 80-7C 02 3F 75 03 E9 D2 01  ..|.?u..|.?u.iR.
04B0  80 7C 02 2A 75 03 E9 C9-01 80 7C 01 3F 75 25 80  .|.*u.iI..|.?u%.
04C0  7C 02 45 75 0B A1 0B 0C-8B 16 0D 0C E9 7B 01 90  |.Eu.!......i{..
04D0  80 7C 02 4D 74 03 E9 16-01 A1 0F 0C 8B 16 11 0C  .|.Mt.i..!......
04E0  E9 67 01 90 80 7C 01 4F-75 1C 80 7C 02 4D 74 0C  ig...|.Ou..|.Mt.
04F0  80 7C 02 3F 74 06 80 7C-02 2A 75 0A A1 13 0C 8B  .|.?t..|.*u.!...
0500  16 15 0C E9 44 01 80 7C-01 58 74 03 E9 E0 00 80  ...iD..|.Xt.i`..
0510  7C 02 45 74 0F 80 7C 02-3F 74 09 80 7C 02 2A 74  |.Et..|.?t..|.*t
0520  03 E9 CB 00 A1 17 0C 8B-16 19 0C E9 1C 01 89 76  .iK.!......i...v
0530  FE 8B D6 8B DE 80 7F 01-3F 75 03 E9 DE 00 80 7F  ~.V.^...?u.i^...
0540  01 2A 75 03 E9 D5 00 B8-23 0C B9 04 00 8B F8 1E  .*u.iU.8#.9...x.
0550  07 D1 E9 1B C0 3B C9 F3-A7 75 04 2B C8 F3 A6 75  .Qi.@;Is'u.+Hs&u
0560  03 E9 A4 00 B8 27 0C B9-04 00 8B F8 8B F2 D1 E9  .i$.8'.9...x.rQi
0570  1B C0 3B C9 F3 A7 75 04-2B C8 F3 A6 75 03 E9 87  .@;Is'u.+Hs&u.i.
0580  00 B8 2F 0C B9 04 00 8B-F8 8B F2 D1 E9 1B C0 3B  .8/.9...x.rQi.@;
0590  C9 F3 A7 75 04 2B C8 F3-A6 74 61 B8 33 0C B9 04  Is'u.+Hs&ta83.9.
05A0  00 8B F8 8B F2 D1 E9 1B-C0 3B C9 F3 A7 75 04 2B  ..x.rQi.@;Is'u.+
05B0  C8 F3 A6 74 47 B8 3B 0C-B9 04 00 8B F8 8B F2 D1  Hs&tG8;.9...x.rQ
05C0  E9 1B C0 3B C9 F3 A7 75-04 2B C8 F3 A6 75 03 E9  i.@;Is'u.+Hs&u.i
05D0  41 01 B8 3F 0C B9 04 00-8B F8 8B F2 D1 E9 1B C0  A.8?.9...x.rQi.@
05E0  3B C9 F3 A7 75 04 2B C8-F3 A6 75 03 E9 24 01 B8  ;Is'u.+Hs&u.i$.8
05F0  02 00 50 E8 1A FA 83 C4-02 E9 17 01 8B CA A1 37  ..Ph.z.D.i...J!7
0600  0C 8B 16 39 0C EB 0A 90-8B CA A1 2B 0C 8B 16 2D  ...9.k...J!+...-
0610  0C 8B D9 89 07 89 57 02-E9 F8 00 90 80 3C 43 75  ..Y...W.ix...<Cu
0620  31 80 7C 01 3F 75 1C 80-7C 02 4D 74 16 80 7C 02  1.|.?u..|.Mt..|.
0630  3F 74 10 80 7C 02 2A 74-0A B8 02 00 50 E8 D0 F9  ?t..|.*t.8..PhPy
0640  83 C4 02 A1 1B 0C 8B 16-1D 0C 89 04 89 54 02 E9  .D.!.........T.i
0650  C1 00 80 3C 45 75 98 80-7C 01 3F 75 1C 80 7C 02  A..<Eu..|.?u..|.
0660  45 74 16 80 7C 02 3F 74-10 80 7C 02 2A 74 0A B8  Et..|.?t..|.*t.8
0670  02 00 50 E8 9A F9 83 C4-02 A1 1F 0C 8B 16 21 0C  ..Ph.y.D.!....!.
0680  EB C8 A1 03 0C 8B 16 05-0C 89 04 89 54 02 8D 46  kH!.........T..F
0690  D2 50 B8 20 00 50 B8 6E-24 50 E8 EA 28 83 C4 06  RP8 .P8n$Phj(.D.
06A0  0B C0 75 0A B8 01 00 5E-5F 8B E5 5D C3 90 A1 07  .@u.8..^_.e]C.!.
06B0  0C 8B 16 09 0C EB 93 90-B8 6E 24 8B D0 8B F8 1E  .....k..8n$.P.x.
06C0  07 B9 FF FF 33 C0 F2 AE-F7 D1 49 03 D1 89 56 FE  .9..3@r.wQI.Q.V~
06D0  BF F9 0B 8B F2 B9 FF FF-F2 AE F7 D1 2B F9 8B D9  ?y..r9..r.wQ+y.Y
06E0  87 FE B9 FF FF F2 AE 4F-8B CB D1 E9 F3 A5 13 C9  .~9..r.O.KQis%.I
06F0  F3 A4 8D 46 D2 50 B8 20-00 50 B8 6E 24 50 E8 86  s$.FRP8 .P8n$Ph.
0700  28 83 C4 06 0B C0 74 9C-BE FE 0B 1E 07 8B 7E FE  (.D..@t.>~....~~
0710  A5 A5 A4 2B C0 5E 5F 8B-E5 5D C3 90 55 8B EC 83  %%$+@^_.e]C.U.l.
0720  EC 02 53 57 56 8B FB 1E-07 B9 FF FF 33 C0 F2 AE  l.SWV.{..9..3@r.
0730  F7 D1 49 8B F1 80 78 FF-5C 74 2D 8B FB B9 FF FF  wQI.q.x.\t-.{9..
0740  F2 AE F7 D1 49 8B F1 80-78 FF 3A 74 1B 53 8D 46  r.wQI.q.x.:t.S.F
0750  FE 50 E8 54 21 0B C0 75-06 F6 46 FE 10 75 09 2B  ~PhT!.@u.vF~.u.+
0760  C0 5E 5F 8B E5 5D C3 90-B8 01 00 5E 5F 8B E5 5D  @^_.e]C.8..^_.e]
0770  C3 90 56 8B F3 8D 1E 43-0C E8 41 20 8D 1E 6E 24  C.V.s..C.hA ..n$
0780  E8 3A 20 B0 20 E8 49 20-8B DE E8 0B 20 83 3E 46  h: 0 hI .^h. .>F
0790  01 00 74 07 FF 36 46 01-E8 A3 20 5E C3 90 55 8B  ..t..6F.h# ^C.U.
07A0  EC 83 EC 56 53 57 56 A0-32 01 A2 2D 01 C6 06 33  l.lVSWV 2."-.F.3
07B0  01 00 BF 5E A9 BE 6E 24-1E 07 B9 FF FF 33 C0 F2  ..?^)>n$..9..3@r
07C0  AE F7 D1 2B F9 87 FE D1-E9 F3 A5 13 C9 F3 A4 C7  .wQ+y.~Qis%.Is$G
07D0  46 AA 6E 24 8D 7F 0B BE-6E 24 B9 FF FF 33 C0 F2  F*n$...>n$9..3@r
07E0  AE F7 D1 2B F9 51 87 FE-B9 FF FF F2 AE 4F 59 D1  .wQ+yQ.~9..r.OYQ
07F0  E9 F3 A5 13 C9 F3 A4 8B-47 02 8B 57 04 A3 FC A9  is%.Is$.G..W.#|)
0800  89 16 FE A9 0B D2 75 22-3D 90 01 73 1D 80 3E 2D  ..~).Ru"=..s..>-
0810  01 00 74 06 8D 1E 4A 0C-EB 04 8D 1E 5C 0C E8 51  ..t...J.k...\.hQ
0820  FF B8 01 00 5E 5F 8B E5-5D C3 8B 5E A8 F6 47 0A  .8..^_.e]C.^(vG.
0830  01 74 07 8D 1E 74 0C EB-E5 90 8B 47 06 A3 64 12  .t...t.ke..G.#d.
0840  8B 47 08 A3 60 12 A1 FC-A9 A3 00 AA 89 16 02 AA  .G.#`.!|)#.*...*
0850  B8 6E 24 50 2B C9 51 E8-F0 1F A3 46 01 8D 1E 6E  8n$P+IQhp.#F...n
0860  24 E8 16 05 83 3E 46 01-00 7F 07 8D 1E 92 0C EB  $h...>F........k
0870  AD 90 FF 36 46 01 8D 46-B0 16 50 B9 40 00 51 B9  -..6F..F0.P9@.Q9
0880  01 00 51 E8 52 1F 81 7E-B0 4D 5A 74 03 E9 7E 01  ..QhR..~0MZt.i~.
0890  C6 06 29 01 00 B8 E2 A9-8B F8 8D 76 B2 1E 07 B9  F.)..8b).x.v2..9
08A0  0D 00 F3 A5 83 3E E2 A9-00 75 06 C7 06 E2 A9 00  ..s%.>b).u.G.b).
08B0  02 83 3E E6 A9 01 76 03-E9 97 00 81 7E CE 50 4B  ..>f).v.i...~NPK
08C0  74 03 E9 8D 00 FE 06 33-01 8B 46 CC A3 62 12 83  t.i..~.3..FL#b..
08D0  3E E4 A9 04 75 03 E9 70-01 A1 E4 A9 48 2B D2 8A  >d).u.ip.!d)H+R.
08E0  F2 8A D4 8A E0 2A C0 D1-E0 D1 D2 B1 04 8B 1E E8  r.T.`*@Q`QR1...h
08F0  A9 D3 E3 2B C9 2B C3 1B-D1 03 06 E2 A9 13 D1 A3  )Sc+I+C.Q..b).Q#
0900  00 AA 89 16 02 AA 03 D8-13 CA 3B 1E FC A9 75 09  .*...*.X.J;.|)u.
0910  3B 0E FE A9 75 03 E9 30-01 80 3E 2D 01 00 74 03  ;.~)u.i0..>-..t.
0920  E9 26 01 80 3E 31 01 01-75 03 E9 1C 01 80 3E 33  i&..>1..u.i...>3
0930  01 00 74 03 E9 12 01 80-3E 30 01 00 74 03 E9 08  ..t.i...>0..t.i.
0940  01 80 3E 31 01 02 74 03-E9 8B 00 8D 1E 0C 0D E9  ..>1..t.i......i
0950  CC FE 83 3E F8 A9 40 73-0E 83 3E E6 A9 00 75 64  L~.>x)@s..>f).ud
0960  83 3E E8 A9 04 72 5D 8B-46 EC 2B D2 89 46 AC 89  .>h).r].Fl+R.F,.
0970  56 AE 8B 0E FC A9 8B 1E-FE A9 83 E9 02 1B DA 3B  V...|)..~).i..Z;
0980  D3 77 41 72 04 3B C1 73-3B 2B C9 51 52 50 FF 36  SwAr.;As;+IQRP.6
0990  46 01 E8 BB 21 83 C4 08-3D FF FF 75 04 3B D0 74  F.h;!.D.=..u.;Pt
09A0  23 FF 36 46 01 8D 46 B0-16 50 B9 02 00 51 B9 01  #.6F..F0.P9..Q9.
09B0  00 51 E8 23 1E 81 7E B0-4E 45 75 08 8D 1E A6 0C  .Qh#..~0NEu...&.
09C0  E9 5B FE 90 83 3E EC A9-00 74 03 E9 01 FF 8D 1E  i[~..>l).t.i....
09D0  DC 0C E9 49 FE 90 8D 1E-36 0D E8 E0 1D 8D 1E 6E  \.iI~...6.h`...n
09E0  24 E8 D9 1D 8D 1E 3D 0D-E8 D2 1D E8 FA F7 0B C0  $hY...=.hR.hzw.@
09F0  75 14 FF 36 46 01 E8 45-1E C7 06 46 01 00 00 E8  u..6F.hE.G.F...h
0A00  AD 1D E9 1C FE 90 E8 A6-1D E8 A3 1D EB 3B C6 06  -.i.~.h&.h#.k;F.
0A10  29 01 01 83 3E FE A9 00-75 08 81 3E FC A9 FF EF  )...>~).u..>|).o
0A20  72 08 8D 1E 66 0D E9 F5-FD 90 81 7E DE 50 4B 75  r...f.iu}..~^PKu
0A30  18 81 7E E0 6C 69 74 07-81 7E E0 4C 49 75 0A 8B  ..~`lit..~`LIu..
0A40  46 DC A3 62 12 FE 06 33-01 FF 36 46 01 E8 EE 1D  F\#b.~.3..6F.hn.
0A50  C7 06 46 01 00 00 80 3E-33 01 00 74 0F 80 3E 2D  G.F....>3..t..>-
0A60  01 00 75 08 8D 1E 7E 0D-E9 B3 FD 90 80 3E 2D 01  ..u...~.i3}..>-.
0A70  00 74 0F 80 3E 33 01 00-75 08 8D 1E 94 0D E9 9D  .t..>3..u.....i.
0A80  FD 90 80 3E 2D 01 00 74-0F F6 06 63 12 10 74 08  }..>-..t.v.c..t.
0A90  8D 1E A6 0D E9 87 FD 90-80 3E 2D 01 00 74 15 80  ..&.i.}..>-..t..
0AA0  3E 29 01 00 75 0E 83 3E-F6 A9 F0 74 07 8D 1E B9  >)..u..>v)pt...9
0AB0  0D E9 6A FD 2B C0 5E 5F-8B E5 5D C3 55 8B EC 83  .ij}+@^_.e]CU.l.
0AC0  EC 2C 57 56 83 3E 78 0E-00 75 09 A1 4C 01 A3 78  l,WV.>x..u.!L.#x
0AD0  0E EB 14 90 8B 1E 78 0E-8B 07 A3 78 0E 0B C0 75  .k....x...#x..@u
0AE0  03 E9 48 02 E8 C8 1C 8B-1E 78 0E E8 B0 FC 48 74  .iH.hH...x.h0|Ht
0AF0  D3 83 3E 38 01 00 75 03-E9 23 01 8B 1E 38 01 8B  S.>8..u.i#...8..
0B00  FB BE E6 A8 1E 07 B9 FF-FF 33 C0 F2 AE F7 D1 2B  {>f(..9..3@r.wQ+
0B10  F9 87 FE D1 E9 F3 A5 13-C9 F3 A4 8D 1E E6 A8 E8  y.~Qis%.Is$..f(h
0B20  FA FB 0B C0 74 7A B8 E6-A8 8B D0 8B F8 1E 07 B9  z{.@tz8f(.P.x..9
0B30  FF FF 33 C0 F2 AE F7 D1-49 8B D9 81 C3 E5 A8 80  ..3@r.wQI.Y.Ce(.
0B40  3F 2F 74 27 80 3F 3A 74-22 BF DF 0D 8B F2 B9 FF  ?/t'.?:t"?_..r9.
0B50  FF F2 AE F7 D1 2B F9 8B-D9 87 FE B9 FF FF F2 AE  .r.wQ+y.Y.~9..r.
0B60  4F 8B CB D1 E9 F3 A5 13-C9 F3 A4 B8 2F 00 50 B8  O.KQis%.Is$8/.P8
0B70  6E 24 50 E8 DC 21 83 C4-04 8B F0 0B F6 75 10 B8  n$Ph\!.D..p.vu.8
0B80  3A 00 50 B8 6E 24 50 E8-C8 21 83 C4 04 8B F0 0B  :.P8n$PhH!.D..p.
0B90  F6 75 07 BE 6E 24 EB 03-90 90 46 8B FE EB 2A 90  vu.>n$k...F.~k*.
0BA0  B8 2E 00 50 B8 E6 A8 50-E8 A7 21 83 C4 04 8B F0  8..P8f(Ph'!.D..p
0BB0  0B F6 74 06 80 7C FF 2E-75 33 80 3E 29 01 00 74  .vt..|..u3.>)..t
0BC0  05 BF E1 0D EB 03 BF E6-0D BE E6 A8 1E 07 B9 FF  .?a.k.?f.>f(..9.
0BD0  FF 33 C0 F2 AE F7 D1 2B-F9 8B D9 87 FE B9 FF FF  .3@r.wQ+y.Y.~9..
0BE0  F2 AE 4F 8B CB D1 E9 F3-A5 13 C9 F3 A4 BF E6 A8  r.O.KQis%.Is$?f(
0BF0  BE 6E 24 1E 07 B9 FF FF-33 C0 F2 AE F7 D1 2B F9  >n$..9..3@r.wQ+y
0C00  F3 A6 74 05 1B C0 1D FF-FF 0B C0 75 0A B8 0A 00  s&t..@....@u.8..
0C10  50 E8 FC F3 83 C4 02 C6-06 04 AA 00 EB 77 C6 06  Ph|s.D.F..*.kwF.
0C20  E6 A8 00 B8 2F 00 50 B8-6E 24 50 E8 24 21 83 C4  f(.8/.P8n$Ph$!.D
0C30  04 8B F0 0B F6 75 10 B8-3A 00 50 B8 6E 24 50 E8  ..p.vu.8:.P8n$Ph
0C40  10 21 83 C4 04 8B F0 0B-F6 74 1E 81 EE 6D 24 56  .!.D..p.vt..nm$V
0C50  B9 6E 24 51 BA E6 A8 52-8B F0 E8 1D 20 83 C4 06  9n$Q:f(R.ph. .D.
0C60  81 EE 6E 24 C6 84 E7 A8-00 BF EB 0D BE E6 A8 1E  .nn$F.g(.?k.>f(.
0C70  07 B9 FF FF 33 C0 F2 AE-F7 D1 2B F9 8B D9 87 FE  .9..3@r.wQ+y.Y.~
0C80  B9 FF FF F2 AE 4F 8B CB-D1 E9 F3 A5 13 C9 F3 A4  9..r.O.KQis%.Is$
0C90  C6 06 04 AA 01 8D 1E E6-A8 E8 DE 00 80 3E 2B 01  F..*...f(h^..>+.
0CA0  00 75 45 8D 46 D4 50 B8-20 00 50 B8 E6 A8 50 E8  .uE.FTP8 .P8f(Ph
0CB0  D5 22 83 C4 06 0B C0 75-2F 8D 1E F8 0D E8 FD 1A  U".D..@u/..x.h}.
0CC0  8D 1E E6 A8 E8 F6 1A 8D-1E FF 0D E8 EF 1A E8 17  ..f(hv.....ho.h.
0CD0  F5 0B C0 75 0D E8 D7 1A-B8 04 00 50 E8 31 F3 83  u.@u.hW.8..Ph1s.
0CE0  C4 02 E8 CA 1A E8 C7 1A-B8 E6 A8 50 2B C0 50 E8  D.hJ.hG.8f(P+@Ph
0CF0  39 1B A3 48 01 0B C0 7F-18 8D 1E 23 0E E8 BD 1A  9.#H..@....#.h=.
0D00  8D 1E E6 A8 E8 91 1A B8-04 00 50 E8 02 F3 83 C4  ..f(h..8..Ph.s.D
0D10  02 B8 6E 24 50 2B C0 50-E8 2F 1B A3 46 01 0B C0  .8n$P+@Ph/.#F..@
0D20  7F 12 8D 1E 3B 0E E8 49-FA E9 98 FD 2B C0 5E 5F  ....;.hIzi.}+@^_
0D30  8B E5 5D C3 80 3E 2D 01-00 74 07 8D 1E 4F 0E EB  .e]C.>-..t...O.k
0D40  05 90 8D 1E 5B 0E E8 74-1A 8D 1E 6E 24 E8 6D 1A  ....[.ht...n$hm.
0D50  80 3E 04 AA 00 75 0E 8D-1E 69 0E E8 5F 1A 8D 1E  .>.*.u...i.h_...
0D60  E6 A8 E8 58 1A 8D 1E 75-0E E8 51 1A FE 06 2A 01  f(hX...u.hQ.~.*.
0D70  B8 01 00 5E 5F 8B E5 5D-C3 90 80 3F 5C 75 03 C6  8..^_.e]C..?\u.F
0D80  07 2F 43 80 3F 00 75 F2-C3 90 55 8B EC 83 EC 02  ./C.?.urC.U.l.l.
0D90  53 57 56 8B FB 47 47 83-3D 00 75 03 E9 CD 00 8B  SWV.{GG.=.u.iM..
0DA0  35 8B DE 80 3F 2D 74 30-8A 04 38 06 05 AA 74 28  5.^.?-t0..8..*t(
0DB0  83 3E 36 01 00 75 07 89-36 36 01 EB D8 90 83 3E  .>6..u..66.kX..>
0DC0  38 01 00 75 07 89 36 38-01 EB CA 90 B8 01 00 50  8..u..68.kJ.8..P
0DD0  E8 3D F2 83 C4 02 EB BD-89 7E FC 46 80 3C 00 74  h=r.D.k=.~|F.<.t
0DE0  B4 8A 04 25 DF 00 2D 41-00 3D 17 00 77 38 D1 E0  4..%_.-A.=..w8Q`
0DF0  93 2E FF A7 F6 0D 32 0E-3A 0E 26 0E 26 0E 26 0E  ...'v.2.:.&.&.&.
0E00  26 0E 26 0E 26 0E 26 0E-26 0E 26 0E 62 0E 26 0E  &.&.&.&.&.&.b.&.
0E10  40 0E 48 0E 26 0E 26 0E-4E 0E 26 0E 26 0E 54 0E  @.H.&.&.N.&.&.T.
0E20  26 0E 26 0E 5A 0E B8 01-00 50 E8 E3 F1 83 C4 02  &.&.Z.8..Phcq.D.
0E30  EB A9 C6 06 31 01 01 EB-A2 90 FE 06 2E 01 EB 9B  k)F.1..k".~...k.
0E40  C6 06 31 01 02 EB 94 90-FE 06 2B 01 EB 8D FE 06  F.1..k..~.+.k.~.
0E50  30 01 EB 87 FE 06 2C 01-EB 81 FE 06 32 01 E9 7A  0.k.~.,.k.~.2.iz
0E60  FF 90 FE 06 34 01 5E 5F-8B E5 5D C3 83 3E 36 01  ..~.4.^_.e]C.>6.
0E70  00 75 0A B8 01 00 50 E8-96 F1 83 C4 02 FF 36 36  .u.8..Ph.q.D..66
0E80  01 E8 FA 1E 83 C4 02 FF-36 38 01 E8 F0 1E 83 C4  .hz..D..68.hp..D
0E90  02 5E 5F 8B E5 5D C3 90-57 56 BF 00 D8 57 E8 40  .^_.e]C.WV?.XWh@
0EA0  1D 83 C4 02 A3 3A 01 89-16 3C 01 57 E8 32 1D 83  ..D.#:...<.Wh2..
0EB0  C4 02 A3 3E 01 89 16 40-01 89 3E DA A9 8D 45 F0  D.#>...@..>Z).Ep
0EC0  A3 08 AA A1 3C 01 0B 06-3A 01 74 0C A1 40 01 0B  #.*!<...:.t.!@..
0ED0  06 3E 01 74 03 E9 B0 00-A1 3C 01 0B 06 3A 01 74  .>.t.i0.!<...:.t
0EE0  0E FF 36 3C 01 FF 36 3A-01 E8 E2 1C 83 C4 04 81  ..6<..6:.hb..D..
0EF0  EF 00 20 81 FF 00 42 72-03 E9 8C 00 B8 00 42 A3  o. ...Br.i..8.B#
0F00  DA A9 50 E8 DB 1C 83 C4-02 A3 3A 01 89 16 3C 01  Z)Ph[..D.#:...<.
0F10  8B C2 0B 06 3A 01 75 1F-FF 36 DA A9 E8 AB 1C 83  .B..:.u..6Z)h+..
0F20  C4 02 A3 3A 01 8C 1E 3C-01 0B C0 75 0A B8 09 00  D.#:...<..@u.8..
0F30  50 E8 DC F0 83 C4 02 2B-F6 C7 06 08 AA 00 20 A1  Ph\p.D.+vG..*. !
0F40  08 AA 05 10 00 50 E8 98-1C 83 C4 02 A3 3E 01 89  .*...Ph...D.#>..
0F50  16 40 01 8B C2 0B 06 3E-01 75 18 A1 08 AA 05 10  .@..B..>.u.!.*..
0F60  00 50 E8 65 1C 83 C4 02-A3 3E 01 8C 1E 40 01 3B  .Phe..D.#>...@.;
0F70  C6 74 03 BE 01 00 0B F6-75 0E 81 2E 08 AA 00 04  Ft.>...vu....*..
0F80  81 3E 08 AA 00 04 73 B7-A1 3C 01 0B 06 3A 01 75  .>.*..s7!<...:.u
0F90  03 E9 09 FF A1 40 01 0B-06 3E 01 75 03 E9 FD FE  .i..!@...>.u.i}~
0FA0  A1 3A 01 8B 16 3C 01 80-C4 22 A3 42 01 89 16 44  !:...<..D"#B...D
0FB0  01 81 2E DA A9 00 22 5E-5F C3 80 3E 2C 01 00 75  ...Z)."^_C.>,..u
0FC0  12 FF 36 64 12 FF 36 60-12 FF 36 48 01 E8 EA 1F  ..6d..6`..6H.hj.
0FD0  83 C4 06 C3 55 8B EC 83-EC 14 56 2B F6 E8 CF 17  .D.CU.l.l.V+vhO.
0FE0  8D 1E 7A 0E E8 D6 17 B8-0A 00 50 8D 46 EC 50 FF  ..z.hV.8..P.FlP.
0FF0  36 FE A9 FF 36 FC A9 E8-C4 1C 83 C4 08 8B D8 E8  6~).6|)hD..D..Xh
1000  BB 17 80 3E 2D 01 00 74-21 8D 1E 8A 0E E8 AD 17  ;..>-..t!....h-.
1010  B8 0A 00 50 8D 46 EC 50-FF 36 DE A9 FF 36 DC A9  8..P.FlP.6^).6\)
1020  E8 9B 1C 83 C4 08 E9 90-00 90 8D 1E 9C 0E E8 8C  h...D.i.......h.
1030  17 B8 0A 00 50 8D 46 EC-50 FF 36 6A 24 FF 36 68  .8..P.FlP.6j$.6h
1040  24 E8 7A 1C 83 C4 08 8B-D8 E8 71 17 8D 1E B0 0E  $hz..D..Xhq...0.
1050  E8 6A 17 A1 FE A9 0B 06-FC A9 74 23 FF 36 FE A9  hj.!~)..|)t#.6~)
1060  FF 36 FC A9 B8 E8 03 99-52 50 FF 36 6A 24 FF 36  .6|)8h..RP.6j$.6
1070  68 24 E8 59 1F 52 50 E8-86 1F BE E8 03 2B F0 B8  h$hY.RPh..>h.+p8
1080  0A 00 50 8D 4E EC 51 8B-C6 BB 0A 00 2B D2 F7 F3  ..P.NlQ.F;..+Rws
1090  50 E8 0E 1C 83 C4 06 8B-D8 E8 21 17 B0 2E E8 30  Ph...D..Xh!.0.h0
10A0  17 B8 0A 00 50 8D 46 EC-50 8B C6 B9 0A 00 2B D2  .8..P.FlP.F9..+R
10B0  F7 F1 52 E8 EC 1B 83 C4-06 8B D8 E8 FF 16 E8 EE  wqRhl..D..Xh..hn
10C0  16 5E 8B E5 5D C3 83 3E-46 01 00 74 07 FF 36 46  .^.e]C.>F..t..6F
10D0  01 E8 6A 17 83 3E 48 01-00 74 11 FF 36 48 01 E8  .hj..>H..t..6H.h
10E0  5C 17 B8 E6 A8 50 E8 85-1E 83 C4 02 2B C0 50 E8  \.8f(Ph...D.+@Ph
10F0  95 19 83 C4 02 2B C0 C3-55 8B EC 83 EC 14 57 56  ...D.+@CU.l.l.WV
1100  2B C0 50 A1 F8 A9 2B D2-52 50 FF 36 46 01 E8 3F  +@P!x)+RRP.6F.h?
1110  1A 83 C4 08 FF 36 46 01-FF 36 40 01 FF 36 3E 01  ..D..6F..6@..6>.
1120  A1 E6 A9 D1 E0 D1 E0 50-B8 01 00 50 E8 A9 16 80  !f)Q`Q`P8..Ph)..
1130  3E 31 01 02 72 03 E9 BE-00 FF 36 E6 A9 FF 36 40  >1..r.i>..6f).6@
1140  01 FF 36 3E 01 E8 E5 15-83 C4 06 0B C0 75 03 E9  ..6>.he..D..@u.i
1150  A5 00 E8 5A 16 E8 57 16-80 3E 31 01 00 74 07 8D  %.hZ.hW..>1..t..
1160  1E BA 0E EB 05 90 8D 1E-ED 0E E8 50 16 80 3E 31  .:.k....m.hP..>1
1170  01 00 75 10 E8 71 F0 0B-C0 75 09 E8 31 16 5E 5F  ..u.hqp.@u.h1.^_
1180  8B E5 5D C3 E8 28 16 A1-3E 01 8B 16 40 01 8B F0  .e]Ch(.!>...@..p
1190  8B 0E E6 A9 D1 E1 D1 E1-89 46 EC 03 C1 8B F8 3B  ..f)QaQa.Fl.A.x;
11A0  46 EC 76 53 8E DA 8B 44-02 2B D2 D1 E0 D1 D2 D1  FlvS.Z.D.+RQ`QRQ
11B0  E0 D1 D2 D1 E0 D1 D2 D1-E0 D1 D2 03 04 83 D2 00  `QRQ`QRQ`QR...R.
11C0  89 46 FC 89 56 FE 89 04-8B 46 FC 8B 56 FE D1 EA  .F|.V~...F|.V~Qj
11D0  D1 D8 D1 EA D1 D8 D1 EA-D1 D8 D1 EA D1 D8 25 00  QXQjQXQjQXQjQX%.
11E0  F0 8D 4C 02 8B D9 89 07-41 41 8C D8 8B F1 3B CF  p.L..Y..AA.X.q;O
11F0  72 B4 B9 FB 24 8E D9 5E-5F 8B E5 5D C3 90 C3 90  r49{$.Y^_.e]C.C.
1200  2B C0 C3 90 55 8B EC E8-02 EF 83 7E 04 02 7D 0A  +@C.U.lh.o.~..}.
1210  E8 E1 EE B8 01 00 8B E5-5D C3 B8 C6 10 50 B8 02  han8...e]C8F.P8.
1220  00 50 E8 D5 1B 8B E5 E8-66 15 A2 05 AA A1 56 01  .PhU..ehf.".*!V.
1230  A3 D8 A9 8B 5E 06 E8 51-FB 80 3E 34 01 00 74 06  #X).^.hQ{.>4..t.
1240  E8 BD EE EB 61 90 E8 4F-FC E8 F2 EF E8 6D F8 0B  h=nka.hO|hrohmx.
1250  C0 74 53 2B C0 A3 DE A9-A3 DC A9 A3 6A 24 A3 68  @tS+@#^)#\)#j$#h
1260  24 80 3E 2D 01 00 74 06-E8 0F 03 EB 04 90 E8 3B  $.>-..t.h..k..h;
1270  00 80 3E 2D 01 00 75 1E-A1 FC A9 8B 16 FE A9 39  ..>-..u.!|)..~)9
1280  16 6A 24 72 11 77 06 39-06 68 24 72 09 8D 1E 3A  .j$r.w.9.h$r...:
1290  0F E8 04 15 EB 06 E8 3B-FD E8 1E FD E8 75 EE E8  .h..k.h;}h.}hunh
12A0  1A F8 0B C0 75 AD 2B C0-8B E5 5D C3 55 8B EC 83  .x.@u-+@.e]CU.l.
12B0  EC 16 57 80 3E 29 01 00-75 03 E9 DB 00 FF 36 48  l.W.>)..u.i[..6H
12C0  01 B8 00 01 BA 68 24 52-50 B9 C0 02 2B C8 89 0E  .8..:h$RP9@.+H..
12D0  E0 A9 51 E8 2C 15 E8 37-09 2B C0 50 B8 01 00 99  `)Qh,.h7.+@P8...
12E0  52 50 FF 36 48 01 E8 67-18 83 C4 08 3D FF FF 75  RP.6H.hg..D.=..u
12F0  0E 3B D0 75 0A B8 07 00-50 E8 14 ED 83 C4 02 A1  .;Pu.8..Ph.m.D.!
1300  FC A9 80 C4 14 89 46 FA-FF 36 48 01 8D 46 FA 16  |).D..Fz.6H..Fz.
1310  50 B8 02 00 50 E8 EA 14-2B C0 50 B8 04 00 99 52  P8..Phj.+@P8...R
1320  50 FF 36 48 01 E8 28 18-83 C4 08 3D FF FF 75 0E  P.6H.h(..D.=..u.
1330  3B D0 75 0A B8 07 00 50-E8 D5 EC 83 C4 02 A1 68  ;Pu.8..PhUl.D.!h
1340  24 89 46 FA A8 01 74 03-FF 46 FA FF 36 48 01 8D  $.Fz(.t..Fz.6H..
1350  46 FA 16 50 B8 02 00 50-E8 A7 14 A1 E0 A9 2B D2  Fz.P8..Ph'.!`)+R
1360  01 06 68 24 11 16 6A 24-B8 02 00 50 2B C0 50 50  ..h$..j$8..P+@PP
1370  FF 36 48 01 E8 D9 17 83-C4 08 3D FF FF 74 03 E9  .6H.hY..D.=..t.i
1380  F2 01 3B D0 74 03 E9 EB-01 B8 07 00 50 E8 80 EC  r.;Pt.ik.8..Ph.l
1390  83 C4 02 5F 8B E5 5D C3-80 26 6B 01 0F 83 3E FE  .D._.e]C.&k...>~
13A0  A9 00 75 08 81 3E FC A9-40 9C 76 05 80 0E 6B 01  ).u..>|)@.v...k.
13B0  20 80 3E 2F 01 00 74 03-E9 B1 00 2B C0 50 B8 02   .>/..t.i1.+@P8.
13C0  00 99 52 50 FF 36 46 01-E8 85 17 83 C4 08 83 3E  ..RP.6F.h...D..>
13D0  F8 A9 1C 73 07 C7 46 FA-1C 00 EB 35 8B 16 D8 A9  x).s.GFz..k5..X)
13E0  B1 04 8B C2 D3 E0 3B 06-F8 A9 73 06 8B C2 48 48  1..BS`;.x)s..BHH
13F0  EB 1C B1 04 8B C2 D3 E0-2B 06 DA A9 F7 D8 48 48  k.1..BS`+.Z)wXHH
1400  8B 0E F8 A9 49 49 2B C1-1B DB 23 C3 03 C1 89 46  ..x)II+A.[#C.A.F
1410  FA FF 36 44 01 FF 36 42-01 2B C0 50 B1 04 8B 46  z.6D..6B.+@P1..F
1420  FA 03 06 66 01 05 13 00-D3 E8 A3 56 01 D3 E0 50  z..f....Sh#V.S`P
1430  E8 61 14 FF 36 44 01 FF-36 42 01 B8 4E 01 1E 50  ha..6D..6B.8N..P
1440  B1 04 A1 D8 A9 D3 E0 50-E8 12 14 FF 36 46 01 A1  1.!X)S`Ph...6F.!
1450  42 01 8B 16 44 01 03 06-66 01 05 04 00 52 50 FF  B...D...f....RP.
1460  76 FA B8 01 00 50 E8 6F-13 EB 19 90 FF 36 44 01  vz8..Pho.k...6D.
1470  FF 36 42 01 B8 4E 01 1E-50 B1 04 A1 56 01 D3 E0  .6B.8N..P1.!V.S`
1480  50 E8 D9 13 FF 36 48 01-FF 36 44 01 FF 36 42 01  PhY..6H..6D..6B.
1490  B1 04 A1 56 01 D3 E0 50-E8 67 13 C7 46 FC 00 01  1.!V.S`Phg.GF|..
14A0  C7 46 FE 94 24 A0 6B 01-2A E4 B1 04 D3 E8 0B C0  GF~.$ k.*d1.Sh.@
14B0  74 06 48 48 74 0E EB 20-B8 C9 02 B9 00 01 BA 94  t.HHt.k 8I.9..:.
14C0  24 EB 10 90 B8 87 03 B9-00 01 BA C1 24 89 4E FC  $k..8..9..:A$.N|
14D0  89 56 FE 2B C1 A3 E0 A9-FF 36 48 01 FF 76 FE FF  .V~+A#`).6H..v~.
14E0  76 FC FF 36 E0 A9 E8 19-13 A0 E0 A9 25 0F 00 2D  v|.6`)h.. `)%..-
14F0  10 00 F7 D8 89 46 FA 3D-10 00 74 28 2B C0 8B 4E  ..wX.Fz=..t(+@.N
1500  FA 8D 7E EA 16 07 F3 AA-FF 36 48 01 8D 46 EA 16  z.~j..s*.6H..Fj.
1510  50 FF 76 FA E8 EB 12 8B-46 FA 2B D2 01 06 68 24  P.vzhk..Fz+R..h$
1520  11 16 6A 24 2B C0 50 B1-04 8B 16 E8 A9 D3 E2 2B  ..j$+@P1...h)Sb+
1530  C9 51 52 FF 36 46 01 E8-16 16 83 C4 08 E8 D0 06  IQR.6F.h...D.hP.
1540  B8 01 00 50 2B C0 50 50-FF 36 46 01 E8 01 16 83  8..P+@PP.6F.h...
1550  C4 08 89 46 FC 89 56 FE-E8 C3 08 E8 58 0E 2B C0  D..F|.V~hC.hX.+@
1560  50 FF 76 FE FF 76 FC FF-36 46 01 E8 E2 15 83 C4  P.v~.v|.6F.hb..D
1570  08 E8 F0 0F 5F 8B E5 5D-C3 90 55 8B EC 83 EC 10  .hp._.e]C.U.l.l.
1580  57 56 C7 46 F8 00 00 C6-06 22 12 00 80 3E 29 01  WVGFx..F."...>).
1590  00 74 03 E9 EA 00 B1 04-A1 E8 A9 D3 E0 89 46 FA  .t.ij.1.!h)S`.Fz
15A0  8B 0E DA A9 80 C5 22 3B-C1 76 0A B8 0B 00 50 E8  ..Z).E";Av.8..Ph
15B0  5E EA 83 C4 02 FF 36 46-01 FF 36 3C 01 FF 36 3A  ^j.D..6F..6<..6:
15C0  01 FF 76 FA 2B C0 50 E8-0E 12 A3 14 12 FF 36 48  ..vz+@Ph..#...6H
15D0  01 B8 19 10 1E 50 B8 02-00 50 E8 25 12 8B 1E E6  .8...P8..Ph%...f
15E0  A9 D1 E3 D1 E3 03 1E 3A-01 8E 06 3C 01 03 1E F8  )QcQc..:...<...x
15F0  A9 8B F3 8C 46 FE 26 8B-7F 16 83 FF 1C 72 0C B1  ).s.F~&......r.1
1600  04 26 8B 44 06 D3 E0 3B-C7 73 03 BF 1C 00 A1 F8  .&.D.S`;Gs.?..!x
1610  A9 03 C7 8B 0E DA A9 80-C5 22 3B C1 76 0A B8 0B  ).G..Z).E";Av.8.
1620  00 50 E8 EB E9 83 C4 02-8B 4E FE 89 76 F4 89 4E  .Phki.D..N~.vt.N
1630  F6 03 F7 51 56 2B C0 50-B1 04 C4 5E F4 26 8B 47  v.wQV+@P1.D^t&.G
1640  06 D3 E0 2B C7 48 48 50-E8 49 12 FF 36 48 01 FF  .S`+GHHPhI..6H..
1650  76 F6 FF 76 F4 B1 04 C4-5E F4 26 8B 47 06 D3 E0  vv.vt1.D^t&.G.S`
1660  48 48 50 E8 9C 11 B1 04-C4 5E F4 26 8B 47 06 D3  HHPh..1.D^t&.G.S
1670  E0 A3 DC A9 C7 06 DE A9-00 00 89 7E F8 EB 06 90  `#\)G.^)...~xk..
1680  C7 46 FA 00 00 FF 36 46-01 FF 36 44 01 FF 36 42  GFz...6F..6D..6B
1690  01 B8 00 04 50 2B C0 50-E8 3D 11 A3 14 12 2B F6  .8..P+@Ph=.#..+v
16A0  2D 04 00 74 2D 8B 1E 14-12 C4 3E 42 01 03 FE 26  -..t-....D>B..~&
16B0  80 3D 0A 75 15 26 80 7D-01 0B 75 0E 26 80 7D 02  .=.u.&.}..u.&.}.
16C0  0C 75 07 26 80 7D 03 0D-74 08 8D 47 FC 46 3B C6  .u.&.}..t..G|F;F
16D0  77 D7 A1 14 12 2B C6 3D-04 00 75 0A B8 0C 00 50  wW!..+F=..u.8..P
16E0  E8 2D E9 83 C4 02 83 C6-04 80 3E 29 01 00 74 0A  h-i.D..F..>)..t.
16F0  F7 C6 01 00 74 11 46 EB-0E 90 F7 C6 0F 00 74 07  wF..t.Fk..wF..t.
1700  46 F7 C6 0F 00 75 F9 2B-C0 50 03 76 FA 2B C9 51  FwF..uy+@P.vz+IQ
1710  56 FF 36 46 01 E8 38 14-83 C4 08 A1 3E 01 8B 16  V.6F.h8..D.!>...
1720  40 01 A3 1E 12 89 16 20-12 C7 06 14 12 00 00 C7  @.#.... .G.....G
1730  06 16 12 01 00 A1 3A 01-8B 16 3C 01 80 C4 20 A3  .....!:...<..D #
1740  24 12 89 16 26 12 B8 02-00 E8 C6 0B A3 1C 12 C7  $...&.8..hF.#..G
1750  06 16 12 10 00 F6 06 63-12 20 74 06 E8 3D 00 EB  .....v.c. t.h=.k
1760  04 90 E8 1B 02 FF 36 48-01 A1 3A 01 8B 16 3C 01  ..h...6H.!:...<.
1770  80 C4 20 52 50 8B 36 24-12 2B F0 56 E8 83 10 2B  .D RP.6$.+pVh..+
1780  C9 01 36 DC A9 11 0E DE-A9 80 3E 29 01 00 75 06  I.6\)..^).>)..u.
1790  8B 46 F8 E8 58 03 5E 5F-8B E5 5D C3 55 8B EC 83  .FxhX.^_.e]CU.l.
17A0  EC 08 57 56 A1 3A 01 8B-16 3C 01 03 06 DA A9 05  l.WV!:...<...Z).
17B0  DB 1E 89 46 F8 E8 34 0B-0B C0 75 14 B8 01 00 E8  [..Fxh4..@u.8..h
17C0  50 0B C4 1E 24 12 26 88-07 FF 06 24 12 E9 4A 01  P.D.$.&....$.iJ.
17D0  E8 19 0B D1 E0 8B F0 E8-12 0B 0B F0 83 FE 02 72  h..Q`.ph...p.~.r
17E0  03 E9 AE 00 E8 05 0B 8B-CE D1 E1 0B C1 8B F0 0B  .i..h...NQa.A.p.
17F0  F6 75 03 E9 94 00 E8 F3-0A 8B CE D1 E1 0B C1 8B  vu.i..hs..NQa.A.
1800  F0 83 FE 04 77 03 E9 81-00 E8 E0 0A 8B CE D1 E1  p.~.w.i..h`..NQa
1810  0B C1 8B F0 83 FE 0C 76-71 E8 D0 0A 83 E6 03 8B  .A.p.~.vqhP..f..
1820  CE D1 E1 0B C1 8B F0 83-FE 04 76 36 E8 BD 0A 8B  NQa.A.p.~.v6h=..
1830  CE D1 E1 0B C1 8B F0 83-FE 0C 76 26 E8 AD 0A 83  NQa.A.p.~.v&h-..
1840  E6 03 8B CE D1 E1 0B C1-8B F0 83 FE 04 76 0B E8  f..NQa.A.p.~.v.h
1850  9A 0A 8B CE D1 E1 0B C1-8B F0 8A 84 34 10 EB 2E  ...NQa.A.p..4.k.
1860  90 90 8A 84 28 10 2A E4-8B F0 83 FE 19 75 23 B8  ....(.*d.p.~.u#8
1870  01 00 E8 9D 0A 03 F0 81-FE 18 01 75 03 E9 FA 00  ..h...p.~..u.iz.
1880  81 FE 17 01 75 0C E9 2C-FF 90 8A 84 1C 10 2A E4  .~..u.i,......*d
1890  8B F0 2B FF 83 FE 02 74-5D E8 50 0A 0B C0 75 56  .p+..~.t]hP..@uV
18A0  E8 49 0A D1 E0 D1 E0 8B-F8 E8 40 0A D1 E0 0B F8  hI.Q`Q`.xh@.Q`.x
18B0  E8 39 0A 0B F8 83 FF 01-76 34 E8 2F 0A 8B CF D1  h9..x...v4h/..OQ
18C0  E1 0B C1 8B F8 83 FF 07-76 24 E8 1F 0A 8B CF D1  a.A.x...v$h...OQ
18D0  E1 0B C1 8B F8 83 FF 16-76 14 E8 0F 0A 8B CF D1  a.A.x...v.h...OQ
18E0  E1 0A C1 25 DF 00 8B F8-B1 08 D3 E7 EB 08 8A A5  a.A%_..x1.Sgk..%
18F0  02 10 2A C0 8B F8 B8 01-00 E8 16 0A 0B F8 FF 36  ..*@.x8..h...x.6
1900  26 12 FF 36 24 12 2B 3E-24 12 F7 DF 8B 0E 26 12  &..6$.+>$.w_..&.
1910  51 57 56 E8 65 0F 01 36-24 12 8B 46 F8 39 06 24  QWVhe..6$..Fx9.$
1920  12 73 03 E9 8F FE FF 36-48 01 A1 3A 01 8B 16 3C  .s.i.~.6H.!:...<
1930  01 80 C4 20 52 50 8B 36-24 12 2B F0 56 E8 C2 0E  ..D RP.6$.+pVhB.
1940  FF 36 3C 01 FF 36 3A 01-A1 24 12 8B 16 26 12 2D  .6<..6:.!$...&.-
1950  00 20 52 50 B8 00 20 50-E8 02 0F 2B C9 01 36 DC  . RP8. Ph..+I.6\
1960  A9 11 0E DE A9 A1 3A 01-8B 16 3C 01 80 C4 20 A3  )..^)!:...<..D #
1970  24 12 89 16 26 12 E9 3C-FE 90 5E 5F 8B E5 5D C3  $...&.i<~.^_.e]C
1980  55 8B EC 83 EC 08 57 56-A1 3A 01 8B 16 3C 01 03  U.l.l.WV!:...<..
1990  06 DA A9 05 DB 1E 89 46-F8 E8 50 09 0B C0 75 14  .Z).[..FxhP..@u.
19A0  B8 01 00 E8 6C 09 C4 1E-24 12 26 88 07 FF 06 24  8..hl.D.$.&....$
19B0  12 E9 D6 00 E8 35 09 D1-E0 8B F8 E8 2E 09 0B F8  .iV.h5.Q`.xh...x
19C0  74 1B E8 27 09 8B CF D1-E1 0B C1 8B F8 83 FF 05  t.h'..OQa.A.x...
19D0  76 0B E8 17 09 8B CF D1-E1 0B C1 8B F8 8A 85 44  v.h...OQa.A.x..D
19E0  10 2A E4 8B F8 83 FF 0A-75 17 B8 01 00 E8 22 09  .*d.x...u.8..h".
19F0  03 F8 81 FF 09 01 75 03-E9 ED 00 81 FF 17 01 74  .x....u.im.....t
1A00  98 2B F6 83 FF 02 74 5E-E8 E1 08 0B C0 75 57 E8  .+v...t^ha..@uWh
1A10  DA 08 D1 E0 D1 E0 8B F0-E8 D1 08 D1 E0 0B F0 E8  Z.Q`Q`.phQ.Q`.ph
1A20  CA 08 0B F0 83 FE 01 76-35 E8 C0 08 8B CE D1 E1  J..p.~.v5h@..NQa
1A30  0B C1 8B F0 83 FE 07 76-25 E8 B0 08 8B CE D1 E1  .A.p.~.v%h0..NQa
1A40  0B C1 8B F0 83 FE 16 76-15 E8 A0 08 8B CE D1 E1  .A.p.~.v.h ..NQa
1A50  0A C1 25 DF 00 8B F0 B1-08 D3 E6 EB 09 90 8A A4  .A%_..p1.Sfk...$
1A60  02 10 2A C0 8B F0 B8 01-00 E8 A6 08 0B F0 FF 36  ..*@.p8..h&..p.6
1A70  26 12 FF 36 24 12 2B 36-24 12 F7 DE 8B 0E 26 12  &..6$.+6$.w^..&.
1A80  51 56 57 E8 F5 0D 01 3E-24 12 A1 24 12 39 46 F8  QVWhu..>$.!$.9Fx
1A90  76 03 E9 04 FF FF 36 48-01 A1 3A 01 8B 16 3C 01  v.i...6H.!:...<.
1AA0  80 C4 20 52 50 8B 36 24-12 2B F0 56 E8 53 0D FF  .D RP.6$.+pVhS..
1AB0  36 3C 01 FF 36 3A 01 A1-24 12 8B 16 26 12 2D 00  6<..6:.!$...&.-.
1AC0  20 52 50 B8 00 20 50 E8-93 0D 2B C9 01 36 DC A9   RP8. Ph..+I.6\)
1AD0  11 0E DE A9 A1 3A 01 8B-16 3C 01 80 C4 20 A3 24  ..^)!:...<..D #$
1AE0  12 89 16 26 12 E9 B1 FE-5E 5F 8B E5 5D C3 55 8B  ...&.i1~^_.e]CU.
1AF0  EC 83 EC 14 57 56 8B C8-2B C0 50 50 51 FF 36 48  l.l.WV.H+@PPQ.6H
1B00  01 E8 4C 10 83 C4 08 A1-3A 01 8B 16 3C 01 89 46  .hL..D.!:...<..F
1B10  EC 89 56 EE EB 55 B8 02-00 E8 F6 07 89 46 F6 2B  l.VnkU8..hv..Fv+
1B20  F6 0B FF 74 36 8B 46 EC-8B 56 EE 89 46 F8 89 56  v..t6.Fl.Vn.Fx.V
1B30  FA 8B C7 D1 E0 03 F0 89-76 F0 8B 76 F8 B8 02 00  z.GQ`.p.vp.vx8..
1B40  E8 CF 07 8E 46 FA 26 89-04 8B 46 F6 26 89 44 02  hO..Fz&...Fv&.D.
1B50  83 C6 04 8C C0 4F 75 E5-8B 76 F0 FF 36 48 01 FF  .F..@Oue.vp.6H..
1B60  76 EE FF 76 EC D1 E6 56-E8 97 0C B8 01 00 E8 A1  vn.vlQfVh..8..h!
1B70  07 8B F8 0B FF 75 9F B8-02 00 50 2B C0 50 50 FF  ..x..u.8..P+@PP.
1B80  36 48 01 E8 CA 0F 83 C4-08 83 3E 14 12 08 73 1C  6H.hJ..D..>...s.
1B90  FF 36 46 01 FF 36 44 01-FF 36 42 01 B8 08 00 2B  .6F..6D..6B.8..+
1BA0  06 14 12 50 2B C0 50 E8-2E 0C EB 41 83 3E 14 12  ...P+@Ph..kA.>..
1BB0  08 76 3A FF 36 48 01 83-06 1E 12 08 FF 36 20 12  .v:.6H.......6 .
1BC0  FF 36 1E 12 83 2E 14 12-08 FF 36 14 12 EB 0E 90  .6........6..k..
1BD0  FF 36 48 01 FF 36 44 01-FF 36 42 01 50 E8 22 0C  .6H..6D..6B.Ph".
1BE0  A1 14 12 2B D2 01 06 DC-A9 11 16 DE A9 FF 36 46  !..+R..\)..^).6F
1BF0  01 FF 36 44 01 FF 36 42-01 FF 36 DA A9 2B C0 50  ..6D..6B..6Z)+@P
1C00  E8 D5 0B A3 14 12 0B C0-75 C6 5E 5F 8B E5 5D C3  hU.#...@uF^_.e]C
1C10  55 8B EC 83 EC 12 C6 06-22 12 00 2B C0 89 46 FA  U.l.l.F."..+@.Fz
1C20  A3 0E 12 A3 14 12 A1 3E-01 8B 16 40 01 A3 24 12  #..#..!>...@.#$.
1C30  89 16 26 12 8D 1E 54 10-E8 82 0B 80 3E 29 01 00  ..&...T.h...>)..
1C40  75 28 83 3E FE A9 00 75-08 81 3E FC A9 40 9C 76  u(.>~).u..>|)@.v
1C50  19 C7 06 1A 12 7A 0F C7-06 18 12 92 0F C6 06 12  .G...z.G.....F..
1C60  12 18 C7 06 6C 24 15 01-EB 17 C7 06 1A 12 5E 0F  ..G.l$..k.G...^.
1C70  C7 06 18 12 68 0F C6 06-12 12 09 C7 06 6C 24 06  G...h.F....G.l$.
1C80  01 A1 42 01 8B 16 44 01-89 46 F4 89 56 F6 2B C0  .!B...D..Ft.Vv+@
1C90  E8 8B 05 E8 FE 02 89 46-F8 A1 42 01 8B 16 44 01  h..h~..Fx!B...D.
1CA0  03 46 F8 89 46 FC 89 56-FE 80 3E 22 12 00 75 07  .Fx.F|.V~.>"..u.
1CB0  2B 06 6C 24 89 46 FC 83-7E FA 00 75 09 FF 76 F6  +.l$.F|.~z.u..vv
1CC0  FF 76 F4 EB 19 90 83 7E-FA 01 75 22 8B 46 F4 8B  .vtk...~z.u".Ft.
1CD0  56 F6 03 06 6C 24 2D 00-20 52 50 8B 46 FC 8B 56  Vv..l$-. RP.F|.V
1CE0  FE 40 52 50 E8 8C 09 FF-46 FA E9 E3 00 90 8B 46  ~@RPh...Fzic...F
1CF0  F4 8B 56 F6 2D 00 20 52-50 8B 46 FC 8B 56 FE 40  t.Vv-. RP.F|.V~@
1D00  52 50 E8 6E 09 E9 C8 00-FF 76 F6 FF 76 F4 E8 A1  RPhn.iH..vv.vth!
1D10  08 89 46 F2 83 7E F2 00-74 0E 83 7E F2 02 75 1C  ..Fr.~r.t..~r.u.
1D20  81 3E D6 A9 00 01 72 14-C4 5E F4 26 8A 17 2A F6  .>V)..r.D^t&..*v
1D30  B8 01 00 E8 5A 04 FF 46-F4 E9 94 00 80 3E 22 12  8..hZ..Fti...>".
1D40  00 74 25 8B 46 F4 03 46-F2 8B 4E FC 3B C1 76 18  .t%.Ft.Fr.N|;Av.
1D50  2B 4E F4 89 4E F2 83 F9-02 72 CD 75 63 81 3E D6  +Nt.Nr.y.rMuc.>V
1D60  A9 00 01 72 5B EB C1 90-8B 46 FC 48 3B 46 F4 76  )..r[kA..F|H;Ftv
1D70  4F A1 D6 A9 89 46 EE 8B-46 F2 89 46 F0 8B 46 F4  O!V).Fn.Fr.Fp.Ft
1D80  8B 56 F6 40 52 50 E8 29-08 89 46 F2 3B 46 F0 76  .Vv@RPh)..Fr;Fpv
1D90  23 8B 4E F0 41 3B C1 77-07 81 7E EE 80 00 76 14  #.NpA;Aw..~n..v.
1DA0  C4 5E F4 26 8A 17 2A F6-B8 01 00 E8 E2 03 FF 46  D^t&..*v8..hb..F
1DB0  F4 E9 60 FF 8B 46 F0 89-46 F2 8B 46 EE A3 D6 A9  ti`..Fp.Fr.Fn#V)
1DC0  8B 46 F2 8B 16 D6 A9 E8-C6 03 8B 46 F2 01 46 F4  .Fr..V)hF..Fr.Ft
1DD0  8B 46 FC 39 46 F4 73 03-E9 2D FF 80 3E 22 12 00  .F|9Fts.i-..>"..
1DE0  75 20 FF 36 3C 01 FF 36-3A 01 A1 3A 01 8B 16 3C  u .6<..6:.!:...<
1DF0  01 80 C4 20 52 50 B8 00-22 50 E8 60 0A 81 6E F4  ..D RP8."Ph`..nt
1E00  00 20 80 3E 22 12 00 75-03 E9 87 FE B8 01 00 E8  . .>"..u.i.~8..h
1E10  0C 04 8D 1E 58 10 E8 A4-09 8B E5 5D C3 90 55 8B  ....X.h$..e]C.U.
1E20  EC 81 EC 18 02 57 56 A1-3E 01 8B 16 40 01 8B F8  l.l..WV!>...@..x
1E30  89 56 EE 8D 86 E9 FD 89-46 FE 81 3E E8 A9 00 10  .Vn..i}.F~.>h)..
1E40  73 13 A1 E6 A9 D1 E0 D1-E0 8B 0E 08 AA 81 E9 80  s.!f)Q`Q`...*.i.
1E50  00 3B C1 76 0A B8 0B 00-50 E8 B4 E1 83 C4 02 C7  .;Av.8..Ph4a.D.G
1E60  06 06 AA 00 00 E8 90 F2-C7 46 FA 01 00 8B 36 E6  ..*..h.rGFz...6f
1E70  A9 D1 E6 83 FE 01 77 03-E9 DB 00 89 7E EC 89 76  )Qf.~.w.i[..~l.v
1E80  F8 8B 7E FA C6 86 E8 FD-01 8B 76 EC 8B DE 8E 46  x.~zF.h}..vl.^.F
1E90  EE 8B C7 D1 E0 03 D8 26-8B 07 89 86 E9 FD 26 8B  n.GQ`.X&....i}&.
1EA0  47 FE 89 86 EB FD 47 47-3B 7E F8 73 79 8B C7 D1  G~..k}GG;~xsy.GQ
1EB0  E0 03 C6 8C C1 89 46 F4-89 4E F6 C4 76 F4 8B 86  `.F.A.Ft.NvDvt..
1EC0  E9 FD 26 39 04 75 5F 80-BE E8 FD FF 75 34 FF 36  i}&9.u_.>h}.u4.6
1ED0  48 01 8D 86 E8 FD 16 50-8A 8E E8 FD 2A ED D1 E1  H...h}.P..h}*mQa
1EE0  83 C1 03 51 E8 1B 09 8A-86 E8 FD 2A E4 D1 E0 05  .A.Qh....h}*dQ`.
1EF0  03 00 01 06 06 AA C6 86-E8 FD 01 8E 46 F6 EB 06  .....*F.h}..Fvk.
1F00  90 90 FE 86 E8 FD 8D 5C-FE 26 8B 07 8A 9E E8 FD  ..~.h}.\~&....h}
1F10  2A FF D1 E3 8D 8E E9 FD-03 D9 89 07 83 C6 04 47  *.Qc..i}.Y...F.G
1F20  47 3B 7E F8 72 98 FF 36-48 01 8D 86 E8 FD 16 50  G;~xr..6H...h}.P
1F30  8A 8E E8 FD 2A ED D1 E1-83 C1 03 51 E8 C3 08 8A  ..h}*mQa.A.QhC..
1F40  86 E8 FD 2A E4 D1 E0 05-03 00 01 06 06 AA 39 7E  .h}*dQ`......*9~
1F50  F8 76 03 E9 2E FF C6 86-E8 FD 00 A1 EE A9 89 86  xv.i..F.h}.!n)..
1F60  E9 FD A1 F0 A9 89 86 EB-FD A1 F6 A9 89 86 ED FD  i}!p)..k}!v)..m}
1F70  A1 F4 A9 89 86 EF FD FF-36 48 01 8D 86 E8 FD 16  !t)..o}.6H...h}.
1F80  50 B8 09 00 50 E8 7A 08-83 06 06 AA 09 5E 5F 8B  P8..Phz....*.^_.
1F90  E5 5D C3 90 55 8B EC 83-EC 02 57 56 2B F6 83 3E  e]C.U.l.l.WV+v.>
1FA0  14 12 00 75 55 A1 02 AA-0B 06 00 AA 75 03 E9 F7  ...uU!.*...*u.iw
1FB0  00 FF 36 46 01 A1 42 01-8B 16 44 01 03 C6 A3 5A  ..6F.!B...D..F#Z
1FC0  12 89 16 5C 12 52 50 A1-DA A9 2B C6 2B D2 3B 16  ...\.RP!Z)+F+R;.
1FD0  02 AA 72 0B 77 06 3B 06-00 AA 76 03 A1 00 AA 50  .*r.w.;..*v.!.*P
1FE0  2B C0 50 E8 F2 07 A3 14-12 0B C0 75 03 E9 B8 00  +@Phr.#...@u.i8.
1FF0  2B D2 29 06 00 AA 19 16-02 AA BF 00 20 2B FE 2B  +R)..*...*?. +~+
2000  3E 14 12 1B C0 23 F8 03-3E 14 12 A1 42 01 8B 16  >...@#x.>..!B...
2010  44 01 03 C6 3B 06 5A 12-75 06 3B 16 5C 12 74 13  D..F;.Z.u.;.\.t.
2020  A1 42 01 03 C6 52 50 FF-36 5C 12 FF 36 5A 12 57  !B..FRP.6\..6Z.W
2030  E8 2A 08 29 3E 14 12 01-3E 5A 12 01 3E 0E 12 03  h*.)>...>Z..>...
2040  F7 81 FE 00 20 73 03 E9-54 FF 89 76 FE 80 3E 29  w.~. s.iT..v~.>)
2050  01 00 75 14 81 3E 0E 12-40 9C 76 0C B8 02 00 E8  ..u..>..@.v.8..h
2060  BC 01 C7 06 0E 12 00 00-FF 36 FE A9 FF 36 FC A9  <.G......6~).6|)
2070  B8 64 00 99 52 50 A1 FC-A9 8B 16 FE A9 2B 06 14  8d..RP!|)..~)+..
2080  12 83 DA 00 2B 06 00 AA-1B 16 02 AA 52 50 E8 3D  ..Z.+..*...*RPh=
2090  0F 52 50 E8 6A 0F 8B F8-83 FF 64 72 17 B0 39 A2  .RPhj..x..dr.09"
20A0  64 10 A2 63 10 EB 35 90-FE 06 22 12 8B C6 5E 5F  d."c.k5.~."..F^_
20B0  8B E5 5D C3 83 FF 0A 73-07 C6 06 63 10 20 EB 0C  .e]C...s.F.c. k.
20C0  B9 0A 00 2B D2 F7 F1 04-30 A2 63 10 8B C7 B9 0A  9..+Rwq.0"c..G9.
20D0  00 2B D2 F7 F1 80 C2 30-88 16 64 10 8D 1E 60 10  .+Rwq.B0..d...`.
20E0  E8 DA 06 8B 46 FE 5E 5F-8B E5 5D C3 57 56 8B FA  hZ..F~^_.e]CWV.z
20F0  8B F0 8B 16 16 12 0B D2-74 0E B1 10 2A CA 8B C7  .p.....Rt.1.*J.G
2100  D3 E0 8B 1E 5C 0F 09 07-3B D6 77 7B FF 36 26 12  S`..\...;Vw{.6&.
2110  FF 36 24 12 B8 28 12 1E-50 FF 36 10 12 E8 3D 07  .6$.8(..P.6..h=.
2120  A1 3E 01 03 06 08 AA 2D-32 00 8B 0E 10 12 01 0E  !>....*-2.......
2130  24 12 3B 06 24 12 73 36-FF 36 48 01 FF 36 40 01  $.;.$.s6.6H..6@.
2140  FF 36 3E 01 A1 24 12 2B-06 3E 01 50 E8 B3 06 A1  .6>.!$.+.>.Ph3.!
2150  24 12 2B 06 3E 01 2B D2-01 06 68 24 11 16 6A 24  $.+.>.+R..h$..j$
2160  A1 3E 01 8B 16 40 01 A3-24 12 89 16 26 12 C7 06  !>...@.#$...&.G.
2170  10 12 02 00 8B 16 16 12-2B F2 8B CA D3 EF 8B 1E  ........+r.JSo..
2180  5C 0F 89 3F BA 10 00 2B-D6 89 16 16 12 5E 5F C3  \..?:..+V....^_C
2190  57 56 8B FA 3D 01 00 75-03 99 EB 6E 8B F0 B8 01  WV.z=..u..kn.p8.
21A0  00 8B D0 E8 46 FF A0 12-12 2A E4 3B C6 72 17 8B  ..PhF. ..*d;Fr..
21B0  1E 1A 12 8A 40 FE 8B DE-D1 E3 03 1E 18 12 8B 57  ....@~.^Qc.....W
21C0  FC E8 28 FF EB 2D 8B D8-D1 E3 03 1E 18 12 8B 57  |h(.k-.XQc.....W
21D0  FE 8B 1E 1A 12 03 D8 8A-47 FF 2A E4 E8 0D FF 8B  ~.....X.G.*dh...
21E0  C6 2A 06 12 12 FE C8 8B-1E 10 12 88 87 28 12 FF  F*...~H......(..
21F0  06 10 12 83 FE 02 74 15-8B DF 8A DF 2A FF 8A 87  ....~.t.._._*...
2200  C2 0F 2A E4 8A 97 E2 0F-2A F6 E8 DF FE 8B C7 8B  B.*d..b.*vh_~.G.
2210  1E 10 12 88 87 28 12 FF-06 10 12 5E 5F C3 56 8B  .....(.....^_CV.
2220  D0 0B C0 74 0B 48 74 1E-48 75 03 E9 8C 00 5E C3  P.@t.Ht.Hu.i..^C
2230  8B 1E 5C 0F C7 07 00 00-C7 06 10 12 02 00 C7 06  ..\.G...G.....G.
2240  16 12 10 00 5E C3 B8 01-00 8B D0 E8 9E FE A0 12  ....^C8...Ph.~ .
2250  12 2A E4 8B F0 8B 1E 1A-12 8A 40 FF D1 E6 8B 1E  .*d.p.....@.Qf..
2260  18 12 8B 50 FE E8 84 FE-8B 1E 10 12 C6 87 28 12  ...P~h.~....F.(.
2270  FF FF 36 26 12 FF 36 24-12 B8 28 12 1E 50 FF 06  ..6&..6$.8(..P..
2280  10 12 FF 36 10 12 E8 D4-05 FF 36 48 01 FF 36 40  ...6..hT..6H..6@
2290  01 FF 36 3E 01 A1 10 12-01 06 24 12 A1 24 12 2B  ..6>.!....$.!$.+
22A0  06 3E 01 50 E8 5B 05 A1-24 12 2B 06 3E 01 2B D2  .>.Ph[.!$.+.>.+R
22B0  01 06 68 24 11 16 6A 24-5E C3 B8 01 00 8B D0 E8  ..h$..j$^C8...Ph
22C0  2A FE A0 12 12 2A E4 8B-F0 8B 1E 1A 12 8A 40 FF  *~ ..*d.p.....@.
22D0  D1 E6 8B 1E 18 12 8B 50-FE E8 10 FE 8B 1E 10 12  Qf.....P~h.~....
22E0  C6 87 28 12 FE FF 06 10-12 5E C3 90 57 8B 3E 1C  F.(.~....^C.W.>.
22F0  12 83 E7 01 D1 2E 1C 12-FF 0E 16 12 75 0F B8 02  ..g.Q.......u.8.
2300  00 E8 0E 00 A3 1C 12 C7-06 16 12 10 00 8B C7 5F  .h..#..G......G_
2310  C3 90 55 8B EC 50 57 56-8B 16 14 12 83 FA 01 77  C.U.lPWV.....z.w
2320  2D 75 31 C4 1E 1E 12 26-8A 07 C4 1E 3E 01 26 88  -u1D...&..D.>.&.
2330  07 FF 36 46 01 8D 47 01-06 50 A1 08 AA 48 50 2B  ..6F..G..P!.*HP+
2340  C0 50 E8 93 04 A3 14 12-FF 06 14 12 EB 2D C4 36  @Ph..#......k-D6
2350  1E 12 EB 2B FF 36 46 01-FF 36 40 01 FF 36 3E 01  ..k+.6F..6@..6>.
2360  FF 36 08 AA 2B C0 50 E8-6E 04 A3 14 12 0B C0 75  .6.*+@Phn.#...@u
2370  0A B8 07 00 50 E8 98 DC-83 C4 02 C4 36 3E 01 83  .8..Ph.\.D.D6>..
2380  7E FE 01 75 09 26 8A 04-2A E4 8B F8 EB 0F 26 8A  ~~.u.&..*d.xk.&.
2390  04 26 8A 6C 01 2A C9 8B-F9 2A E4 0B F8 8B 46 FE  .&.l.*I.y*d.x.F~
23A0  29 06 14 12 03 F0 8B C7-8C 06 20 12 89 36 1E 12  )....p.G.. ..6..
23B0  5E 5F 8B E5 5D C3 55 8B-EC 83 EC 02 8B 1E 06 AA  ^_.e]CU.l.l....*
23C0  B1 04 A1 56 01 D3 E0 03-06 E0 A9 03 C3 2B D2 01  1.!V.S`..`).C+R.
23D0  06 68 24 11 16 6A 24 A1-68 24 8B 16 6A 24 05 FF  .h$..j$!h$..j$..
23E0  01 83 D2 00 8A C4 8A E2-8A D6 2A F6 D1 EA D1 D8  ..R..D.b.V*vQjQX
23F0  A3 52 01 8B 16 68 24 80-E6 01 89 16 50 01 2B 06  #R...h$.f...P.+.
2400  E4 A9 F7 D8 B1 05 D3 E0-8B D3 B1 04 D3 EA 81 C2  d)wX1.S`.S1.Sj.B
2410  40 01 2B 16 EA A9 1B C9-F7 D1 23 D1 03 16 EA A9  @.+.j).IwQ#Q..j)
2420  03 C2 2B 06 E8 A9 03 06-56 01 A3 58 01 83 3E EC  .B+.h)..V.#X..>l
2430  A9 FF 74 18 2B 06 EA A9-03 06 EC A9 A3 5A 01 F6  ).t.+.j)..l)#Z.v
2440  C4 80 74 0E C7 06 5A 01-FF FF EB 06 A1 EC A9 A3  D.t.G.Z...k.!l)#
2450  5A 01 F6 06 59 01 80 74-06 C7 06 58 01 00 00 A1  Z.v.Y..t.G.X...!
2460  68 24 8B 16 6A 24 D1 EA-D1 D8 D1 EA D1 D8 D1 EA  h$..j$QjQXQjQXQj
2470  D1 D8 D1 EA D1 D8 40 A3-5C 01 2B C0 50 2B C9 51  QXQjQX@#\.+@P+IQ
2480  51 FF 36 48 01 E8 C8 06-83 C4 08 FF 36 48 01 B8  Q.6H.hH..D..6H.8
2490  4E 01 1E 50 B8 1C 00 50-E8 67 03 B1 04 A1 06 AA  N..P8..Phg.1.!.*
24A0  D3 E8 05 40 01 2B 06 EA-A9 1B D2 F7 D2 23 C2 03  Sh.@.+.j).RwR#B.
24B0  06 EA A9 8B 16 E2 A9 83-C2 0F D3 EA 03 C2 2B 06  .j)..b).B.Sj.B+.
24C0  E8 A9 B1 05 8B 16 E4 A9-D3 E2 03 C2 2D 30 00 89  h)1...d)Sb.B-0..
24D0  46 FE 2B C0 50 B1 04 8B-16 56 01 D3 E2 2B DB 83  F~+@P1...V.Sb+[.
24E0  C2 01 13 D8 53 52 FF 36-48 01 E8 63 06 83 C4 08  B..XSR.6H.hc..D.
24F0  FF 36 48 01 8D 46 FE 16-50 B9 02 00 51 E8 02 03  .6H..F~.P9..Qh..
2500  2B C0 50 B1 04 A1 56 01-D3 E0 2B D2 05 04 00 13  +@P1.!V.S`+R....
2510  D2 52 50 FF 36 48 01 E8-36 06 83 C4 08 A1 68 24  RRP.6H.h6..D.!h$
2520  8B 16 6A 24 05 0F 00 83-D2 00 D1 EA D1 D8 D1 EA  ..j$....R.QjQXQj
2530  D1 D8 D1 EA D1 D8 D1 EA-D1 D8 2B 06 56 01 89 46  QXQjQXQjQX+.V..F
2540  FE FF 36 48 01 8D 46 FE-16 50 B8 02 00 50 E8 B1  ~.6H..F~.P8..Ph1
2550  02 B8 02 00 50 2B C0 50-50 FF 36 48 01 E8 F0 05  .8..P+@PP.6H.hp.
2560  8B E5 5D C3 56 80 3E 30-01 00 75 38 FF 36 46 01  .e]CV.>0..u8.6F.
2570  FF 36 40 01 FF 36 3E 01-FF 36 08 AA 2B C0 50 E8  .6@..6>..6.*+@Ph
2580  56 02 8B F0 0B F6 74 1C-FF 36 48 01 FF 36 40 01  V..p.vt..6H..6@.
2590  FF 36 3E 01 56 E8 6A 02-2B C9 01 36 68 24 11 0E  .6>.Vhj.+I.6h$..
25A0  6A 24 EB C8 5E C3 00 00-00 00 00 00 00 00 00 00  j$kH^C..........
25B0  00 00 8B DC 56 06 1E 07-C5 77 02 8D 0C 33 D2 AD  ...\V...Ew...3R-
25C0  8A D4 8B DA 8A D0 03 DA-D1 E3 D1 E3 03 DA D1 E3  .T.Z.P.ZQcQc.ZQc
25D0  8B D3 26 8B 9F 66 12 26-39 0F 73 70 57 55 BD 02  .S&..f.&9.spWU=.
25E0  00 26 C7 06 D6 A9 00 00-8D BC FF DF 26 39 3F 72  .&G.V)...<._&9?r
25F0  49 4B 4B 90 43 43 26 8B-3F 3B CF 76 62 3E 8B 52  IKK.CC&.?;Ovb>.R
2600  FC 3E 39 53 FE 75 ED 38-05 75 E9 47 47 2E 8B 0E  |>9S~um8.uiGG...
2610  B0 25 06 8C DA 8E C2 8B-D1 F3 A6 07 74 32 2B D1  0%..Z.B.Qs&.t2+Q
2620  2B F2 42 8D 4C FE 3B EA-77 CA 8B EA 2B FA 8B D1  +rB.L~;jwJ.j+z.Q
2630  2B D7 42 26 89 16 D6 A9-EB BA 43 43 26 39 3F 72  +WB&..V)k:CC&9?r
2640  F9 87 DA 26 89 97 66 12-8B DA EB AA 33 C0 EB 1C  y.Z&..f..Zk*3@k.
2650  4E 2B F7 46 26 89 36 D6-A9 26 A1 6C 24 EB 0B 95  N+wF&.6V)&!l$k..
2660  26 83 3E D6 A9 00 75 02-33 C0 5D 5F 06 1F 07 5E  &.>V).u.3@]_...^
2670  C2 04 00 8B DC 56 57 55-06 1E 07 A1 6C 24 48 48  B...\VWU...!l$HH
2680  2E A3 B0 25 BF 66 12 8B-6F 02 C5 77 06 33 C0 B9  .#0%?f..o.Ew.3@9
2690  00 09 F3 AB E8 0F 00 E8-31 00 E8 47 00 06 1F 07  ..s+h..h1.hG....
26A0  5D 5F 5E C2 08 00 56 BF-66 12 8B CD 2B CE 33 C0  ]_^B..V?f..M+N3@
26B0  BA 02 00 90 8A 44 01 8B-D8 AC 03 D8 D1 E3 D1 E3  :....D..X,.XQcQc
26C0  03 D8 D1 E3 26 01 11 E2-EB 5E C3 1E 06 1F B9 40  .XQc&..bk^C...9@
26D0  02 B8 E6 24 03 05 AB 03-05 AB 03 05 AB 03 05 AB  .8f$..+..+..+..+
26E0  E2 F2 1F C3 87 F5 FD 8B-D6 2B D5 BF 66 12 33 C0  br.C.u}.V+U?f.3@
26F0  B9 02 00 42 D1 EA 73 18-AC 8B E8 8A 04 03 E8 D3  9..BQjs.,.h...hS
2700  E5 03 E8 D1 E5 26 8B 1B-2B D9 26 89 1B 26 89 37  e.hQe&..+Y&..&.7
2710  AC 8B E8 8A 04 03 E8 D3-E5 03 E8 D1 E5 26 8B 1B  ,.h...hSe.hQe&..
2720  2B D9 26 89 1B 26 89 37-4A 75 CD FC C3 55 8B EC  +Y&..&.7JuM|CU.l
2730  1E 33 C0 83 7E 08 10 72-4C 56 57 C5 76 04 8B 6E  .3@.~..rLVWEv..n
2740  08 55 B9 04 00 FC AD 93-AD 97 4D 90 AD 92 AD 3B  .U9..|-.-.M.-.-;
2750  C7 74 1C 50 52 D3 EA D3-EB 03 C2 03 FB 3B C7 73  Gt.PRSjSk.B.{;Gs
2760  01 97 2B C7 3D 00 10 73-04 FE C5 74 1B 5B 5F 4D  ..+G=..s.~Et.[_M
2770  75 DA 5D 8A DD 32 FF D1-E3 D1 E3 B8 01 00 3B DD  uZ].]2.QcQc8..;]
2780  73 01 48 5F 5E 1F 5D C3-B8 01 00 83 C4 06 EB F3  s.H_^.]C8...D.ks
2790  B8 00 37 CD 21 8A C2 C3-57 8B FB 57 E8 BF 04 5A  8.7M!.BCW.{Wh?.Z
27A0  91 8B D7 BB 01 00 B4 40-CD 21 E8 02 00 5F C3 BA  ..W;..4@M!h.._C:
27B0  6A 10 B9 02 00 B4 40 BB-01 00 CD 21 C3 57 8B FB  j.9..4@;..M!CW.{
27C0  57 E8 9A 04 5A 91 8B D7-BB 01 00 B4 40 CD 21 5F  Wh..Z..W;..4@M!_
27D0  C3 B4 02 8A D0 CD 21 C3-55 8B EC 1E 8B 4E 06 8B  C4..PM!CU.l..N..
27E0  5E 0C C5 56 08 B4 3F CD-21 1F 72 0E 83 7E 04 00  ^.EV.4?M!.r..~..
27F0  74 04 3B C1 75 04 5D C2-0A 00 5D B8 07 00 50 E8  t.;Au.]B..]8..Ph
2800  0E D8 55 8B EC 1E 8B 4E-04 8B 5E 0A C5 56 06 B4  .XU.l..N..^.EV.4
2810  40 CD 21 1F 5D 72 07 3B-C1 75 09 C2 08 00 B8 FF  @M!.]r.;Au.B..8.
2820  FF C2 08 00 B8 06 00 50-E8 E5 D7 8B DC 8B 4F 02  .B..8..PheW.\.O.
2830  8B 57 04 B4 3C CD 21 73-02 33 C0 C2 04 00 8B DC  .W.4<M!s.3@B...\
2840  8B 5F 02 B4 3E CD 21 C2-02 00 8B DC 8A 47 03 8B  ._.4>M!B...\.G..
2850  57 04 B4 3D CD 21 73 02-33 C0 C2 04 00 8B DC 06  W.4=M!s.3@B...\.
2860  1E 56 57 C4 7F 08 8B 4F-02 C5 77 04 D1 E9 FC F3  .VWD...O.Ew.Qi|s
2870  A5 73 01 A4 5F 5E 1F 07-C2 0A 00 8B DC 06 1E 56  %s.$_^..B...\..V
2880  57 C4 7F 08 8B 4F 02 C5-77 04 FC F3 A4 5F 5E 1F  WD...O.Ew.|s$_^.
2890  07 C2 0A 00 8B DC 06 57-C4 7F 06 8B 47 04 8B 4F  .B...\.WD...G..O
28A0  02 FC F3 AA 5F 07 C2 08-00 8B DC B8 00 43 8B 57  .|s*_.B...\8.C.W
28B0  04 8B 5F 02 53 CD 21 5B-89 0F 72 05 33 C0 C2 04  .._.SM![..r.3@B.
28C0  00 B8 01 00 C2 04 00 00-B4 30 CD 21 3C 02 73 05  .8..B...40M!<.s.
28D0  33 C0 06 50 CB BF FB 24-8B 36 02 00 2B F7 81 FE  3@.PK?{$.6..+w.~
28E0  00 10 72 03 BE 00 10 FA-8E D7 81 C4 0E AA FB 73  ..r.>..z.W.D.*{s
28F0  10 16 1F E8 6A 07 33 C0-50 E8 43 09 B8 FF 4C CD  ...hj.3@PhC.8.LM
2900  21 8B C6 B1 04 D3 E0 48-36 A3 70 10 BB 72 10 36  !.F1.S`H6#p.;r.6
2910  8C 17 83 E4 FE 36 89 67-04 B8 FE FF 50 36 89 67  ...d~6.g.8~.P6.g
2920  0A F7 D0 50 36 89 67 06-36 89 67 08 36 89 26 6C  .wPP6.g.6.g.6.&l
2930  10 03 F7 89 36 02 00 8C-C3 2B DE F7 DB B4 4A CD  ..w.6...C+^w[4JM
2940  21 36 8C 1E AC 10 16 07-FC BF 0E 12 B9 10 AA 2B  !6..,...|?..9.*+
2950  CF 33 C0 F3 AA 16 1F 8B-0E 34 11 E3 02 FF D1 E8  O3@s*....4.c..Qh
2960  9C E8 E8 21 07 33 ED E8-48 00 16 1F FF 36 CD 10  .hh!.3mhH....6M.
2970  FF 36 CB 10 FF 36 C9 10-E8 89 E8 50 E8 01 01 C3  .6K..6I.h.hPh..C
2980  2E A1 AF 29 8E D8 B8 03-00 36 C7 06 6E 10 80 2A  .!/).X8..6G.n..*
2990  50 E8 CC 06 E8 A8 08 36-81 3E 36 11 D6 D6 75 07  PhL.h(.6.>6.VVu.
29A0  58 50 36 FF 16 3A 11 B8-FF 00 50 FF 16 6E 10 FB  XP6..:.8..P..n.{
29B0  24 00 B8 00 35 CD 21 89-1E 98 10 8C 06 9A 10 0E  $.8.5M!.........
29C0  1F B8 00 25 BA 80 29 CD-21 16 1F 83 3E 46 11 00  .8.%:.)M!...>F..
29D0  74 36 8C 0E 48 11 8C 0E-50 11 8E 06 AC 10 26 8B  t6..H...P...,.&.
29E0  36 2C 00 C5 06 4A 11 8C-DA 33 DB 36 FF 1E 46 11  6,.E.J..Z3[6..F.
29F0  73 05 16 1F E9 89 06 36-C5 06 4E 11 8C DA BB 03  s...i..6E.N..Z;.
2A00  00 36 FF 1E 46 11 16 1F-8E 06 AC 10 26 8B 0E 2C  .6..F.....,.&..,
2A10  00 E3 3E 8E C1 33 FF 26-80 3D 00 74 34 B9 0D 00  .c>.A3.&.=.t49..
2A20  BE 8A 10 F3 A6 74 0B B9-FF 7F 33 C0 F2 AE 75 21  >..s&t.9..3@r.u!
2A30  EB E5 06 1E 07 1F 8B F7-BF B5 10 B1 04 AC 2C 41  ke.....w?5.1.,,A
2A40  72 0D D2 E0 92 AC 2C 41-72 05 0A C2 AA EB EE 16  r.R`.,,Ar..B*kn.
2A50  1F BB 04 00 80 A7 B5 10-BF B8 00 44 CD 21 72 0A  .;...'5.?8.DM!r.
2A60  F6 C2 80 74 05 80 8F B5-10 40 4B 79 E7 BE 52 11  vB.t...5.@Kyg>R.
2A70  BF 52 11 E8 C7 00 BE 52-11 BF 52 11 E8 AF 00 C3  ?R.hG.>R.?R.h/.C
2A80  55 8B EC 33 C9 EB 1A 55-8B EC B9 01 00 EB 12 55  U.l3Ik.U.l9..k.U
2A90  8B EC 56 57 B9 00 01 EB-08 55 8B EC 56 57 B9 01  .lVW9..k.U.lVW9.
2AA0  01 51 0A C9 75 1E BE 5E-12 BF 5E 12 E8 7F 00 BE  .Q.Iu.>^.?^.h..>
2AB0  52 11 BF 52 11 E8 76 00-81 3E 36 11 D6 D6 75 04  R.?R.hv..>6.VVu.
2AC0  FF 16 3C 11 BE 52 11 BF-52 11 E8 61 00 BE 52 11  ..<.>R.?R.ha.>R.
2AD0  BF 52 11 E8 67 00 E8 27-E7 0B C0 74 11 58 0A E4  ?R.hg.h'g.@t.X.d
2AE0  50 75 0B 83 7E 04 00 75-05 C7 46 04 FF 00 E8 10  Pu..~..u.GF...h.
2AF0  00 58 0A E4 75 07 8B 46-04 B4 4C CD 21 5F 5E 5D  .X.du..F.4LM!_^]
2B00  C3 8B 0E 48 11 E3 07 BB-02 00 FF 1E 46 11 1E C5  C..H.c.;....F..E
2B10  16 98 10 B8 00 25 CD 21-1F 80 3E D6 10 00 74 0D  ...8.%M!..>V..t.
2B20  1E A0 D7 10 C5 16 D8 10-B4 25 CD 21 1F C3 3B F7  . W.E.X.4%M!.C;w
2B30  73 0A 4F 4F 8B 0D E3 F6-FF D1 EB F2 C3 3B F7 73  s.OO..cv.QkrC;ws
2B40  0E 83 EF 04 8B 05 0B 45-02 74 F2 FF 1D EB EE C3  ..o....E.tr..knC
2B50  55 8B EC 83 EC 04 8B 5E-04 3B 1E B3 10 72 05 B8  U.l.l..^.;.3.r.8
2B60  00 09 EB 2A F7 46 08 00-80 74 48 83 7E 0A 00 74  ..k*wF...tH.~..t
2B70  1A 33 C9 8B D1 B8 01 42-CD 21 72 4B F7 46 0A 02  .3I.Q8.BM!rKwF..
2B80  00 75 0E 03 46 06 13 56-08 79 28 B8 00 16 F9 EB  .u..F..V.y(8..yk
2B90  36 89 56 FE 89 46 FC 8B-D1 B8 02 42 CD 21 03 46  6.V~.F|.Q8.BM!.F
2BA0  06 13 56 08 79 0D 8B 4E-FE 8B 56 FC B8 00 42 CD  ..V.y..N~.V|8.BM
2BB0  21 EB D8 8B 56 06 8B 4E-08 8A 46 0A B4 42 CD 21  !kX.V..N..F.4BM!
2BC0  72 05 80 A7 B5 10 FD E9-BF 06 E9 1E 07 00 55 8B  r..'5.}i?.i...U.
2BD0  EC 56 C4 76 04 8C C1 E3-05 26 80 4C FE 01 5E 5D  lVDv..Ac.&.L~.^]
2BE0  C3 55 8B EC 56 57 8B 4E-04 83 F9 E8 77 69 1E A1  CU.lVW.N..yhwi.!
2BF0  14 11 0B C0 74 48 BF 14-33 8B 36 1C 11 C5 1E 16  ...@tH?.3.6..E..
2C00  11 1E 56 57 FF D7 5F 5E-73 2B 8C DA C5 5F 0C 3B  ..VW.W_^s+.ZE_.;
2C10  D6 75 EF 58 1F 1E C4 36-16 11 26 8B 74 12 C5 1E  VuoX..D6..&.t.E.
2C20  12 11 8C DA 3B D0 75 D9-1F 1E 81 FF 90 33 74 0E  ...Z;PuY.....3t.
2C30  BF 90 33 EB C4 5E 81 FF-14 33 74 0F EB 0A 07 06  ?.3kD^...3t.k...
2C40  BF 12 11 E8 48 08 72 0E-E8 C9 06 1F 89 16 18 11  ?..hH.r.hI......
2C50  89 1E 16 11 EB 04 1F 33-C0 99 5F 5E 5D C3 55 8B  ....k..3@._^]CU.
2C60  EC 8B D7 8C D8 8E C0 8B-7E 04 33 C0 B9 FF FF F2  l.W.X.@.~.3@9..r
2C70  AE F7 D1 49 91 8B FA 5D-C3 00 55 8B EC 57 56 1E  .wQI..z]C.U.lWV.
2C80  07 8B 7E 04 8B 76 06 8B-DF 8B 4E 08 E3 0C AC 0A  ..~..v.._.N.c.,.
2C90  C0 74 03 AA E2 F8 32 C0-F3 AA 8B C3 5E 5F 8B E5  @t.*bx2@s*.C^_.e
2CA0  5D C3 55 8B EC 56 57 B3-01 8B 4E 08 8B 46 04 33  ]CU.lVW3..N..F.3
2CB0  D2 83 F9 0A 75 01 99 8B-7E 06 E9 21 08 00 55 8B  R.y.u...~.i!..U.
2CC0  EC 56 57 B3 00 E9 0A 08-A1 DC 10 0A E4 B0 FF 74  lVW3.i..!\..d0.t
2CD0  17 81 3E 36 11 D6 D6 75-09 53 BB FF FF FF 16 38  ..>6.VVu.S;....8
2CE0  11 5B B4 0B CD 21 B4 00-C3 00 B6 01 EB 02 B6 08  .[4.M!4.C.6.k.6.
2CF0  A1 DC 10 0A E4 75 08 C7-06 DC 10 FF FF EB 16 81  !\..du.G.\...k..
2D00  3E 36 11 D6 D6 75 09 53-BB FF FF FF 16 38 11 5B  >6.VVu.S;....8.[
2D10  92 CD 21 B4 00 C3 55 8B-EC 8A 66 04 8B 56 06 8A  .M!4.CU.l.f..V..
2D20  46 08 CD 21 8B E5 5D C3-55 8B EC 57 8B 7E 04 1E  F.M!.e]CU.lW.~..
2D30  07 8B DF 33 C0 B9 FF FF-F2 AE 41 F7 D9 8A 46 06  .._3@9..r.AwY.F.
2D40  8B FB F2 AE 4F 38 05 74-02 33 FF 8B C7 5F 8B E5  .{r.O8.t.3..G_.e
2D50  5D C3 55 8B EC 57 1E 07-8B 7E 04 33 C0 B9 FF FF  ]CU.lW...~.3@9..
2D60  F2 AE 41 F7 D9 4F 8A 46-06 FD F2 AE 47 38 05 74  r.AwYO.F.}r.G8.t
2D70  04 33 C0 EB 02 8B C7 FC-5F 8B E5 5D C3 00 55 8B  .3@k..G|_.e]C.U.
2D80  EC 8B 5E 04 8B D3 EB 0B-2C 61 3C 1A 73 04 04 41  l.^..Sk.,a<.s..A
2D90  88 07 43 8A 07 0A C0 75-EF 92 5D C3 55 8B EC 83  ..C...@uo.]CU.l.
2DA0  EC 20 56 57 8B 76 06 8C-D0 8E C0 B9 10 00 33 C0  l VW.v..P.@9..3@
2DB0  8D 7E E0 F3 AB AC 0A C0-74 14 8B F8 8B C8 B0 01  .~`s+,.@t..x.H0.
2DC0  80 E1 07 D2 E0 B1 03 D3-EF 08 43 E0 EB E7 8B 76  .a.R`1.So.C`kg.v
2DD0  04 AC 25 FF 00 74 17 8B-F8 8B C8 B0 01 80 E1 07  .,%..t..x.H0..a.
2DE0  D2 E0 B1 03 D3 EF 22 43-E0 74 E6 8D 44 FF 5F 5E  R`1.So"C`tf.D._^
2DF0  8B E5 5D C3 02 04 08 0B-0F 16 55 8B EC 83 EC 04  .e]C......U.l.l.
2E00  8B 46 04 3D 08 00 75 11-8B 1E 46 11 0B 1E 48 11  .F.=..u...F...H.
2E10  75 07 B8 00 16 F9 E9 70-04 E8 7B 00 72 F4 8B 07  u.8..yip.h{.rt..
2E20  89 46 FE 8B 47 02 89 46-FC 8B 46 06 33 D2 3D 01  .F~.G..F|.F.3R=.
2E30  00 76 05 3D 04 00 76 DA-89 07 89 57 02 8B 4E 04  .v.=..vZ...W..N.
2E40  83 F9 02 75 28 0B C0 74-24 83 3E 2E 11 00 75 1D  .y.u(.@t$.>...u.
2E50  53 B0 23 B4 35 CD 21 8C-06 2E 11 89 1E 30 11 5B  S0#45M!......0.[
2E60  BA BE 2E 1E 0E 1F B0 23-B4 25 CD 21 1F 83 F9 08  :>....0#4%M!..y.
2E70  75 1B B8 3F 2F 8B 0F 83-F9 02 73 08 B8 3A 2F E3  u.8?/...y.s.8:/c
2E80  03 B8 39 2F 8C CA BB 03-00 FF 1E 46 11 8B 46 FE  .89/.J;....F..F~
2E90  8B 56 FC 8B E5 5D C3 55-8B EC 8D 1E F9 2D B9 06  .V|.e]CU.l..y-9.
2EA0  00 2E 38 07 74 06 4B E2-F8 F9 EB 0E 49 8B C1 D1  ..8.t.Kbxyk.I.AQ
2EB0  E0 D1 E0 8D 1E DE 10 03-D8 F8 8B E5 5D C3 50 9F  `Q`..^..Xx.e]CP.
2EC0  50 1E 52 2E A1 AF 29 8E-D8 83 3E D4 10 00 75 10  P.R.!/).X.>T..u.
2ED0  A1 DE 10 8B 16 E0 10 3D-01 00 77 31 0B C0 75 52  !^...`.=..w1.@uR
2EE0  83 EC 04 55 8B EC 83 C5-02 B0 04 8B 56 04 89 56  .l.U.l.E.0..V..V
2EF0  00 45 45 FE C8 3C 00 75-F2 A1 30 11 89 46 00 A1  .EE~H<.ur!0..F.!
2F00  2E 11 89 46 02 5D 5A 1F-58 9E 58 F9 CB A3 F6 10  ...F.]Z.X.XyK#v.
2F10  89 16 F8 10 06 55 57 56-51 53 33 C0 A3 DE 10 A3  ..x..UWVQS3@#^.#
2F20  E0 10 B8 02 00 50 FC FF-16 F6 10 58 5B 59 5E 5F  `.8..P|..v.X[Y^_
2F30  5D 07 5A 1F 58 9E 58 F8-CB CB 36 FF 2E 4E 11 53  ].Z.X.XxKK6..N.S
2F40  51 52 06 32 E4 50 B8 08-00 50 E8 4A FF 16 1F FF  QR.2dP8..PhJ....
2F50  17 83 C4 04 07 5A 59 5B-CB 00 55 8B EC 57 8B 56  ..D..ZY[K.U.lW.V
2F60  04 8B 7E 06 1E 07 B4 56-CD 21 5F E9 06 03 55 8B  ..~...4VM!_i..U.
2F70  EC 8B 56 04 B4 41 CD 21-E9 F9 02 00 55 8B EC 1E  l.V.4AM!iy..U.l.
2F80  B0 4F 8B 56 04 EB 09 55-8B EC 1E B0 4E 8B 56 08  0O.V.k.U.l.0N.V.
2F90  B4 2F CD 21 B4 1A CD 21-3C 4E 75 06 8B 56 04 8B  4/M!4.M!<Nu..V..
2FA0  4E 06 8A E0 CD 21 50 9F-50 8C C2 8E DA 8B D3 B4  N..`M!P.P.B.Z.S4
2FB0  1A CD 21 58 9E 58 1F E9-C2 02 55 8B EC 8B 5E 04  .M!X.X.iB.U.l.^.
2FC0  8B 4E 08 8B 56 06 B8 01-57 CD 21 E9 AE 02 55 8B  .N..V.8.WM!i..U.
2FD0  EC 8B 46 06 8B 4E 0A 0B-C8 8B 4E 08 75 09 8B 46  l.F..N..H.N.u..F
2FE0  04 F7 E1 5D C2 08 00 53-F7 E1 8B D8 8B 46 04 F7  .wa]B..Swa.X.F.w
2FF0  66 0A 03 D8 8B 46 04 F7-E1 03 D3 5B 5D C2 08 00  f..X.F.wa.S[]B..
3000  55 8B EC 53 56 8B 46 0A-0B C0 75 15 8B 4E 08 8B  U.lSV.F..@u..N..
3010  46 06 33 D2 F7 F1 8B D8-8B 46 04 F7 F1 8B D3 EB  F.3Rwq.X.F.wq.Sk
3020  38 8B C8 8B 5E 08 8B 56-06 8B 46 04 D1 E9 D1 DB  8.H.^..V..F.QiQ[
3030  D1 EA D1 D8 0B C9 75 F4-F7 F3 8B F0 F7 66 0A 91  QjQX.Iutws.pwf..
3040  8B 46 08 F7 E6 03 D1 72-0C 3B 56 06 77 07 72 06  .F.wf.Qr.;V.w.r.
3050  3B 46 04 76 01 4E 33 D2-96 5E 5B 5D C2 08 00 00  ;F.v.N3R.^[]B...
3060  55 8B EC B8 FC 00 50 E8-D5 01 83 3E FA 10 00 74  U.l8|.PhU..>z..t
3070  04 FF 16 FA 10 B8 FF 00-50 E8 C3 01 8B E5 5D C3  ...z.8..PhC..e]C
3080  B8 02 00 E9 0A F9 8F 06-FC 10 B4 30 CD 21 A3 AE  8..i.y..|.40M!#.
3090  10 BA 01 00 3C 02 74 29-8E 06 AC 10 26 8E 06 2C  .:..<.t)..,.&..,
30A0  00 8C 06 D1 10 33 C0 99-B9 00 80 33 FF F2 AE AE  ...Q.3@.9..3.r..
30B0  75 FB 47 47 89 3E CF 10-B9 FF FF F2 AE F7 D1 8B  u{GG.>O.9..r.wQ.
30C0  D1 BF 01 00 BE 81 00 8E-1E AC 10 AC 3C 20 74 FB  Q?..>....,.,< t{
30D0  3C 09 74 F7 3C 0D 74 6F-0A C0 74 6B 47 4E AC 3C  <.tw<.to.@tkGN,<
30E0  20 74 E8 3C 09 74 E4 3C-0D 74 5C 0A C0 74 58 3C   th<.td<.t\.@tX<
30F0  22 74 24 3C 5C 74 03 42-EB E4 33 C9 41 AC 3C 5C  "t$<\t.Bkd3IA,<\
3100  74 FA 3C 22 74 04 03 D1-EB D3 8B C1 D1 E9 13 D1  tz<"t..QkS.AQi.Q
3110  A8 01 75 CA EB 01 4E AC-3C 0D 74 2B 0A C0 74 27  (.uJk.N,<.t+.@t'
3120  3C 22 74 BA 3C 5C 74 03-42 EB EC 33 C9 41 AC 3C  <"t:<\t.Bkl3IA,<
3130  5C 74 FA 3C 22 74 04 03-D1 EB DB 8B C1 D1 E9 13  \tz<"t..Qk[.AQi.
3140  D1 A8 01 75 D2 EB 97 16-1F 89 3E C9 10 03 D7 47  Q(.uRk....>I..WG
3150  D1 E7 03 D7 42 80 E2 FE-2B E2 8B C4 A3 CB 10 8B  Qg.WB.b~+b.D#K..
3160  D8 03 FB 16 07 36 89 3F-43 43 C5 36 CF 10 AC AA  X.{..6.?CCE6O.,*
3170  0A C0 75 FA 36 8E 1E AC-10 BE 81 00 EB 03 33 C0  .@uz6..,.>..k.3@
3180  AA AC 3C 20 74 FB 3C 09-74 F7 3C 0D 74 7C 0A C0  *,< t{<.tw<.t|.@
3190  74 78 36 89 3F 43 43 4E-AC 3C 20 74 E1 3C 09 74  tx6.?CCN,< ta<.t
31A0  DD 3C 0D 74 62 0A C0 74-5E 3C 22 74 27 3C 5C 74  ]<.tb.@t^<"t'<\t
31B0  03 AA EB E4 33 C9 41 AC-3C 5C 74 FA 3C 22 74 06  .*kd3IA,<\tz<"t.
31C0  B0 5C F3 AA EB D1 B0 5C-D1 E9 F3 AA 73 06 B0 22  0\s*kQ0\Qis*s.0"
31D0  AA EB C5 4E AC 3C 0D 74-2E 0A C0 74 2A 3C 22 74  *kEN,<.t..@t*<"t
31E0  B7 3C 5C 74 03 AA EB EC-33 C9 41 AC 3C 5C 74 FA  7<\t.*kl3IA,<\tz
31F0  3C 22 74 06 B0 5C F3 AA-EB D9 B0 5C D1 E9 F3 AA  <"t.0\s*kY0\Qis*
3200  73 96 B0 22 AA EB CD 33-C0 AA 16 1F C7 07 00 00  s.0"*kM3@*..G...
3210  FF 26 FC 10 55 8B EC 56-57 1E 07 8B 56 04 BE 5A  .&|.U.lVW...V.>Z
3220  11 AD 3B C2 74 10 40 96-74 0C 97 33 C0 B9 FF FF  .-;Bt.@.t..3@9..
3230  F2 AE 8B F7 EB EB 96 5F-5E 8B E5 5D C2 02 00 55  r..wkk._^.e]B..U
3240  8B EC 57 FF 76 04 E8 CB-FF 0B C0 74 20 92 8B FA  .lW.v.hK..@t ..z
3250  33 C0 B9 FF FF F2 AE F7-D1 49 BB 02 00 81 3E 36  3@9..r.wQI;...>6
3260  11 D6 D6 75 04 FF 16 38-11 B4 40 CD 21 5F 8B E5  .VVu...8.4@M!_.e
3270  5D C2 02 00 72 15 33 C0-8B E5 5D C3 73 F8 50 E8  ]B..r.3@.e]CsxPh
3280  1A 00 58 32 E4 8B E5 5D-C3 73 07 E8 0E 00 B8 FF  ..X2d.e]Cs.h..8.
3290  FF 99 8B E5 5D C3 32 E4-E8 01 00 C3 A2 B1 10 0A  ...e]C2dh..C"1..
32A0  E4 75 22 80 3E AE 10 03-72 0C 3C 22 73 0C 3C 20  du".>...r.<"s.<
32B0  72 04 B0 05 EB 06 3C 13-76 02 B0 13 BB FE 10 D7  r.0.k.<.v.0.;~.W
32C0  98 A3 A6 10 C3 8A C4 EB-F7 00 55 8B EC 56 8B 5E  .#&.C.Dkw.U.lV.^
32D0  04 BE 72 10 39 5C 06 73-0D 4B 4B 80 0F 01 39 5C  .>r.9\.s.KK...9\
32E0  08 76 03 89 5C 08 5E 8B-E5 5D C3 55 8B EC 56 57  .v..\.^.e]CU.lVW
32F0  8B 4E 04 83 F9 E8 77 12-BB 72 10 E8 16 00 73 0F  .N..yhw.;r.h..s.
3300  E8 8D 00 72 05 E8 0C 00-73 05 33 C0 99 EB 00 5F  h..r.h..s.3@.k._
3310  5E 5D C3 00 41 80 E1 FE-53 FC 8B 77 08 8B 5F 0A  ^]C.A.a~S|.w.._.
3320  33 FF EB 23 8B C3 5B A8-01 75 42 53 8B 77 06 8B  3.k#.C[(.uBS.w..
3330  5F 08 3B DE 74 36 4B 33-FF EB 0C 90 8D 54 FE 3B  _.;^t6K3.k...T~;
3340  D3 73 E1 03 F0 72 23 AD-A8 01 74 F0 8B FE 48 3B  Ssa.pr#-(.tp.~H;
3350  C1 73 23 03 F0 72 13 8B-D0 AD A8 01 74 DE 03 C2  As#.pr..P-(.t^.B
3360  05 02 00 8B F7 89 44 FE-EB E4 8B C0 5B 8B 47 06  ....w.D~kd.@[.G.
3370  89 47 08 F9 EB 19 5B 89-4C FE 74 09 03 F9 2B C1  .G.yk.[.L~t..y+A
3380  48 89 05 2B F9 03 F9 89-7F 08 8B C6 8C DA F8 C3  H..+y.y....F.ZxC
3390  51 57 F6 47 02 01 74 63-E8 D2 00 8B FE 8B 04 A8  QWvG..tchR..~..(
33A0  01 74 03 2B C8 49 41 41-8B 77 04 0B F6 74 4C 03  .t.+HIAA.w..vtL.
33B0  CE 73 09 33 C0 BA F0 FF-E3 30 EB 3F 16 07 26 A1  Ns.3@:p.c0k?..&!
33C0  20 11 3D 00 20 74 16 BA-00 80 3B D0 72 06 D1 EA   .=. t.:..;Pr.Qj
33D0  75 F8 EB 22 83 FA 08 72-1D D1 E2 8B C2 48 8B D0  uxk".z.r.Qb.BH.P
33E0  03 C1 73 02 33 C0 F7 D2-23 C2 52 E8 2E 00 5A 73  .As.3@wR#BRh..Zs
33F0  0D 83 FA F0 74 05 B8 10-00 EB E2 F9 EB 1B 8B D0  ..zpt.8..kbyk..P
3400  2B 57 04 89 47 04 89 7F-08 8B 77 0A 4A 89 14 42  +W..G.....w.J..B
3410  03 F2 C7 04 FE FF 89 77-0A 5F 59 C3 8B D0 F6 47  .rG.~..w._YC.PvG
3420  02 04 74 0F 4A 8B 77 04-4E 3B D6 72 05 39 57 FE  ..t.J.w.N;Vr.9W~
3430  73 36 42 53 51 8C DE 8E-C6 B1 04 D3 E8 75 03 B8  s6BSQ.^.F1.Shu.8
3440  00 10 F6 47 02 04 74 0A-03 C6 8B 1E AC 10 2B C3  ..vG..t..F..,.+C
3450  8E C3 8B D8 B4 4A CD 21-59 5B 72 10 8B C2 F6 47  .C.X4JM!Y[r..BvG
3460  02 04 74 04 4A 89 57 FE-F8 EB 01 F9 C3 57 8B 77  ..t.J.W~xk.yCW.w
3470  08 3B 77 0A 75 03 8B 77-06 AD 3D FE FF 74 08 8B  .;w.u..w.-=~.t..
3480  FE 24 FE 03 F0 EB F2 4F-4F 8B F7 5F C3 00 8B D1  ~$~.pkrOO.w_C..Q
3490  83 C2 27 80 E2 F0 8B DA-F7 DB F7 DB F5 D1 DB D1  .B'.bp.Zw[w[uQ[Q
34A0  EB D1 EB D1 EB B4 48 CD-21 72 26 3B 06 88 10 76  kQkQk4HM!r&;...v
34B0  F4 3B 06 86 10 76 03 A3-86 10 8E D8 33 DB 26 8B  t;...v.#...X3[&.
34C0  45 0C 89 47 02 8B C2 E8-68 00 E8 99 00 F8 EB 01  E..G..Bhh.h..xk.
34D0  F9 C3 8B 4E 0A 8B 46 04-8B 56 06 8B 7E 08 57 1E  yC.N..F..V..~.W.
34E0  07 FC 93 0A C0 74 13 83-F9 0A 75 0E 0B D2 79 0A  .|..@t..y.u..Ry.
34F0  B0 2D AA F7 DB 83 D2 00-F7 DA 8B F7 92 33 D2 0B  0-*w[.R.wZ.w.3R.
3500  C0 74 02 F7 F1 93 F7 F1-92 87 D3 04 30 3C 39 76  @t.wq.wq..S.0<9v
3510  02 04 27 AA 8B C2 0B C3-75 E2 88 05 4F AC 86 05  ..'*.B.Cub..O,..
3520  88 44 FF 8D 44 01 3B C7-72 F2 58 5F 5E 8B E5 5D  .D..D.;GrrX_^.e]
3530  C3 00 06 57 8B F8 03 FB-89 7F 04 4F 4F 2D 16 00  C..W.x.{...OO-..
3540  8D 77 14 C7 05 FE FF 89-7F 0A 48 89 04 8C 1F 8B  .w.G.~....H.....
3550  C6 8C DA 8E C2 8D 7F 06-FC AB AB 47 47 33 C0 AB  F.Z.B...|++GG3@+
3560  AB AB AB 5F 07 C3 26 8B-45 02 0B C0 75 09 26 8C  +++_.C&.E..@u.&.
3570  5D 02 26 89 1D EB 14 06-26 C4 75 08 26 8C 5C 0E  ].&..k..&Du.&.\.
3580  26 89 5C 0C 8C 47 12 89-77 10 07 26 8C 5D 0A 26  &.\..G..w..&.].&
